============================= test session starts ==============================
platform linux -- Python 3.9.5, pytest-6.2.4, py-1.10.0, pluggy-0.13.1 -- /home/ubuntu/.virtualenvs/docker-py/bin/python
cachedir: .pytest_cache
rootdir: /home/ubuntu/docker-py, configfile: pytest_podman_apiv2.ini, testpaths: tests/integration/
plugins: cov-2.6.1, timeout-1.3.3
collecting ... collected 415 items / 137 deselected / 278 selected

tests/integration/api_build_test.py::BuildTest::test_build_container_with_target PASSED [  0%]
tests/integration/api_build_test.py::BuildTest::test_build_from_stringio PASSED [  0%]
tests/integration/api_build_test.py::BuildTest::test_build_gzip_custom_encoding PASSED [  1%]
tests/integration/api_build_test.py::BuildTest::test_build_gzip_encoding PASSED [  1%]
tests/integration/api_build_test.py::BuildTest::test_build_in_context_abs_dockerfile PASSED [  1%]
tests/integration/api_build_test.py::BuildTest::test_build_in_context_dockerfile PASSED [  2%]
tests/integration/api_build_test.py::BuildTest::test_build_in_context_nested_dockerfile PASSED [  2%]
tests/integration/api_build_test.py::BuildTest::test_build_invalid_platform SKIPPED [  2%]
tests/integration/api_build_test.py::BuildTest::test_build_isolation PASSED [  3%]
tests/integration/api_build_test.py::BuildTest::test_build_labels PASSED [  3%]
tests/integration/api_build_test.py::BuildTest::test_build_out_of_context_dockerfile PASSED [  3%]
tests/integration/api_build_test.py::BuildTest::test_build_shmsize PASSED [  4%]
tests/integration/api_build_test.py::BuildTest::test_build_squash SKIPPED [  4%]
tests/integration/api_build_test.py::BuildTest::test_build_stderr_data PASSED [  5%]
tests/integration/api_build_test.py::BuildTest::test_build_streaming PASSED [  5%]
tests/integration/api_build_test.py::BuildTest::test_build_with_buildargs PASSED [  5%]
tests/integration/api_build_test.py::BuildTest::test_build_with_cache_from PASSED [  6%]
tests/integration/api_build_test.py::BuildTest::test_build_with_dockerfile_empty_lines PASSED [  6%]
tests/integration/api_build_test.py::BuildTest::test_build_with_dockerignore PASSED [  6%]
tests/integration/api_build_test.py::BuildTest::test_build_with_extra_hosts PASSED [  7%]
tests/integration/api_build_test.py::BuildTest::test_build_with_network_mode PASSED [  7%]
tests/integration/api_build_test.py::BuildTest::test_build_with_proxy PASSED [  7%]
tests/integration/api_build_test.py::BuildTest::test_build_with_proxy_and_buildargs PASSED [  8%]
tests/integration/api_build_test.py::BuildTest::test_prune_builds XPASS  [  8%]
tests/integration/api_client_test.py::InformationTest::test_info PASSED  [  8%]
tests/integration/api_client_test.py::InformationTest::test_version PASSED [  9%]
tests/integration/api_client_test.py::AutoDetectVersionTest::test_client_init PASSED [  9%]
tests/integration/api_client_test.py::ConnectionTimeoutTest::test_timeout PASSED [ 10%]
tests/integration/api_client_test.py::UnixconnTest::test_resource_warnings PASSED [ 10%]
tests/integration/api_container_test.py::ListContainersTest::test_list_containers PASSED [ 10%]
tests/integration/api_container_test.py::CreateContainerTest::test_create PASSED [ 11%]
tests/integration/api_container_test.py::CreateContainerTest::test_create_container_with_volumes_from PASSED [ 11%]
tests/integration/api_container_test.py::CreateContainerTest::test_create_with_auto_remove PASSED [ 11%]
tests/integration/api_container_test.py::CreateContainerTest::test_create_with_cpu_rt_options XFAIL [ 12%]
tests/integration/api_container_test.py::CreateContainerTest::test_create_with_device_cgroup_rules PASSED [ 12%]
tests/integration/api_container_test.py::CreateContainerTest::test_create_with_environment_variable_no_value PASSED [ 12%]
tests/integration/api_container_test.py::CreateContainerTest::test_create_with_host_pid_mode PASSED [ 13%]
tests/integration/api_container_test.py::CreateContainerTest::test_create_with_init PASSED [ 13%]
tests/integration/api_container_test.py::CreateContainerTest::test_create_with_isolation PASSED [ 14%]
tests/integration/api_container_test.py::CreateContainerTest::test_create_with_links PASSED [ 14%]
tests/integration/api_container_test.py::CreateContainerTest::test_create_with_mac_address PASSED [ 14%]
tests/integration/api_container_test.py::CreateContainerTest::test_create_with_memory_constraints_with_int PASSED [ 15%]
tests/integration/api_container_test.py::CreateContainerTest::test_create_with_memory_constraints_with_str PASSED [ 15%]
tests/integration/api_container_test.py::CreateContainerTest::test_create_with_restart_policy PASSED [ 15%]
tests/integration/api_container_test.py::CreateContainerTest::test_create_with_stop_timeout PASSED [ 16%]
tests/integration/api_container_test.py::CreateContainerTest::test_create_with_storage_opt XFAIL [ 16%]
tests/integration/api_container_test.py::CreateContainerTest::test_create_with_tmpfs PASSED [ 16%]
tests/integration/api_container_test.py::CreateContainerTest::test_create_with_uts_mode PASSED [ 17%]
tests/integration/api_container_test.py::CreateContainerTest::test_group_id_ints PASSED [ 17%]
tests/integration/api_container_test.py::CreateContainerTest::test_group_id_strings PASSED [ 17%]
tests/integration/api_container_test.py::CreateContainerTest::test_invalid_log_driver_raises_exception PASSED [ 18%]
tests/integration/api_container_test.py::CreateContainerTest::test_valid_log_driver_and_log_opt PASSED [ 18%]
tests/integration/api_container_test.py::CreateContainerTest::test_valid_no_config_specified PASSED [ 19%]
tests/integration/api_container_test.py::CreateContainerTest::test_valid_no_log_driver_specified PASSED [ 19%]
tests/integration/api_container_test.py::VolumeBindTest::test_create_with_binds_ro PASSED [ 19%]
tests/integration/api_container_test.py::VolumeBindTest::test_create_with_binds_rw PASSED [ 20%]
tests/integration/api_container_test.py::VolumeBindTest::test_create_with_mounts PASSED [ 20%]
tests/integration/api_container_test.py::VolumeBindTest::test_create_with_mounts_ro PASSED [ 20%]
tests/integration/api_container_test.py::VolumeBindTest::test_create_with_volume_mount PASSED [ 21%]
tests/integration/api_container_test.py::ArchiveTest::test_copy_directory_to_container PASSED [ 21%]
tests/integration/api_container_test.py::ArchiveTest::test_copy_file_to_container PASSED [ 21%]
tests/integration/api_container_test.py::ArchiveTest::test_get_file_archive_from_container PASSED [ 22%]
tests/integration/api_container_test.py::ArchiveTest::test_get_file_stat_from_container PASSED [ 22%]
tests/integration/api_container_test.py::RenameContainerTest::test_rename_container PASSED [ 23%]
tests/integration/api_container_test.py::StartContainerTest::test_run_shlex_commands PASSED [ 23%]
tests/integration/api_container_test.py::StartContainerTest::test_start_container PASSED [ 23%]
tests/integration/api_container_test.py::StartContainerTest::test_start_container_with_dict_instead_of_id PASSED [ 24%]
tests/integration/api_container_test.py::WaitTest::test_wait PASSED      [ 24%]
tests/integration/api_container_test.py::WaitTest::test_wait_with_condition PASSED [ 24%]
tests/integration/api_container_test.py::WaitTest::test_wait_with_dict_instead_of_id PASSED [ 25%]
tests/integration/api_container_test.py::LogsTest::test_logs PASSED      [ 25%]
tests/integration/api_container_test.py::LogsTest::test_logs_streaming_and_follow PASSED [ 25%]
tests/integration/api_container_test.py::LogsTest::test_logs_streaming_and_follow_and_cancel PASSED [ 26%]
tests/integration/api_container_test.py::LogsTest::test_logs_tail_option PASSED [ 26%]
tests/integration/api_container_test.py::LogsTest::test_logs_with_dict_instead_of_id PASSED [ 26%]
tests/integration/api_container_test.py::LogsTest::test_logs_with_tail_0 PASSED [ 27%]
tests/integration/api_container_test.py::LogsTest::test_logs_with_until PASSED [ 27%]
tests/integration/api_container_test.py::DiffTest::test_diff PASSED      [ 28%]
tests/integration/api_container_test.py::DiffTest::test_diff_with_dict_instead_of_id PASSED [ 28%]
tests/integration/api_container_test.py::StopTest::test_stop PASSED      [ 28%]
tests/integration/api_container_test.py::StopTest::test_stop_with_dict_instead_of_id PASSED [ 29%]
tests/integration/api_container_test.py::KillTest::test_kill PASSED      [ 29%]
tests/integration/api_container_test.py::KillTest::test_kill_with_dict_instead_of_id PASSED [ 29%]
tests/integration/api_container_test.py::KillTest::test_kill_with_signal PASSED [ 30%]
tests/integration/api_container_test.py::KillTest::test_kill_with_signal_integer PASSED [ 30%]
tests/integration/api_container_test.py::KillTest::test_kill_with_signal_name PASSED [ 30%]
tests/integration/api_container_test.py::PortTest::test_port PASSED      [ 31%]
tests/integration/api_container_test.py::ContainerTopTest::test_top XFAIL [ 31%]
tests/integration/api_container_test.py::ContainerTopTest::test_top_with_psargs XFAIL [ 32%]
tests/integration/api_container_test.py::RestartContainerTest::test_restart PASSED [ 32%]
tests/integration/api_container_test.py::RestartContainerTest::test_restart_with_dict_instead_of_id PASSED [ 32%]
tests/integration/api_container_test.py::RestartContainerTest::test_restart_with_low_timeout PASSED [ 33%]
tests/integration/api_container_test.py::RemoveContainerTest::test_remove PASSED [ 33%]
tests/integration/api_container_test.py::RemoveContainerTest::test_remove_with_dict_instead_of_id PASSED [ 33%]
tests/integration/api_container_test.py::AttachContainerTest::test_attach_no_stream PASSED [ 34%]
tests/integration/api_container_test.py::AttachContainerTest::test_attach_stream_and_cancel PASSED [ 34%]
tests/integration/api_container_test.py::AttachContainerTest::test_detach_with_arg PASSED [ 34%]
tests/integration/api_container_test.py::AttachContainerTest::test_detach_with_config_file PASSED [ 35%]
tests/integration/api_container_test.py::AttachContainerTest::test_detach_with_default PASSED [ 35%]
tests/integration/api_container_test.py::AttachContainerTest::test_run_container_reading_socket PASSED [ 35%]
tests/integration/api_container_test.py::AttachContainerTest::test_run_container_streaming PASSED [ 36%]
tests/integration/api_container_test.py::PauseTest::test_pause_unpause PASSED [ 36%]
tests/integration/api_container_test.py::PruneTest::test_prune_containers PASSED [ 37%]
tests/integration/api_container_test.py::GetContainerStatsTest::test_get_container_stats_no_stream PASSED [ 37%]
tests/integration/api_container_test.py::ContainerUpdateTest::test_restart_policy_update PASSED [ 37%]
tests/integration/api_container_test.py::ContainerUpdateTest::test_update_container PASSED [ 38%]
tests/integration/api_container_test.py::ContainerCPUTest::test_container_cpu_shares PASSED [ 38%]
tests/integration/api_container_test.py::ContainerCPUTest::test_container_cpuset FAILED [ 38%]
tests/integration/api_container_test.py::ContainerCPUTest::test_create_with_runtime PASSED [ 39%]
tests/integration/api_container_test.py::LinkTest::test_remove_link PASSED [ 39%]
tests/integration/api_exec_test.py::ExecTest::test_detach_with_config_file PASSED [ 39%]
tests/integration/api_exec_test.py::ExecTest::test_detach_with_default PASSED [ 40%]
tests/integration/api_exec_test.py::ExecTest::test_exec_command_as_root PASSED [ 40%]
tests/integration/api_exec_test.py::ExecTest::test_exec_command_as_user PASSED [ 41%]
tests/integration/api_exec_test.py::ExecTest::test_exec_command_streaming PASSED [ 41%]
tests/integration/api_exec_test.py::ExecTest::test_exec_command_string PASSED [ 41%]
tests/integration/api_exec_test.py::ExecTest::test_exec_command_with_env PASSED [ 42%]
tests/integration/api_exec_test.py::ExecTest::test_exec_command_with_workdir PASSED [ 42%]
tests/integration/api_exec_test.py::ExecTest::test_exec_inspect PASSED   [ 42%]
tests/integration/api_exec_test.py::ExecTest::test_exec_start_detached PASSED [ 43%]
tests/integration/api_exec_test.py::ExecTest::test_exec_start_socket PASSED [ 43%]
tests/integration/api_exec_test.py::ExecTest::test_execute_command PASSED [ 43%]
tests/integration/api_exec_test.py::ExecTest::test_execute_command_with_proxy_env PASSED [ 44%]
tests/integration/api_exec_test.py::ExecDemuxTest::test_exec_command_no_stream_demux PASSED [ 44%]
tests/integration/api_exec_test.py::ExecDemuxTest::test_exec_command_no_stream_no_demux PASSED [ 44%]
tests/integration/api_exec_test.py::ExecDemuxTest::test_exec_command_stream_demux PASSED [ 45%]
tests/integration/api_exec_test.py::ExecDemuxTest::test_exec_command_stream_no_demux PASSED [ 45%]
tests/integration/api_exec_test.py::ExecDemuxTest::test_exec_command_tty_no_stream_demux PASSED [ 46%]
tests/integration/api_exec_test.py::ExecDemuxTest::test_exec_command_tty_no_stream_no_demux PASSED [ 46%]
tests/integration/api_exec_test.py::ExecDemuxTest::test_exec_command_tty_stream_demux FAILED [ 46%]
tests/integration/api_exec_test.py::ExecDemuxTest::test_exec_command_tty_stream_no_demux FAILED [ 47%]
tests/integration/api_healthcheck_test.py::HealthcheckTest::test_healthcheck_fails PASSED [ 47%]
tests/integration/api_healthcheck_test.py::HealthcheckTest::test_healthcheck_passes PASSED [ 47%]
tests/integration/api_healthcheck_test.py::HealthcheckTest::test_healthcheck_shell_command PASSED [ 48%]
tests/integration/api_healthcheck_test.py::HealthcheckTest::test_healthcheck_start_period PASSED [ 48%]
tests/integration/api_image_test.py::ListImagesTest::test_images PASSED  [ 48%]
tests/integration/api_image_test.py::ListImagesTest::test_images_quiet PASSED [ 49%]
tests/integration/api_image_test.py::PullImageTest::test_pull PASSED     [ 49%]
tests/integration/api_image_test.py::PullImageTest::test_pull_invalid_platform SKIPPED [ 50%]
tests/integration/api_image_test.py::PullImageTest::test_pull_streaming PASSED [ 50%]
tests/integration/api_image_test.py::CommitTest::test_commit PASSED      [ 50%]
tests/integration/api_image_test.py::CommitTest::test_commit_with_changes PASSED [ 51%]
tests/integration/api_image_test.py::RemoveImageTest::test_remove PASSED [ 51%]
tests/integration/api_image_test.py::ImportImageTest::test_get_load_image PASSED [ 51%]
tests/integration/api_image_test.py::ImportImageTest::test_import_from_bytes PASSED [ 52%]
tests/integration/api_image_test.py::ImportImageTest::test_import_from_file PASSED [ 52%]
tests/integration/api_image_test.py::ImportImageTest::test_import_from_stream PASSED [ 52%]
tests/integration/api_image_test.py::ImportImageTest::test_import_from_url SKIPPED [ 53%]
tests/integration/api_image_test.py::ImportImageTest::test_import_image_from_data_with_changes PASSED [ 53%]
tests/integration/api_image_test.py::ImportImageTest::test_import_image_with_changes PASSED [ 53%]
tests/integration/api_image_test.py::PruneImagesTest::test_prune_images PASSED [ 54%]
tests/integration/api_image_test.py::SaveLoadImagesTest::test_get_image_load_image PASSED [ 54%]
tests/integration/api_image_test.py::InspectDistributionTest::test_inspect_distribution PASSED [ 55%]
tests/integration/api_network_test.py::TestNetworks::test_connect_and_disconnect_container PASSED [ 55%]
tests/integration/api_network_test.py::TestNetworks::test_connect_and_force_disconnect_container PASSED [ 55%]
tests/integration/api_network_test.py::TestNetworks::test_connect_on_container_create PASSED [ 56%]
tests/integration/api_network_test.py::TestNetworks::test_connect_with_aliases PASSED [ 56%]
tests/integration/api_network_test.py::TestNetworks::test_connect_with_ipv4_address PASSED [ 56%]
tests/integration/api_network_test.py::TestNetworks::test_connect_with_ipv6_address PASSED [ 57%]
tests/integration/api_network_test.py::TestNetworks::test_connect_with_links PASSED [ 57%]
tests/integration/api_network_test.py::TestNetworks::test_create_check_duplicate PASSED [ 57%]
tests/integration/api_network_test.py::TestNetworks::test_create_internal_networks PASSED [ 58%]
tests/integration/api_network_test.py::TestNetworks::test_create_network_ipv6_enabled PASSED [ 58%]
tests/integration/api_network_test.py::TestNetworks::test_create_network_with_host_driver_fails PASSED [ 58%]
tests/integration/api_network_test.py::TestNetworks::test_create_network_with_ipam_config PASSED [ 59%]
tests/integration/api_network_test.py::TestNetworks::test_create_network_with_labels PASSED [ 59%]
tests/integration/api_network_test.py::TestNetworks::test_create_network_with_labels_wrong_type PASSED [ 60%]
tests/integration/api_network_test.py::TestNetworks::test_create_remove_network_with_space_in_name PASSED [ 60%]
tests/integration/api_network_test.py::TestNetworks::test_create_with_aliases PASSED [ 60%]
tests/integration/api_network_test.py::TestNetworks::test_create_with_driveropt PASSED [ 61%]
tests/integration/api_network_test.py::TestNetworks::test_create_with_ipv4_address PASSED [ 61%]
tests/integration/api_network_test.py::TestNetworks::test_create_with_ipv6_address PASSED [ 61%]
tests/integration/api_network_test.py::TestNetworks::test_create_with_linklocal_ips PASSED [ 62%]
tests/integration/api_network_test.py::TestNetworks::test_create_with_links PASSED [ 62%]
tests/integration/api_network_test.py::TestNetworks::test_inspect_network PASSED [ 62%]
tests/integration/api_network_test.py::TestNetworks::test_list_networks PASSED [ 63%]
tests/integration/api_network_test.py::TestNetworks::test_prune_networks PASSED [ 63%]
tests/integration/api_network_test.py::TestNetworks::test_remove_network PASSED [ 64%]
tests/integration/api_plugin_test.py::PluginTest::test_configure_plugin PASSED [ 64%]
tests/integration/api_plugin_test.py::PluginTest::test_create_plugin PASSED [ 64%]
tests/integration/api_plugin_test.py::PluginTest::test_disable_plugin PASSED [ 65%]
tests/integration/api_plugin_test.py::PluginTest::test_enable_plugin PASSED [ 65%]
tests/integration/api_plugin_test.py::PluginTest::test_force_remove_plugin PASSED [ 65%]
tests/integration/api_plugin_test.py::PluginTest::test_inspect_plugin PASSED [ 66%]
tests/integration/api_plugin_test.py::PluginTest::test_install_plugin PASSED [ 66%]
tests/integration/api_plugin_test.py::PluginTest::test_list_plugins PASSED [ 66%]
tests/integration/api_plugin_test.py::PluginTest::test_plugin_privileges PASSED [ 67%]
tests/integration/api_plugin_test.py::PluginTest::test_remove_plugin PASSED [ 67%]
tests/integration/api_plugin_test.py::PluginTest::test_upgrade_plugin PASSED [ 67%]
tests/integration/api_secret_test.py::SecretAPITest::test_create_secret PASSED [ 68%]
tests/integration/api_secret_test.py::SecretAPITest::test_create_secret_unicode_data PASSED [ 68%]
tests/integration/api_secret_test.py::SecretAPITest::test_inspect_secret PASSED [ 69%]
tests/integration/api_secret_test.py::SecretAPITest::test_list_secrets PASSED [ 69%]
tests/integration/api_secret_test.py::SecretAPITest::test_remove_secret PASSED [ 69%]
tests/integration/api_volume_test.py::TestVolumes::test_create_volume PASSED [ 70%]
tests/integration/api_volume_test.py::TestVolumes::test_create_volume_invalid_driver PASSED [ 70%]
tests/integration/api_volume_test.py::TestVolumes::test_force_remove_volume PASSED [ 70%]
tests/integration/api_volume_test.py::TestVolumes::test_inspect_nonexistent_volume PASSED [ 71%]
tests/integration/api_volume_test.py::TestVolumes::test_inspect_volume PASSED [ 71%]
tests/integration/api_volume_test.py::TestVolumes::test_list_volumes PASSED [ 71%]
tests/integration/api_volume_test.py::TestVolumes::test_prune_volumes PASSED [ 72%]
tests/integration/api_volume_test.py::TestVolumes::test_remove_nonexistent_volume PASSED [ 72%]
tests/integration/api_volume_test.py::TestVolumes::test_remove_volume PASSED [ 73%]
tests/integration/client_test.py::ClientTest::test_df PASSED             [ 73%]
tests/integration/client_test.py::ClientTest::test_info PASSED           [ 73%]
tests/integration/client_test.py::ClientTest::test_ping PASSED           [ 74%]
tests/integration/client_test.py::ClientTest::test_version PASSED        [ 74%]
tests/integration/client_test.py::CancellableEventsTest::test_cancel_events PASSED [ 74%]
tests/integration/context_api_test.py::ContextLifecycleTest::test_context_remove PASSED [ 75%]
tests/integration/context_api_test.py::ContextLifecycleTest::test_lifecycle PASSED [ 75%]
tests/integration/context_api_test.py::ContextLifecycleTest::test_load_context_without_orchestrator PASSED [ 75%]
tests/integration/errors_test.py::ErrorsTest::test_api_error_parses_json PASSED [ 76%]
tests/integration/models_containers_test.py::ContainerCollectionTest::test_get PASSED [ 76%]
tests/integration/models_containers_test.py::ContainerCollectionTest::test_list PASSED [ 76%]
tests/integration/models_containers_test.py::ContainerCollectionTest::test_list_sparse PASSED [ 77%]
tests/integration/models_containers_test.py::ContainerCollectionTest::test_run PASSED [ 77%]
tests/integration/models_containers_test.py::ContainerCollectionTest::test_run_detach PASSED [ 78%]
tests/integration/models_containers_test.py::ContainerCollectionTest::test_run_with_auto_remove PASSED [ 78%]
tests/integration/models_containers_test.py::ContainerCollectionTest::test_run_with_auto_remove_error PASSED [ 78%]
tests/integration/models_containers_test.py::ContainerCollectionTest::test_run_with_error PASSED [ 79%]
tests/integration/models_containers_test.py::ContainerCollectionTest::test_run_with_image_that_does_not_exist PASSED [ 79%]
tests/integration/models_containers_test.py::ContainerCollectionTest::test_run_with_json_file_driver PASSED [ 79%]
tests/integration/models_containers_test.py::ContainerCollectionTest::test_run_with_named_volume PASSED [ 80%]
tests/integration/models_containers_test.py::ContainerCollectionTest::test_run_with_network PASSED [ 80%]
tests/integration/models_containers_test.py::ContainerCollectionTest::test_run_with_none_driver PASSED [ 80%]
tests/integration/models_containers_test.py::ContainerCollectionTest::test_run_with_proxy_config PASSED [ 81%]
tests/integration/models_containers_test.py::ContainerCollectionTest::test_run_with_streamed_logs PASSED [ 81%]
tests/integration/models_containers_test.py::ContainerCollectionTest::test_run_with_streamed_logs_and_cancel PASSED [ 82%]
tests/integration/models_containers_test.py::ContainerCollectionTest::test_run_with_volume PASSED [ 82%]
tests/integration/models_containers_test.py::ContainerTest::test_commit PASSED [ 82%]
tests/integration/models_containers_test.py::ContainerTest::test_create_with_volume_driver PASSED [ 83%]
tests/integration/models_containers_test.py::ContainerTest::test_diff PASSED [ 83%]
tests/integration/models_containers_test.py::ContainerTest::test_exec_run_failed PASSED [ 83%]
tests/integration/models_containers_test.py::ContainerTest::test_exec_run_success PASSED [ 84%]
tests/integration/models_containers_test.py::ContainerTest::test_kill PASSED [ 84%]
tests/integration/models_containers_test.py::ContainerTest::test_logs PASSED [ 84%]
tests/integration/models_containers_test.py::ContainerTest::test_pause PASSED [ 85%]
tests/integration/models_containers_test.py::ContainerTest::test_ports_target_list PASSED [ 85%]
tests/integration/models_containers_test.py::ContainerTest::test_ports_target_none PASSED [ 85%]
tests/integration/models_containers_test.py::ContainerTest::test_ports_target_tuple PASSED [ 86%]
tests/integration/models_containers_test.py::ContainerTest::test_remove PASSED [ 86%]
tests/integration/models_containers_test.py::ContainerTest::test_rename PASSED [ 87%]
tests/integration/models_containers_test.py::ContainerTest::test_restart PASSED [ 87%]
tests/integration/models_containers_test.py::ContainerTest::test_start PASSED [ 87%]
tests/integration/models_containers_test.py::ContainerTest::test_stats PASSED [ 88%]
tests/integration/models_containers_test.py::ContainerTest::test_stop PASSED [ 88%]
tests/integration/models_containers_test.py::ContainerTest::test_top PASSED [ 88%]
tests/integration/models_containers_test.py::ContainerTest::test_update PASSED [ 89%]
tests/integration/models_containers_test.py::ContainerTest::test_wait PASSED [ 89%]
tests/integration/models_images_test.py::ImageCollectionTest::test_build PASSED [ 89%]
tests/integration/models_images_test.py::ImageCollectionTest::test_build_with_error PASSED [ 90%]
tests/integration/models_images_test.py::ImageCollectionTest::test_build_with_multiple_success PASSED [ 90%]
tests/integration/models_images_test.py::ImageCollectionTest::test_build_with_success_build_output PASSED [ 91%]
tests/integration/models_images_test.py::ImageCollectionTest::test_list PASSED [ 91%]
tests/integration/models_images_test.py::ImageCollectionTest::test_list_with_repository PASSED [ 91%]
tests/integration/models_images_test.py::ImageCollectionTest::test_load_error PASSED [ 92%]
tests/integration/models_images_test.py::ImageCollectionTest::test_pull PASSED [ 92%]
tests/integration/models_images_test.py::ImageCollectionTest::test_pull_multiple PASSED [ 92%]
tests/integration/models_images_test.py::ImageCollectionTest::test_pull_with_sha PASSED [ 93%]
tests/integration/models_images_test.py::ImageCollectionTest::test_pull_with_tag PASSED [ 93%]
tests/integration/models_images_test.py::ImageCollectionTest::test_save_and_load PASSED [ 93%]
tests/integration/models_images_test.py::ImageCollectionTest::test_save_and_load_repo_name PASSED [ 94%]
tests/integration/models_images_test.py::ImageCollectionTest::test_save_name_error PASSED [ 94%]
tests/integration/models_images_test.py::ImageTest::test_tag_and_remove PASSED [ 94%]
tests/integration/models_networks_test.py::NetworkCollectionTest::test_create PASSED [ 95%]
tests/integration/models_networks_test.py::NetworkCollectionTest::test_get PASSED [ 95%]
tests/integration/models_networks_test.py::NetworkCollectionTest::test_list_remove PASSED [ 96%]
tests/integration/models_networks_test.py::NetworkTest::test_connect_disconnect PASSED [ 96%]
tests/integration/models_resources_test.py::ModelTest::test_reload PASSED [ 96%]
tests/integration/models_volumes_test.py::VolumesTest::test_create_get PASSED [ 97%]
tests/integration/models_volumes_test.py::VolumesTest::test_list_remove PASSED [ 97%]
tests/integration/regression_test.py::TestRegressions::test_443_handle_nonchunked_response_in_stream PASSED [ 97%]
tests/integration/regression_test.py::TestRegressions::test_542_truncate_ids_client_side PASSED [ 98%]
tests/integration/regression_test.py::TestRegressions::test_647_support_doubleslash_in_image_names PASSED [ 98%]
tests/integration/regression_test.py::TestRegressions::test_649_handle_timeout_value_none PASSED [ 98%]
tests/integration/regression_test.py::TestRegressions::test_715_handle_user_param_as_int_value PASSED [ 99%]
tests/integration/regression_test.py::TestRegressions::test_792_explicit_port_protocol PASSED [ 99%]
tests/integration/credentials/utils_test.py::test_create_environment_dict PASSED [100%]

=================================== FAILURES ===================================
____________________ ContainerCPUTest.test_container_cpuset ____________________
docker/api/client.py:296: in _raise_for_status
    response.raise_for_status()
../.virtualenvs/docker-py/lib/python3.9/site-packages/requests/models.py:940: in raise_for_status
    raise HTTPError(http_error_msg, response=self)
E   requests.exceptions.HTTPError: 400 Client Error: Bad Request for url: http+docker://localhost/v1.41/containers/create

During handling of the above exception, another exception occurred:
/home/riyad/src/docker-py/tests/integration/api_container_test.py:1444: in test_container_cpuset
    ???
docker/api/container.py:430: in create_container
    return self.create_container_from_config(config, name)
docker/api/container.py:441: in create_container_from_config
    return self._result(res, True)
docker/api/client.py:302: in _result
    self._raise_for_status(response)
docker/api/client.py:298: in _raise_for_status
    raise create_api_error_from_http_exception(e)
docker/errors.py:31: in create_api_error_from_http_exception
    raise cls(e, response=response, explanation=explanation)
E   docker.errors.APIError: 400 Client Error for http+docker://localhost/v1.41/containers/create: Bad Request ("Requested CPUs are not available - requested 0,1, available: 0")
_______________ ExecDemuxTest.test_exec_command_tty_stream_demux _______________
/home/riyad/src/docker-py/tests/integration/api_exec_test.py:306: in test_exec_command_tty_stream_demux
    ???
E   AssertionError: assert (b'hello out\r\n', None) in [(b'hello out', None), (b'\r\n', None), (b'hello err', None), (b'\r\n', None)]
_____________ ExecDemuxTest.test_exec_command_tty_stream_no_demux ______________
/home/riyad/src/docker-py/tests/integration/api_exec_test.py:288: in test_exec_command_tty_stream_no_demux
    ???
E   AssertionError: assert b'hello out\r\n' in [b'hello out', b'\r\n', b'hello err', b'\r\n']
=============================== warnings summary ===============================
../.virtualenvs/docker-py/lib/python3.9/site-packages/paramiko/hostkeys.py:23
  /home/ubuntu/.virtualenvs/docker-py/lib/python3.9/site-packages/paramiko/hostkeys.py:23: DeprecationWarning: Using or importing the ABCs from 'collections' instead of from 'collections.abc' is deprecated since Python 3.3, and in 3.10 it will stop working
    from collections import MutableMapping

tests/integration/api_client_test.py::ConnectionTimeoutTest::test_timeout
  /home/ubuntu/docker-py/docker/utils/utils.py:269: DeprecationWarning: urllib.parse.splitnport() is deprecated as of 3.8, use urllib.parse.urlparse() instead
    host, port = splitnport(parsed_url.netloc)

-- Docs: https://docs.pytest.org/en/stable/warnings.html
- generated xml file: /home/ubuntu/docker-py/logs.docker-test/pytest_integration_docker-20.10.7___runc_inside lxd vm.junit.xml -
=========================== short test summary info ============================
XFAIL tests/integration/api_container_test.py::CreateContainerTest::test_create_with_cpu_rt_options
  CONFIG_RT_GROUP_SCHED isn't enabled
XFAIL tests/integration/api_container_test.py::CreateContainerTest::test_create_with_storage_opt
  Not supported on most drivers
XFAIL tests/integration/api_container_test.py::ContainerTopTest::test_top
  Output of docker top depends on host distro, and is not formalized.
XFAIL tests/integration/api_container_test.py::ContainerTopTest::test_top_with_psargs
  Output of docker top depends on host distro, and is not formalized.
SKIPPED [3] tests/helpers.py:70: Feature requires Docker Engine experimental mode
SKIPPED [1] ../../riyad/src/docker-py/tests/integration/api_image_test.py:291: Doesn't work inside a container - FIXME
= 3 failed, 266 passed, 4 skipped, 137 deselected, 4 xfailed, 1 xpassed, 2 warnings in 318.35s (0:05:18) =
