============================= test session starts ==============================
platform linux -- Python 3.8.6, pytest-6.2.2, py-1.10.0, pluggy-0.13.1 -- /home/ubuntu/.virtualenvs/docker-py/bin/python
cachedir: .pytest_cache
rootdir: /home/ubuntu/docker-py, configfile: pytest.ini
plugins: cov-2.6.1, timeout-1.3.3
collecting ... collected 415 items

tests/integration/api_build_test.py::BuildTest::test_build_container_with_target PASSED [  0%]
tests/integration/api_build_test.py::BuildTest::test_build_from_stringio PASSED [  0%]
tests/integration/api_build_test.py::BuildTest::test_build_gzip_custom_encoding PASSED [  0%]
tests/integration/api_build_test.py::BuildTest::test_build_gzip_encoding PASSED [  0%]
tests/integration/api_build_test.py::BuildTest::test_build_in_context_abs_dockerfile PASSED [  1%]
tests/integration/api_build_test.py::BuildTest::test_build_in_context_dockerfile PASSED [  1%]
tests/integration/api_build_test.py::BuildTest::test_build_in_context_nested_dockerfile PASSED [  1%]
tests/integration/api_build_test.py::BuildTest::test_build_invalid_platform PASSED [  1%]
tests/integration/api_build_test.py::BuildTest::test_build_isolation PASSED [  2%]
tests/integration/api_build_test.py::BuildTest::test_build_labels PASSED [  2%]
tests/integration/api_build_test.py::BuildTest::test_build_out_of_context_dockerfile PASSED [  2%]
tests/integration/api_build_test.py::BuildTest::test_build_shmsize PASSED [  2%]
tests/integration/api_build_test.py::BuildTest::test_build_squash PASSED [  3%]
tests/integration/api_build_test.py::BuildTest::test_build_stderr_data PASSED [  3%]
tests/integration/api_build_test.py::BuildTest::test_build_streaming PASSED [  3%]
tests/integration/api_build_test.py::BuildTest::test_build_with_buildargs PASSED [  3%]
tests/integration/api_build_test.py::BuildTest::test_build_with_cache_from PASSED [  4%]
tests/integration/api_build_test.py::BuildTest::test_build_with_dockerfile_empty_lines PASSED [  4%]
tests/integration/api_build_test.py::BuildTest::test_build_with_dockerignore PASSED [  4%]
tests/integration/api_build_test.py::BuildTest::test_build_with_extra_hosts PASSED [  4%]
tests/integration/api_build_test.py::BuildTest::test_build_with_network_mode PASSED [  5%]
tests/integration/api_build_test.py::BuildTest::test_build_with_proxy PASSED [  5%]
tests/integration/api_build_test.py::BuildTest::test_build_with_proxy_and_buildargs PASSED [  5%]
tests/integration/api_build_test.py::BuildTest::test_prune_builds XPASS  [  5%]
tests/integration/api_client_test.py::InformationTest::test_info PASSED  [  6%]
tests/integration/api_client_test.py::InformationTest::test_version PASSED [  6%]
tests/integration/api_client_test.py::AutoDetectVersionTest::test_client_init PASSED [  6%]
tests/integration/api_client_test.py::ConnectionTimeoutTest::test_timeout PASSED [  6%]
tests/integration/api_client_test.py::UnixconnTest::test_resource_warnings PASSED [  6%]
tests/integration/api_config_test.py::ConfigAPITest::test_create_config PASSED [  7%]
tests/integration/api_config_test.py::ConfigAPITest::test_create_config_unicode_data PASSED [  7%]
tests/integration/api_config_test.py::ConfigAPITest::test_inspect_config PASSED [  7%]
tests/integration/api_config_test.py::ConfigAPITest::test_list_configs PASSED [  7%]
tests/integration/api_config_test.py::ConfigAPITest::test_remove_config PASSED [  8%]
tests/integration/api_container_test.py::ListContainersTest::test_list_containers PASSED [  8%]
tests/integration/api_container_test.py::CreateContainerTest::test_create PASSED [  8%]
tests/integration/api_container_test.py::CreateContainerTest::test_create_container_with_volumes_from PASSED [  8%]
tests/integration/api_container_test.py::CreateContainerTest::test_create_with_auto_remove PASSED [  9%]
tests/integration/api_container_test.py::CreateContainerTest::test_create_with_cpu_rt_options XFAIL [  9%]
tests/integration/api_container_test.py::CreateContainerTest::test_create_with_device_cgroup_rules PASSED [  9%]
tests/integration/api_container_test.py::CreateContainerTest::test_create_with_environment_variable_no_value PASSED [  9%]
tests/integration/api_container_test.py::CreateContainerTest::test_create_with_host_pid_mode PASSED [ 10%]
tests/integration/api_container_test.py::CreateContainerTest::test_create_with_init PASSED [ 10%]
tests/integration/api_container_test.py::CreateContainerTest::test_create_with_isolation PASSED [ 10%]
tests/integration/api_container_test.py::CreateContainerTest::test_create_with_links PASSED [ 10%]
tests/integration/api_container_test.py::CreateContainerTest::test_create_with_mac_address PASSED [ 11%]
tests/integration/api_container_test.py::CreateContainerTest::test_create_with_memory_constraints_with_int PASSED [ 11%]
tests/integration/api_container_test.py::CreateContainerTest::test_create_with_memory_constraints_with_str PASSED [ 11%]
tests/integration/api_container_test.py::CreateContainerTest::test_create_with_restart_policy PASSED [ 11%]
tests/integration/api_container_test.py::CreateContainerTest::test_create_with_stop_timeout PASSED [ 12%]
tests/integration/api_container_test.py::CreateContainerTest::test_create_with_storage_opt XFAIL [ 12%]
tests/integration/api_container_test.py::CreateContainerTest::test_create_with_tmpfs PASSED [ 12%]
tests/integration/api_container_test.py::CreateContainerTest::test_create_with_uts_mode PASSED [ 12%]
tests/integration/api_container_test.py::CreateContainerTest::test_group_id_ints PASSED [ 13%]
tests/integration/api_container_test.py::CreateContainerTest::test_group_id_strings PASSED [ 13%]
tests/integration/api_container_test.py::CreateContainerTest::test_invalid_log_driver_raises_exception PASSED [ 13%]
tests/integration/api_container_test.py::CreateContainerTest::test_valid_log_driver_and_log_opt PASSED [ 13%]
tests/integration/api_container_test.py::CreateContainerTest::test_valid_no_config_specified PASSED [ 13%]
tests/integration/api_container_test.py::CreateContainerTest::test_valid_no_log_driver_specified PASSED [ 14%]
tests/integration/api_container_test.py::VolumeBindTest::test_create_with_binds_ro PASSED [ 14%]
tests/integration/api_container_test.py::VolumeBindTest::test_create_with_binds_rw PASSED [ 14%]
tests/integration/api_container_test.py::VolumeBindTest::test_create_with_mounts PASSED [ 14%]
tests/integration/api_container_test.py::VolumeBindTest::test_create_with_mounts_ro PASSED [ 15%]
tests/integration/api_container_test.py::VolumeBindTest::test_create_with_volume_mount PASSED [ 15%]
tests/integration/api_container_test.py::ArchiveTest::test_copy_directory_to_container PASSED [ 15%]
tests/integration/api_container_test.py::ArchiveTest::test_copy_file_to_container PASSED [ 15%]
tests/integration/api_container_test.py::ArchiveTest::test_get_file_archive_from_container PASSED [ 16%]
tests/integration/api_container_test.py::ArchiveTest::test_get_file_stat_from_container PASSED [ 16%]
tests/integration/api_container_test.py::RenameContainerTest::test_rename_container PASSED [ 16%]
tests/integration/api_container_test.py::StartContainerTest::test_run_shlex_commands PASSED [ 16%]
tests/integration/api_container_test.py::StartContainerTest::test_start_container PASSED [ 17%]
tests/integration/api_container_test.py::StartContainerTest::test_start_container_with_dict_instead_of_id PASSED [ 17%]
tests/integration/api_container_test.py::WaitTest::test_wait PASSED      [ 17%]
tests/integration/api_container_test.py::WaitTest::test_wait_with_condition PASSED [ 17%]
tests/integration/api_container_test.py::WaitTest::test_wait_with_dict_instead_of_id PASSED [ 18%]
tests/integration/api_container_test.py::LogsTest::test_logs PASSED      [ 18%]
tests/integration/api_container_test.py::LogsTest::test_logs_streaming_and_follow PASSED [ 18%]
tests/integration/api_container_test.py::LogsTest::test_logs_streaming_and_follow_and_cancel PASSED [ 18%]
tests/integration/api_container_test.py::LogsTest::test_logs_tail_option PASSED [ 19%]
tests/integration/api_container_test.py::LogsTest::test_logs_with_dict_instead_of_id PASSED [ 19%]
tests/integration/api_container_test.py::LogsTest::test_logs_with_tail_0 PASSED [ 19%]
tests/integration/api_container_test.py::LogsTest::test_logs_with_until PASSED [ 19%]
tests/integration/api_container_test.py::DiffTest::test_diff PASSED      [ 20%]
tests/integration/api_container_test.py::DiffTest::test_diff_with_dict_instead_of_id PASSED [ 20%]
tests/integration/api_container_test.py::StopTest::test_stop PASSED      [ 20%]
tests/integration/api_container_test.py::StopTest::test_stop_with_dict_instead_of_id PASSED [ 20%]
tests/integration/api_container_test.py::KillTest::test_kill PASSED      [ 20%]
tests/integration/api_container_test.py::KillTest::test_kill_with_dict_instead_of_id PASSED [ 21%]
tests/integration/api_container_test.py::KillTest::test_kill_with_signal PASSED [ 21%]
tests/integration/api_container_test.py::KillTest::test_kill_with_signal_integer PASSED [ 21%]
tests/integration/api_container_test.py::KillTest::test_kill_with_signal_name PASSED [ 21%]
tests/integration/api_container_test.py::PortTest::test_port PASSED      [ 22%]
tests/integration/api_container_test.py::ContainerTopTest::test_top XFAIL [ 22%]
tests/integration/api_container_test.py::ContainerTopTest::test_top_with_psargs XFAIL [ 22%]
tests/integration/api_container_test.py::RestartContainerTest::test_restart PASSED [ 22%]
tests/integration/api_container_test.py::RestartContainerTest::test_restart_with_dict_instead_of_id PASSED [ 23%]
tests/integration/api_container_test.py::RestartContainerTest::test_restart_with_low_timeout PASSED [ 23%]
tests/integration/api_container_test.py::RemoveContainerTest::test_remove PASSED [ 23%]
tests/integration/api_container_test.py::RemoveContainerTest::test_remove_with_dict_instead_of_id PASSED [ 23%]
tests/integration/api_container_test.py::AttachContainerTest::test_attach_no_stream PASSED [ 24%]
tests/integration/api_container_test.py::AttachContainerTest::test_attach_stream_and_cancel PASSED [ 24%]
tests/integration/api_container_test.py::AttachContainerTest::test_detach_with_arg PASSED [ 24%]
tests/integration/api_container_test.py::AttachContainerTest::test_detach_with_config_file PASSED [ 24%]
tests/integration/api_container_test.py::AttachContainerTest::test_detach_with_default PASSED [ 25%]
tests/integration/api_container_test.py::AttachContainerTest::test_run_container_reading_socket PASSED [ 25%]
tests/integration/api_container_test.py::AttachContainerTest::test_run_container_streaming PASSED [ 25%]
tests/integration/api_container_test.py::PauseTest::test_pause_unpause PASSED [ 25%]
tests/integration/api_container_test.py::PruneTest::test_prune_containers PASSED [ 26%]
tests/integration/api_container_test.py::GetContainerStatsTest::test_get_container_stats_no_stream PASSED [ 26%]
tests/integration/api_container_test.py::ContainerUpdateTest::test_restart_policy_update PASSED [ 26%]
tests/integration/api_container_test.py::ContainerUpdateTest::test_update_container PASSED [ 26%]
tests/integration/api_container_test.py::ContainerCPUTest::test_container_cpu_shares PASSED [ 26%]
tests/integration/api_container_test.py::ContainerCPUTest::test_container_cpuset FAILED [ 27%]
tests/integration/api_container_test.py::ContainerCPUTest::test_create_with_runtime PASSED [ 27%]
tests/integration/api_container_test.py::LinkTest::test_remove_link PASSED [ 27%]
tests/integration/api_exec_test.py::ExecTest::test_detach_with_config_file PASSED [ 27%]
tests/integration/api_exec_test.py::ExecTest::test_detach_with_default PASSED [ 28%]
tests/integration/api_exec_test.py::ExecTest::test_exec_command_as_root PASSED [ 28%]
tests/integration/api_exec_test.py::ExecTest::test_exec_command_as_user PASSED [ 28%]
tests/integration/api_exec_test.py::ExecTest::test_exec_command_streaming PASSED [ 28%]
tests/integration/api_exec_test.py::ExecTest::test_exec_command_string PASSED [ 29%]
tests/integration/api_exec_test.py::ExecTest::test_exec_command_with_env PASSED [ 29%]
tests/integration/api_exec_test.py::ExecTest::test_exec_command_with_workdir PASSED [ 29%]
tests/integration/api_exec_test.py::ExecTest::test_exec_inspect PASSED   [ 29%]
tests/integration/api_exec_test.py::ExecTest::test_exec_start_detached PASSED [ 30%]
tests/integration/api_exec_test.py::ExecTest::test_exec_start_socket PASSED [ 30%]
tests/integration/api_exec_test.py::ExecTest::test_execute_command PASSED [ 30%]
tests/integration/api_exec_test.py::ExecTest::test_execute_command_with_proxy_env PASSED [ 30%]
tests/integration/api_exec_test.py::ExecDemuxTest::test_exec_command_no_stream_demux PASSED [ 31%]
tests/integration/api_exec_test.py::ExecDemuxTest::test_exec_command_no_stream_no_demux PASSED [ 31%]
tests/integration/api_exec_test.py::ExecDemuxTest::test_exec_command_stream_demux PASSED [ 31%]
tests/integration/api_exec_test.py::ExecDemuxTest::test_exec_command_stream_no_demux PASSED [ 31%]
tests/integration/api_exec_test.py::ExecDemuxTest::test_exec_command_tty_no_stream_demux PASSED [ 32%]
tests/integration/api_exec_test.py::ExecDemuxTest::test_exec_command_tty_no_stream_no_demux PASSED [ 32%]
tests/integration/api_exec_test.py::ExecDemuxTest::test_exec_command_tty_stream_demux FAILED [ 32%]
tests/integration/api_exec_test.py::ExecDemuxTest::test_exec_command_tty_stream_no_demux FAILED [ 32%]
tests/integration/api_healthcheck_test.py::HealthcheckTest::test_healthcheck_fails PASSED [ 33%]
tests/integration/api_healthcheck_test.py::HealthcheckTest::test_healthcheck_passes PASSED [ 33%]
tests/integration/api_healthcheck_test.py::HealthcheckTest::test_healthcheck_shell_command PASSED [ 33%]
tests/integration/api_healthcheck_test.py::HealthcheckTest::test_healthcheck_start_period PASSED [ 33%]
tests/integration/api_image_test.py::ListImagesTest::test_images PASSED  [ 33%]
tests/integration/api_image_test.py::ListImagesTest::test_images_quiet PASSED [ 34%]
tests/integration/api_image_test.py::PullImageTest::test_pull PASSED     [ 34%]
tests/integration/api_image_test.py::PullImageTest::test_pull_invalid_platform PASSED [ 34%]
tests/integration/api_image_test.py::PullImageTest::test_pull_streaming PASSED [ 34%]
tests/integration/api_image_test.py::CommitTest::test_commit PASSED      [ 35%]
tests/integration/api_image_test.py::CommitTest::test_commit_with_changes PASSED [ 35%]
tests/integration/api_image_test.py::RemoveImageTest::test_remove PASSED [ 35%]
tests/integration/api_image_test.py::ImportImageTest::test_get_load_image PASSED [ 35%]
tests/integration/api_image_test.py::ImportImageTest::test_import_from_bytes PASSED [ 36%]
tests/integration/api_image_test.py::ImportImageTest::test_import_from_file PASSED [ 36%]
tests/integration/api_image_test.py::ImportImageTest::test_import_from_stream PASSED [ 36%]
tests/integration/api_image_test.py::ImportImageTest::test_import_from_url SKIPPED [ 36%]
tests/integration/api_image_test.py::ImportImageTest::test_import_image_from_data_with_changes PASSED [ 37%]
tests/integration/api_image_test.py::ImportImageTest::test_import_image_with_changes PASSED [ 37%]
tests/integration/api_image_test.py::PruneImagesTest::test_prune_images PASSED [ 37%]
tests/integration/api_image_test.py::SaveLoadImagesTest::test_get_image_load_image PASSED [ 37%]
tests/integration/api_image_test.py::InspectDistributionTest::test_inspect_distribution PASSED [ 38%]
tests/integration/api_network_test.py::TestNetworks::test_connect_and_disconnect_container PASSED [ 38%]
tests/integration/api_network_test.py::TestNetworks::test_connect_and_force_disconnect_container PASSED [ 38%]
tests/integration/api_network_test.py::TestNetworks::test_connect_on_container_create PASSED [ 38%]
tests/integration/api_network_test.py::TestNetworks::test_connect_with_aliases PASSED [ 39%]
tests/integration/api_network_test.py::TestNetworks::test_connect_with_ipv4_address PASSED [ 39%]
tests/integration/api_network_test.py::TestNetworks::test_connect_with_ipv6_address PASSED [ 39%]
tests/integration/api_network_test.py::TestNetworks::test_connect_with_links PASSED [ 39%]
tests/integration/api_network_test.py::TestNetworks::test_create_check_duplicate PASSED [ 40%]
tests/integration/api_network_test.py::TestNetworks::test_create_internal_networks PASSED [ 40%]
tests/integration/api_network_test.py::TestNetworks::test_create_network_ipv6_enabled PASSED [ 40%]
tests/integration/api_network_test.py::TestNetworks::test_create_network_with_host_driver_fails PASSED [ 40%]
tests/integration/api_network_test.py::TestNetworks::test_create_network_with_ipam_config PASSED [ 40%]
tests/integration/api_network_test.py::TestNetworks::test_create_network_with_labels PASSED [ 41%]
tests/integration/api_network_test.py::TestNetworks::test_create_network_with_labels_wrong_type PASSED [ 41%]
tests/integration/api_network_test.py::TestNetworks::test_create_remove_network_with_space_in_name PASSED [ 41%]
tests/integration/api_network_test.py::TestNetworks::test_create_with_aliases PASSED [ 41%]
tests/integration/api_network_test.py::TestNetworks::test_create_with_driveropt PASSED [ 42%]
tests/integration/api_network_test.py::TestNetworks::test_create_with_ipv4_address PASSED [ 42%]
tests/integration/api_network_test.py::TestNetworks::test_create_with_ipv6_address PASSED [ 42%]
tests/integration/api_network_test.py::TestNetworks::test_create_with_linklocal_ips PASSED [ 42%]
tests/integration/api_network_test.py::TestNetworks::test_create_with_links PASSED [ 43%]
tests/integration/api_network_test.py::TestNetworks::test_inspect_network PASSED [ 43%]
tests/integration/api_network_test.py::TestNetworks::test_list_networks PASSED [ 43%]
tests/integration/api_network_test.py::TestNetworks::test_prune_networks PASSED [ 43%]
tests/integration/api_network_test.py::TestNetworks::test_remove_network PASSED [ 44%]
tests/integration/api_network_test.py::TestNetworksWithSwarm::test_connect_and_disconnect_container PASSED [ 44%]
tests/integration/api_network_test.py::TestNetworksWithSwarm::test_connect_and_force_disconnect_container PASSED [ 44%]
tests/integration/api_network_test.py::TestNetworksWithSwarm::test_connect_on_container_create PASSED [ 44%]
tests/integration/api_network_test.py::TestNetworksWithSwarm::test_connect_with_aliases PASSED [ 45%]
tests/integration/api_network_test.py::TestNetworksWithSwarm::test_connect_with_ipv4_address PASSED [ 45%]
tests/integration/api_network_test.py::TestNetworksWithSwarm::test_connect_with_ipv6_address PASSED [ 45%]
tests/integration/api_network_test.py::TestNetworksWithSwarm::test_connect_with_links PASSED [ 45%]
tests/integration/api_network_test.py::TestNetworksWithSwarm::test_create_check_duplicate PASSED [ 46%]
tests/integration/api_network_test.py::TestNetworksWithSwarm::test_create_inspect_network_with_scope PASSED [ 46%]
tests/integration/api_network_test.py::TestNetworksWithSwarm::test_create_internal_networks PASSED [ 46%]
tests/integration/api_network_test.py::TestNetworksWithSwarm::test_create_network_attachable PASSED [ 46%]
tests/integration/api_network_test.py::TestNetworksWithSwarm::test_create_network_ingress PASSED [ 46%]
tests/integration/api_network_test.py::TestNetworksWithSwarm::test_create_network_ipv6_enabled PASSED [ 47%]
tests/integration/api_network_test.py::TestNetworksWithSwarm::test_create_network_with_host_driver_fails PASSED [ 47%]
tests/integration/api_network_test.py::TestNetworksWithSwarm::test_create_network_with_ipam_config PASSED [ 47%]
tests/integration/api_network_test.py::TestNetworksWithSwarm::test_create_network_with_labels PASSED [ 47%]
tests/integration/api_network_test.py::TestNetworksWithSwarm::test_create_network_with_labels_wrong_type PASSED [ 48%]
tests/integration/api_network_test.py::TestNetworksWithSwarm::test_create_remove_network_with_space_in_name PASSED [ 48%]
tests/integration/api_network_test.py::TestNetworksWithSwarm::test_create_with_aliases PASSED [ 48%]
tests/integration/api_network_test.py::TestNetworksWithSwarm::test_create_with_driveropt PASSED [ 48%]
tests/integration/api_network_test.py::TestNetworksWithSwarm::test_create_with_ipv4_address PASSED [ 49%]
tests/integration/api_network_test.py::TestNetworksWithSwarm::test_create_with_ipv6_address PASSED [ 49%]
tests/integration/api_network_test.py::TestNetworksWithSwarm::test_create_with_linklocal_ips PASSED [ 49%]
tests/integration/api_network_test.py::TestNetworksWithSwarm::test_create_with_links PASSED [ 49%]
tests/integration/api_network_test.py::TestNetworksWithSwarm::test_inspect_network PASSED [ 50%]
tests/integration/api_network_test.py::TestNetworksWithSwarm::test_list_networks PASSED [ 50%]
tests/integration/api_network_test.py::TestNetworksWithSwarm::test_prune_networks PASSED [ 50%]
tests/integration/api_network_test.py::TestNetworksWithSwarm::test_remove_network PASSED [ 50%]
tests/integration/api_plugin_test.py::PluginTest::test_configure_plugin PASSED [ 51%]
tests/integration/api_plugin_test.py::PluginTest::test_create_plugin PASSED [ 51%]
tests/integration/api_plugin_test.py::PluginTest::test_disable_plugin PASSED [ 51%]
tests/integration/api_plugin_test.py::PluginTest::test_enable_plugin PASSED [ 51%]
tests/integration/api_plugin_test.py::PluginTest::test_force_remove_plugin PASSED [ 52%]
tests/integration/api_plugin_test.py::PluginTest::test_inspect_plugin PASSED [ 52%]
tests/integration/api_plugin_test.py::PluginTest::test_install_plugin PASSED [ 52%]
tests/integration/api_plugin_test.py::PluginTest::test_list_plugins PASSED [ 52%]
tests/integration/api_plugin_test.py::PluginTest::test_plugin_privileges PASSED [ 53%]
tests/integration/api_plugin_test.py::PluginTest::test_remove_plugin PASSED [ 53%]
tests/integration/api_plugin_test.py::PluginTest::test_upgrade_plugin PASSED [ 53%]
tests/integration/api_secret_test.py::SecretAPITest::test_create_secret PASSED [ 53%]
tests/integration/api_secret_test.py::SecretAPITest::test_create_secret_unicode_data PASSED [ 53%]
tests/integration/api_secret_test.py::SecretAPITest::test_inspect_secret PASSED [ 54%]
tests/integration/api_secret_test.py::SecretAPITest::test_list_secrets PASSED [ 54%]
tests/integration/api_secret_test.py::SecretAPITest::test_remove_secret PASSED [ 54%]
tests/integration/api_service_test.py::ServiceTest::test_create_service_custom_log_driver PASSED [ 54%]
tests/integration/api_service_test.py::ServiceTest::test_create_service_global_mode PASSED [ 55%]
tests/integration/api_service_test.py::ServiceTest::test_create_service_replicated_mode PASSED [ 55%]
tests/integration/api_service_test.py::ServiceTest::test_create_service_simple PASSED [ 55%]
tests/integration/api_service_test.py::ServiceTest::test_create_service_with_config PASSED [ 55%]
tests/integration/api_service_test.py::ServiceTest::test_create_service_with_custom_networks PASSED [ 56%]
tests/integration/api_service_test.py::ServiceTest::test_create_service_with_dns_config PASSED [ 56%]
tests/integration/api_service_test.py::ServiceTest::test_create_service_with_endpoint_spec PASSED [ 56%]
tests/integration/api_service_test.py::ServiceTest::test_create_service_with_endpoint_spec_host_publish_mode PASSED [ 56%]
tests/integration/api_service_test.py::ServiceTest::test_create_service_with_env PASSED [ 57%]
tests/integration/api_service_test.py::ServiceTest::test_create_service_with_failure_action_rollback PASSED [ 57%]
tests/integration/api_service_test.py::ServiceTest::test_create_service_with_generic_resources PASSED [ 57%]
tests/integration/api_service_test.py::ServiceTest::test_create_service_with_groups PASSED [ 57%]
tests/integration/api_service_test.py::ServiceTest::test_create_service_with_healthcheck PASSED [ 58%]
tests/integration/api_service_test.py::ServiceTest::test_create_service_with_hostname PASSED [ 58%]
tests/integration/api_service_test.py::ServiceTest::test_create_service_with_hosts PASSED [ 58%]
tests/integration/api_service_test.py::ServiceTest::test_create_service_with_init PASSED [ 58%]
tests/integration/api_service_test.py::ServiceTest::test_create_service_with_invalid_generic_resources PASSED [ 59%]
tests/integration/api_service_test.py::ServiceTest::test_create_service_with_network_attachment_config PASSED [ 59%]
tests/integration/api_service_test.py::ServiceTest::test_create_service_with_placement PASSED [ 59%]
tests/integration/api_service_test.py::ServiceTest::test_create_service_with_placement_maxreplicas SKIPPED [ 59%]
tests/integration/api_service_test.py::ServiceTest::test_create_service_with_placement_object PASSED [ 60%]
tests/integration/api_service_test.py::ServiceTest::test_create_service_with_placement_platform PASSED [ 60%]
tests/integration/api_service_test.py::ServiceTest::test_create_service_with_placement_preferences PASSED [ 60%]
tests/integration/api_service_test.py::ServiceTest::test_create_service_with_placement_preferences_tuple PASSED [ 60%]
tests/integration/api_service_test.py::ServiceTest::test_create_service_with_privileges PASSED [ 60%]
tests/integration/api_service_test.py::ServiceTest::test_create_service_with_readonly PASSED [ 61%]
tests/integration/api_service_test.py::ServiceTest::test_create_service_with_resources_constraints PASSED [ 61%]
tests/integration/api_service_test.py::ServiceTest::test_create_service_with_restart_policy PASSED [ 61%]
tests/integration/api_service_test.py::ServiceTest::test_create_service_with_rollback_config PASSED [ 61%]
tests/integration/api_service_test.py::ServiceTest::test_create_service_with_secret PASSED [ 62%]
tests/integration/api_service_test.py::ServiceTest::test_create_service_with_stop_signal PASSED [ 62%]
tests/integration/api_service_test.py::ServiceTest::test_create_service_with_tty PASSED [ 62%]
tests/integration/api_service_test.py::ServiceTest::test_create_service_with_tty_dict PASSED [ 62%]
tests/integration/api_service_test.py::ServiceTest::test_create_service_with_unicode_config PASSED [ 63%]
tests/integration/api_service_test.py::ServiceTest::test_create_service_with_unicode_secret PASSED [ 63%]
tests/integration/api_service_test.py::ServiceTest::test_create_service_with_update_config PASSED [ 63%]
tests/integration/api_service_test.py::ServiceTest::test_create_service_with_update_config_monitor PASSED [ 63%]
tests/integration/api_service_test.py::ServiceTest::test_create_service_with_update_order PASSED [ 64%]
tests/integration/api_service_test.py::ServiceTest::test_create_service_with_volume_mount PASSED [ 64%]
tests/integration/api_service_test.py::ServiceTest::test_inspect_service_by_id PASSED [ 64%]
tests/integration/api_service_test.py::ServiceTest::test_inspect_service_by_name PASSED [ 64%]
tests/integration/api_service_test.py::ServiceTest::test_inspect_service_insert_defaults PASSED [ 65%]
tests/integration/api_service_test.py::ServiceTest::test_list_services PASSED [ 65%]
tests/integration/api_service_test.py::ServiceTest::test_list_services_filter_by_label PASSED [ 65%]
tests/integration/api_service_test.py::ServiceTest::test_remove_service_by_id PASSED [ 65%]
tests/integration/api_service_test.py::ServiceTest::test_remove_service_by_name PASSED [ 66%]
tests/integration/api_service_test.py::ServiceTest::test_service_logs PASSED [ 66%]
tests/integration/api_service_test.py::ServiceTest::test_update_service_force_update PASSED [ 66%]
tests/integration/api_service_test.py::ServiceTest::test_update_service_remove_container_labels PASSED [ 66%]
tests/integration/api_service_test.py::ServiceTest::test_update_service_remove_healthcheck PASSED [ 66%]
tests/integration/api_service_test.py::ServiceTest::test_update_service_remove_labels PASSED [ 67%]
tests/integration/api_service_test.py::ServiceTest::test_update_service_with_defaults_container_labels PASSED [ 67%]
tests/integration/api_service_test.py::ServiceTest::test_update_service_with_defaults_endpoint_spec PASSED [ 67%]
tests/integration/api_service_test.py::ServiceTest::test_update_service_with_defaults_labels PASSED [ 67%]
tests/integration/api_service_test.py::ServiceTest::test_update_service_with_defaults_mode PASSED [ 68%]
tests/integration/api_service_test.py::ServiceTest::test_update_service_with_defaults_name PASSED [ 68%]
tests/integration/api_service_test.py::ServiceTest::test_update_service_with_defaults_networks PASSED [ 68%]
tests/integration/api_service_test.py::ServiceTest::test_update_service_with_defaults_update_config PASSED [ 68%]
tests/integration/api_service_test.py::ServiceTest::test_update_service_with_network_change PASSED [ 69%]
tests/integration/api_swarm_test.py::SwarmTest::test_init_already_in_cluster PASSED [ 69%]
tests/integration/api_swarm_test.py::SwarmTest::test_init_swarm_custom_addr_pool_both_args PASSED [ 69%]
tests/integration/api_swarm_test.py::SwarmTest::test_init_swarm_custom_addr_pool_defaults PASSED [ 69%]
tests/integration/api_swarm_test.py::SwarmTest::test_init_swarm_custom_addr_pool_only_pool PASSED [ 70%]
tests/integration/api_swarm_test.py::SwarmTest::test_init_swarm_custom_addr_pool_only_subnet_size PASSED [ 70%]
tests/integration/api_swarm_test.py::SwarmTest::test_init_swarm_custom_raft_spec PASSED [ 70%]
tests/integration/api_swarm_test.py::SwarmTest::test_init_swarm_data_path_addr XFAIL [ 70%]
tests/integration/api_swarm_test.py::SwarmTest::test_init_swarm_force_new_cluster SKIPPED [ 71%]
tests/integration/api_swarm_test.py::SwarmTest::test_init_swarm_simple PASSED [ 71%]
tests/integration/api_swarm_test.py::SwarmTest::test_init_swarm_with_autolock_managers PASSED [ 71%]
tests/integration/api_swarm_test.py::SwarmTest::test_init_swarm_with_ca_config PASSED [ 71%]
tests/integration/api_swarm_test.py::SwarmTest::test_init_swarm_with_log_driver XFAIL [ 72%]
tests/integration/api_swarm_test.py::SwarmTest::test_inspect_node PASSED [ 72%]
tests/integration/api_swarm_test.py::SwarmTest::test_leave_swarm PASSED  [ 72%]
tests/integration/api_swarm_test.py::SwarmTest::test_list_nodes PASSED   [ 72%]
tests/integration/api_swarm_test.py::SwarmTest::test_remove_main_node PASSED [ 73%]
tests/integration/api_swarm_test.py::SwarmTest::test_rotate_manager_unlock_key PASSED [ 73%]
tests/integration/api_swarm_test.py::SwarmTest::test_update_node PASSED  [ 73%]
tests/integration/api_swarm_test.py::SwarmTest::test_update_swarm PASSED [ 73%]
tests/integration/api_volume_test.py::TestVolumes::test_create_volume PASSED [ 73%]
tests/integration/api_volume_test.py::TestVolumes::test_create_volume_invalid_driver PASSED [ 74%]
tests/integration/api_volume_test.py::TestVolumes::test_force_remove_volume PASSED [ 74%]
tests/integration/api_volume_test.py::TestVolumes::test_inspect_nonexistent_volume PASSED [ 74%]
tests/integration/api_volume_test.py::TestVolumes::test_inspect_volume PASSED [ 74%]
tests/integration/api_volume_test.py::TestVolumes::test_list_volumes PASSED [ 75%]
tests/integration/api_volume_test.py::TestVolumes::test_prune_volumes PASSED [ 75%]
tests/integration/api_volume_test.py::TestVolumes::test_remove_nonexistent_volume PASSED [ 75%]
tests/integration/api_volume_test.py::TestVolumes::test_remove_volume PASSED [ 75%]
tests/integration/client_test.py::ClientTest::test_df PASSED             [ 76%]
tests/integration/client_test.py::ClientTest::test_info PASSED           [ 76%]
tests/integration/client_test.py::ClientTest::test_ping PASSED           [ 76%]
tests/integration/client_test.py::ClientTest::test_version PASSED        [ 76%]
tests/integration/client_test.py::CancellableEventsTest::test_cancel_events PASSED [ 77%]
tests/integration/context_api_test.py::ContextLifecycleTest::test_context_remove PASSED [ 77%]
tests/integration/context_api_test.py::ContextLifecycleTest::test_lifecycle PASSED [ 77%]
tests/integration/context_api_test.py::ContextLifecycleTest::test_load_context_without_orchestrator PASSED [ 77%]
tests/integration/errors_test.py::ErrorsTest::test_api_error_parses_json PASSED [ 78%]
tests/integration/models_containers_test.py::ContainerCollectionTest::test_get PASSED [ 78%]
tests/integration/models_containers_test.py::ContainerCollectionTest::test_list PASSED [ 78%]
tests/integration/models_containers_test.py::ContainerCollectionTest::test_list_sparse PASSED [ 78%]
tests/integration/models_containers_test.py::ContainerCollectionTest::test_run PASSED [ 79%]
tests/integration/models_containers_test.py::ContainerCollectionTest::test_run_detach PASSED [ 79%]
tests/integration/models_containers_test.py::ContainerCollectionTest::test_run_with_auto_remove PASSED [ 79%]
tests/integration/models_containers_test.py::ContainerCollectionTest::test_run_with_auto_remove_error PASSED [ 79%]
tests/integration/models_containers_test.py::ContainerCollectionTest::test_run_with_error PASSED [ 80%]
tests/integration/models_containers_test.py::ContainerCollectionTest::test_run_with_image_that_does_not_exist PASSED [ 80%]
tests/integration/models_containers_test.py::ContainerCollectionTest::test_run_with_json_file_driver PASSED [ 80%]
tests/integration/models_containers_test.py::ContainerCollectionTest::test_run_with_named_volume PASSED [ 80%]
tests/integration/models_containers_test.py::ContainerCollectionTest::test_run_with_network PASSED [ 80%]
tests/integration/models_containers_test.py::ContainerCollectionTest::test_run_with_none_driver PASSED [ 81%]
tests/integration/models_containers_test.py::ContainerCollectionTest::test_run_with_proxy_config PASSED [ 81%]
tests/integration/models_containers_test.py::ContainerCollectionTest::test_run_with_streamed_logs PASSED [ 81%]
tests/integration/models_containers_test.py::ContainerCollectionTest::test_run_with_streamed_logs_and_cancel PASSED [ 81%]
tests/integration/models_containers_test.py::ContainerCollectionTest::test_run_with_volume PASSED [ 82%]
tests/integration/models_containers_test.py::ContainerTest::test_commit PASSED [ 82%]
tests/integration/models_containers_test.py::ContainerTest::test_create_with_volume_driver PASSED [ 82%]
tests/integration/models_containers_test.py::ContainerTest::test_diff PASSED [ 82%]
tests/integration/models_containers_test.py::ContainerTest::test_exec_run_failed PASSED [ 83%]
tests/integration/models_containers_test.py::ContainerTest::test_exec_run_success PASSED [ 83%]
tests/integration/models_containers_test.py::ContainerTest::test_kill PASSED [ 83%]
tests/integration/models_containers_test.py::ContainerTest::test_logs PASSED [ 83%]
tests/integration/models_containers_test.py::ContainerTest::test_pause PASSED [ 84%]
tests/integration/models_containers_test.py::ContainerTest::test_ports_target_list PASSED [ 84%]
tests/integration/models_containers_test.py::ContainerTest::test_ports_target_none PASSED [ 84%]
tests/integration/models_containers_test.py::ContainerTest::test_ports_target_tuple PASSED [ 84%]
tests/integration/models_containers_test.py::ContainerTest::test_remove PASSED [ 85%]
tests/integration/models_containers_test.py::ContainerTest::test_rename PASSED [ 85%]
tests/integration/models_containers_test.py::ContainerTest::test_restart PASSED [ 85%]
tests/integration/models_containers_test.py::ContainerTest::test_start PASSED [ 85%]
tests/integration/models_containers_test.py::ContainerTest::test_stats PASSED [ 86%]
tests/integration/models_containers_test.py::ContainerTest::test_stop PASSED [ 86%]
tests/integration/models_containers_test.py::ContainerTest::test_top PASSED [ 86%]
tests/integration/models_containers_test.py::ContainerTest::test_update PASSED [ 86%]
tests/integration/models_containers_test.py::ContainerTest::test_wait PASSED [ 86%]
tests/integration/models_images_test.py::ImageCollectionTest::test_build PASSED [ 87%]
tests/integration/models_images_test.py::ImageCollectionTest::test_build_with_error PASSED [ 87%]
tests/integration/models_images_test.py::ImageCollectionTest::test_build_with_multiple_success PASSED [ 87%]
tests/integration/models_images_test.py::ImageCollectionTest::test_build_with_success_build_output PASSED [ 87%]
tests/integration/models_images_test.py::ImageCollectionTest::test_list PASSED [ 88%]
tests/integration/models_images_test.py::ImageCollectionTest::test_list_with_repository PASSED [ 88%]
tests/integration/models_images_test.py::ImageCollectionTest::test_load_error PASSED [ 88%]
tests/integration/models_images_test.py::ImageCollectionTest::test_pull PASSED [ 88%]
tests/integration/models_images_test.py::ImageCollectionTest::test_pull_multiple PASSED [ 89%]
tests/integration/models_images_test.py::ImageCollectionTest::test_pull_with_sha PASSED [ 89%]
tests/integration/models_images_test.py::ImageCollectionTest::test_pull_with_tag PASSED [ 89%]
tests/integration/models_images_test.py::ImageCollectionTest::test_save_and_load PASSED [ 89%]
tests/integration/models_images_test.py::ImageCollectionTest::test_save_and_load_repo_name PASSED [ 90%]
tests/integration/models_images_test.py::ImageCollectionTest::test_save_name_error PASSED [ 90%]
tests/integration/models_images_test.py::ImageTest::test_tag_and_remove PASSED [ 90%]
tests/integration/models_networks_test.py::NetworkCollectionTest::test_create PASSED [ 90%]
tests/integration/models_networks_test.py::NetworkCollectionTest::test_get PASSED [ 91%]
tests/integration/models_networks_test.py::NetworkCollectionTest::test_list_remove PASSED [ 91%]
tests/integration/models_networks_test.py::NetworkTest::test_connect_disconnect PASSED [ 91%]
tests/integration/models_nodes_test.py::NodesTest::test_list_get_update PASSED [ 91%]
tests/integration/models_resources_test.py::ModelTest::test_reload PASSED [ 92%]
tests/integration/models_services_test.py::ServiceTest::test_create PASSED [ 92%]
tests/integration/models_services_test.py::ServiceTest::test_create_with_network PASSED [ 92%]
tests/integration/models_services_test.py::ServiceTest::test_force_update_service PASSED [ 92%]
tests/integration/models_services_test.py::ServiceTest::test_force_update_service_using_bool PASSED [ 93%]
tests/integration/models_services_test.py::ServiceTest::test_force_update_service_using_shorthand_method PASSED [ 93%]
tests/integration/models_services_test.py::ServiceTest::test_get PASSED  [ 93%]
tests/integration/models_services_test.py::ServiceTest::test_list_remove PASSED [ 93%]
tests/integration/models_services_test.py::ServiceTest::test_scale_method_global_service PASSED [ 93%]
tests/integration/models_services_test.py::ServiceTest::test_scale_method_service PASSED [ 94%]
tests/integration/models_services_test.py::ServiceTest::test_scale_service PASSED [ 94%]
tests/integration/models_services_test.py::ServiceTest::test_tasks PASSED [ 94%]
tests/integration/models_services_test.py::ServiceTest::test_update PASSED [ 94%]
tests/integration/models_services_test.py::ServiceTest::test_update_remove_service_labels PASSED [ 95%]
tests/integration/models_services_test.py::ServiceTest::test_update_retains_container_labels PASSED [ 95%]
tests/integration/models_services_test.py::ServiceTest::test_update_retains_networks XFAIL [ 95%]
tests/integration/models_services_test.py::ServiceTest::test_update_retains_service_labels PASSED [ 95%]
tests/integration/models_swarm_test.py::SwarmTest::test_init_update_leave PASSED [ 96%]
tests/integration/models_swarm_test.py::SwarmTest::test_join_on_already_joined_swarm FAILED [ 96%]
tests/integration/models_volumes_test.py::VolumesTest::test_create_get PASSED [ 96%]
tests/integration/models_volumes_test.py::VolumesTest::test_list_remove PASSED [ 96%]
tests/integration/regression_test.py::TestRegressions::test_443_handle_nonchunked_response_in_stream PASSED [ 97%]
tests/integration/regression_test.py::TestRegressions::test_542_truncate_ids_client_side PASSED [ 97%]
tests/integration/regression_test.py::TestRegressions::test_647_support_doubleslash_in_image_names PASSED [ 97%]
tests/integration/regression_test.py::TestRegressions::test_649_handle_timeout_value_none PASSED [ 97%]
tests/integration/regression_test.py::TestRegressions::test_715_handle_user_param_as_int_value PASSED [ 98%]
tests/integration/regression_test.py::TestRegressions::test_792_explicit_port_protocol PASSED [ 98%]
tests/integration/credentials/store_test.py::TestStore::test_store_and_get ERROR [ 98%]
tests/integration/credentials/store_test.py::TestStore::test_get_nonexistent ERROR [ 98%]
tests/integration/credentials/store_test.py::TestStore::test_store_and_erase ERROR [ 99%]
tests/integration/credentials/store_test.py::TestStore::test_unicode_strings ERROR [ 99%]
tests/integration/credentials/store_test.py::TestStore::test_list ERROR  [ 99%]
tests/integration/credentials/store_test.py::TestStore::test_execute_with_env_override ERROR [ 99%]
tests/integration/credentials/utils_test.py::test_create_environment_dict PASSED [100%]

==================================== ERRORS ====================================
________________ ERROR at setup of TestStore.test_store_and_get ________________
/home/riyad/src/docker-py/tests/integration/credentials/store_test.py:31: in setup_method
    ???
E   Exception: No supported docker-credential store in PATH
_______________ ERROR at setup of TestStore.test_get_nonexistent _______________
/home/riyad/src/docker-py/tests/integration/credentials/store_test.py:31: in setup_method
    ???
E   Exception: No supported docker-credential store in PATH
_______________ ERROR at setup of TestStore.test_store_and_erase _______________
/home/riyad/src/docker-py/tests/integration/credentials/store_test.py:31: in setup_method
    ???
E   Exception: No supported docker-credential store in PATH
_______________ ERROR at setup of TestStore.test_unicode_strings _______________
/home/riyad/src/docker-py/tests/integration/credentials/store_test.py:31: in setup_method
    ???
E   Exception: No supported docker-credential store in PATH
____________________ ERROR at setup of TestStore.test_list _____________________
/home/riyad/src/docker-py/tests/integration/credentials/store_test.py:31: in setup_method
    ???
E   Exception: No supported docker-credential store in PATH
__________ ERROR at setup of TestStore.test_execute_with_env_override __________
/home/riyad/src/docker-py/tests/integration/credentials/store_test.py:31: in setup_method
    ???
E   Exception: No supported docker-credential store in PATH
=================================== FAILURES ===================================
____________________ ContainerCPUTest.test_container_cpuset ____________________
docker/api/client.py:296: in _raise_for_status
    response.raise_for_status()
../.virtualenvs/docker-py/lib/python3.8/site-packages/requests/models.py:940: in raise_for_status
    raise HTTPError(http_error_msg, response=self)
E   requests.exceptions.HTTPError: 400 Client Error: Bad Request for url: http+docker://localhost/v1.41/containers/create

During handling of the above exception, another exception occurred:
/home/riyad/src/docker-py/tests/integration/api_container_test.py:1444: in test_container_cpuset
    ???
docker/api/container.py:430: in create_container
    return self.create_container_from_config(config, name)
docker/api/container.py:441: in create_container_from_config
    return self._result(res, True)
docker/api/client.py:302: in _result
    self._raise_for_status(response)
docker/api/client.py:298: in _raise_for_status
    raise create_api_error_from_http_exception(e)
docker/errors.py:31: in create_api_error_from_http_exception
    raise cls(e, response=response, explanation=explanation)
E   docker.errors.APIError: 400 Client Error for http+docker://localhost/v1.41/containers/create: Bad Request ("Requested CPUs are not available - requested 0,1, available: 0")
_______________ ExecDemuxTest.test_exec_command_tty_stream_demux _______________
/home/riyad/src/docker-py/tests/integration/api_exec_test.py:306: in test_exec_command_tty_stream_demux
    ???
E   AssertionError: assert (b'hello out\r\n', None) in [(b'hello out', None), (b'\r\n', None), (b'hello err', None), (b'\r\n', None)]
_____________ ExecDemuxTest.test_exec_command_tty_stream_no_demux ______________
/home/riyad/src/docker-py/tests/integration/api_exec_test.py:288: in test_exec_command_tty_stream_no_demux
    ???
E   AssertionError: assert b'hello out\r\n' in [b'hello out', b'\r\n', b'hello err', b'\r\n']
_________________ SwarmTest.test_join_on_already_joined_swarm __________________
docker/api/client.py:296: in _raise_for_status
    response.raise_for_status()
../.virtualenvs/docker-py/lib/python3.8/site-packages/requests/models.py:940: in raise_for_status
    raise HTTPError(http_error_msg, response=self)
E   requests.exceptions.HTTPError: 400 Client Error: Bad Request for url: http+docker://localhost/v1.41/swarm/init

During handling of the above exception, another exception occurred:
/home/riyad/src/docker-py/tests/integration/models_swarm_test.py:37: in test_join_on_already_joined_swarm
    ???
docker/models/swarm.py:126: in init
    node_id = self.client.api.init_swarm(**init_kwargs)
docker/utils/decorators.py:34: in wrapper
    return f(self, *args, **kwargs)
docker/api/swarm.py:170: in init_swarm
    return self._result(response, json=True)
docker/api/client.py:302: in _result
    self._raise_for_status(response)
docker/api/client.py:298: in _raise_for_status
    raise create_api_error_from_http_exception(e)
docker/errors.py:31: in create_api_error_from_http_exception
    raise cls(e, response=response, explanation=explanation)
E   docker.errors.APIError: 400 Client Error for http+docker://localhost/v1.41/swarm/init: Bad Request ("could not choose an IP address to advertise since this system has multiple addresses on interface enp5s0 (fd42:8195:85b9:c95f:216:3eff:feae:b2a8 and fd42:41e:6af:7eb1:216:3eff:feae:b2a8)")
=============================== warnings summary ===============================
../.virtualenvs/docker-py/lib/python3.8/site-packages/paramiko/hostkeys.py:23
  /home/ubuntu/.virtualenvs/docker-py/lib/python3.8/site-packages/paramiko/hostkeys.py:23: DeprecationWarning: Using or importing the ABCs from 'collections' instead of from 'collections.abc' is deprecated since Python 3.3, and in 3.9 it will stop working
    from collections import MutableMapping

tests/integration/api_client_test.py::ConnectionTimeoutTest::test_timeout
  /home/ubuntu/docker-py/docker/utils/utils.py:269: DeprecationWarning: urllib.parse.splitnport() is deprecated as of 3.8, use urllib.parse.urlparse() instead
    host, port = splitnport(parsed_url.netloc)

-- Docs: https://docs.pytest.org/en/stable/warnings.html
=========================== short test summary info ============================
XFAIL tests/integration/api_container_test.py::CreateContainerTest::test_create_with_cpu_rt_options
  CONFIG_RT_GROUP_SCHED isn't enabled
XFAIL tests/integration/api_container_test.py::CreateContainerTest::test_create_with_storage_opt
  Not supported on most drivers
XFAIL tests/integration/api_container_test.py::ContainerTopTest::test_top
  Output of docker top depends on host distro, and is not formalized.
XFAIL tests/integration/api_container_test.py::ContainerTopTest::test_top_with_psargs
  Output of docker top depends on host distro, and is not formalized.
XFAIL tests/integration/api_swarm_test.py::SwarmTest::test_init_swarm_data_path_addr
  Can fail if eth0 has multiple IP addresses
XFAIL tests/integration/api_swarm_test.py::SwarmTest::test_init_swarm_with_log_driver
  This doesn't seem to be taken into account by the engine
XFAIL tests/integration/models_services_test.py::ServiceTest::test_update_retains_networks
  Flaky test
SKIPPED [1] ../../riyad/src/docker-py/tests/integration/api_image_test.py:291: Doesn't work inside a container - FIXME
SKIPPED [1] ../../riyad/src/docker-py/tests/integration/api_service_test.py:473: API version is too low (< 1.40)
SKIPPED [1] ../../riyad/src/docker-py/tests/integration/api_swarm_test.py:30: Test stalls the engine on 1.12.0
= 4 failed, 394 passed, 3 skipped, 7 xfailed, 1 xpassed, 2 warnings, 6 errors in 441.79s (0:07:21) =
