<?xml version="1.0" encoding="utf-8"?><testsuites><testsuite name="docker-py" errors="0" failures="188" skipped="5" tests="266" time="928.958" timestamp="2021-07-17T00:01:19.844126" hostname="acnologia"><testcase classname="tests.integration.api_build_test.BuildTest" name="test_build_container_with_target" time="11.957" /><testcase classname="tests.integration.api_build_test.BuildTest" name="test_build_from_stringio" time="3.189" /><testcase classname="tests.integration.api_build_test.BuildTest" name="test_build_gzip_custom_encoding" time="3.191" /><testcase classname="tests.integration.api_build_test.BuildTest" name="test_build_gzip_encoding" time="3.590" /><testcase classname="tests.integration.api_build_test.BuildTest" name="test_build_in_context_abs_dockerfile" time="4.379"><failure message="docker.errors.APIError: 500 Server Error for http+docker://localhost/v1.40/containers/db9febe7b874dc0fc937e973188a43d3ccfcbcff789e78b4baa681dfb29a2aee/start: Internal Server Error (&quot;container_linux.go:380: starting container process caused: error adding seccomp filter rule for syscall bdflush: permission denied: OCI permission denied&quot;)">docker/api/client.py:296: in _raise_for_status
    response.raise_for_status()
../../.virtualenvs/docker-py/lib/python3.9/site-packages/requests/models.py:940: in raise_for_status
    raise HTTPError(http_error_msg, response=self)
E   requests.exceptions.HTTPError: 500 Server Error: Internal Server Error for url: http+docker://localhost/v1.40/containers/db9febe7b874dc0fc937e973188a43d3ccfcbcff789e78b4baa681dfb29a2aee/start

During handling of the above exception, another exception occurred:
tests/integration/api_build_test.py:578: in test_build_in_context_abs_dockerfile
    self.client.start(ctnr)
docker/utils/decorators.py:19: in wrapped
    return f(self, resource_id, *args, **kwargs)
docker/api/container.py:1109: in start
    self._raise_for_status(res)
docker/api/client.py:298: in _raise_for_status
    raise create_api_error_from_http_exception(e)
docker/errors.py:31: in create_api_error_from_http_exception
    raise cls(e, response=response, explanation=explanation)
E   docker.errors.APIError: 500 Server Error for http+docker://localhost/v1.40/containers/db9febe7b874dc0fc937e973188a43d3ccfcbcff789e78b4baa681dfb29a2aee/start: Internal Server Error ("container_linux.go:380: starting container process caused: error adding seccomp filter rule for syscall bdflush: permission denied: OCI permission denied")</failure><system-out>--------------------------------- Captured Log ---------------------------------

--------------------------------- Captured Out ---------------------------------

</system-out><system-err>--------------------------------- Captured Err ---------------------------------

</system-err></testcase><testcase classname="tests.integration.api_build_test.BuildTest" name="test_build_in_context_dockerfile" time="3.866"><failure message="docker.errors.APIError: 500 Server Error for http+docker://localhost/v1.40/containers/ff0ff8c68fb5cfff7aa2b37cc54a40858a64ba2f5b07d00ec060839d1e6c6670/start: Internal Server Error (&quot;container_linux.go:380: starting container process caused: error adding seccomp filter rule for syscall bdflush: permission denied: OCI permission denied&quot;)">docker/api/client.py:296: in _raise_for_status
    response.raise_for_status()
../../.virtualenvs/docker-py/lib/python3.9/site-packages/requests/models.py:940: in raise_for_status
    raise HTTPError(http_error_msg, response=self)
E   requests.exceptions.HTTPError: 500 Server Error: Internal Server Error for url: http+docker://localhost/v1.40/containers/ff0ff8c68fb5cfff7aa2b37cc54a40858a64ba2f5b07d00ec060839d1e6c6670/start

During handling of the above exception, another exception occurred:
tests/integration/api_build_test.py:513: in test_build_in_context_dockerfile
    self.client.start(ctnr)
docker/utils/decorators.py:19: in wrapped
    return f(self, resource_id, *args, **kwargs)
docker/api/container.py:1109: in start
    self._raise_for_status(res)
docker/api/client.py:298: in _raise_for_status
    raise create_api_error_from_http_exception(e)
docker/errors.py:31: in create_api_error_from_http_exception
    raise cls(e, response=response, explanation=explanation)
E   docker.errors.APIError: 500 Server Error for http+docker://localhost/v1.40/containers/ff0ff8c68fb5cfff7aa2b37cc54a40858a64ba2f5b07d00ec060839d1e6c6670/start: Internal Server Error ("container_linux.go:380: starting container process caused: error adding seccomp filter rule for syscall bdflush: permission denied: OCI permission denied")</failure><system-out>--------------------------------- Captured Log ---------------------------------

--------------------------------- Captured Out ---------------------------------

</system-out><system-err>--------------------------------- Captured Err ---------------------------------

</system-err></testcase><testcase classname="tests.integration.api_build_test.BuildTest" name="test_build_in_context_nested_dockerfile" time="3.939"><failure message="docker.errors.APIError: 500 Server Error for http+docker://localhost/v1.40/containers/0b605caa41e5aea1330c17ebcb4f11075d78a28ad1bffe982e65f1046ed6f7af/start: Internal Server Error (&quot;container_linux.go:380: starting container process caused: error adding seccomp filter rule for syscall bdflush: permission denied: OCI permission denied&quot;)">docker/api/client.py:296: in _raise_for_status
    response.raise_for_status()
../../.virtualenvs/docker-py/lib/python3.9/site-packages/requests/models.py:940: in raise_for_status
    raise HTTPError(http_error_msg, response=self)
E   requests.exceptions.HTTPError: 500 Server Error: Internal Server Error for url: http+docker://localhost/v1.40/containers/0b605caa41e5aea1330c17ebcb4f11075d78a28ad1bffe982e65f1046ed6f7af/start

During handling of the above exception, another exception occurred:
tests/integration/api_build_test.py:546: in test_build_in_context_nested_dockerfile
    self.client.start(ctnr)
docker/utils/decorators.py:19: in wrapped
    return f(self, resource_id, *args, **kwargs)
docker/api/container.py:1109: in start
    self._raise_for_status(res)
docker/api/client.py:298: in _raise_for_status
    raise create_api_error_from_http_exception(e)
docker/errors.py:31: in create_api_error_from_http_exception
    raise cls(e, response=response, explanation=explanation)
E   docker.errors.APIError: 500 Server Error for http+docker://localhost/v1.40/containers/0b605caa41e5aea1330c17ebcb4f11075d78a28ad1bffe982e65f1046ed6f7af/start: Internal Server Error ("container_linux.go:380: starting container process caused: error adding seccomp filter rule for syscall bdflush: permission denied: OCI permission denied")</failure><system-out>--------------------------------- Captured Log ---------------------------------

--------------------------------- Captured Out ---------------------------------

</system-out><system-err>--------------------------------- Captured Err ---------------------------------

</system-err></testcase><testcase classname="tests.integration.api_build_test.BuildTest" name="test_build_invalid_platform" time="4.174" /><testcase classname="tests.integration.api_build_test.BuildTest" name="test_build_isolation" time="3.331" /><testcase classname="tests.integration.api_build_test.BuildTest" name="test_build_labels" time="3.297"><failure message="AssertionError: assert {'io.buildah.... 'test': 'OK'} == {'test': 'OK'}&#10;  Omitting 1 identical items, use -vv to show&#10;  Left contains 1 more item:&#10;  {'io.buildah.version': '1.21.3'}&#10;  Full diff:&#10;  - {'test': 'OK'}&#10;  + {'io.buildah.version': '1.21.3', 'test': 'OK'}">tests/integration/api_build_test.py:211: in test_build_labels
    assert info['Config']['Labels'] == labels
E   AssertionError: assert {'io.buildah.... 'test': 'OK'} == {'test': 'OK'}
E     Omitting 1 identical items, use -vv to show
E     Left contains 1 more item:
E     {'io.buildah.version': '1.21.3'}
E     Full diff:
E     - {'test': 'OK'}
E     + {'io.buildah.version': '1.21.3', 'test': 'OK'}</failure><system-out>--------------------------------- Captured Log ---------------------------------

--------------------------------- Captured Out ---------------------------------

</system-out><system-err>--------------------------------- Captured Err ---------------------------------

</system-err></testcase><testcase classname="tests.integration.api_build_test.BuildTest" name="test_build_out_of_context_dockerfile" time="4.152"><failure message="docker.errors.APIError: 500 Server Error for http+docker://localhost/v1.40/containers/ee6ad130cd9314ce5fd2b50ce9bfb706e7fd5ad76f6c6a82f4523cddc053d666/start: Internal Server Error (&quot;container_linux.go:380: starting container process caused: error adding seccomp filter rule for syscall bdflush: permission denied: OCI permission denied&quot;)">docker/api/client.py:296: in _raise_for_status
    response.raise_for_status()
../../.virtualenvs/docker-py/lib/python3.9/site-packages/requests/models.py:940: in raise_for_status
    raise HTTPError(http_error_msg, response=self)
E   requests.exceptions.HTTPError: 500 Server Error: Internal Server Error for url: http+docker://localhost/v1.40/containers/ee6ad130cd9314ce5fd2b50ce9bfb706e7fd5ad76f6c6a82f4523cddc053d666/start

During handling of the above exception, another exception occurred:
tests/integration/api_build_test.py:484: in test_build_out_of_context_dockerfile
    self.client.start(ctnr)
docker/utils/decorators.py:19: in wrapped
    return f(self, resource_id, *args, **kwargs)
docker/api/container.py:1109: in start
    self._raise_for_status(res)
docker/api/client.py:298: in _raise_for_status
    raise create_api_error_from_http_exception(e)
docker/errors.py:31: in create_api_error_from_http_exception
    raise cls(e, response=response, explanation=explanation)
E   docker.errors.APIError: 500 Server Error for http+docker://localhost/v1.40/containers/ee6ad130cd9314ce5fd2b50ce9bfb706e7fd5ad76f6c6a82f4523cddc053d666/start: Internal Server Error ("container_linux.go:380: starting container process caused: error adding seccomp filter rule for syscall bdflush: permission denied: OCI permission denied")</failure><system-out>--------------------------------- Captured Log ---------------------------------

--------------------------------- Captured Out ---------------------------------

</system-out><system-err>--------------------------------- Captured Err ---------------------------------

</system-err></testcase><testcase classname="tests.integration.api_build_test.BuildTest" name="test_build_shmsize" time="3.236" /><testcase classname="tests.integration.api_build_test.BuildTest" name="test_build_squash" time="8.338" /><testcase classname="tests.integration.api_build_test.BuildTest" name="test_build_stderr_data" time="4.048"><failure message="AssertionError: assert False&#10; +  where False = any([False, False, False, False, False, False, ...])">tests/integration/api_build_test.py:390: in test_build_stderr_data
    assert any([line == expected for line in lines])
E   AssertionError: assert False
E    +  where False = any([False, False, False, False, False, False, ...])</failure><system-out>--------------------------------- Captured Log ---------------------------------

--------------------------------- Captured Out ---------------------------------

</system-out><system-err>--------------------------------- Captured Err ---------------------------------

</system-err></testcase><testcase classname="tests.integration.api_build_test.BuildTest" name="test_build_streaming" time="5.014" /><testcase classname="tests.integration.api_build_test.BuildTest" name="test_build_with_buildargs" time="3.217" /><testcase classname="tests.integration.api_build_test.BuildTest" name="test_build_with_cache_from" time="6.822"><failure message="AssertionError: assert 0 == 3&#10;  +0&#10;  -3">tests/integration/api_build_test.py:236: in test_build_with_cache_from
    assert counter == 3
E   AssertionError: assert 0 == 3
E     +0
E     -3</failure><system-out>--------------------------------- Captured Log ---------------------------------

--------------------------------- Captured Out ---------------------------------

</system-out><system-err>--------------------------------- Captured Err ---------------------------------

</system-err></testcase><testcase classname="tests.integration.api_build_test.BuildTest" name="test_build_with_dockerfile_empty_lines" time="3.106" /><testcase classname="tests.integration.api_build_test.BuildTest" name="test_build_with_dockerignore" time="4.108"><failure message="docker.errors.APIError: 500 Server Error for http+docker://localhost/v1.40/containers/71dca748c402632cc4c0613158db73b701dc8b30f9fcde126a3709ecccd6dd89/start: Internal Server Error (&quot;container_linux.go:380: starting container process caused: error adding seccomp filter rule for syscall bdflush: permission denied: OCI permission denied&quot;)">docker/api/client.py:296: in _raise_for_status
    response.raise_for_status()
../../.virtualenvs/docker-py/lib/python3.9/site-packages/requests/models.py:940: in raise_for_status
    raise HTTPError(http_error_msg, response=self)
E   requests.exceptions.HTTPError: 500 Server Error: Internal Server Error for url: http+docker://localhost/v1.40/containers/71dca748c402632cc4c0613158db73b701dc8b30f9fcde126a3709ecccd6dd89/start

During handling of the above exception, another exception occurred:
tests/integration/api_build_test.py:131: in test_build_with_dockerignore
    self.client.start(c)
docker/utils/decorators.py:19: in wrapped
    return f(self, resource_id, *args, **kwargs)
docker/api/container.py:1109: in start
    self._raise_for_status(res)
docker/api/client.py:298: in _raise_for_status
    raise create_api_error_from_http_exception(e)
docker/errors.py:31: in create_api_error_from_http_exception
    raise cls(e, response=response, explanation=explanation)
E   docker.errors.APIError: 500 Server Error for http+docker://localhost/v1.40/containers/71dca748c402632cc4c0613158db73b701dc8b30f9fcde126a3709ecccd6dd89/start: Internal Server Error ("container_linux.go:380: starting container process caused: error adding seccomp filter rule for syscall bdflush: permission denied: OCI permission denied")</failure><system-out>--------------------------------- Captured Log ---------------------------------

--------------------------------- Captured Out ---------------------------------

</system-out><system-err>--------------------------------- Captured Err ---------------------------------

</system-err></testcase><testcase classname="tests.integration.api_build_test.BuildTest" name="test_build_with_extra_hosts" time="3.115"><failure message="docker.errors.APIError: 400 Client Error for http+docker://localhost/v1.40/build?t=dockerpytest_extrahost_build&amp;q=False&amp;nocache=False&amp;rm=False&amp;forcerm=False&amp;pull=False&amp;extrahosts=extrahost.local.test%3A127.0.0.1&amp;extrahosts=hello.world.test%3A127.0.0.1: Bad Request (&quot;failed to parse query parameter 'extrahosts': &quot;hello.world.test:127.0.0.1&quot;: invalid character 'h' looking for beginning of value&quot;)">docker/api/client.py:296: in _raise_for_status
    response.raise_for_status()
../../.virtualenvs/docker-py/lib/python3.9/site-packages/requests/models.py:940: in raise_for_status
    raise HTTPError(http_error_msg, response=self)
E   requests.exceptions.HTTPError: 400 Client Error: Bad Request for url: http+docker://localhost/v1.40/build?t=dockerpytest_extrahost_build&amp;q=False&amp;nocache=False&amp;rm=False&amp;forcerm=False&amp;pull=False&amp;extrahosts=extrahost.local.test%3A127.0.0.1&amp;extrahosts=hello.world.test%3A127.0.0.1

During handling of the above exception, another exception occurred:
tests/integration/api_build_test.py:332: in test_build_with_extra_hosts
    for chunk in stream:
docker/api/client.py:386: in _stream_helper
    yield self._result(response, json=decode)
docker/api/client.py:302: in _result
    self._raise_for_status(response)
docker/api/client.py:298: in _raise_for_status
    raise create_api_error_from_http_exception(e)
docker/errors.py:31: in create_api_error_from_http_exception
    raise cls(e, response=response, explanation=explanation)
E   docker.errors.APIError: 400 Client Error for http+docker://localhost/v1.40/build?t=dockerpytest_extrahost_build&amp;q=False&amp;nocache=False&amp;rm=False&amp;forcerm=False&amp;pull=False&amp;extrahosts=extrahost.local.test%3A127.0.0.1&amp;extrahosts=hello.world.test%3A127.0.0.1: Bad Request ("failed to parse query parameter 'extrahosts': "hello.world.test:127.0.0.1": invalid character 'h' looking for beginning of value")</failure><system-out>--------------------------------- Captured Log ---------------------------------

--------------------------------- Captured Out ---------------------------------

</system-out><system-err>--------------------------------- Captured Err ---------------------------------

</system-err></testcase><testcase classname="tests.integration.api_build_test.BuildTest" name="test_build_with_network_mode" time="3.485"><failure message="docker.errors.APIError: 500 Server Error for http+docker://localhost/v1.40/containers/418b34f0529882e2cca0c206fd6d8682c42837d6c99aa7ac924b00b0f875865d/start: Internal Server Error (&quot;container_linux.go:380: starting container process caused: error adding seccomp filter rule for syscall bdflush: permission denied: OCI permission denied&quot;)">docker/api/client.py:296: in _raise_for_status
    response.raise_for_status()
../../.virtualenvs/docker-py/lib/python3.9/site-packages/requests/models.py:940: in raise_for_status
    raise HTTPError(http_error_msg, response=self)
E   requests.exceptions.HTTPError: 500 Server Error: Internal Server Error for url: http+docker://localhost/v1.40/containers/418b34f0529882e2cca0c206fd6d8682c42837d6c99aa7ac924b00b0f875865d/start

During handling of the above exception, another exception occurred:
tests/integration/api_build_test.py:278: in test_build_with_network_mode
    self.client.start(container)
docker/utils/decorators.py:19: in wrapped
    return f(self, resource_id, *args, **kwargs)
docker/api/container.py:1109: in start
    self._raise_for_status(res)
docker/api/client.py:298: in _raise_for_status
    raise create_api_error_from_http_exception(e)
docker/errors.py:31: in create_api_error_from_http_exception
    raise cls(e, response=response, explanation=explanation)
E   docker.errors.APIError: 500 Server Error for http+docker://localhost/v1.40/containers/418b34f0529882e2cca0c206fd6d8682c42837d6c99aa7ac924b00b0f875865d/start: Internal Server Error ("container_linux.go:380: starting container process caused: error adding seccomp filter rule for syscall bdflush: permission denied: OCI permission denied")</failure><system-out>--------------------------------- Captured Log ---------------------------------

--------------------------------- Captured Out ---------------------------------

</system-out><system-err>--------------------------------- Captured Err ---------------------------------

</system-err></testcase><testcase classname="tests.integration.api_build_test.BuildTest" name="test_build_with_proxy" time="3.229" /><testcase classname="tests.integration.api_build_test.BuildTest" name="test_build_with_proxy_and_buildargs" time="3.129" /><testcase classname="tests.integration.api_build_test.BuildTest" name="test_prune_builds" time="3.120"><skipped type="pytest.xfail" message="Currently fails on 18.09: https://github.com/moby/moby/issues/37920" /></testcase><testcase classname="tests.integration.api_client_test.InformationTest" name="test_info" time="4.163" /><testcase classname="tests.integration.api_client_test.InformationTest" name="test_version" time="4.145" /><testcase classname="tests.integration.api_client_test.AutoDetectVersionTest" name="test_client_init" time="3.093" /><testcase classname="tests.integration.api_client_test.ConnectionTimeoutTest" name="test_timeout" time="0.504" /><testcase classname="tests.integration.api_client_test.UnixconnTest" name="test_resource_warnings" time="1.199" /><testcase classname="tests.integration.api_container_test.ListContainersTest" name="test_list_containers" time="3.432"><failure message="docker.errors.APIError: 500 Server Error for http+docker://localhost/v1.40/containers/b9749b2525b0f3673b0b474416d836f0347687ff56e1480c6b147709a0d065e5/start: Internal Server Error (&quot;container_linux.go:380: starting container process caused: error adding seccomp filter rule for syscall bdflush: permission denied: OCI permission denied&quot;)">docker/api/client.py:296: in _raise_for_status
    response.raise_for_status()
../../.virtualenvs/docker-py/lib/python3.9/site-packages/requests/models.py:940: in raise_for_status
    raise HTTPError(http_error_msg, response=self)
E   requests.exceptions.HTTPError: 500 Server Error: Internal Server Error for url: http+docker://localhost/v1.40/containers/b9749b2525b0f3673b0b474416d836f0347687ff56e1480c6b147709a0d065e5/start

During handling of the above exception, another exception occurred:
tests/integration/api_container_test.py:29: in test_list_containers
    self.client.start(res1['Id'])
docker/utils/decorators.py:19: in wrapped
    return f(self, resource_id, *args, **kwargs)
docker/api/container.py:1109: in start
    self._raise_for_status(res)
docker/api/client.py:298: in _raise_for_status
    raise create_api_error_from_http_exception(e)
docker/errors.py:31: in create_api_error_from_http_exception
    raise cls(e, response=response, explanation=explanation)
E   docker.errors.APIError: 500 Server Error for http+docker://localhost/v1.40/containers/b9749b2525b0f3673b0b474416d836f0347687ff56e1480c6b147709a0d065e5/start: Internal Server Error ("container_linux.go:380: starting container process caused: error adding seccomp filter rule for syscall bdflush: permission denied: OCI permission denied")</failure><system-out>--------------------------------- Captured Log ---------------------------------

--------------------------------- Captured Out ---------------------------------

</system-out><system-err>--------------------------------- Captured Err ---------------------------------

</system-err></testcase><testcase classname="tests.integration.api_container_test.CreateContainerTest" name="test_create" time="3.164" /><testcase classname="tests.integration.api_container_test.CreateContainerTest" name="test_create_container_with_volumes_from" time="3.397"><failure message="docker.errors.APIError: 500 Server Error for http+docker://localhost/v1.40/containers/671cfbd3edba838395628d6024d2145843c3f40e1c6c262c0496eff653d5fea8/start: Internal Server Error (&quot;container_linux.go:380: starting container process caused: error adding seccomp filter rule for syscall bdflush: permission denied: OCI permission denied&quot;)">docker/api/client.py:296: in _raise_for_status
    response.raise_for_status()
../../.virtualenvs/docker-py/lib/python3.9/site-packages/requests/models.py:940: in raise_for_status
    raise HTTPError(http_error_msg, response=self)
E   requests.exceptions.HTTPError: 500 Server Error: Internal Server Error for url: http+docker://localhost/v1.40/containers/671cfbd3edba838395628d6024d2145843c3f40e1c6c262c0496eff653d5fea8/start

During handling of the above exception, another exception occurred:
tests/integration/api_container_test.py:137: in test_create_container_with_volumes_from
    self.client.start(container1_id)
docker/utils/decorators.py:19: in wrapped
    return f(self, resource_id, *args, **kwargs)
docker/api/container.py:1109: in start
    self._raise_for_status(res)
docker/api/client.py:298: in _raise_for_status
    raise create_api_error_from_http_exception(e)
docker/errors.py:31: in create_api_error_from_http_exception
    raise cls(e, response=response, explanation=explanation)
E   docker.errors.APIError: 500 Server Error for http+docker://localhost/v1.40/containers/671cfbd3edba838395628d6024d2145843c3f40e1c6c262c0496eff653d5fea8/start: Internal Server Error ("container_linux.go:380: starting container process caused: error adding seccomp filter rule for syscall bdflush: permission denied: OCI permission denied")</failure><system-out>--------------------------------- Captured Log ---------------------------------

--------------------------------- Captured Out ---------------------------------

</system-out><system-err>--------------------------------- Captured Err ---------------------------------

</system-err></testcase><testcase classname="tests.integration.api_container_test.CreateContainerTest" name="test_create_with_auto_remove" time="3.194" /><testcase classname="tests.integration.api_container_test.CreateContainerTest" name="test_create_with_cpu_rt_options" time="3.193" /><testcase classname="tests.integration.api_container_test.CreateContainerTest" name="test_create_with_device_cgroup_rules" time="3.229"><failure message="AssertionError: assert None == ['c 7:128 rwm']&#10;  +None&#10;  -['c 7:128 rwm']">tests/integration/api_container_test.py:470: in test_create_with_device_cgroup_rules
    assert config['HostConfig']['DeviceCgroupRules'] == [rule]
E   AssertionError: assert None == ['c 7:128 rwm']
E     +None
E     -['c 7:128 rwm']</failure><system-out>--------------------------------- Captured Log ---------------------------------

--------------------------------- Captured Out ---------------------------------

</system-out><system-err>--------------------------------- Captured Err ---------------------------------

</system-err></testcase><testcase classname="tests.integration.api_container_test.CreateContainerTest" name="test_create_with_environment_variable_no_value" time="3.195"><failure message="AssertionError: assert 'Foo' in ['PATH=/usr/local/sbin:/usr/local/bin:/usr/sbin:/usr/bin:/sbin:/bin', 'TERM=xterm', 'container=podman', 'Other=one', 'Blank=']">tests/integration/api_container_test.py:366: in test_create_with_environment_variable_no_value
    assert 'Foo' in config['Config']['Env']
E   AssertionError: assert 'Foo' in ['PATH=/usr/local/sbin:/usr/local/bin:/usr/sbin:/usr/bin:/sbin:/bin', 'TERM=xterm', 'container=podman', 'Other=one', 'Blank=']</failure><system-out>--------------------------------- Captured Log ---------------------------------

--------------------------------- Captured Out ---------------------------------

</system-out><system-err>--------------------------------- Captured Err ---------------------------------

</system-err></testcase><testcase classname="tests.integration.api_container_test.CreateContainerTest" name="test_create_with_host_pid_mode" time="3.741"><failure message="docker.errors.APIError: 500 Server Error for http+docker://localhost/v1.40/containers/b572aeee511b9abab31eeb5fb2c07a499ad539368f78850104ce1e939ef07c9b/start: Internal Server Error (&quot;container_linux.go:380: starting container process caused: error adding seccomp filter rule for syscall bdflush: permission denied: OCI permission denied&quot;)">docker/api/client.py:296: in _raise_for_status
    response.raise_for_status()
../../.virtualenvs/docker-py/lib/python3.9/site-packages/requests/models.py:940: in raise_for_status
    raise HTTPError(http_error_msg, response=self)
E   requests.exceptions.HTTPError: 500 Server Error: Internal Server Error for url: http+docker://localhost/v1.40/containers/b572aeee511b9abab31eeb5fb2c07a499ad539368f78850104ce1e939ef07c9b/start

During handling of the above exception, another exception occurred:
tests/integration/api_container_test.py:58: in test_create_with_host_pid_mode
    self.client.start(ctnr)
docker/utils/decorators.py:19: in wrapped
    return f(self, resource_id, *args, **kwargs)
docker/api/container.py:1109: in start
    self._raise_for_status(res)
docker/api/client.py:298: in _raise_for_status
    raise create_api_error_from_http_exception(e)
docker/errors.py:31: in create_api_error_from_http_exception
    raise cls(e, response=response, explanation=explanation)
E   docker.errors.APIError: 500 Server Error for http+docker://localhost/v1.40/containers/b572aeee511b9abab31eeb5fb2c07a499ad539368f78850104ce1e939ef07c9b/start: Internal Server Error ("container_linux.go:380: starting container process caused: error adding seccomp filter rule for syscall bdflush: permission denied: OCI permission denied")</failure><system-out>--------------------------------- Captured Log ---------------------------------

--------------------------------- Captured Out ---------------------------------

</system-out><system-err>--------------------------------- Captured Err ---------------------------------

</system-err></testcase><testcase classname="tests.integration.api_container_test.CreateContainerTest" name="test_create_with_init" time="3.253" /><testcase classname="tests.integration.api_container_test.CreateContainerTest" name="test_create_with_isolation" time="3.205"><failure message="AssertionError: assert '' == 'default'&#10;  - default">tests/integration/api_container_test.py:395: in test_create_with_isolation
    assert config['HostConfig']['Isolation'] == 'default'
E   AssertionError: assert '' == 'default'
E     - default</failure><system-out>--------------------------------- Captured Log ---------------------------------

--------------------------------- Captured Out ---------------------------------

</system-out><system-err>--------------------------------- Captured Err ---------------------------------

</system-err></testcase><testcase classname="tests.integration.api_container_test.CreateContainerTest" name="test_create_with_links" time="3.479"><failure message="docker.errors.APIError: 500 Server Error for http+docker://localhost/v1.40/containers/a22fbbef4cfe1f70e2f0e42c442e005f777f7c3968f5ddc0e6e561dac1f12559/start: Internal Server Error (&quot;container_linux.go:380: starting container process caused: error adding seccomp filter rule for syscall bdflush: permission denied: OCI permission denied&quot;)">docker/api/client.py:296: in _raise_for_status
    response.raise_for_status()
../../.virtualenvs/docker-py/lib/python3.9/site-packages/requests/models.py:940: in raise_for_status
    raise HTTPError(http_error_msg, response=self)
E   requests.exceptions.HTTPError: 500 Server Error: Internal Server Error for url: http+docker://localhost/v1.40/containers/a22fbbef4cfe1f70e2f0e42c442e005f777f7c3968f5ddc0e6e561dac1f12559/start

During handling of the above exception, another exception occurred:
tests/integration/api_container_test.py:74: in test_create_with_links
    self.client.start(container1_id)
docker/utils/decorators.py:19: in wrapped
    return f(self, resource_id, *args, **kwargs)
docker/api/container.py:1109: in start
    self._raise_for_status(res)
docker/api/client.py:298: in _raise_for_status
    raise create_api_error_from_http_exception(e)
docker/errors.py:31: in create_api_error_from_http_exception
    raise cls(e, response=response, explanation=explanation)
E   docker.errors.APIError: 500 Server Error for http+docker://localhost/v1.40/containers/a22fbbef4cfe1f70e2f0e42c442e005f777f7c3968f5ddc0e6e561dac1f12559/start: Internal Server Error ("container_linux.go:380: starting container process caused: error adding seccomp filter rule for syscall bdflush: permission denied: OCI permission denied")</failure><system-out>--------------------------------- Captured Log ---------------------------------

--------------------------------- Captured Out ---------------------------------

</system-out><system-err>--------------------------------- Captured Err ---------------------------------

</system-err></testcase><testcase classname="tests.integration.api_container_test.CreateContainerTest" name="test_create_with_mac_address" time="3.264"><failure message="docker.errors.APIError: 500 Server Error for http+docker://localhost/v1.40/containers/7c152062f12ea0f642debdb3bf18015158ee41a8a7bf0c38bb6cdaffde912743/start: Internal Server Error (&quot;container_linux.go:380: starting container process caused: error adding seccomp filter rule for syscall bdflush: permission denied: OCI permission denied&quot;)">docker/api/client.py:296: in _raise_for_status
    response.raise_for_status()
../../.virtualenvs/docker-py/lib/python3.9/site-packages/requests/models.py:940: in raise_for_status
    raise HTTPError(http_error_msg, response=self)
E   requests.exceptions.HTTPError: 500 Server Error: Internal Server Error for url: http+docker://localhost/v1.40/containers/7c152062f12ea0f642debdb3bf18015158ee41a8a7bf0c38bb6cdaffde912743/start

During handling of the above exception, another exception occurred:
tests/integration/api_container_test.py:212: in test_create_with_mac_address
    self.client.start(container)
docker/utils/decorators.py:19: in wrapped
    return f(self, resource_id, *args, **kwargs)
docker/api/container.py:1109: in start
    self._raise_for_status(res)
docker/api/client.py:298: in _raise_for_status
    raise create_api_error_from_http_exception(e)
docker/errors.py:31: in create_api_error_from_http_exception
    raise cls(e, response=response, explanation=explanation)
E   docker.errors.APIError: 500 Server Error for http+docker://localhost/v1.40/containers/7c152062f12ea0f642debdb3bf18015158ee41a8a7bf0c38bb6cdaffde912743/start: Internal Server Error ("container_linux.go:380: starting container process caused: error adding seccomp filter rule for syscall bdflush: permission denied: OCI permission denied")</failure><system-out>--------------------------------- Captured Log ---------------------------------

--------------------------------- Captured Out ---------------------------------

</system-out><system-err>--------------------------------- Captured Err ---------------------------------

</system-err></testcase><testcase classname="tests.integration.api_container_test.CreateContainerTest" name="test_create_with_memory_constraints_with_int" time="3.459"><failure message="docker.errors.APIError: 500 Server Error for http+docker://localhost/v1.40/containers/313772fd5c3f65cd64af066eb924019bf74a39b4866539f752884b2a14527e79/start: Internal Server Error (&quot;container_linux.go:380: starting container process caused: error adding seccomp filter rule for syscall bdflush: permission denied: OCI permission denied&quot;)">docker/api/client.py:296: in _raise_for_status
    response.raise_for_status()
../../.virtualenvs/docker-py/lib/python3.9/site-packages/requests/models.py:940: in raise_for_status
    raise HTTPError(http_error_msg, response=self)
E   requests.exceptions.HTTPError: 500 Server Error: Internal Server Error for url: http+docker://localhost/v1.40/containers/313772fd5c3f65cd64af066eb924019bf74a39b4866539f752884b2a14527e79/start

During handling of the above exception, another exception occurred:
tests/integration/api_container_test.py:351: in test_create_with_memory_constraints_with_int
    self.client.start(ctnr)
docker/utils/decorators.py:19: in wrapped
    return f(self, resource_id, *args, **kwargs)
docker/api/container.py:1109: in start
    self._raise_for_status(res)
docker/api/client.py:298: in _raise_for_status
    raise create_api_error_from_http_exception(e)
docker/errors.py:31: in create_api_error_from_http_exception
    raise cls(e, response=response, explanation=explanation)
E   docker.errors.APIError: 500 Server Error for http+docker://localhost/v1.40/containers/313772fd5c3f65cd64af066eb924019bf74a39b4866539f752884b2a14527e79/start: Internal Server Error ("container_linux.go:380: starting container process caused: error adding seccomp filter rule for syscall bdflush: permission denied: OCI permission denied")</failure><system-out>--------------------------------- Captured Log ---------------------------------

--------------------------------- Captured Out ---------------------------------

</system-out><system-err>--------------------------------- Captured Err ---------------------------------

</system-err></testcase><testcase classname="tests.integration.api_container_test.CreateContainerTest" name="test_create_with_memory_constraints_with_str" time="3.568"><failure message="docker.errors.APIError: 500 Server Error for http+docker://localhost/v1.40/containers/6068de50b80696e70eb8aa357720ce861e04a7c884dc33c9e190419ffe100a2d/start: Internal Server Error (&quot;container_linux.go:380: starting container process caused: error adding seccomp filter rule for syscall bdflush: permission denied: OCI permission denied&quot;)">docker/api/client.py:296: in _raise_for_status
    response.raise_for_status()
../../.virtualenvs/docker-py/lib/python3.9/site-packages/requests/models.py:940: in raise_for_status
    raise HTTPError(http_error_msg, response=self)
E   requests.exceptions.HTTPError: 500 Server Error: Internal Server Error for url: http+docker://localhost/v1.40/containers/6068de50b80696e70eb8aa357720ce861e04a7c884dc33c9e190419ffe100a2d/start

During handling of the above exception, another exception occurred:
tests/integration/api_container_test.py:336: in test_create_with_memory_constraints_with_str
    self.client.start(ctnr)
docker/utils/decorators.py:19: in wrapped
    return f(self, resource_id, *args, **kwargs)
docker/api/container.py:1109: in start
    self._raise_for_status(res)
docker/api/client.py:298: in _raise_for_status
    raise create_api_error_from_http_exception(e)
docker/errors.py:31: in create_api_error_from_http_exception
    raise cls(e, response=response, explanation=explanation)
E   docker.errors.APIError: 500 Server Error for http+docker://localhost/v1.40/containers/6068de50b80696e70eb8aa357720ce861e04a7c884dc33c9e190419ffe100a2d/start: Internal Server Error ("container_linux.go:380: starting container process caused: error adding seccomp filter rule for syscall bdflush: permission denied: OCI permission denied")</failure><system-out>--------------------------------- Captured Log ---------------------------------

--------------------------------- Captured Out ---------------------------------

</system-out><system-err>--------------------------------- Captured Err ---------------------------------

</system-err></testcase><testcase classname="tests.integration.api_container_test.CreateContainerTest" name="test_create_with_restart_policy" time="3.621"><failure message="docker.errors.APIError: 500 Server Error for http+docker://localhost/v1.40/containers/6d093b3c985f1023be6ac7ff58e89d95e5f94bbf02a8aa4f2131c8b6d8e57143/start: Internal Server Error (&quot;container_linux.go:380: starting container process caused: error adding seccomp filter rule for syscall bdflush: permission denied: OCI permission denied&quot;)">docker/api/client.py:296: in _raise_for_status
    response.raise_for_status()
../../.virtualenvs/docker-py/lib/python3.9/site-packages/requests/models.py:940: in raise_for_status
    raise HTTPError(http_error_msg, response=self)
E   requests.exceptions.HTTPError: 500 Server Error: Internal Server Error for url: http+docker://localhost/v1.40/containers/6d093b3c985f1023be6ac7ff58e89d95e5f94bbf02a8aa4f2131c8b6d8e57143/start

During handling of the above exception, another exception occurred:
tests/integration/api_container_test.py:121: in test_create_with_restart_policy
    self.client.start(id)
docker/utils/decorators.py:19: in wrapped
    return f(self, resource_id, *args, **kwargs)
docker/api/container.py:1109: in start
    self._raise_for_status(res)
docker/api/client.py:298: in _raise_for_status
    raise create_api_error_from_http_exception(e)
docker/errors.py:31: in create_api_error_from_http_exception
    raise cls(e, response=response, explanation=explanation)
E   docker.errors.APIError: 500 Server Error for http+docker://localhost/v1.40/containers/6d093b3c985f1023be6ac7ff58e89d95e5f94bbf02a8aa4f2131c8b6d8e57143/start: Internal Server Error ("container_linux.go:380: starting container process caused: error adding seccomp filter rule for syscall bdflush: permission denied: OCI permission denied")</failure><system-out>--------------------------------- Captured Log ---------------------------------

--------------------------------- Captured Out ---------------------------------

</system-out><system-err>--------------------------------- Captured Err ---------------------------------

</system-err></testcase><testcase classname="tests.integration.api_container_test.CreateContainerTest" name="test_create_with_stop_timeout" time="3.246" /><testcase classname="tests.integration.api_container_test.CreateContainerTest" name="test_create_with_storage_opt" time="3.218"><skipped type="pytest.xfail" message="Not supported on most drivers" /></testcase><testcase classname="tests.integration.api_container_test.CreateContainerTest" name="test_create_with_tmpfs" time="3.526"><failure message="AssertionError: assert {'/tmp1': 'si...ev,tmpcopyup'} == {'/tmp1': 'size=3M'}&#10;  Differing items:&#10;  {'/tmp1': 'size=3M,rw,rprivate,nosuid,nodev,tmpcopyup'} != {'/tmp1': 'size=3M'}&#10;  Full diff:&#10;  - {'/tmp1': 'size=3M'}&#10;  + {'/tmp1': 'size=3M,rw,rprivate,nosuid,nodev,tmpcopyup'}">tests/integration/api_container_test.py:384: in test_create_with_tmpfs
    assert config['HostConfig']['Tmpfs'] == tmpfs
E   AssertionError: assert {'/tmp1': 'si...ev,tmpcopyup'} == {'/tmp1': 'size=3M'}
E     Differing items:
E     {'/tmp1': 'size=3M,rw,rprivate,nosuid,nodev,tmpcopyup'} != {'/tmp1': 'size=3M'}
E     Full diff:
E     - {'/tmp1': 'size=3M'}
E     + {'/tmp1': 'size=3M,rw,rprivate,nosuid,nodev,tmpcopyup'}</failure><system-out>--------------------------------- Captured Log ---------------------------------

--------------------------------- Captured Out ---------------------------------

</system-out><system-err>--------------------------------- Captured Err ---------------------------------

</system-err></testcase><testcase classname="tests.integration.api_container_test.CreateContainerTest" name="test_create_with_uts_mode" time="3.233" /><testcase classname="tests.integration.api_container_test.CreateContainerTest" name="test_group_id_ints" time="3.462"><failure message="docker.errors.APIError: 500 Server Error for http+docker://localhost/v1.40/containers/70ad53a58b26672f6d5ec94c17a34ce1a494f6d8bfe06c4f7e1798fe9a76ee77/start: Internal Server Error (&quot;container_linux.go:380: starting container process caused: error adding seccomp filter rule for syscall bdflush: permission denied: OCI permission denied&quot;)">docker/api/client.py:296: in _raise_for_status
    response.raise_for_status()
../../.virtualenvs/docker-py/lib/python3.9/site-packages/requests/models.py:940: in raise_for_status
    raise HTTPError(http_error_msg, response=self)
E   requests.exceptions.HTTPError: 500 Server Error: Internal Server Error for url: http+docker://localhost/v1.40/containers/70ad53a58b26672f6d5ec94c17a34ce1a494f6d8bfe06c4f7e1798fe9a76ee77/start

During handling of the above exception, another exception occurred:
tests/integration/api_container_test.py:224: in test_group_id_ints
    self.client.start(container)
docker/utils/decorators.py:19: in wrapped
    return f(self, resource_id, *args, **kwargs)
docker/api/container.py:1109: in start
    self._raise_for_status(res)
docker/api/client.py:298: in _raise_for_status
    raise create_api_error_from_http_exception(e)
docker/errors.py:31: in create_api_error_from_http_exception
    raise cls(e, response=response, explanation=explanation)
E   docker.errors.APIError: 500 Server Error for http+docker://localhost/v1.40/containers/70ad53a58b26672f6d5ec94c17a34ce1a494f6d8bfe06c4f7e1798fe9a76ee77/start: Internal Server Error ("container_linux.go:380: starting container process caused: error adding seccomp filter rule for syscall bdflush: permission denied: OCI permission denied")</failure><system-out>--------------------------------- Captured Log ---------------------------------

--------------------------------- Captured Out ---------------------------------

</system-out><system-err>--------------------------------- Captured Err ---------------------------------

</system-err></testcase><testcase classname="tests.integration.api_container_test.CreateContainerTest" name="test_group_id_strings" time="3.545"><failure message="docker.errors.APIError: 500 Server Error for http+docker://localhost/v1.40/containers/6a64a50932bf7a0aeb60478851b0d9ecc939d72b295dbc3426657e920f697ee6/start: Internal Server Error (&quot;container_linux.go:380: starting container process caused: error adding seccomp filter rule for syscall bdflush: permission denied: OCI permission denied&quot;)">docker/api/client.py:296: in _raise_for_status
    response.raise_for_status()
../../.virtualenvs/docker-py/lib/python3.9/site-packages/requests/models.py:940: in raise_for_status
    raise HTTPError(http_error_msg, response=self)
E   requests.exceptions.HTTPError: 500 Server Error: Internal Server Error for url: http+docker://localhost/v1.40/containers/6a64a50932bf7a0aeb60478851b0d9ecc939d72b295dbc3426657e920f697ee6/start

During handling of the above exception, another exception occurred:
tests/integration/api_container_test.py:239: in test_group_id_strings
    self.client.start(container)
docker/utils/decorators.py:19: in wrapped
    return f(self, resource_id, *args, **kwargs)
docker/api/container.py:1109: in start
    self._raise_for_status(res)
docker/api/client.py:298: in _raise_for_status
    raise create_api_error_from_http_exception(e)
docker/errors.py:31: in create_api_error_from_http_exception
    raise cls(e, response=response, explanation=explanation)
E   docker.errors.APIError: 500 Server Error for http+docker://localhost/v1.40/containers/6a64a50932bf7a0aeb60478851b0d9ecc939d72b295dbc3426657e920f697ee6/start: Internal Server Error ("container_linux.go:380: starting container process caused: error adding seccomp filter rule for syscall bdflush: permission denied: OCI permission denied")</failure><system-out>--------------------------------- Captured Log ---------------------------------

--------------------------------- Captured Out ---------------------------------

</system-out><system-err>--------------------------------- Captured Err ---------------------------------

</system-err></testcase><testcase classname="tests.integration.api_container_test.CreateContainerTest" name="test_invalid_log_driver_raises_exception" time="3.139"><failure message="AssertionError: assert 'container create: error running container create option: invalid log driver: invalid argument' in [&quot;logger: no log driver named 'asdf' is registered&quot;, 'error looking up logging plugin asdf: plugin &quot;asdf&quot; not found']&#10; +  where 'container create: error running container create option: invalid log driver: invalid argument' = APIError(HTTPError('500 Server Error: Internal Server Error for url: http+docker://localhost/v1.40/containers/create')).explanation&#10; +    where APIError(HTTPError('500 Server Error: Internal Server Error for url: http+docker://localhost/v1.40/containers/create')) = &lt;ExceptionInfo APIError(HTTPError('500 Server Error: Internal Server Error for url: http+docker://localhost/v1.40/containers/create')) tblen=6&gt;.value">tests/integration/api_container_test.py:286: in test_invalid_log_driver_raises_exception
    assert excinfo.value.explanation in expected_msgs
E   AssertionError: assert 'container create: error running container create option: invalid log driver: invalid argument' in ["logger: no log driver named 'asdf' is registered", 'error looking up logging plugin asdf: plugin "asdf" not found']
E    +  where 'container create: error running container create option: invalid log driver: invalid argument' = APIError(HTTPError('500 Server Error: Internal Server Error for url: http+docker://localhost/v1.40/containers/create')).explanation
E    +    where APIError(HTTPError('500 Server Error: Internal Server Error for url: http+docker://localhost/v1.40/containers/create')) = &lt;ExceptionInfo APIError(HTTPError('500 Server Error: Internal Server Error for url: http+docker://localhost/v1.40/containers/create')) tblen=6&gt;.value</failure><system-out>--------------------------------- Captured Log ---------------------------------

--------------------------------- Captured Out ---------------------------------

</system-out><system-err>--------------------------------- Captured Err ---------------------------------

</system-err></testcase><testcase classname="tests.integration.api_container_test.CreateContainerTest" name="test_valid_log_driver_and_log_opt" time="3.445"><failure message="docker.errors.APIError: 500 Server Error for http+docker://localhost/v1.40/containers/195b5bf22e8a005ceb01acf99b0e6727dc8ec3fef29ad600ef8286e13079c5e9/start: Internal Server Error (&quot;container_linux.go:380: starting container process caused: error adding seccomp filter rule for syscall bdflush: permission denied: OCI permission denied&quot;)">docker/api/client.py:296: in _raise_for_status
    response.raise_for_status()
../../.virtualenvs/docker-py/lib/python3.9/site-packages/requests/models.py:940: in raise_for_status
    raise HTTPError(http_error_msg, response=self)
E   requests.exceptions.HTTPError: 500 Server Error: Internal Server Error for url: http+docker://localhost/v1.40/containers/195b5bf22e8a005ceb01acf99b0e6727dc8ec3fef29ad600ef8286e13079c5e9/start

During handling of the above exception, another exception occurred:
tests/integration/api_container_test.py:259: in test_valid_log_driver_and_log_opt
    self.client.start(container)
docker/utils/decorators.py:19: in wrapped
    return f(self, resource_id, *args, **kwargs)
docker/api/container.py:1109: in start
    self._raise_for_status(res)
docker/api/client.py:298: in _raise_for_status
    raise create_api_error_from_http_exception(e)
docker/errors.py:31: in create_api_error_from_http_exception
    raise cls(e, response=response, explanation=explanation)
E   docker.errors.APIError: 500 Server Error for http+docker://localhost/v1.40/containers/195b5bf22e8a005ceb01acf99b0e6727dc8ec3fef29ad600ef8286e13079c5e9/start: Internal Server Error ("container_linux.go:380: starting container process caused: error adding seccomp filter rule for syscall bdflush: permission denied: OCI permission denied")</failure><system-out>--------------------------------- Captured Log ---------------------------------

--------------------------------- Captured Out ---------------------------------

</system-out><system-err>--------------------------------- Captured Err ---------------------------------

</system-err></testcase><testcase classname="tests.integration.api_container_test.CreateContainerTest" name="test_valid_no_config_specified" time="3.518"><failure message="docker.errors.APIError: 500 Server Error for http+docker://localhost/v1.40/containers/72ee5b72c3b14529739a266c4b45a53656637798e6a6a847892b574c3d2bfddb/start: Internal Server Error (&quot;container_linux.go:380: starting container process caused: error adding seccomp filter rule for syscall bdflush: permission denied: OCI permission denied&quot;)">docker/api/client.py:296: in _raise_for_status
    response.raise_for_status()
../../.virtualenvs/docker-py/lib/python3.9/site-packages/requests/models.py:940: in raise_for_status
    raise HTTPError(http_error_msg, response=self)
E   requests.exceptions.HTTPError: 500 Server Error: Internal Server Error for url: http+docker://localhost/v1.40/containers/72ee5b72c3b14529739a266c4b45a53656637798e6a6a847892b574c3d2bfddb/start

During handling of the above exception, another exception occurred:
tests/integration/api_container_test.py:318: in test_valid_no_config_specified
    self.client.start(container)
docker/utils/decorators.py:19: in wrapped
    return f(self, resource_id, *args, **kwargs)
docker/api/container.py:1109: in start
    self._raise_for_status(res)
docker/api/client.py:298: in _raise_for_status
    raise create_api_error_from_http_exception(e)
docker/errors.py:31: in create_api_error_from_http_exception
    raise cls(e, response=response, explanation=explanation)
E   docker.errors.APIError: 500 Server Error for http+docker://localhost/v1.40/containers/72ee5b72c3b14529739a266c4b45a53656637798e6a6a847892b574c3d2bfddb/start: Internal Server Error ("container_linux.go:380: starting container process caused: error adding seccomp filter rule for syscall bdflush: permission denied: OCI permission denied")</failure><system-out>--------------------------------- Captured Log ---------------------------------

--------------------------------- Captured Out ---------------------------------

</system-out><system-err>--------------------------------- Captured Err ---------------------------------

</system-err></testcase><testcase classname="tests.integration.api_container_test.CreateContainerTest" name="test_valid_no_log_driver_specified" time="3.442"><failure message="docker.errors.APIError: 500 Server Error for http+docker://localhost/v1.40/containers/fe75d948974bd374c761e6aaedd1d7d83338edc50d05b878674643a7c34cabd3/start: Internal Server Error (&quot;container_linux.go:380: starting container process caused: error adding seccomp filter rule for syscall bdflush: permission denied: OCI permission denied&quot;)">docker/api/client.py:296: in _raise_for_status
    response.raise_for_status()
../../.virtualenvs/docker-py/lib/python3.9/site-packages/requests/models.py:940: in raise_for_status
    raise HTTPError(http_error_msg, response=self)
E   requests.exceptions.HTTPError: 500 Server Error: Internal Server Error for url: http+docker://localhost/v1.40/containers/fe75d948974bd374c761e6aaedd1d7d83338edc50d05b878674643a7c34cabd3/start

During handling of the above exception, another exception occurred:
tests/integration/api_container_test.py:299: in test_valid_no_log_driver_specified
    self.client.start(container)
docker/utils/decorators.py:19: in wrapped
    return f(self, resource_id, *args, **kwargs)
docker/api/container.py:1109: in start
    self._raise_for_status(res)
docker/api/client.py:298: in _raise_for_status
    raise create_api_error_from_http_exception(e)
docker/errors.py:31: in create_api_error_from_http_exception
    raise cls(e, response=response, explanation=explanation)
E   docker.errors.APIError: 500 Server Error for http+docker://localhost/v1.40/containers/fe75d948974bd374c761e6aaedd1d7d83338edc50d05b878674643a7c34cabd3/start: Internal Server Error ("container_linux.go:380: starting container process caused: error adding seccomp filter rule for syscall bdflush: permission denied: OCI permission denied")</failure><system-out>--------------------------------- Captured Log ---------------------------------

--------------------------------- Captured Out ---------------------------------

</system-out><system-err>--------------------------------- Captured Err ---------------------------------

</system-err></testcase><testcase classname="tests.integration.api_container_test.VolumeBindTest" name="test_create_with_binds_ro" time="2.361"><failure message="docker.errors.APIError: 500 Server Error for http+docker://localhost/v1.40/containers/8944ab5aa539e9751d3d078fc2e9921e76440e072be496e1bcbc472cb94e6557/start: Internal Server Error (&quot;container_linux.go:380: starting container process caused: error adding seccomp filter rule for syscall bdflush: permission denied: OCI permission denied&quot;)">docker/api/client.py:296: in _raise_for_status
    response.raise_for_status()
../../.virtualenvs/docker-py/lib/python3.9/site-packages/requests/models.py:940: in raise_for_status
    raise HTTPError(http_error_msg, response=self)
E   requests.exceptions.HTTPError: 500 Server Error: Internal Server Error for url: http+docker://localhost/v1.40/containers/8944ab5aa539e9751d3d078fc2e9921e76440e072be496e1bcbc472cb94e6557/start

During handling of the above exception, another exception occurred:
tests/integration/api_container_test.py:498: in setUp
    self.run_with_volume(
tests/integration/api_container_test.py:601: in run_with_volume
    return self.run_container(
tests/integration/base.py:109: in run_container
    self.client.start(container)
docker/utils/decorators.py:19: in wrapped
    return f(self, resource_id, *args, **kwargs)
docker/api/container.py:1109: in start
    self._raise_for_status(res)
docker/api/client.py:298: in _raise_for_status
    raise create_api_error_from_http_exception(e)
docker/errors.py:31: in create_api_error_from_http_exception
    raise cls(e, response=response, explanation=explanation)
E   docker.errors.APIError: 500 Server Error for http+docker://localhost/v1.40/containers/8944ab5aa539e9751d3d078fc2e9921e76440e072be496e1bcbc472cb94e6557/start: Internal Server Error ("container_linux.go:380: starting container process caused: error adding seccomp filter rule for syscall bdflush: permission denied: OCI permission denied")</failure><system-out>--------------------------------- Captured Log ---------------------------------

--------------------------------- Captured Out ---------------------------------

</system-out><system-err>--------------------------------- Captured Err ---------------------------------

</system-err></testcase><testcase classname="tests.integration.api_container_test.VolumeBindTest" name="test_create_with_binds_rw" time="2.339"><failure message="docker.errors.APIError: 500 Server Error for http+docker://localhost/v1.40/containers/1d157c02faf529ed88ef7557734511aeff549398696a99328e85e8cfec9f7b8d/start: Internal Server Error (&quot;container_linux.go:380: starting container process caused: error adding seccomp filter rule for syscall bdflush: permission denied: OCI permission denied&quot;)">docker/api/client.py:296: in _raise_for_status
    response.raise_for_status()
../../.virtualenvs/docker-py/lib/python3.9/site-packages/requests/models.py:940: in raise_for_status
    raise HTTPError(http_error_msg, response=self)
E   requests.exceptions.HTTPError: 500 Server Error: Internal Server Error for url: http+docker://localhost/v1.40/containers/1d157c02faf529ed88ef7557734511aeff549398696a99328e85e8cfec9f7b8d/start

During handling of the above exception, another exception occurred:
tests/integration/api_container_test.py:498: in setUp
    self.run_with_volume(
tests/integration/api_container_test.py:601: in run_with_volume
    return self.run_container(
tests/integration/base.py:109: in run_container
    self.client.start(container)
docker/utils/decorators.py:19: in wrapped
    return f(self, resource_id, *args, **kwargs)
docker/api/container.py:1109: in start
    self._raise_for_status(res)
docker/api/client.py:298: in _raise_for_status
    raise create_api_error_from_http_exception(e)
docker/errors.py:31: in create_api_error_from_http_exception
    raise cls(e, response=response, explanation=explanation)
E   docker.errors.APIError: 500 Server Error for http+docker://localhost/v1.40/containers/1d157c02faf529ed88ef7557734511aeff549398696a99328e85e8cfec9f7b8d/start: Internal Server Error ("container_linux.go:380: starting container process caused: error adding seccomp filter rule for syscall bdflush: permission denied: OCI permission denied")</failure><system-out>--------------------------------- Captured Log ---------------------------------

--------------------------------- Captured Out ---------------------------------

</system-out><system-err>--------------------------------- Captured Err ---------------------------------

</system-err></testcase><testcase classname="tests.integration.api_container_test.VolumeBindTest" name="test_create_with_mounts" time="2.414"><failure message="docker.errors.APIError: 500 Server Error for http+docker://localhost/v1.40/containers/53554a618a5031b2728aa3cfd9a42a7bb527c30d484f9c4fc142b7e0c6996f19/start: Internal Server Error (&quot;container_linux.go:380: starting container process caused: error adding seccomp filter rule for syscall bdflush: permission denied: OCI permission denied&quot;)">docker/api/client.py:296: in _raise_for_status
    response.raise_for_status()
../../.virtualenvs/docker-py/lib/python3.9/site-packages/requests/models.py:940: in raise_for_status
    raise HTTPError(http_error_msg, response=self)
E   requests.exceptions.HTTPError: 500 Server Error: Internal Server Error for url: http+docker://localhost/v1.40/containers/53554a618a5031b2728aa3cfd9a42a7bb527c30d484f9c4fc142b7e0c6996f19/start

During handling of the above exception, another exception occurred:
tests/integration/api_container_test.py:498: in setUp
    self.run_with_volume(
tests/integration/api_container_test.py:601: in run_with_volume
    return self.run_container(
tests/integration/base.py:109: in run_container
    self.client.start(container)
docker/utils/decorators.py:19: in wrapped
    return f(self, resource_id, *args, **kwargs)
docker/api/container.py:1109: in start
    self._raise_for_status(res)
docker/api/client.py:298: in _raise_for_status
    raise create_api_error_from_http_exception(e)
docker/errors.py:31: in create_api_error_from_http_exception
    raise cls(e, response=response, explanation=explanation)
E   docker.errors.APIError: 500 Server Error for http+docker://localhost/v1.40/containers/53554a618a5031b2728aa3cfd9a42a7bb527c30d484f9c4fc142b7e0c6996f19/start: Internal Server Error ("container_linux.go:380: starting container process caused: error adding seccomp filter rule for syscall bdflush: permission denied: OCI permission denied")</failure><system-out>--------------------------------- Captured Log ---------------------------------

--------------------------------- Captured Out ---------------------------------

</system-out><system-err>--------------------------------- Captured Err ---------------------------------

</system-err></testcase><testcase classname="tests.integration.api_container_test.VolumeBindTest" name="test_create_with_mounts_ro" time="2.374"><failure message="docker.errors.APIError: 500 Server Error for http+docker://localhost/v1.40/containers/a45ef8ee33febe8b1a09f3f02ffdad1c9a4c47d37850c29541fbf6422135cb3b/start: Internal Server Error (&quot;container_linux.go:380: starting container process caused: error adding seccomp filter rule for syscall bdflush: permission denied: OCI permission denied&quot;)">docker/api/client.py:296: in _raise_for_status
    response.raise_for_status()
../../.virtualenvs/docker-py/lib/python3.9/site-packages/requests/models.py:940: in raise_for_status
    raise HTTPError(http_error_msg, response=self)
E   requests.exceptions.HTTPError: 500 Server Error: Internal Server Error for url: http+docker://localhost/v1.40/containers/a45ef8ee33febe8b1a09f3f02ffdad1c9a4c47d37850c29541fbf6422135cb3b/start

During handling of the above exception, another exception occurred:
tests/integration/api_container_test.py:498: in setUp
    self.run_with_volume(
tests/integration/api_container_test.py:601: in run_with_volume
    return self.run_container(
tests/integration/base.py:109: in run_container
    self.client.start(container)
docker/utils/decorators.py:19: in wrapped
    return f(self, resource_id, *args, **kwargs)
docker/api/container.py:1109: in start
    self._raise_for_status(res)
docker/api/client.py:298: in _raise_for_status
    raise create_api_error_from_http_exception(e)
docker/errors.py:31: in create_api_error_from_http_exception
    raise cls(e, response=response, explanation=explanation)
E   docker.errors.APIError: 500 Server Error for http+docker://localhost/v1.40/containers/a45ef8ee33febe8b1a09f3f02ffdad1c9a4c47d37850c29541fbf6422135cb3b/start: Internal Server Error ("container_linux.go:380: starting container process caused: error adding seccomp filter rule for syscall bdflush: permission denied: OCI permission denied")</failure><system-out>--------------------------------- Captured Log ---------------------------------

--------------------------------- Captured Out ---------------------------------

</system-out><system-err>--------------------------------- Captured Err ---------------------------------

</system-err></testcase><testcase classname="tests.integration.api_container_test.VolumeBindTest" name="test_create_with_volume_mount" time="2.364"><failure message="docker.errors.APIError: 500 Server Error for http+docker://localhost/v1.40/containers/37f69f668186f977f6f0cf1f45f6819bde392984b84fe17acbbdadb43a7cf9ed/start: Internal Server Error (&quot;container_linux.go:380: starting container process caused: error adding seccomp filter rule for syscall bdflush: permission denied: OCI permission denied&quot;)">docker/api/client.py:296: in _raise_for_status
    response.raise_for_status()
../../.virtualenvs/docker-py/lib/python3.9/site-packages/requests/models.py:940: in raise_for_status
    raise HTTPError(http_error_msg, response=self)
E   requests.exceptions.HTTPError: 500 Server Error: Internal Server Error for url: http+docker://localhost/v1.40/containers/37f69f668186f977f6f0cf1f45f6819bde392984b84fe17acbbdadb43a7cf9ed/start

During handling of the above exception, another exception occurred:
tests/integration/api_container_test.py:498: in setUp
    self.run_with_volume(
tests/integration/api_container_test.py:601: in run_with_volume
    return self.run_container(
tests/integration/base.py:109: in run_container
    self.client.start(container)
docker/utils/decorators.py:19: in wrapped
    return f(self, resource_id, *args, **kwargs)
docker/api/container.py:1109: in start
    self._raise_for_status(res)
docker/api/client.py:298: in _raise_for_status
    raise create_api_error_from_http_exception(e)
docker/errors.py:31: in create_api_error_from_http_exception
    raise cls(e, response=response, explanation=explanation)
E   docker.errors.APIError: 500 Server Error for http+docker://localhost/v1.40/containers/37f69f668186f977f6f0cf1f45f6819bde392984b84fe17acbbdadb43a7cf9ed/start: Internal Server Error ("container_linux.go:380: starting container process caused: error adding seccomp filter rule for syscall bdflush: permission denied: OCI permission denied")</failure><system-out>--------------------------------- Captured Log ---------------------------------

--------------------------------- Captured Out ---------------------------------

</system-out><system-err>--------------------------------- Captured Err ---------------------------------

</system-err></testcase><testcase classname="tests.integration.api_container_test.ArchiveTest" name="test_copy_directory_to_container" time="3.734"><failure message="docker.errors.APIError: 500 Server Error for http+docker://localhost/v1.40/containers/4e13a393d37f7263a4de7dbd6a79b3037f5a498e5afae7e622af2c5da8be1b68/start: Internal Server Error (&quot;container_linux.go:380: starting container process caused: error adding seccomp filter rule for syscall bdflush: permission denied: OCI permission denied&quot;)">docker/api/client.py:296: in _raise_for_status
    response.raise_for_status()
../../.virtualenvs/docker-py/lib/python3.9/site-packages/requests/models.py:940: in raise_for_status
    raise HTTPError(http_error_msg, response=self)
E   requests.exceptions.HTTPError: 500 Server Error: Internal Server Error for url: http+docker://localhost/v1.40/containers/4e13a393d37f7263a4de7dbd6a79b3037f5a498e5afae7e622af2c5da8be1b68/start

During handling of the above exception, another exception occurred:
tests/integration/api_container_test.py:681: in test_copy_directory_to_container
    self.client.start(ctnr)
docker/utils/decorators.py:19: in wrapped
    return f(self, resource_id, *args, **kwargs)
docker/api/container.py:1109: in start
    self._raise_for_status(res)
docker/api/client.py:298: in _raise_for_status
    raise create_api_error_from_http_exception(e)
docker/errors.py:31: in create_api_error_from_http_exception
    raise cls(e, response=response, explanation=explanation)
E   docker.errors.APIError: 500 Server Error for http+docker://localhost/v1.40/containers/4e13a393d37f7263a4de7dbd6a79b3037f5a498e5afae7e622af2c5da8be1b68/start: Internal Server Error ("container_linux.go:380: starting container process caused: error adding seccomp filter rule for syscall bdflush: permission denied: OCI permission denied")</failure><system-out>--------------------------------- Captured Log ---------------------------------

--------------------------------- Captured Out ---------------------------------

</system-out><system-err>--------------------------------- Captured Err ---------------------------------

</system-err></testcase><testcase classname="tests.integration.api_container_test.ArchiveTest" name="test_copy_file_to_container" time="3.646"><failure message="docker.errors.APIError: 500 Server Error for http+docker://localhost/v1.40/containers/743cd37366ebcb933816dba6a6e33da44de7ea705f8577dba9a9ff12fa5853da/start: Internal Server Error (&quot;container_linux.go:380: starting container process caused: error adding seccomp filter rule for syscall bdflush: permission denied: OCI permission denied&quot;)">docker/api/client.py:296: in _raise_for_status
    response.raise_for_status()
../../.virtualenvs/docker-py/lib/python3.9/site-packages/requests/models.py:940: in raise_for_status
    raise HTTPError(http_error_msg, response=self)
E   requests.exceptions.HTTPError: 500 Server Error: Internal Server Error for url: http+docker://localhost/v1.40/containers/743cd37366ebcb933816dba6a6e33da44de7ea705f8577dba9a9ff12fa5853da/start

During handling of the above exception, another exception occurred:
tests/integration/api_container_test.py:666: in test_copy_file_to_container
    self.client.start(ctnr)
docker/utils/decorators.py:19: in wrapped
    return f(self, resource_id, *args, **kwargs)
docker/api/container.py:1109: in start
    self._raise_for_status(res)
docker/api/client.py:298: in _raise_for_status
    raise create_api_error_from_http_exception(e)
docker/errors.py:31: in create_api_error_from_http_exception
    raise cls(e, response=response, explanation=explanation)
E   docker.errors.APIError: 500 Server Error for http+docker://localhost/v1.40/containers/743cd37366ebcb933816dba6a6e33da44de7ea705f8577dba9a9ff12fa5853da/start: Internal Server Error ("container_linux.go:380: starting container process caused: error adding seccomp filter rule for syscall bdflush: permission denied: OCI permission denied")</failure><system-out>--------------------------------- Captured Log ---------------------------------

--------------------------------- Captured Out ---------------------------------

</system-out><system-err>--------------------------------- Captured Err ---------------------------------

</system-err></testcase><testcase classname="tests.integration.api_container_test.ArchiveTest" name="test_get_file_archive_from_container" time="3.589"><failure message="docker.errors.APIError: 500 Server Error for http+docker://localhost/v1.40/containers/18f36967b11dd93c85e2465566d2165008e0cbbf64810289b25fbb933336ec7e/start: Internal Server Error (&quot;container_linux.go:380: starting container process caused: error adding seccomp filter rule for syscall bdflush: permission denied: OCI permission denied&quot;)">docker/api/client.py:296: in _raise_for_status
    response.raise_for_status()
../../.virtualenvs/docker-py/lib/python3.9/site-packages/requests/models.py:940: in raise_for_status
    raise HTTPError(http_error_msg, response=self)
E   requests.exceptions.HTTPError: 500 Server Error: Internal Server Error for url: http+docker://localhost/v1.40/containers/18f36967b11dd93c85e2465566d2165008e0cbbf64810289b25fbb933336ec7e/start

During handling of the above exception, another exception occurred:
tests/integration/api_container_test.py:625: in test_get_file_archive_from_container
    self.client.start(ctnr)
docker/utils/decorators.py:19: in wrapped
    return f(self, resource_id, *args, **kwargs)
docker/api/container.py:1109: in start
    self._raise_for_status(res)
docker/api/client.py:298: in _raise_for_status
    raise create_api_error_from_http_exception(e)
docker/errors.py:31: in create_api_error_from_http_exception
    raise cls(e, response=response, explanation=explanation)
E   docker.errors.APIError: 500 Server Error for http+docker://localhost/v1.40/containers/18f36967b11dd93c85e2465566d2165008e0cbbf64810289b25fbb933336ec7e/start: Internal Server Error ("container_linux.go:380: starting container process caused: error adding seccomp filter rule for syscall bdflush: permission denied: OCI permission denied")</failure><system-out>--------------------------------- Captured Log ---------------------------------

--------------------------------- Captured Out ---------------------------------

</system-out><system-err>--------------------------------- Captured Err ---------------------------------

</system-err></testcase><testcase classname="tests.integration.api_container_test.ArchiveTest" name="test_get_file_stat_from_container" time="3.465"><failure message="docker.errors.APIError: 500 Server Error for http+docker://localhost/v1.40/containers/d0348e0757f80c8fec5f31fffacb3262f43a3f46635dee65aa75b8a036be6692/start: Internal Server Error (&quot;container_linux.go:380: starting container process caused: error adding seccomp filter rule for syscall bdflush: permission denied: OCI permission denied&quot;)">docker/api/client.py:296: in _raise_for_status
    response.raise_for_status()
../../.virtualenvs/docker-py/lib/python3.9/site-packages/requests/models.py:940: in raise_for_status
    raise HTTPError(http_error_msg, response=self)
E   requests.exceptions.HTTPError: 500 Server Error: Internal Server Error for url: http+docker://localhost/v1.40/containers/d0348e0757f80c8fec5f31fffacb3262f43a3f46635dee65aa75b8a036be6692/start

During handling of the above exception, another exception occurred:
tests/integration/api_container_test.py:643: in test_get_file_stat_from_container
    self.client.start(ctnr)
docker/utils/decorators.py:19: in wrapped
    return f(self, resource_id, *args, **kwargs)
docker/api/container.py:1109: in start
    self._raise_for_status(res)
docker/api/client.py:298: in _raise_for_status
    raise create_api_error_from_http_exception(e)
docker/errors.py:31: in create_api_error_from_http_exception
    raise cls(e, response=response, explanation=explanation)
E   docker.errors.APIError: 500 Server Error for http+docker://localhost/v1.40/containers/d0348e0757f80c8fec5f31fffacb3262f43a3f46635dee65aa75b8a036be6692/start: Internal Server Error ("container_linux.go:380: starting container process caused: error adding seccomp filter rule for syscall bdflush: permission denied: OCI permission denied")</failure><system-out>--------------------------------- Captured Log ---------------------------------

--------------------------------- Captured Out ---------------------------------

</system-out><system-err>--------------------------------- Captured Err ---------------------------------

</system-err></testcase><testcase classname="tests.integration.api_container_test.RenameContainerTest" name="test_rename_container" time="4.256" /><testcase classname="tests.integration.api_container_test.StartContainerTest" name="test_run_shlex_commands" time="3.393"><failure message="docker.errors.APIError: 500 Server Error for http+docker://localhost/v1.40/containers/3ffa090fe9b2641f2dfacd3a1bf4aa13ab9878f8da35d15a48f6c2f825047167/start: Internal Server Error (&quot;container_linux.go:380: starting container process caused: error adding seccomp filter rule for syscall bdflush: permission denied: OCI permission denied&quot;)">docker/api/client.py:296: in _raise_for_status
    response.raise_for_status()
../../.virtualenvs/docker-py/lib/python3.9/site-packages/requests/models.py:940: in raise_for_status
    raise HTTPError(http_error_msg, response=self)
E   requests.exceptions.HTTPError: 500 Server Error: Internal Server Error for url: http+docker://localhost/v1.40/containers/3ffa090fe9b2641f2dfacd3a1bf4aa13ab9878f8da35d15a48f6c2f825047167/start

During handling of the above exception, another exception occurred:
tests/integration/api_container_test.py:755: in test_run_shlex_commands
    self.client.start(id)
docker/utils/decorators.py:19: in wrapped
    return f(self, resource_id, *args, **kwargs)
docker/api/container.py:1109: in start
    self._raise_for_status(res)
docker/api/client.py:298: in _raise_for_status
    raise create_api_error_from_http_exception(e)
docker/errors.py:31: in create_api_error_from_http_exception
    raise cls(e, response=response, explanation=explanation)
E   docker.errors.APIError: 500 Server Error for http+docker://localhost/v1.40/containers/3ffa090fe9b2641f2dfacd3a1bf4aa13ab9878f8da35d15a48f6c2f825047167/start: Internal Server Error ("container_linux.go:380: starting container process caused: error adding seccomp filter rule for syscall bdflush: permission denied: OCI permission denied")</failure><system-out>--------------------------------- Captured Log ---------------------------------

--------------------------------- Captured Out ---------------------------------

</system-out><system-err>--------------------------------- Captured Err ---------------------------------

</system-err></testcase><testcase classname="tests.integration.api_container_test.StartContainerTest" name="test_start_container" time="3.538"><failure message="docker.errors.APIError: 500 Server Error for http+docker://localhost/v1.40/containers/deac20a940db9094f013e8dfdab6ac21cb1121288e54426bde613bd0e8737455/start: Internal Server Error (&quot;container_linux.go:380: starting container process caused: error adding seccomp filter rule for syscall bdflush: permission denied: OCI permission denied&quot;)">docker/api/client.py:296: in _raise_for_status
    response.raise_for_status()
../../.virtualenvs/docker-py/lib/python3.9/site-packages/requests/models.py:940: in raise_for_status
    raise HTTPError(http_error_msg, response=self)
E   requests.exceptions.HTTPError: 500 Server Error: Internal Server Error for url: http+docker://localhost/v1.40/containers/deac20a940db9094f013e8dfdab6ac21cb1121288e54426bde613bd0e8737455/start

During handling of the above exception, another exception occurred:
tests/integration/api_container_test.py:712: in test_start_container
    self.client.start(res['Id'])
docker/utils/decorators.py:19: in wrapped
    return f(self, resource_id, *args, **kwargs)
docker/api/container.py:1109: in start
    self._raise_for_status(res)
docker/api/client.py:298: in _raise_for_status
    raise create_api_error_from_http_exception(e)
docker/errors.py:31: in create_api_error_from_http_exception
    raise cls(e, response=response, explanation=explanation)
E   docker.errors.APIError: 500 Server Error for http+docker://localhost/v1.40/containers/deac20a940db9094f013e8dfdab6ac21cb1121288e54426bde613bd0e8737455/start: Internal Server Error ("container_linux.go:380: starting container process caused: error adding seccomp filter rule for syscall bdflush: permission denied: OCI permission denied")</failure><system-out>--------------------------------- Captured Log ---------------------------------

--------------------------------- Captured Out ---------------------------------

</system-out><system-err>--------------------------------- Captured Err ---------------------------------

</system-err></testcase><testcase classname="tests.integration.api_container_test.StartContainerTest" name="test_start_container_with_dict_instead_of_id" time="3.991"><failure message="docker.errors.APIError: 500 Server Error for http+docker://localhost/v1.40/containers/2a0bf2f6d72e62d571bd97999629288f43889c2b69a4893b57b8088bfffacf27/start: Internal Server Error (&quot;container_linux.go:380: starting container process caused: error adding seccomp filter rule for syscall bdflush: permission denied: OCI permission denied&quot;)">docker/api/client.py:296: in _raise_for_status
    response.raise_for_status()
../../.virtualenvs/docker-py/lib/python3.9/site-packages/requests/models.py:940: in raise_for_status
    raise HTTPError(http_error_msg, response=self)
[...]

</system-err></testcase><testcase classname="tests.integration.models_images_test.ImageCollectionTest" name="test_pull_multiple" time="5.760"><failure message="AssertionError: assert False&#10; +  where False = any([False])">tests/integration/models_images_test.py:91: in test_pull_multiple
    assert any([
E   AssertionError: assert False
E    +  where False = any([False])</failure><system-out>--------------------------------- Captured Log ---------------------------------

--------------------------------- Captured Out ---------------------------------

</system-out><system-err>--------------------------------- Captured Err ---------------------------------

</system-err></testcase><testcase classname="tests.integration.models_images_test.ImageCollectionTest" name="test_pull_with_sha" time="6.121"><failure message="AssertionError: assert 'hello-world@sha256:083de497cff944f969d8499ab94f07134c50bcf5e6b9559b27182d3fa80ce3f7' in ['docker.io/library/hello-world@sha256:083de497cff944f969d8499ab94f07134c50bcf5e6b9559b27182d3fa80ce3f7', 'docker.io/library/hello-world@sha256:8072a54ebb3bc136150e2f2860f00a7bf45f13eeb917cca2430fcd0054c8e51b']">tests/integration/models_images_test.py:85: in test_pull_with_sha
    assert image_ref in image.attrs['RepoDigests']
E   AssertionError: assert 'hello-world@sha256:083de497cff944f969d8499ab94f07134c50bcf5e6b9559b27182d3fa80ce3f7' in ['docker.io/library/hello-world@sha256:083de497cff944f969d8499ab94f07134c50bcf5e6b9559b27182d3fa80ce3f7', 'docker.io/library/hello-world@sha256:8072a54ebb3bc136150e2f2860f00a7bf45f13eeb917cca2430fcd0054c8e51b']</failure><system-out>--------------------------------- Captured Log ---------------------------------

--------------------------------- Captured Out ---------------------------------

</system-out><system-err>--------------------------------- Captured Err ---------------------------------

</system-err></testcase><testcase classname="tests.integration.models_images_test.ImageCollectionTest" name="test_pull_with_tag" time="5.069"><failure message="AssertionError: assert 'alpine:3.10' in ['docker.io/library/alpine:3.10']">tests/integration/models_images_test.py:76: in test_pull_with_tag
    assert 'alpine:3.10' in image.attrs['RepoTags']
E   AssertionError: assert 'alpine:3.10' in ['docker.io/library/alpine:3.10']</failure><system-out>--------------------------------- Captured Log ---------------------------------

--------------------------------- Captured Out ---------------------------------

</system-out><system-err>--------------------------------- Captured Err ---------------------------------

</system-err></testcase><testcase classname="tests.integration.models_images_test.ImageCollectionTest" name="test_save_and_load" time="2.489" /><testcase classname="tests.integration.models_images_test.ImageCollectionTest" name="test_save_and_load_repo_name" time="2.249"><failure message="docker.errors.InvalidArgument: dockerpytest_83e078cf80123eee:latest is not a valid tag for this image">tests/integration/models_images_test.py:122: in test_save_and_load_repo_name
    stream = image.save(named=f'{additional_tag}:latest')
docker/models/images.py:96: in save
    raise InvalidArgument(
E   docker.errors.InvalidArgument: dockerpytest_83e078cf80123eee:latest is not a valid tag for this image</failure><system-out>--------------------------------- Captured Log ---------------------------------

--------------------------------- Captured Out ---------------------------------

</system-out><system-err>--------------------------------- Captured Err ---------------------------------

</system-err></testcase><testcase classname="tests.integration.models_images_test.ImageCollectionTest" name="test_save_name_error" time="2.263" /><testcase classname="tests.integration.models_images_test.ImageTest" name="test_tag_and_remove" time="4.948" /><testcase classname="tests.integration.models_networks_test.NetworkCollectionTest" name="test_create" time="2.434" /><testcase classname="tests.integration.models_networks_test.NetworkCollectionTest" name="test_get" time="2.664" /><testcase classname="tests.integration.models_networks_test.NetworkCollectionTest" name="test_list_remove" time="2.951" /><testcase classname="tests.integration.models_networks_test.NetworkTest" name="test_connect_disconnect" time="2.412"><failure message="docker.errors.APIError: 500 Server Error for http+docker://localhost/v1.40/networks/54e290a80fe587000b0339590d9765a9bcc265a3763266e55697317a3dbd18d2/connect: Internal Server Error (&quot;&quot;slirp4netns&quot; is not supported: invalid network mode&quot;)">docker/api/client.py:296: in _raise_for_status
    response.raise_for_status()
../../.virtualenvs/docker-py/lib/python3.9/site-packages/requests/models.py:940: in raise_for_status
    raise HTTPError(http_error_msg, response=self)
E   requests.exceptions.HTTPError: 500 Server Error: Internal Server Error for url: http+docker://localhost/v1.40/networks/54e290a80fe587000b0339590d9765a9bcc265a3763266e55697317a3dbd18d2/connect

During handling of the above exception, another exception occurred:
tests/integration/models_networks_test.py:59: in test_connect_disconnect
    network.connect(container)
docker/models/networks.py:58: in connect
    return self.client.api.connect_container_to_network(
docker/utils/decorators.py:19: in wrapped
    return f(self, resource_id, *args, **kwargs)
docker/api/network.py:250: in connect_container_to_network
    self._raise_for_status(res)
docker/api/client.py:298: in _raise_for_status
    raise create_api_error_from_http_exception(e)
docker/errors.py:31: in create_api_error_from_http_exception
    raise cls(e, response=response, explanation=explanation)
E   docker.errors.APIError: 500 Server Error for http+docker://localhost/v1.40/networks/54e290a80fe587000b0339590d9765a9bcc265a3763266e55697317a3dbd18d2/connect: Internal Server Error (""slirp4netns" is not supported: invalid network mode")</failure><system-out>--------------------------------- Captured Log ---------------------------------

--------------------------------- Captured Out ---------------------------------

</system-out><system-err>--------------------------------- Captured Err ---------------------------------

</system-err></testcase><testcase classname="tests.integration.models_resources_test.ModelTest" name="test_reload" time="2.618"><failure message="docker.errors.APIError: 500 Server Error for http+docker://localhost/v1.40/containers/9a3b8d360166c6eb9f75e30a48866a86086c789c1a3a590dac5aa9039da41cc2/start: Internal Server Error (&quot;container_linux.go:380: starting container process caused: error adding seccomp filter rule for syscall bdflush: permission denied: OCI permission denied&quot;)">docker/api/client.py:296: in _raise_for_status
    response.raise_for_status()
../../.virtualenvs/docker-py/lib/python3.9/site-packages/requests/models.py:940: in raise_for_status
    raise HTTPError(http_error_msg, response=self)
E   requests.exceptions.HTTPError: 500 Server Error: Internal Server Error for url: http+docker://localhost/v1.40/containers/9a3b8d360166c6eb9f75e30a48866a86086c789c1a3a590dac5aa9039da41cc2/start

During handling of the above exception, another exception occurred:
tests/integration/models_resources_test.py:9: in test_reload
    container = client.containers.run("alpine", "sleep 300", detach=True)
docker/models/containers.py:818: in run
    container.start()
docker/models/containers.py:404: in start
    return self.client.api.start(self.id, **kwargs)
docker/utils/decorators.py:19: in wrapped
    return f(self, resource_id, *args, **kwargs)
docker/api/container.py:1109: in start
    self._raise_for_status(res)
docker/api/client.py:298: in _raise_for_status
    raise create_api_error_from_http_exception(e)
docker/errors.py:31: in create_api_error_from_http_exception
    raise cls(e, response=response, explanation=explanation)
E   docker.errors.APIError: 500 Server Error for http+docker://localhost/v1.40/containers/9a3b8d360166c6eb9f75e30a48866a86086c789c1a3a590dac5aa9039da41cc2/start: Internal Server Error ("container_linux.go:380: starting container process caused: error adding seccomp filter rule for syscall bdflush: permission denied: OCI permission denied")</failure><system-out>--------------------------------- Captured Log ---------------------------------

--------------------------------- Captured Out ---------------------------------

</system-out><system-err>--------------------------------- Captured Err ---------------------------------

</system-err></testcase><testcase classname="tests.integration.models_volumes_test.VolumesTest" name="test_create_get" time="2.385" /><testcase classname="tests.integration.models_volumes_test.VolumesTest" name="test_list_remove" time="2.354"><failure message="AssertionError: assert &lt;Volume: dockerpyte&gt; in []&#10; +  where [] = &lt;bound method VolumeCollection.list of &lt;docker.models.volumes.VolumeCollection object at 0x7f52afc2f130&gt;&gt;(filters={'name': 'dockerpytest_'})&#10; +    where &lt;bound method VolumeCollection.list of &lt;docker.models.volumes.VolumeCollection object at 0x7f52afc2f130&gt;&gt; = &lt;docker.models.volumes.VolumeCollection object at 0x7f52afc2f130&gt;.list&#10; +      where &lt;docker.models.volumes.VolumeCollection object at 0x7f52afc2f130&gt; = &lt;docker.client.DockerClient object at 0x7f52affe7ac0&gt;.volumes">tests/integration/models_volumes_test.py:26: in test_list_remove
    assert volume in client.volumes.list(filters={'name': 'dockerpytest_'})
E   AssertionError: assert &lt;Volume: dockerpyte&gt; in []
E    +  where [] = &lt;bound method VolumeCollection.list of &lt;docker.models.volumes.VolumeCollection object at 0x7f52afc2f130&gt;&gt;(filters={'name': 'dockerpytest_'})
E    +    where &lt;bound method VolumeCollection.list of &lt;docker.models.volumes.VolumeCollection object at 0x7f52afc2f130&gt;&gt; = &lt;docker.models.volumes.VolumeCollection object at 0x7f52afc2f130&gt;.list
E    +      where &lt;docker.models.volumes.VolumeCollection object at 0x7f52afc2f130&gt; = &lt;docker.client.DockerClient object at 0x7f52affe7ac0&gt;.volumes</failure><system-out>--------------------------------- Captured Log ---------------------------------

--------------------------------- Captured Out ---------------------------------

</system-out><system-err>--------------------------------- Captured Err ---------------------------------

</system-err></testcase><testcase classname="tests.integration.regression_test.TestRegressions" name="test_443_handle_nonchunked_response_in_stream" time="3.401"><failure message="Failed: DID NOT RAISE &lt;class 'docker.errors.APIError'&gt;">tests/integration/regression_test.py:15: in test_443_handle_nonchunked_response_in_stream
    pass
E   Failed: DID NOT RAISE &lt;class 'docker.errors.APIError'&gt;</failure><system-out>--------------------------------- Captured Log ---------------------------------

--------------------------------- Captured Out ---------------------------------

</system-out><system-err>--------------------------------- Captured Err ---------------------------------

</system-err></testcase><testcase classname="tests.integration.regression_test.TestRegressions" name="test_542_truncate_ids_client_side" time="4.526"><failure message="docker.errors.APIError: 500 Server Error for http+docker://localhost/v1.40/containers/746427b30a0d1177db240289ae3067b319cf450d5b7f02552d631e5d059a88d6/start: Internal Server Error (&quot;container_linux.go:380: starting container process caused: error adding seccomp filter rule for syscall bdflush: permission denied: OCI permission denied&quot;)">docker/api/client.py:296: in _raise_for_status
    response.raise_for_status()
../../.virtualenvs/docker-py/lib/python3.9/site-packages/requests/models.py:940: in raise_for_status
    raise HTTPError(http_error_msg, response=self)
E   requests.exceptions.HTTPError: 500 Server Error: Internal Server Error for url: http+docker://localhost/v1.40/containers/746427b30a0d1177db240289ae3067b319cf450d5b7f02552d631e5d059a88d6/start

During handling of the above exception, another exception occurred:
tests/integration/regression_test.py:20: in test_542_truncate_ids_client_side
    self.client.start(
docker/utils/decorators.py:19: in wrapped
    return f(self, resource_id, *args, **kwargs)
docker/api/container.py:1109: in start
    self._raise_for_status(res)
docker/api/client.py:298: in _raise_for_status
    raise create_api_error_from_http_exception(e)
docker/errors.py:31: in create_api_error_from_http_exception
    raise cls(e, response=response, explanation=explanation)
E   docker.errors.APIError: 500 Server Error for http+docker://localhost/v1.40/containers/746427b30a0d1177db240289ae3067b319cf450d5b7f02552d631e5d059a88d6/start: Internal Server Error ("container_linux.go:380: starting container process caused: error adding seccomp filter rule for syscall bdflush: permission denied: OCI permission denied")</failure><system-out>--------------------------------- Captured Log ---------------------------------

--------------------------------- Captured Out ---------------------------------

</system-out><system-err>--------------------------------- Captured Err ---------------------------------

</system-err></testcase><testcase classname="tests.integration.regression_test.TestRegressions" name="test_647_support_doubleslash_in_image_names" time="3.577" /><testcase classname="tests.integration.regression_test.TestRegressions" name="test_649_handle_timeout_value_none" time="3.875"><failure message="docker.errors.APIError: 500 Server Error for http+docker://localhost/v1.40/containers/839fc7780bbd4daf1abf2087a21c0723e2cb02e4d8dd01fc607bfb4cfd02380a/start: Internal Server Error (&quot;container_linux.go:380: starting container process caused: error adding seccomp filter rule for syscall bdflush: permission denied: OCI permission denied&quot;)">docker/api/client.py:296: in _raise_for_status
    response.raise_for_status()
../../.virtualenvs/docker-py/lib/python3.9/site-packages/requests/models.py:940: in raise_for_status
    raise HTTPError(http_error_msg, response=self)
E   requests.exceptions.HTTPError: 500 Server Error: Internal Server Error for url: http+docker://localhost/v1.40/containers/839fc7780bbd4daf1abf2087a21c0723e2cb02e4d8dd01fc607bfb4cfd02380a/start

During handling of the above exception, another exception occurred:
tests/integration/regression_test.py:33: in test_649_handle_timeout_value_none
    self.client.start(ctnr)
docker/utils/decorators.py:19: in wrapped
    return f(self, resource_id, *args, **kwargs)
docker/api/container.py:1109: in start
    self._raise_for_status(res)
docker/api/client.py:298: in _raise_for_status
    raise create_api_error_from_http_exception(e)
docker/errors.py:31: in create_api_error_from_http_exception
    raise cls(e, response=response, explanation=explanation)
E   docker.errors.APIError: 500 Server Error for http+docker://localhost/v1.40/containers/839fc7780bbd4daf1abf2087a21c0723e2cb02e4d8dd01fc607bfb4cfd02380a/start: Internal Server Error ("container_linux.go:380: starting container process caused: error adding seccomp filter rule for syscall bdflush: permission denied: OCI permission denied")</failure><system-out>--------------------------------- Captured Log ---------------------------------

--------------------------------- Captured Out ---------------------------------

</system-out><system-err>--------------------------------- Captured Err ---------------------------------

</system-err></testcase><testcase classname="tests.integration.regression_test.TestRegressions" name="test_715_handle_user_param_as_int_value" time="3.705"><failure message="docker.errors.APIError: 500 Server Error for http+docker://localhost/v1.40/containers/5db3c1e5291839fdaffa1843b3c299d131765ddc9d7b82095c4d7f48bf12cc6b/start: Internal Server Error (&quot;container_linux.go:380: starting container process caused: error adding seccomp filter rule for syscall bdflush: permission denied: OCI permission denied&quot;)">docker/api/client.py:296: in _raise_for_status
    response.raise_for_status()
../../.virtualenvs/docker-py/lib/python3.9/site-packages/requests/models.py:940: in raise_for_status
    raise HTTPError(http_error_msg, response=self)
E   requests.exceptions.HTTPError: 500 Server Error: Internal Server Error for url: http+docker://localhost/v1.40/containers/5db3c1e5291839fdaffa1843b3c299d131765ddc9d7b82095c4d7f48bf12cc6b/start

During handling of the above exception, another exception occurred:
tests/integration/regression_test.py:38: in test_715_handle_user_param_as_int_value
    self.client.start(ctnr)
docker/utils/decorators.py:19: in wrapped
    return f(self, resource_id, *args, **kwargs)
docker/api/container.py:1109: in start
    self._raise_for_status(res)
docker/api/client.py:298: in _raise_for_status
    raise create_api_error_from_http_exception(e)
docker/errors.py:31: in create_api_error_from_http_exception
    raise cls(e, response=response, explanation=explanation)
E   docker.errors.APIError: 500 Server Error for http+docker://localhost/v1.40/containers/5db3c1e5291839fdaffa1843b3c299d131765ddc9d7b82095c4d7f48bf12cc6b/start: Internal Server Error ("container_linux.go:380: starting container process caused: error adding seccomp filter rule for syscall bdflush: permission denied: OCI permission denied")</failure><system-out>--------------------------------- Captured Log ---------------------------------

--------------------------------- Captured Out ---------------------------------

</system-out><system-err>--------------------------------- Captured Err ---------------------------------

</system-err></testcase><testcase classname="tests.integration.regression_test.TestRegressions" name="test_792_explicit_port_protocol" time="3.912"><failure message="docker.errors.APIError: 500 Server Error for http+docker://localhost/v1.40/containers/9acae57723da6c3c94a2fe55c9ce55f7ccf809abe71d8654e36bb0226542887a/start: Internal Server Error (&quot;container_linux.go:380: starting container process caused: error adding seccomp filter rule for syscall bdflush: permission denied: OCI permission denied&quot;)">docker/api/client.py:296: in _raise_for_status
    response.raise_for_status()
../../.virtualenvs/docker-py/lib/python3.9/site-packages/requests/models.py:940: in raise_for_status
    raise HTTPError(http_error_msg, response=self)
E   requests.exceptions.HTTPError: 500 Server Error: Internal Server Error for url: http+docker://localhost/v1.40/containers/9acae57723da6c3c94a2fe55c9ce55f7ccf809abe71d8654e36bb0226542887a/start

During handling of the above exception, another exception occurred:
tests/integration/regression_test.py:54: in test_792_explicit_port_protocol
    self.client.start(ctnr)
docker/utils/decorators.py:19: in wrapped
    return f(self, resource_id, *args, **kwargs)
docker/api/container.py:1109: in start
    self._raise_for_status(res)
docker/api/client.py:298: in _raise_for_status
    raise create_api_error_from_http_exception(e)
docker/errors.py:31: in create_api_error_from_http_exception
    raise cls(e, response=response, explanation=explanation)
E   docker.errors.APIError: 500 Server Error for http+docker://localhost/v1.40/containers/9acae57723da6c3c94a2fe55c9ce55f7ccf809abe71d8654e36bb0226542887a/start: Internal Server Error ("container_linux.go:380: starting container process caused: error adding seccomp filter rule for syscall bdflush: permission denied: OCI permission denied")</failure><system-out>--------------------------------- Captured Log ---------------------------------

--------------------------------- Captured Out ---------------------------------

</system-out><system-err>--------------------------------- Captured Err ---------------------------------

</system-err></testcase><testcase classname="tests.integration.credentials.utils_test" name="test_create_environment_dict" time="0.010" /></testsuite></testsuites>