============================= test session starts ==============================
platform linux -- Python 3.8.6, pytest-6.2.2, py-1.10.0, pluggy-0.13.1 -- /home/riyad/.virtualenvs/docker-py/bin/python
cachedir: .pytest_cache
rootdir: /home/riyad/src/docker-py, configfile: pytest_podman_apiv2.ini, testpaths: tests/integration/
plugins: timeout-1.3.3, cov-2.6.1
collecting ... collected 415 items / 137 deselected / 278 selected

tests/integration/api_build_test.py::BuildTest::test_build_container_with_target PASSED [  0%]
tests/integration/api_build_test.py::BuildTest::test_build_from_stringio PASSED [  0%]
tests/integration/api_build_test.py::BuildTest::test_build_gzip_custom_encoding PASSED [  1%]
tests/integration/api_build_test.py::BuildTest::test_build_gzip_encoding PASSED [  1%]
tests/integration/api_build_test.py::BuildTest::test_build_in_context_abs_dockerfile FAILED [  1%]
tests/integration/api_build_test.py::BuildTest::test_build_in_context_dockerfile FAILED [  2%]
tests/integration/api_build_test.py::BuildTest::test_build_in_context_nested_dockerfile FAILED [  2%]
tests/integration/api_build_test.py::BuildTest::test_build_invalid_platform FAILED [  2%]
tests/integration/api_build_test.py::BuildTest::test_build_isolation FAILED [  3%]
tests/integration/api_build_test.py::BuildTest::test_build_labels FAILED [  3%]
tests/integration/api_build_test.py::BuildTest::test_build_out_of_context_dockerfile FAILED [  3%]
tests/integration/api_build_test.py::BuildTest::test_build_shmsize PASSED [  4%]
tests/integration/api_build_test.py::BuildTest::test_build_squash FAILED [  4%]
tests/integration/api_build_test.py::BuildTest::test_build_stderr_data FAILED [  5%]
tests/integration/api_build_test.py::BuildTest::test_build_streaming PASSED [  5%]
tests/integration/api_build_test.py::BuildTest::test_build_with_buildargs PASSED [  5%]
tests/integration/api_build_test.py::BuildTest::test_build_with_cache_from FAILED [  6%]
tests/integration/api_build_test.py::BuildTest::test_build_with_dockerfile_empty_lines PASSED [  6%]
tests/integration/api_build_test.py::BuildTest::test_build_with_dockerignore PASSED [  6%]
tests/integration/api_build_test.py::BuildTest::test_build_with_extra_hosts FAILED [  7%]
tests/integration/api_build_test.py::BuildTest::test_build_with_network_mode FAILED [  7%]
tests/integration/api_build_test.py::BuildTest::test_build_with_proxy PASSED [  7%]
tests/integration/api_build_test.py::BuildTest::test_build_with_proxy_and_buildargs PASSED [  8%]
tests/integration/api_build_test.py::BuildTest::test_prune_builds XFAIL  [  8%]
tests/integration/api_client_test.py::InformationTest::test_info PASSED  [  8%]
tests/integration/api_client_test.py::InformationTest::test_version PASSED [  9%]
tests/integration/api_client_test.py::AutoDetectVersionTest::test_client_init PASSED [  9%]
tests/integration/api_client_test.py::ConnectionTimeoutTest::test_timeout PASSED [ 10%]
tests/integration/api_client_test.py::UnixconnTest::test_resource_warnings PASSED [ 10%]
tests/integration/api_container_test.py::ListContainersTest::test_list_containers PASSED [ 10%]
tests/integration/api_container_test.py::CreateContainerTest::test_create PASSED [ 11%]
tests/integration/api_container_test.py::CreateContainerTest::test_create_container_with_volumes_from PASSED [ 11%]
tests/integration/api_container_test.py::CreateContainerTest::test_create_with_auto_remove PASSED [ 11%]
tests/integration/api_container_test.py::CreateContainerTest::test_create_with_cpu_rt_options XPASS [ 12%]
tests/integration/api_container_test.py::CreateContainerTest::test_create_with_device_cgroup_rules FAILED [ 12%]
tests/integration/api_container_test.py::CreateContainerTest::test_create_with_environment_variable_no_value FAILED [ 12%]
tests/integration/api_container_test.py::CreateContainerTest::test_create_with_host_pid_mode FAILED [ 13%]
tests/integration/api_container_test.py::CreateContainerTest::test_create_with_init PASSED [ 13%]
tests/integration/api_container_test.py::CreateContainerTest::test_create_with_isolation FAILED [ 14%]
tests/integration/api_container_test.py::CreateContainerTest::test_create_with_links FAILED [ 14%]
tests/integration/api_container_test.py::CreateContainerTest::test_create_with_mac_address FAILED [ 14%]
tests/integration/api_container_test.py::CreateContainerTest::test_create_with_memory_constraints_with_int PASSED [ 15%]
tests/integration/api_container_test.py::CreateContainerTest::test_create_with_memory_constraints_with_str PASSED [ 15%]
tests/integration/api_container_test.py::CreateContainerTest::test_create_with_restart_policy FAILED [ 15%]
tests/integration/api_container_test.py::CreateContainerTest::test_create_with_stop_timeout PASSED [ 16%]
tests/integration/api_container_test.py::CreateContainerTest::test_create_with_storage_opt XFAIL [ 16%]
tests/integration/api_container_test.py::CreateContainerTest::test_create_with_tmpfs FAILED [ 16%]
tests/integration/api_container_test.py::CreateContainerTest::test_create_with_uts_mode PASSED [ 17%]
tests/integration/api_container_test.py::CreateContainerTest::test_group_id_ints PASSED [ 17%]
tests/integration/api_container_test.py::CreateContainerTest::test_group_id_strings PASSED [ 17%]
tests/integration/api_container_test.py::CreateContainerTest::test_invalid_log_driver_raises_exception FAILED [ 18%]
tests/integration/api_container_test.py::CreateContainerTest::test_valid_log_driver_and_log_opt FAILED [ 18%]
tests/integration/api_container_test.py::CreateContainerTest::test_valid_no_config_specified FAILED [ 19%]
tests/integration/api_container_test.py::CreateContainerTest::test_valid_no_log_driver_specified FAILED [ 19%]
tests/integration/api_container_test.py::VolumeBindTest::test_create_with_binds_ro PASSED [ 19%]
tests/integration/api_container_test.py::VolumeBindTest::test_create_with_binds_rw PASSED [ 20%]
tests/integration/api_container_test.py::VolumeBindTest::test_create_with_mounts PASSED [ 20%]
tests/integration/api_container_test.py::VolumeBindTest::test_create_with_mounts_ro FAILED [ 20%]
tests/integration/api_container_test.py::VolumeBindTest::test_create_with_volume_mount PASSED [ 21%]
tests/integration/api_container_test.py::ArchiveTest::test_copy_directory_to_container PASSED [ 21%]
tests/integration/api_container_test.py::ArchiveTest::test_copy_file_to_container FAILED [ 21%]
tests/integration/api_container_test.py::ArchiveTest::test_get_file_archive_from_container PASSED [ 22%]
tests/integration/api_container_test.py::ArchiveTest::test_get_file_stat_from_container PASSED [ 22%]
tests/integration/api_container_test.py::RenameContainerTest::test_rename_container PASSED [ 23%]
tests/integration/api_container_test.py::StartContainerTest::test_run_shlex_commands PASSED [ 23%]
tests/integration/api_container_test.py::StartContainerTest::test_start_container PASSED [ 23%]
tests/integration/api_container_test.py::StartContainerTest::test_start_container_with_dict_instead_of_id PASSED [ 24%]
tests/integration/api_container_test.py::WaitTest::test_wait PASSED      [ 24%]
tests/integration/api_container_test.py::WaitTest::test_wait_with_condition PASSED [ 24%]
tests/integration/api_container_test.py::WaitTest::test_wait_with_dict_instead_of_id PASSED [ 25%]
tests/integration/api_container_test.py::LogsTest::test_logs PASSED      [ 25%]
tests/integration/api_container_test.py::LogsTest::test_logs_streaming_and_follow PASSED [ 25%]
tests/integration/api_container_test.py::LogsTest::test_logs_streaming_and_follow_and_cancel PASSED [ 26%]
tests/integration/api_container_test.py::LogsTest::test_logs_tail_option PASSED [ 26%]
tests/integration/api_container_test.py::LogsTest::test_logs_with_dict_instead_of_id PASSED [ 26%]
tests/integration/api_container_test.py::LogsTest::test_logs_with_tail_0 PASSED [ 27%]
tests/integration/api_container_test.py::LogsTest::test_logs_with_until PASSED [ 27%]
tests/integration/api_container_test.py::DiffTest::test_diff PASSED      [ 28%]
tests/integration/api_container_test.py::DiffTest::test_diff_with_dict_instead_of_id PASSED [ 28%]
tests/integration/api_container_test.py::StopTest::test_stop PASSED      [ 28%]
tests/integration/api_container_test.py::StopTest::test_stop_with_dict_instead_of_id PASSED [ 29%]
tests/integration/api_container_test.py::KillTest::test_kill PASSED      [ 29%]
tests/integration/api_container_test.py::KillTest::test_kill_with_dict_instead_of_id PASSED [ 29%]
tests/integration/api_container_test.py::KillTest::test_kill_with_signal PASSED [ 30%]
tests/integration/api_container_test.py::KillTest::test_kill_with_signal_integer PASSED [ 30%]
tests/integration/api_container_test.py::KillTest::test_kill_with_signal_name PASSED [ 30%]
tests/integration/api_container_test.py::PortTest::test_port FAILED      [ 31%]
tests/integration/api_container_test.py::ContainerTopTest::test_top XFAIL [ 31%]
tests/integration/api_container_test.py::ContainerTopTest::test_top_with_psargs XFAIL [ 32%]
tests/integration/api_container_test.py::RestartContainerTest::test_restart PASSED [ 32%]
tests/integration/api_container_test.py::RestartContainerTest::test_restart_with_dict_instead_of_id PASSED [ 32%]
tests/integration/api_container_test.py::RestartContainerTest::test_restart_with_low_timeout PASSED [ 33%]
tests/integration/api_container_test.py::RemoveContainerTest::test_remove PASSED [ 33%]
tests/integration/api_container_test.py::RemoveContainerTest::test_remove_with_dict_instead_of_id PASSED [ 33%]
tests/integration/api_container_test.py::AttachContainerTest::test_attach_no_stream FAILED [ 34%]
tests/integration/api_container_test.py::AttachContainerTest::test_attach_stream_and_cancel PASSED [ 34%]
tests/integration/api_container_test.py::AttachContainerTest::test_detach_with_arg PASSED [ 34%]
tests/integration/api_container_test.py::AttachContainerTest::test_detach_with_config_file PASSED [ 35%]
tests/integration/api_container_test.py::AttachContainerTest::test_detach_with_default PASSED [ 35%]
tests/integration/api_container_test.py::AttachContainerTest::test_run_container_reading_socket PASSED [ 35%]
tests/integration/api_container_test.py::AttachContainerTest::test_run_container_streaming PASSED [ 36%]
tests/integration/api_container_test.py::PauseTest::test_pause_unpause PASSED [ 36%]
tests/integration/api_container_test.py::PruneTest::test_prune_containers PASSED [ 37%]
tests/integration/api_container_test.py::GetContainerStatsTest::test_get_container_stats_no_stream PASSED [ 37%]
tests/integration/api_container_test.py::ContainerUpdateTest::test_restart_policy_update FAILED [ 37%]
tests/integration/api_container_test.py::ContainerUpdateTest::test_update_container FAILED [ 38%]
tests/integration/api_container_test.py::ContainerCPUTest::test_container_cpu_shares FAILED [ 38%]
tests/integration/api_container_test.py::ContainerCPUTest::test_container_cpuset FAILED [ 38%]
tests/integration/api_container_test.py::ContainerCPUTest::test_create_with_runtime FAILED [ 39%]
tests/integration/api_container_test.py::LinkTest::test_remove_link FAILED [ 39%]
tests/integration/api_exec_test.py::ExecTest::test_detach_with_config_file FAILED [ 39%]
tests/integration/api_exec_test.py::ExecTest::test_detach_with_default PASSED [ 40%]
tests/integration/api_exec_test.py::ExecTest::test_exec_command_as_root PASSED [ 40%]
tests/integration/api_exec_test.py::ExecTest::test_exec_command_as_user PASSED [ 41%]
tests/integration/api_exec_test.py::ExecTest::test_exec_command_streaming PASSED [ 41%]
tests/integration/api_exec_test.py::ExecTest::test_exec_command_string PASSED [ 41%]
tests/integration/api_exec_test.py::ExecTest::test_exec_command_with_env PASSED [ 42%]
tests/integration/api_exec_test.py::ExecTest::test_exec_command_with_workdir PASSED [ 42%]
tests/integration/api_exec_test.py::ExecTest::test_exec_inspect PASSED   [ 42%]
tests/integration/api_exec_test.py::ExecTest::test_exec_start_detached FAILED [ 43%]
tests/integration/api_exec_test.py::ExecTest::test_exec_start_socket FAILED [ 43%]
tests/integration/api_exec_test.py::ExecTest::test_execute_command PASSED [ 43%]
tests/integration/api_exec_test.py::ExecTest::test_execute_command_with_proxy_env PASSED [ 44%]
tests/integration/api_exec_test.py::ExecDemuxTest::test_exec_command_no_stream_demux PASSED [ 44%]
tests/integration/api_exec_test.py::ExecDemuxTest::test_exec_command_no_stream_no_demux PASSED [ 44%]
tests/integration/api_exec_test.py::ExecDemuxTest::test_exec_command_stream_demux PASSED [ 45%]
tests/integration/api_exec_test.py::ExecDemuxTest::test_exec_command_stream_no_demux PASSED [ 45%]
tests/integration/api_exec_test.py::ExecDemuxTest::test_exec_command_tty_no_stream_demux FAILED [ 46%]
tests/integration/api_exec_test.py::ExecDemuxTest::test_exec_command_tty_no_stream_no_demux FAILED [ 46%]
tests/integration/api_exec_test.py::ExecDemuxTest::test_exec_command_tty_stream_demux FAILED [ 46%]
tests/integration/api_exec_test.py::ExecDemuxTest::test_exec_command_tty_stream_no_demux FAILED [ 47%]
tests/integration/api_healthcheck_test.py::HealthcheckTest::test_healthcheck_fails FAILED [ 47%]
tests/integration/api_healthcheck_test.py::HealthcheckTest::test_healthcheck_passes FAILED [ 47%]
tests/integration/api_healthcheck_test.py::HealthcheckTest::test_healthcheck_shell_command FAILED [ 48%]
tests/integration/api_healthcheck_test.py::HealthcheckTest::test_healthcheck_start_period FAILED [ 48%]
tests/integration/api_image_test.py::ListImagesTest::test_images PASSED  [ 48%]
tests/integration/api_image_test.py::ListImagesTest::test_images_quiet PASSED [ 49%]
tests/integration/api_image_test.py::PullImageTest::test_pull PASSED     [ 49%]
tests/integration/api_image_test.py::PullImageTest::test_pull_invalid_platform FAILED [ 50%]
tests/integration/api_image_test.py::PullImageTest::test_pull_streaming PASSED [ 50%]
tests/integration/api_image_test.py::CommitTest::test_commit FAILED      [ 50%]
tests/integration/api_image_test.py::CommitTest::test_commit_with_changes FAILED [ 51%]
tests/integration/api_image_test.py::RemoveImageTest::test_remove PASSED [ 51%]
tests/integration/api_image_test.py::ImportImageTest::test_get_load_image FAILED [ 51%]
tests/integration/api_image_test.py::ImportImageTest::test_import_from_bytes PASSED [ 52%]
tests/integration/api_image_test.py::ImportImageTest::test_import_from_file PASSED [ 52%]
tests/integration/api_image_test.py::ImportImageTest::test_import_from_stream PASSED [ 52%]
tests/integration/api_image_test.py::ImportImageTest::test_import_from_url SKIPPED [ 53%]
tests/integration/api_image_test.py::ImportImageTest::test_import_image_from_data_with_changes PASSED [ 53%]
tests/integration/api_image_test.py::ImportImageTest::test_import_image_with_changes PASSED [ 53%]
tests/integration/api_image_test.py::PruneImagesTest::test_prune_images FAILED [ 54%]
tests/integration/api_image_test.py::SaveLoadImagesTest::test_get_image_load_image FAILED [ 54%]
tests/integration/api_image_test.py::InspectDistributionTest::test_inspect_distribution FAILED [ 55%]
tests/integration/api_network_test.py::TestNetworks::test_connect_and_disconnect_container FAILED [ 55%]
tests/integration/api_network_test.py::TestNetworks::test_connect_and_force_disconnect_container FAILED [ 55%]
tests/integration/api_network_test.py::TestNetworks::test_connect_on_container_create FAILED [ 56%]
tests/integration/api_network_test.py::TestNetworks::test_connect_with_aliases FAILED [ 56%]
tests/integration/api_network_test.py::TestNetworks::test_connect_with_ipv4_address FAILED [ 56%]
tests/integration/api_network_test.py::TestNetworks::test_connect_with_ipv6_address FAILED [ 57%]
tests/integration/api_network_test.py::TestNetworks::test_connect_with_links FAILED [ 57%]
tests/integration/api_network_test.py::TestNetworks::test_create_check_duplicate FAILED [ 57%]
tests/integration/api_network_test.py::TestNetworks::test_create_internal_networks PASSED [ 58%]
tests/integration/api_network_test.py::TestNetworks::test_create_network_ipv6_enabled FAILED [ 58%]
tests/integration/api_network_test.py::TestNetworks::test_create_network_with_host_driver_fails PASSED [ 58%]
tests/integration/api_network_test.py::TestNetworks::test_create_network_with_ipam_config FAILED [ 59%]
tests/integration/api_network_test.py::TestNetworks::test_create_network_with_labels PASSED [ 59%]
tests/integration/api_network_test.py::TestNetworks::test_create_network_with_labels_wrong_type PASSED [ 60%]
tests/integration/api_network_test.py::TestNetworks::test_create_remove_network_with_space_in_name PASSED [ 60%]
tests/integration/api_network_test.py::TestNetworks::test_create_with_aliases FAILED [ 60%]
tests/integration/api_network_test.py::TestNetworks::test_create_with_driveropt FAILED [ 61%]
tests/integration/api_network_test.py::TestNetworks::test_create_with_ipv4_address FAILED [ 61%]
tests/integration/api_network_test.py::TestNetworks::test_create_with_ipv6_address FAILED [ 61%]
tests/integration/api_network_test.py::TestNetworks::test_create_with_linklocal_ips FAILED [ 62%]
tests/integration/api_network_test.py::TestNetworks::test_create_with_links FAILED [ 62%]
tests/integration/api_network_test.py::TestNetworks::test_inspect_network PASSED [ 62%]
tests/integration/api_network_test.py::TestNetworks::test_list_networks PASSED [ 63%]
tests/integration/api_network_test.py::TestNetworks::test_prune_networks FAILED [ 63%]
tests/integration/api_network_test.py::TestNetworks::test_remove_network PASSED [ 64%]
tests/integration/api_plugin_test.py::PluginTest::test_configure_plugin FAILED [ 64%]
tests/integration/api_plugin_test.py::PluginTest::test_create_plugin FAILED [ 64%]
tests/integration/api_plugin_test.py::PluginTest::test_disable_plugin FAILED [ 65%]
tests/integration/api_plugin_test.py::PluginTest::test_enable_plugin FAILED [ 65%]
tests/integration/api_plugin_test.py::PluginTest::test_force_remove_plugin FAILED [ 65%]
tests/integration/api_plugin_test.py::PluginTest::test_inspect_plugin FAILED [ 66%]
tests/integration/api_plugin_test.py::PluginTest::test_install_plugin FAILED [ 66%]
tests/integration/api_plugin_test.py::PluginTest::test_list_plugins FAILED [ 66%]
tests/integration/api_plugin_test.py::PluginTest::test_plugin_privileges FAILED [ 67%]
tests/integration/api_plugin_test.py::PluginTest::test_remove_plugin FAILED [ 67%]
tests/integration/api_plugin_test.py::PluginTest::test_upgrade_plugin FAILED [ 67%]
tests/integration/api_secret_test.py::SecretAPITest::test_create_secret FAILED [ 68%]
tests/integration/api_secret_test.py::SecretAPITest::test_create_secret_unicode_data FAILED [ 68%]
tests/integration/api_secret_test.py::SecretAPITest::test_inspect_secret FAILED [ 69%]
tests/integration/api_secret_test.py::SecretAPITest::test_list_secrets FAILED [ 69%]
tests/integration/api_secret_test.py::SecretAPITest::test_remove_secret FAILED [ 69%]
tests/integration/api_volume_test.py::TestVolumes::test_create_volume PASSED [ 70%]
tests/integration/api_volume_test.py::TestVolumes::test_create_volume_invalid_driver FAILED [ 70%]
tests/integration/api_volume_test.py::TestVolumes::test_force_remove_volume PASSED [ 70%]
tests/integration/api_volume_test.py::TestVolumes::test_inspect_nonexistent_volume PASSED [ 71%]
tests/integration/api_volume_test.py::TestVolumes::test_inspect_volume FAILED [ 71%]
tests/integration/api_volume_test.py::TestVolumes::test_list_volumes FAILED [ 71%]
tests/integration/api_volume_test.py::TestVolumes::test_prune_volumes PASSED [ 72%]
tests/integration/api_volume_test.py::TestVolumes::test_remove_nonexistent_volume PASSED [ 72%]
tests/integration/api_volume_test.py::TestVolumes::test_remove_volume PASSED [ 73%]
tests/integration/client_test.py::ClientTest::test_df PASSED             [ 73%]
tests/integration/client_test.py::ClientTest::test_info PASSED           [ 73%]
tests/integration/client_test.py::ClientTest::test_ping PASSED           [ 74%]
tests/integration/client_test.py::ClientTest::test_version PASSED        [ 74%]
tests/integration/client_test.py::CancellableEventsTest::test_cancel_events PASSED [ 74%]
tests/integration/context_api_test.py::ContextLifecycleTest::test_context_remove PASSED [ 75%]
tests/integration/context_api_test.py::ContextLifecycleTest::test_lifecycle PASSED [ 75%]
tests/integration/context_api_test.py::ContextLifecycleTest::test_load_context_without_orchestrator PASSED [ 75%]
tests/integration/errors_test.py::ErrorsTest::test_api_error_parses_json FAILED [ 76%]
tests/integration/models_containers_test.py::ContainerCollectionTest::test_get FAILED [ 76%]
tests/integration/models_containers_test.py::ContainerCollectionTest::test_list FAILED [ 76%]
tests/integration/models_containers_test.py::ContainerCollectionTest::test_list_sparse FAILED [ 77%]
tests/integration/models_containers_test.py::ContainerCollectionTest::test_run PASSED [ 77%]
tests/integration/models_containers_test.py::ContainerCollectionTest::test_run_detach FAILED [ 78%]
tests/integration/models_containers_test.py::ContainerCollectionTest::test_run_with_auto_remove PASSED [ 78%]
tests/integration/models_containers_test.py::ContainerCollectionTest::test_run_with_auto_remove_error PASSED [ 78%]
tests/integration/models_containers_test.py::ContainerCollectionTest::test_run_with_error PASSED [ 79%]
tests/integration/models_containers_test.py::ContainerCollectionTest::test_run_with_image_that_does_not_exist FAILED [ 79%]
tests/integration/models_containers_test.py::ContainerCollectionTest::test_run_with_json_file_driver PASSED [ 79%]
tests/integration/models_containers_test.py::ContainerCollectionTest::test_run_with_named_volume PASSED [ 80%]
tests/integration/models_containers_test.py::ContainerCollectionTest::test_run_with_network FAILED [ 80%]
tests/integration/models_containers_test.py::ContainerCollectionTest::test_run_with_none_driver PASSED [ 80%]
tests/integration/models_containers_test.py::ContainerCollectionTest::test_run_with_proxy_config PASSED [ 81%]
tests/integration/models_containers_test.py::ContainerCollectionTest::test_run_with_streamed_logs PASSED [ 81%]
tests/integration/models_containers_test.py::ContainerCollectionTest::test_run_with_streamed_logs_and_cancel FAILED [ 82%]
tests/integration/models_containers_test.py::ContainerCollectionTest::test_run_with_volume PASSED [ 82%]
tests/integration/models_containers_test.py::ContainerTest::test_commit PASSED [ 82%]
tests/integration/models_containers_test.py::ContainerTest::test_create_with_volume_driver FAILED [ 83%]
tests/integration/models_containers_test.py::ContainerTest::test_diff FAILED [ 83%]
tests/integration/models_containers_test.py::ContainerTest::test_exec_run_failed FAILED [ 83%]
tests/integration/models_containers_test.py::ContainerTest::test_exec_run_success PASSED [ 84%]
tests/integration/models_containers_test.py::ContainerTest::test_kill FAILED [ 84%]
tests/integration/models_containers_test.py::ContainerTest::test_logs PASSED [ 84%]
tests/integration/models_containers_test.py::ContainerTest::test_pause PASSED [ 85%]
tests/integration/models_containers_test.py::ContainerTest::test_ports_target_list PASSED [ 85%]
tests/integration/models_containers_test.py::ContainerTest::test_ports_target_none PASSED [ 85%]
tests/integration/models_containers_test.py::ContainerTest::test_ports_target_tuple PASSED [ 86%]
tests/integration/models_containers_test.py::ContainerTest::test_remove PASSED [ 86%]
tests/integration/models_containers_test.py::ContainerTest::test_rename PASSED [ 87%]
tests/integration/models_containers_test.py::ContainerTest::test_restart PASSED [ 87%]
tests/integration/models_containers_test.py::ContainerTest::test_start PASSED [ 87%]
tests/integration/models_containers_test.py::ContainerTest::test_stats PASSED [ 88%]
tests/integration/models_containers_test.py::ContainerTest::test_stop PASSED [ 88%]
tests/integration/models_containers_test.py::ContainerTest::test_top FAILED [ 88%]
tests/integration/models_containers_test.py::ContainerTest::test_update FAILED [ 89%]
tests/integration/models_containers_test.py::ContainerTest::test_wait PASSED [ 89%]
tests/integration/models_images_test.py::ImageCollectionTest::test_build PASSED [ 89%]
tests/integration/models_images_test.py::ImageCollectionTest::test_build_with_error FAILED [ 90%]
tests/integration/models_images_test.py::ImageCollectionTest::test_build_with_multiple_success PASSED [ 90%]
tests/integration/models_images_test.py::ImageCollectionTest::test_build_with_success_build_output PASSED [ 91%]
tests/integration/models_images_test.py::ImageCollectionTest::test_list PASSED [ 91%]
tests/integration/models_images_test.py::ImageCollectionTest::test_list_with_repository PASSED [ 91%]
tests/integration/models_images_test.py::ImageCollectionTest::test_load_error FAILED [ 92%]
tests/integration/models_images_test.py::ImageCollectionTest::test_pull FAILED [ 92%]
tests/integration/models_images_test.py::ImageCollectionTest::test_pull_multiple FAILED [ 92%]
tests/integration/models_images_test.py::ImageCollectionTest::test_pull_with_sha FAILED [ 93%]
tests/integration/models_images_test.py::ImageCollectionTest::test_pull_with_tag FAILED [ 93%]
tests/integration/models_images_test.py::ImageCollectionTest::test_save_and_load PASSED [ 93%]
tests/integration/models_images_test.py::ImageCollectionTest::test_save_and_load_repo_name FAILED [ 94%]
tests/integration/models_images_test.py::ImageCollectionTest::test_save_name_error PASSED [ 94%]
tests/integration/models_images_test.py::ImageTest::test_tag_and_remove PASSED [ 94%]
tests/integration/models_networks_test.py::NetworkCollectionTest::test_create PASSED [ 95%]
tests/integration/models_networks_test.py::NetworkCollectionTest::test_get PASSED [ 95%]
tests/integration/models_networks_test.py::NetworkCollectionTest::test_list_remove FAILED [ 96%]
tests/integration/models_networks_test.py::NetworkTest::test_connect_disconnect FAILED [ 96%]
tests/integration/models_resources_test.py::ModelTest::test_reload PASSED [ 96%]
tests/integration/models_volumes_test.py::VolumesTest::test_create_get PASSED [ 97%]
tests/integration/models_volumes_test.py::VolumesTest::test_list_remove FAILED [ 97%]
tests/integration/regression_test.py::TestRegressions::test_443_handle_nonchunked_response_in_stream FAILED [ 97%]
tests/integration/regression_test.py::TestRegressions::test_542_truncate_ids_client_side PASSED [ 98%]
tests/integration/regression_test.py::TestRegressions::test_647_support_doubleslash_in_image_names PASSED [ 98%]
tests/integration/regression_test.py::TestRegressions::test_649_handle_timeout_value_none PASSED [ 98%]
tests/integration/regression_test.py::TestRegressions::test_715_handle_user_param_as_int_value PASSED [ 99%]
tests/integration/regression_test.py::TestRegressions::test_792_explicit_port_protocol PASSED [ 99%]
tests/integration/credentials/utils_test.py::test_create_environment_dict PASSED [100%]

=================================== FAILURES ===================================
________________ BuildTest.test_build_in_context_abs_dockerfile ________________
tests/integration/api_build_test.py:575: in test_build_in_context_abs_dockerfile
    assert 'Successfully tagged' in lines[-1]['stream']
E   AssertionError: assert 'Successfully tagged' in 'Successfully built 52e13b1798d4\n'
__________________ BuildTest.test_build_in_context_dockerfile __________________
tests/integration/api_build_test.py:510: in test_build_in_context_dockerfile
    assert 'Successfully tagged' in lines[-1]['stream']
E   AssertionError: assert 'Successfully tagged' in 'Successfully built 3e191e21298f\n'
______________ BuildTest.test_build_in_context_nested_dockerfile _______________
tests/integration/api_build_test.py:543: in test_build_in_context_nested_dockerfile
    assert 'Successfully tagged' in lines[-1]['stream']
E   AssertionError: assert 'Successfully tagged' in 'Successfully built 481e5ab5fb1e\n'
____________________ BuildTest.test_build_invalid_platform _____________________
tests/integration/api_build_test.py:448: in test_build_invalid_platform
    pass
E   Failed: DID NOT RAISE <class 'docker.errors.APIError'>
________________________ BuildTest.test_build_isolation ________________________
docker/api/client.py:296: in _raise_for_status
    response.raise_for_status()
../../.virtualenvs/docker-py/lib/python3.8/site-packages/requests/models.py:940: in raise_for_status
    raise HTTPError(http_error_msg, response=self)
E   requests.exceptions.HTTPError: 400 Client Error: Bad Request for url: http+docker://localhost/v1.40/build?t=isolation&q=False&nocache=False&rm=False&forcerm=False&pull=False&isolation=default

During handling of the above exception, another exception occurred:
tests/integration/api_build_test.py:196: in test_build_isolation
    for chunk in stream:
docker/api/client.py:389: in _stream_helper
    yield self._result(response, json=decode)
docker/api/client.py:302: in _result
    self._raise_for_status(response)
docker/api/client.py:298: in _raise_for_status
    raise create_api_error_from_http_exception(e)
docker/errors.py:31: in create_api_error_from_http_exception
    raise cls(e, response=response, explanation=explanation)
E   docker.errors.APIError: 400 Client Error for http+docker://localhost/v1.40/build?t=isolation&q=False&nocache=False&rm=False&forcerm=False&pull=False&isolation=default: Bad Request ("schema: error converting value for "isolation"")
_________________________ BuildTest.test_build_labels __________________________
docker/api/client.py:296: in _raise_for_status
    response.raise_for_status()
../../.virtualenvs/docker-py/lib/python3.8/site-packages/requests/models.py:940: in raise_for_status
    raise HTTPError(http_error_msg, response=self)
E   requests.exceptions.HTTPError: 400 Client Error: Bad Request for url: http+docker://localhost/v1.40/build?t=labels&q=False&nocache=False&rm=False&forcerm=False&pull=False&labels=%7B%22test%22%3A+%22OK%22%7D

During handling of the above exception, another exception occurred:
tests/integration/api_build_test.py:211: in test_build_labels
    for chunk in stream:
docker/api/client.py:389: in _stream_helper
    yield self._result(response, json=decode)
docker/api/client.py:302: in _result
    self._raise_for_status(response)
docker/api/client.py:298: in _raise_for_status
    raise create_api_error_from_http_exception(e)
docker/errors.py:31: in create_api_error_from_http_exception
    raise cls(e, response=response, explanation=explanation)
E   docker.errors.APIError: 400 Client Error for http+docker://localhost/v1.40/build?t=labels&q=False&nocache=False&rm=False&forcerm=False&pull=False&labels=%7B%22test%22%3A+%22OK%22%7D: Bad Request ("failed to parse query parameter 'labels': "{\"test\": \"OK\"}": json: cannot unmarshal object into Go value of type []string")
________________ BuildTest.test_build_out_of_context_dockerfile ________________
tests/integration/api_build_test.py:481: in test_build_out_of_context_dockerfile
    assert 'Successfully tagged' in lines[-1]['stream']
E   KeyError: 'stream'
_________________________ BuildTest.test_build_squash __________________________
tests/integration/api_build_test.py:371: in test_build_squash
    assert len(non_squashed['RootFS']['Layers']) == 4
E   AssertionError: assert 2 == 4
E     +2
E     -4
_______________________ BuildTest.test_build_stderr_data _______________________
tests/integration/api_build_test.py:391: in test_build_stderr_data
    assert any([line == expected for line in lines])
E   AssertionError: assert False
E    +  where False = any([False, False, False, False, False, False, ...])
_____________________ BuildTest.test_build_with_cache_from _____________________
tests/integration/api_build_test.py:240: in test_build_with_cache_from
    assert counter == 3
E   AssertionError: assert 0 == 3
E     +0
E     -3
____________________ BuildTest.test_build_with_extra_hosts _____________________
docker/api/client.py:296: in _raise_for_status
    response.raise_for_status()
../../.virtualenvs/docker-py/lib/python3.8/site-packages/requests/models.py:940: in raise_for_status
    raise HTTPError(http_error_msg, response=self)
E   requests.exceptions.HTTPError: 400 Client Error: Bad Request for url: http+docker://localhost/v1.40/build?t=dockerpytest_extrahost_build&q=False&nocache=False&rm=False&forcerm=False&pull=False&extrahosts=extrahost.local.test%3A127.0.0.1&extrahosts=hello.world.test%3A127.0.0.1

During handling of the above exception, another exception occurred:
tests/integration/api_build_test.py:336: in test_build_with_extra_hosts
    for chunk in stream:
docker/api/client.py:389: in _stream_helper
    yield self._result(response, json=decode)
docker/api/client.py:302: in _result
    self._raise_for_status(response)
docker/api/client.py:298: in _raise_for_status
    raise create_api_error_from_http_exception(e)
docker/errors.py:31: in create_api_error_from_http_exception
    raise cls(e, response=response, explanation=explanation)
E   docker.errors.APIError: 400 Client Error for http+docker://localhost/v1.40/build?t=dockerpytest_extrahost_build&q=False&nocache=False&rm=False&forcerm=False&pull=False&extrahosts=extrahost.local.test%3A127.0.0.1&extrahosts=hello.world.test%3A127.0.0.1: Bad Request ("failed to parse query parameter 'extrahosts': "hello.world.test:127.0.0.1": invalid character 'h' looking for beginning of value")
____________________ BuildTest.test_build_with_network_mode ____________________
docker/api/client.py:296: in _raise_for_status
    response.raise_for_status()
../../.virtualenvs/docker-py/lib/python3.8/site-packages/requests/models.py:940: in raise_for_status
    raise HTTPError(http_error_msg, response=self)
E   requests.exceptions.HTTPError: 500 Server Error: Internal Server Error for url: http+docker://localhost/v1.40/networks/7a3f2ea5e4931f1f225d9b0a76a01b2564984100db3f52608c441fcd18ebaf4c/connect

During handling of the above exception, another exception occurred:
tests/integration/api_build_test.py:283: in test_build_with_network_mode
    self.client.connect_container_to_network(
docker/utils/decorators.py:19: in wrapped
    return f(self, resource_id, *args, **kwargs)
docker/api/network.py:250: in connect_container_to_network
    self._raise_for_status(res)
docker/api/client.py:298: in _raise_for_status
    raise create_api_error_from_http_exception(e)
docker/errors.py:31: in create_api_error_from_http_exception
    raise cls(e, response=response, explanation=explanation)
E   docker.errors.APIError: 500 Server Error for http+docker://localhost/v1.40/networks/7a3f2ea5e4931f1f225d9b0a76a01b2564984100db3f52608c441fcd18ebaf4c/connect: Internal Server Error ("network disconnect is not enabled for rootless containers")
___________ CreateContainerTest.test_create_with_device_cgroup_rules ___________
tests/integration/api_container_test.py:477: in test_create_with_device_cgroup_rules
    assert config['HostConfig']['DeviceCgroupRules'] == [rule]
E   AssertionError: assert None == ['c 7:128 rwm']
E     +None
E     -['c 7:128 rwm']
______ CreateContainerTest.test_create_with_environment_variable_no_value ______
tests/integration/api_container_test.py:373: in test_create_with_environment_variable_no_value
    assert 'Foo' in config['Config']['Env']
E   AssertionError: assert 'Foo' in ['PATH=/usr/local/sbin:/usr/local/bin:/usr/sbin:/usr/bin:/sbin:/bin', 'TERM=xterm', 'container=podman', 'Blank=', 'Other=one']
______________ CreateContainerTest.test_create_with_host_pid_mode ______________
docker/api/client.py:296: in _raise_for_status
    response.raise_for_status()
../../.virtualenvs/docker-py/lib/python3.8/site-packages/requests/models.py:940: in raise_for_status
    raise HTTPError(http_error_msg, response=self)
E   requests.exceptions.HTTPError: 500 Server Error: Internal Server Error for url: http+docker://localhost/v1.40/containers/551883a34e27ade3b7d981139516bd4dbba7bb256c10bc6437cc127c3e1a6409/start

During handling of the above exception, another exception occurred:
tests/integration/api_container_test.py:59: in test_create_with_host_pid_mode
    self.client.start(ctnr)
docker/utils/decorators.py:19: in wrapped
    return f(self, resource_id, *args, **kwargs)
docker/api/container.py:1111: in start
    self._raise_for_status(res)
docker/api/client.py:298: in _raise_for_status
    raise create_api_error_from_http_exception(e)
docker/errors.py:31: in create_api_error_from_http_exception
    raise cls(e, response=response, explanation=explanation)
E   docker.errors.APIError: 500 Server Error for http+docker://localhost/v1.40/containers/551883a34e27ade3b7d981139516bd4dbba7bb256c10bc6437cc127c3e1a6409/start: Internal Server Error ("container_linux.go:370: starting container process caused: process_linux.go:459: container init caused: readonly path /proc/asound: operation not permitted: OCI permission denied")
________________ CreateContainerTest.test_create_with_isolation ________________
tests/integration/api_container_test.py:402: in test_create_with_isolation
    assert config['HostConfig']['Isolation'] == 'default'
E   AssertionError: assert '' == 'default'
E     - default
__________________ CreateContainerTest.test_create_with_links __________________
docker/api/client.py:296: in _raise_for_status
    response.raise_for_status()
../../.virtualenvs/docker-py/lib/python3.8/site-packages/requests/models.py:940: in raise_for_status
    raise HTTPError(http_error_msg, response=self)
E   requests.exceptions.HTTPError: 400 Client Error: Bad Request for url: http+docker://localhost/v1.40/containers/create

During handling of the above exception, another exception occurred:
tests/integration/api_container_test.py:96: in test_create_with_links
    res2 = self.client.create_container(
docker/api/container.py:430: in create_container
    return self.create_container_from_config(config, name)
docker/api/container.py:441: in create_container_from_config
    return self._result(res, True)
docker/api/client.py:302: in _result
    self._raise_for_status(response)
docker/api/client.py:298: in _raise_for_status
    raise create_api_error_from_http_exception(e)
docker/errors.py:31: in create_api_error_from_http_exception
    raise cls(e, response=response, explanation=explanation)
E   docker.errors.APIError: 400 Client Error for http+docker://localhost/v1.40/containers/create: Bad Request ("bad parameter: Link is not supported")
_______________ CreateContainerTest.test_create_with_mac_address _______________
tests/integration/api_container_test.py:217: in test_create_with_mac_address
    assert mac_address_expected == res['NetworkSettings']['MacAddress']
E   AssertionError: assert '02:42:ac:11:00:0a' == ''
E     + 02:42:ac:11:00:0a
_____________ CreateContainerTest.test_create_with_restart_policy ______________
tests/integration/api_container_test.py:127: in test_create_with_restart_policy
    self.client.remove_container(id)
E   Failed: DID NOT RAISE <class 'docker.errors.APIError'>
__________________ CreateContainerTest.test_create_with_tmpfs __________________
tests/integration/api_container_test.py:391: in test_create_with_tmpfs
    assert config['HostConfig']['Tmpfs'] == tmpfs
E   AssertionError: assert {'/tmp1=size=...ev,tmpcopyup'} == {'/tmp1': 'size=3M'}
E     Left contains 1 more item:
E     {'/tmp1=size=3M': 'rw,rprivate,nosuid,nodev,tmpcopyup'}
E     Right contains 1 more item:
E     {'/tmp1': 'size=3M'}
E     Full diff:
E     - {'/tmp1': 'size=3M'}
E     + {'/tmp1=size=3M': 'rw,rprivate,nosuid,nodev,tmpcopyup'}
_________ CreateContainerTest.test_invalid_log_driver_raises_exception _________
tests/integration/api_container_test.py:293: in test_invalid_log_driver_raises_exception
    assert excinfo.value.explanation in expected_msgs
E   AssertionError: assert 'container create: error running container create option: invalid log driver: invalid argument' in ["logger: no log driver named 'asdf' is registered", 'error looking up logging plugin asdf: plugin "asdf" not found']
E    +  where 'container create: error running container create option: invalid log driver: invalid argument' = APIError(HTTPError('500 Server Error: Internal Server Error for url: http+docker://localhost/v1.40/containers/create')).explanation
E    +    where APIError(HTTPError('500 Server Error: Internal Server Error for url: http+docker://localhost/v1.40/containers/create')) = <ExceptionInfo APIError(HTTPError('500 Server Error: Internal Server Error for url: http+docker://localhost/v1.40/containers/create')) tblen=6>.value
____________ CreateContainerTest.test_valid_log_driver_and_log_opt _____________
tests/integration/api_container_test.py:272: in test_valid_log_driver_and_log_opt
    assert container_log_config['Config'] == log_config.config
E   AssertionError: assert None == {'max-file': '100'}
E     +None
E     -{'max-file': '100'}
______________ CreateContainerTest.test_valid_no_config_specified ______________
tests/integration/api_container_test.py:331: in test_valid_no_config_specified
    assert container_log_config['Config'] == {}
E   AssertionError: assert None == {}
E     +None
E     -{}
____________ CreateContainerTest.test_valid_no_log_driver_specified ____________
tests/integration/api_container_test.py:312: in test_valid_no_log_driver_specified
    assert container_log_config['Config'] == log_config.config
E   AssertionError: assert None == {'max-file': '100'}
E     +None
E     -{'max-file': '100'}
__________________ VolumeBindTest.test_create_with_mounts_ro ___________________
tests/integration/api_container_test.py:581: in test_create_with_mounts_ro
    self.check_container_data(inspect_data, False)
tests/integration/api_container_test.py:614: in check_container_data
    assert mount_data['RW'] == rw
E   AssertionError: assert True == False
E     +True
E     -False
___________________ ArchiveTest.test_copy_file_to_container ____________________
tests/integration/api_container_test.py:689: in test_copy_file_to_container
    assert logs.strip() == data
E   AssertionError: assert '' == 'Deaf To All But The Song'
E     - Deaf To All But The Song
______________________________ PortTest.test_port ______________________________
docker/api/client.py:296: in _raise_for_status
    response.raise_for_status()
../../.virtualenvs/docker-py/lib/python3.8/site-packages/requests/models.py:940: in raise_for_status
    raise HTTPError(http_error_msg, response=self)
E   requests.exceptions.HTTPError: 500 Server Error: Internal Server Error for url: http+docker://localhost/v1.40/containers/c5856f10d2457eb5f4a5e05192678edd1a1521ea14bc36f4ceccc03f39a6b35c/start

During handling of the above exception, another exception occurred:
tests/integration/api_container_test.py:1090: in test_port
    self.client.start(container)
docker/utils/decorators.py:19: in wrapped
    return f(self, resource_id, *args, **kwargs)
docker/api/container.py:1111: in start
    self._raise_for_status(res)
docker/api/client.py:298: in _raise_for_status
    raise create_api_error_from_http_exception(e)
docker/errors.py:31: in create_api_error_from_http_exception
    raise cls(e, response=response, explanation=explanation)
E   docker.errors.APIError: 500 Server Error for http+docker://localhost/v1.40/containers/c5856f10d2457eb5f4a5e05192678edd1a1521ea14bc36f4ceccc03f39a6b35c/start: Internal Server Error ("container_linux.go:370: starting container process caused: process_linux.go:459: container init caused: rootfs_linux.go:59: mounting "/home/riyad/.config/cni/net.d" to rootfs at "/home/riyad/podman/storage/overlay/03183fc0d1be7151e87e00aafe19f02dff28c3dc982e6ddfcda125c18fe75c95/merged/etc/cni/net.d" caused: operation not permitted: OCI permission denied")
__________________ AttachContainerTest.test_attach_no_stream ___________________
docker/api/client.py:296: in _raise_for_status
    response.raise_for_status()
../../.virtualenvs/docker-py/lib/python3.8/site-packages/requests/models.py:940: in raise_for_status
    raise HTTPError(http_error_msg, response=self)
E   requests.exceptions.HTTPError: 500 Server Error: Internal Server Error for url: http+docker://localhost/v1.40/containers/0dc8dafdbc0859487a8aa2f0aac058cb1725a64fc3817ada39a70bf7903aee60/attach?logs=1&stdout=1&stderr=1&stream=0

During handling of the above exception, another exception occurred:
tests/integration/api_container_test.py:1251: in test_attach_no_stream
    output = self.client.attach(container, stream=False, logs=True)
docker/utils/decorators.py:19: in wrapped
    return f(self, resource_id, *args, **kwargs)
docker/api/container.py:62: in attach
    output = self._read_from_socket(
docker/api/client.py:435: in _read_from_socket
    socket = self._get_raw_response_socket(response)
docker/api/client.py:346: in _get_raw_response_socket
    self._raise_for_status(response)
docker/api/client.py:298: in _raise_for_status
    raise create_api_error_from_http_exception(e)
docker/errors.py:31: in create_api_error_from_http_exception
    raise cls(e, response=response, explanation=explanation)
E   docker.errors.APIError: 500 Server Error for http+docker://localhost/v1.40/containers/0dc8dafdbc0859487a8aa2f0aac058cb1725a64fc3817ada39a70bf7903aee60/attach?logs=1&stdout=1&stderr=1&stream=0: Internal Server Error ("can only attach to created or running containers - currently in state stopped: container state improper")
________________ ContainerUpdateTest.test_restart_policy_update ________________
docker/api/client.py:296: in _raise_for_status
    response.raise_for_status()
../../.virtualenvs/docker-py/lib/python3.8/site-packages/requests/models.py:940: in raise_for_status
    raise HTTPError(http_error_msg, response=self)
E   requests.exceptions.HTTPError: 404 Client Error: Not Found for url: http+docker://localhost/v1.40/containers/44eae0d44f9b96d14288612de715e160141a92b45e4ba8560b3a1f0b5c69dde0/update

During handling of the above exception, another exception occurred:
tests/integration/api_container_test.py:1438: in test_restart_policy_update
    self.client.update_container(container,
docker/utils/decorators.py:34: in wrapper
    return f(self, *args, **kwargs)
docker/utils/decorators.py:19: in wrapped
    return f(self, resource_id, *args, **kwargs)
docker/api/container.py:1270: in update_container
    return self._result(res, True)
docker/api/client.py:302: in _result
    self._raise_for_status(response)
docker/api/client.py:298: in _raise_for_status
    raise create_api_error_from_http_exception(e)
docker/errors.py:31: in create_api_error_from_http_exception
    raise cls(e, response=response, explanation=explanation)
E   docker.errors.NotFound: 404 Client Error for http+docker://localhost/v1.40/containers/44eae0d44f9b96d14288612de715e160141a92b45e4ba8560b3a1f0b5c69dde0/update: Not Found ("b'Not Found'")
__________________ ContainerUpdateTest.test_update_container ___________________
docker/api/client.py:296: in _raise_for_status
    response.raise_for_status()
../../.virtualenvs/docker-py/lib/python3.8/site-packages/requests/models.py:940: in raise_for_status
    raise HTTPError(http_error_msg, response=self)
E   requests.exceptions.HTTPError: 404 Client Error: Not Found for url: http+docker://localhost/v1.40/containers/46e7ff3f78adbeaa14a0061b400693c78506bc8316783362c1eb33c930f25685/update

During handling of the above exception, another exception occurred:
tests/integration/api_container_test.py:1416: in test_update_container
    self.client.update_container(container, mem_limit=new_mem_limit)
docker/utils/decorators.py:34: in wrapper
    return f(self, *args, **kwargs)
docker/utils/decorators.py:19: in wrapped
    return f(self, resource_id, *args, **kwargs)
docker/api/container.py:1270: in update_container
    return self._result(res, True)
docker/api/client.py:302: in _result
    self._raise_for_status(response)
docker/api/client.py:298: in _raise_for_status
    raise create_api_error_from_http_exception(e)
docker/errors.py:31: in create_api_error_from_http_exception
    raise cls(e, response=response, explanation=explanation)
E   docker.errors.NotFound: 404 Client Error for http+docker://localhost/v1.40/containers/46e7ff3f78adbeaa14a0061b400693c78506bc8316783362c1eb33c930f25685/update: Not Found ("b'Not Found'")
__________________ ContainerCPUTest.test_container_cpu_shares __________________
docker/api/client.py:296: in _raise_for_status
    response.raise_for_status()
../../.virtualenvs/docker-py/lib/python3.8/site-packages/requests/models.py:940: in raise_for_status
    raise HTTPError(http_error_msg, response=self)
E   requests.exceptions.HTTPError: 500 Server Error: Internal Server Error for url: http+docker://localhost/v1.40/containers/177e643340821eab3c9a9df714e16b1fd35dc9e250de4cf5b4bc5142e4a75a64/start

During handling of the above exception, another exception occurred:
tests/integration/api_container_test.py:1460: in test_container_cpu_shares
    self.client.start(container)
docker/utils/decorators.py:19: in wrapped
    return f(self, resource_id, *args, **kwargs)
docker/api/container.py:1111: in start
    self._raise_for_status(res)
docker/api/client.py:298: in _raise_for_status
    raise create_api_error_from_http_exception(e)
docker/errors.py:31: in create_api_error_from_http_exception
    raise cls(e, response=response, explanation=explanation)
E   docker.errors.APIError: 500 Server Error for http+docker://localhost/v1.40/containers/177e643340821eab3c9a9df714e16b1fd35dc9e250de4cf5b4bc5142e4a75a64/start: Internal Server Error ("container_linux.go:370: starting container process caused: process_linux.go:459: container init caused: process_linux.go:422: setting cgroup config for procHooks process caused: failed to write "20" to "/sys/fs/cgroup/user.slice/user-1000.slice/user@1000.service/user.slice/libpod-177e643340821eab3c9a9df714e16b1fd35dc9e250de4cf5b4bc5142e4a75a64.scope/cpu.weight": open /sys/fs/cgroup/user.slice/user-1000.slice/user@1000.service/user.slice/libpod-177e643340821eab3c9a9df714e16b1fd35dc9e250de4cf5b4bc5142e4a75a64.scope/cpu.weight: permission denied: OCI permission denied")
____________________ ContainerCPUTest.test_container_cpuset ____________________
docker/api/client.py:296: in _raise_for_status
    response.raise_for_status()
../../.virtualenvs/docker-py/lib/python3.8/site-packages/requests/models.py:940: in raise_for_status
    raise HTTPError(http_error_msg, response=self)
E   requests.exceptions.HTTPError: 500 Server Error: Internal Server Error for url: http+docker://localhost/v1.40/containers/2a311f27db51097884664426b94c524afeb1926463c45e650b3db429b6d9c7a6/start

During handling of the above exception, another exception occurred:
tests/integration/api_container_test.py:1472: in test_container_cpuset
    self.client.start(container)
docker/utils/decorators.py:19: in wrapped
    return f(self, resource_id, *args, **kwargs)
docker/api/container.py:1111: in start
    self._raise_for_status(res)
docker/api/client.py:298: in _raise_for_status
    raise create_api_error_from_http_exception(e)
docker/errors.py:31: in create_api_error_from_http_exception
    raise cls(e, response=response, explanation=explanation)
E   docker.errors.APIError: 500 Server Error for http+docker://localhost/v1.40/containers/2a311f27db51097884664426b94c524afeb1926463c45e650b3db429b6d9c7a6/start: Internal Server Error ("container_linux.go:370: starting container process caused: process_linux.go:459: container init caused: process_linux.go:422: setting cgroup config for procHooks process caused: failed to write "0,1" to "/sys/fs/cgroup/user.slice/user-1000.slice/user@1000.service/user.slice/libpod-2a311f27db51097884664426b94c524afeb1926463c45e650b3db429b6d9c7a6.scope/cpuset.cpus": open /sys/fs/cgroup/user.slice/user-1000.slice/user@1000.service/user.slice/libpod-2a311f27db51097884664426b94c524afeb1926463c45e650b3db429b6d9c7a6.scope/cpuset.cpus: permission denied: OCI permission denied")
__________________ ContainerCPUTest.test_create_with_runtime ___________________
tests/integration/api_container_test.py:1483: in test_create_with_runtime
    assert config['HostConfig']['Runtime'] == 'runc'
E   AssertionError: assert 'oci' == 'runc'
E     - runc
E     + oci
__________________________ LinkTest.test_remove_link ___________________________
docker/api/client.py:296: in _raise_for_status
    response.raise_for_status()
../../.virtualenvs/docker-py/lib/python3.8/site-packages/requests/models.py:940: in raise_for_status
    raise HTTPError(http_error_msg, response=self)
E   requests.exceptions.HTTPError: 400 Client Error: Bad Request for url: http+docker://localhost/v1.40/containers/create

During handling of the above exception, another exception occurred:
tests/integration/api_container_test.py:1501: in test_remove_link
    container2 = self.client.create_container(
docker/api/container.py:430: in create_container
    return self.create_container_from_config(config, name)
docker/api/container.py:441: in create_container_from_config
    return self._result(res, True)
docker/api/client.py:302: in _result
    self._raise_for_status(response)
docker/api/client.py:298: in _raise_for_status
    raise create_api_error_from_http_exception(e)
docker/errors.py:31: in create_api_error_from_http_exception
    raise cls(e, response=response, explanation=explanation)
E   docker.errors.APIError: 400 Client Error for http+docker://localhost/v1.40/containers/create: Bad Request ("bad parameter: Link is not supported")
____________________ ExecTest.test_detach_with_config_file _____________________
tests/integration/api_exec_test.py:227: in test_detach_with_config_file
    assert_cat_socket_detached_with_keys(sock, [ctrl_with('p')])
tests/helpers.py:138: in assert_cat_socket_detached_with_keys
    assert data == b'' or data.startswith(
E   AssertionError
______________________ ExecTest.test_exec_start_detached _______________________
tests/integration/api_exec_test.py:152: in test_exec_start_detached
    assert response == ""
E   AssertionError: assert '\n' == ''
E     Strings contain only whitespace, escaping them using repr()
E     - ''
E     + '\n'
_______________________ ExecTest.test_exec_start_socket ________________________
tests/integration/api_exec_test.py:134: in test_exec_start_socket
    assert stream == 1  # stdout (0 = stdin, 1 = stdout, 2 = stderr)
E   AssertionError: assert 121 == 1
E     +121
E     -1
_____________ ExecDemuxTest.test_exec_command_tty_no_stream_demux ______________
tests/integration/api_exec_test.py:299: in test_exec_command_tty_no_stream_demux
    exec_log = self.client.exec_start(res, demux=True)
docker/utils/decorators.py:19: in wrapped
    return f(self, resource_id, *args, **kwargs)
docker/api/exec_api.py:169: in exec_start
    return self._read_from_socket(res, stream, tty=tty, demux=demux)
docker/api/client.py:450: in _read_from_socket
    return consume_socket_output(gen, demux=demux)
docker/utils/socket.py:142: in consume_socket_output
    for frame in frames:
docker/api/client.py:441: in <genexpr>
    gen = (demux_adaptor(*frame) for frame in gen)
docker/utils/socket.py:169: in demux_adaptor
    raise ValueError('{0} is not a valid stream'.format(stream_id))
E   ValueError: 104 is not a valid stream
____________ ExecDemuxTest.test_exec_command_tty_no_stream_no_demux ____________
tests/integration/api_exec_test.py:282: in test_exec_command_tty_no_stream_no_demux
    assert exec_log == b'hello out\r\nhello err\r\n'
E   AssertionError: assert b't\r\nhello err\r\n' == b'hello out\r\nhello err\r\n'
E     At index 0 diff: b't' != b'h'
E     Full diff:
E     - b'hello out\r\nhello err\r\n'
E     ?   --------
E     + b't\r\nhello err\r\n'
_______________ ExecDemuxTest.test_exec_command_tty_stream_demux _______________
tests/integration/api_exec_test.py:305: in test_exec_command_tty_stream_demux
    exec_log = list(self.client.exec_start(res, demux=True, stream=True))
docker/api/client.py:441: in <genexpr>
    gen = (demux_adaptor(*frame) for frame in gen)
docker/utils/socket.py:169: in demux_adaptor
    raise ValueError('{0} is not a valid stream'.format(stream_id))
E   ValueError: 104 is not a valid stream
_____________ ExecDemuxTest.test_exec_command_tty_stream_no_demux ______________
tests/integration/api_exec_test.py:288: in test_exec_command_tty_stream_no_demux
    assert b'hello out\r\n' in exec_log
E   AssertionError: assert b'hello out\r\n' in [b't\r\n', b'hello err\r\n']
____________________ HealthcheckTest.test_healthcheck_fails ____________________
tests/integration/api_healthcheck_test.py:51: in test_healthcheck_fails
    wait_on_health_status(self.client, container, "unhealthy")
tests/integration/api_healthcheck_test.py:11: in wait_on_health_status
    return helpers.wait_on_condition(condition)
tests/helpers.py:82: in wait_on_condition
    while not condition():
tests/integration/api_healthcheck_test.py:10: in condition
    return res['State']['Health']['Status'] == status
E   KeyError: 'Health'
___________________ HealthcheckTest.test_healthcheck_passes ____________________
tests/integration/api_healthcheck_test.py:38: in test_healthcheck_passes
    wait_on_health_status(self.client, container, "healthy")
tests/integration/api_healthcheck_test.py:11: in wait_on_health_status
    return helpers.wait_on_condition(condition)
tests/helpers.py:82: in wait_on_condition
    while not condition():
tests/integration/api_healthcheck_test.py:10: in condition
    return res['State']['Health']['Status'] == status
E   KeyError: 'Health'
________________ HealthcheckTest.test_healthcheck_shell_command ________________
docker/api/client.py:296: in _raise_for_status
    response.raise_for_status()
../../.virtualenvs/docker-py/lib/python3.8/site-packages/requests/models.py:940: in raise_for_status
    raise HTTPError(http_error_msg, response=self)
E   requests.exceptions.HTTPError: 500 Server Error: Internal Server Error for url: http+docker://localhost/v1.40/containers/create

During handling of the above exception, another exception occurred:
tests/integration/api_healthcheck_test.py:18: in test_healthcheck_shell_command
    container = self.client.create_container(
docker/api/container.py:430: in create_container
    return self.create_container_from_config(config, name)
docker/api/container.py:441: in create_container_from_config
    return self._result(res, True)
docker/api/client.py:302: in _result
    self._raise_for_status(response)
docker/api/client.py:298: in _raise_for_status
    raise create_api_error_from_http_exception(e)
docker/errors.py:31: in create_api_error_from_http_exception
    raise cls(e, response=response, explanation=explanation)
E   docker.errors.APIError: 500 Server Error for http+docker://localhost/v1.40/containers/create: Internal Server Error ("fill out specgen: healthcheck-retries must be greater than 0")
________________ HealthcheckTest.test_healthcheck_start_period _________________
tests/integration/api_healthcheck_test.py:68: in test_healthcheck_start_period
    wait_on_health_status(self.client, container, "healthy")
tests/integration/api_healthcheck_test.py:11: in wait_on_health_status
    return helpers.wait_on_condition(condition)
tests/helpers.py:82: in wait_on_condition
    while not condition():
tests/integration/api_healthcheck_test.py:10: in condition
    return res['State']['Health']['Status'] == status
E   KeyError: 'Health'
___________________ PullImageTest.test_pull_invalid_platform ___________________
tests/integration/api_image_test.py:70: in test_pull_invalid_platform
    self.client.pull('hello-world', platform='foobar')
E   Failed: DID NOT RAISE <class 'docker.errors.APIError'>
____________________________ CommitTest.test_commit ____________________________
tests/integration/api_image_test.py:93: in test_commit
    assert TEST_IMG == img['ContainerConfig']['Image']
E   AssertionError: assert 'alpine:3.10' == 'docker.io/li...cb41504e8a27c'
E     - docker.io/library/sha256:be4e4bea2c2e15b403bb321562e78ea84b501fb41497472e91ecb41504e8a27c
E     + alpine:3.10
_____________________ CommitTest.test_commit_with_changes ______________________
docker/api/client.py:296: in _raise_for_status
    response.raise_for_status()
../../.virtualenvs/docker-py/lib/python3.8/site-packages/requests/models.py:940: in raise_for_status
    raise HTTPError(http_error_msg, response=self)
E   requests.exceptions.HTTPError: 500 Server Error: Internal Server Error for url: http+docker://localhost/v1.40/commit?container=f36b3af240a361e0d1b60b5a3114c06680e41bbb566e1232ecc6f728ec4d179f&changes=EXPOSE+8000&changes=CMD+%5B%22bash%22%5D

During handling of the above exception, another exception occurred:
tests/integration/api_image_test.py:102: in test_commit_with_changes
    img_id = self.client.commit(
docker/utils/decorators.py:19: in wrapped
    return f(self, resource_id, *args, **kwargs)
docker/api/container.py:147: in commit
    return self._result(
docker/api/client.py:302: in _result
    self._raise_for_status(response)
docker/api/client.py:298: in _raise_for_status
    raise create_api_error_from_http_exception(e)
docker/errors.py:31: in create_api_error_from_http_exception
    raise cls(e, response=response, explanation=explanation)
E   docker.errors.APIError: 500 Server Error for http+docker://localhost/v1.40/commit?container=f36b3af240a361e0d1b60b5a3114c06680e41bbb566e1232ecc6f728ec4d179f&changes=EXPOSE+8000&changes=CMD+%5B%22bash%22%5D: Internal Server Error ("CommitFailure: invalid change "CMD" - must be formatted as KEY VALUE")
_____________________ ImportImageTest.test_get_load_image ______________________
tests/integration/api_image_test.py:267: in test_get_load_image
    assert any([
E   AssertionError: assert False
E    +  where False = any([])
______________________ PruneImagesTest.test_prune_images _______________________
docker/api/client.py:296: in _raise_for_status
    response.raise_for_status()
../../.virtualenvs/docker-py/lib/python3.8/site-packages/requests/models.py:940: in raise_for_status
    raise HTTPError(http_error_msg, response=self)
E   requests.exceptions.HTTPError: 500 Server Error: Internal Server Error for url: http+docker://localhost/v1.40/images/prune?filters=%7B%22dangling%22%3A+%5B%22false%22%5D%7D

During handling of the above exception, another exception occurred:
tests/integration/api_image_test.py:332: in test_prune_images
    result = self.client.prune_images({'dangling': False})
docker/utils/decorators.py:34: in wrapper
    return f(self, *args, **kwargs)
docker/api/image.py:351: in prune_images
    return self._result(self._post(url, params=params), True)
docker/api/client.py:302: in _result
    self._raise_for_status(response)
docker/api/client.py:298: in _raise_for_status
    raise create_api_error_from_http_exception(e)
docker/errors.py:31: in create_api_error_from_http_exception
    raise cls(e, response=response, explanation=explanation)
E   docker.errors.APIError: 500 Server Error for http+docker://localhost/v1.40/images/prune?filters=%7B%22dangling%22%3A+%5B%22false%22%5D%7D: Internal Server Error ("runtime error: invalid memory address or nil pointer dereference")
_________________ SaveLoadImagesTest.test_get_image_load_image _________________
tests/integration/api_image_test.py:361: in test_get_image_load_image
    assert success is True
E   AssertionError: assert False is True
----------------------------- Captured stdout call -----------------------------
{'stream': 'Loaded image: docker.io/library/alpine:3.10\n'}
______________ InspectDistributionTest.test_inspect_distribution _______________
docker/api/client.py:296: in _raise_for_status
    response.raise_for_status()
../../.virtualenvs/docker-py/lib/python3.8/site-packages/requests/models.py:940: in raise_for_status
    raise HTTPError(http_error_msg, response=self)
E   requests.exceptions.HTTPError: 404 Client Error: Not Found for url: http+docker://localhost/v1.40/distribution/busybox:latest/json

During handling of the above exception, another exception occurred:
tests/integration/api_image_test.py:367: in test_inspect_distribution
    data = self.client.inspect_distribution('busybox:latest')
docker/utils/decorators.py:34: in wrapper
    return f(self, *args, **kwargs)
docker/utils/decorators.py:19: in wrapped
    return f(self, resource_id, *args, **kwargs)
docker/api/image.py:289: in inspect_distribution
    return self._result(
docker/api/client.py:302: in _result
    self._raise_for_status(response)
docker/api/client.py:298: in _raise_for_status
    raise create_api_error_from_http_exception(e)
docker/errors.py:31: in create_api_error_from_http_exception
    raise cls(e, response=response, explanation=explanation)
E   docker.errors.NotFound: 404 Client Error for http+docker://localhost/v1.40/distribution/busybox:latest/json: Not Found ("Path /v1.40/distribution/busybox:latest/json is not supported")
______________ TestNetworks.test_connect_and_disconnect_container ______________
docker/api/client.py:296: in _raise_for_status
    response.raise_for_status()
../../.virtualenvs/docker-py/lib/python3.8/site-packages/requests/models.py:940: in raise_for_status
    raise HTTPError(http_error_msg, response=self)
E   requests.exceptions.HTTPError: 500 Server Error: Internal Server Error for url: http+docker://localhost/v1.40/networks/165b872c5c9b04755bf3cf3333cbe411fcd62f40abee131ceb1020bfae6e0ed0/connect

During handling of the above exception, another exception occurred:
tests/integration/api_network_test.py:98: in test_connect_and_disconnect_container
    self.client.connect_container_to_network(container, net_id)
docker/utils/decorators.py:19: in wrapped
    return f(self, resource_id, *args, **kwargs)
docker/api/network.py:250: in connect_container_to_network
    self._raise_for_status(res)
docker/api/client.py:298: in _raise_for_status
    raise create_api_error_from_http_exception(e)
docker/errors.py:31: in create_api_error_from_http_exception
    raise cls(e, response=response, explanation=explanation)
E   docker.errors.APIError: 500 Server Error for http+docker://localhost/v1.40/networks/165b872c5c9b04755bf3cf3333cbe411fcd62f40abee131ceb1020bfae6e0ed0/connect: Internal Server Error ("network disconnect is not enabled for rootless containers")
___________ TestNetworks.test_connect_and_force_disconnect_container ___________
docker/api/client.py:296: in _raise_for_status
    response.raise_for_status()
../../.virtualenvs/docker-py/lib/python3.8/site-packages/requests/models.py:940: in raise_for_status
    raise HTTPError(http_error_msg, response=self)
E   requests.exceptions.HTTPError: 500 Server Error: Internal Server Error for url: http+docker://localhost/v1.40/networks/b3fa266d62c9c886bbc1b6f4eec26bbc470e1b491000fcca4d7d39e43257d90b/connect

During handling of the above exception, another exception occurred:
tests/integration/api_network_test.py:125: in test_connect_and_force_disconnect_container
    self.client.connect_container_to_network(container, net_id)
docker/utils/decorators.py:19: in wrapped
    return f(self, resource_id, *args, **kwargs)
docker/api/network.py:250: in connect_container_to_network
    self._raise_for_status(res)
docker/api/client.py:298: in _raise_for_status
    raise create_api_error_from_http_exception(e)
docker/errors.py:31: in create_api_error_from_http_exception
    raise cls(e, response=response, explanation=explanation)
E   docker.errors.APIError: 500 Server Error for http+docker://localhost/v1.40/networks/b3fa266d62c9c886bbc1b6f4eec26bbc470e1b491000fcca4d7d39e43257d90b/connect: Internal Server Error ("network disconnect is not enabled for rootless containers")
________________ TestNetworks.test_connect_on_container_create _________________
docker/api/client.py:296: in _raise_for_status
    response.raise_for_status()
../../.virtualenvs/docker-py/lib/python3.8/site-packages/requests/models.py:940: in raise_for_status
    raise HTTPError(http_error_msg, response=self)
E   requests.exceptions.HTTPError: 500 Server Error: Internal Server Error for url: http+docker://localhost/v1.40/containers/40ac43b73da2e1a0dab226f6a4bee9a6a24ccb0ab01772f87fa47bf2f5bc6cd3/start

During handling of the above exception, another exception occurred:
tests/integration/api_network_test.py:165: in test_connect_on_container_create
    self.client.start(container)
docker/utils/decorators.py:19: in wrapped
    return f(self, resource_id, *args, **kwargs)
docker/api/container.py:1111: in start
    self._raise_for_status(res)
docker/api/client.py:298: in _raise_for_status
    raise create_api_error_from_http_exception(e)
docker/errors.py:31: in create_api_error_from_http_exception
    raise cls(e, response=response, explanation=explanation)
E   docker.errors.APIError: 500 Server Error for http+docker://localhost/v1.40/containers/40ac43b73da2e1a0dab226f6a4bee9a6a24ccb0ab01772f87fa47bf2f5bc6cd3/start: Internal Server Error ("container_linux.go:370: starting container process caused: process_linux.go:459: container init caused: rootfs_linux.go:59: mounting "/home/riyad/.config/cni/net.d" to rootfs at "/home/riyad/podman/storage/overlay/4795e7b4dabbe053457445ea4995542feba07bd872e55dcb252cb4cf283ede8e/merged/etc/cni/net.d" caused: operation not permitted: OCI permission denied")
____________________ TestNetworks.test_connect_with_aliases ____________________
docker/api/client.py:296: in _raise_for_status
    response.raise_for_status()
../../.virtualenvs/docker-py/lib/python3.8/site-packages/requests/models.py:940: in raise_for_status
    raise HTTPError(http_error_msg, response=self)
E   requests.exceptions.HTTPError: 500 Server Error: Internal Server Error for url: http+docker://localhost/v1.40/networks/59f3b8c77e1d22e9768bfdd9fd05106e9e74b4e398824f0e3717940601bf6fd6/connect

During handling of the above exception, another exception occurred:
tests/integration/api_network_test.py:147: in test_connect_with_aliases
    self.client.connect_container_to_network(
docker/utils/decorators.py:19: in wrapped
    return f(self, resource_id, *args, **kwargs)
docker/api/network.py:250: in connect_container_to_network
    self._raise_for_status(res)
docker/api/client.py:298: in _raise_for_status
    raise create_api_error_from_http_exception(e)
docker/errors.py:31: in create_api_error_from_http_exception
    raise cls(e, response=response, explanation=explanation)
E   docker.errors.APIError: 500 Server Error for http+docker://localhost/v1.40/networks/59f3b8c77e1d22e9768bfdd9fd05106e9e74b4e398824f0e3717940601bf6fd6/connect: Internal Server Error ("network disconnect is not enabled for rootless containers")
_________________ TestNetworks.test_connect_with_ipv4_address __________________
docker/api/client.py:296: in _raise_for_status
    response.raise_for_status()
../../.virtualenvs/docker-py/lib/python3.8/site-packages/requests/models.py:940: in raise_for_status
    raise HTTPError(http_error_msg, response=self)
E   requests.exceptions.HTTPError: 500 Server Error: Internal Server Error for url: http+docker://localhost/v1.40/containers/efa95d5cd915a0b564d50cb6da3c55d8c5beff18bbf5196daf65c6dab1e75daf/start

During handling of the above exception, another exception occurred:
tests/integration/api_network_test.py:369: in test_connect_with_ipv4_address
    container = self.create_and_start(
tests/integration/base.py:115: in create_and_start
    self.client.start(container)
docker/utils/decorators.py:19: in wrapped
    return f(self, resource_id, *args, **kwargs)
docker/api/container.py:1111: in start
    self._raise_for_status(res)
docker/api/client.py:298: in _raise_for_status
    raise create_api_error_from_http_exception(e)
docker/errors.py:31: in create_api_error_from_http_exception
    raise cls(e, response=response, explanation=explanation)
E   docker.errors.APIError: 500 Server Error for http+docker://localhost/v1.40/containers/efa95d5cd915a0b564d50cb6da3c55d8c5beff18bbf5196daf65c6dab1e75daf/start: Internal Server Error ("container_linux.go:370: starting container process caused: process_linux.go:459: container init caused: rootfs_linux.go:59: mounting "/home/riyad/.config/cni/net.d" to rootfs at "/home/riyad/podman/storage/overlay/4795e7b4dabbe053457445ea4995542feba07bd872e55dcb252cb4cf283ede8e/merged/etc/cni/net.d" caused: operation not permitted: OCI permission denied")
_________________ TestNetworks.test_connect_with_ipv6_address __________________
docker/api/client.py:296: in _raise_for_status
    response.raise_for_status()
../../.virtualenvs/docker-py/lib/python3.8/site-packages/requests/models.py:940: in raise_for_status
    raise HTTPError(http_error_msg, response=self)
E   requests.exceptions.HTTPError: 500 Server Error: Internal Server Error for url: http+docker://localhost/v1.40/containers/6d7f877dc3b070ef48abb495b642e85d204eb93fd4d2028e92902b743d713883/start

During handling of the above exception, another exception occurred:
tests/integration/api_network_test.py:395: in test_connect_with_ipv6_address
    container = self.create_and_start(
tests/integration/base.py:115: in create_and_start
    self.client.start(container)
docker/utils/decorators.py:19: in wrapped
    return f(self, resource_id, *args, **kwargs)
docker/api/container.py:1111: in start
    self._raise_for_status(res)
docker/api/client.py:298: in _raise_for_status
    raise create_api_error_from_http_exception(e)
docker/errors.py:31: in create_api_error_from_http_exception
    raise cls(e, response=response, explanation=explanation)
E   docker.errors.APIError: 500 Server Error for http+docker://localhost/v1.40/containers/6d7f877dc3b070ef48abb495b642e85d204eb93fd4d2028e92902b743d713883/start: Internal Server Error ("container_linux.go:370: starting container process caused: process_linux.go:459: container init caused: rootfs_linux.go:59: mounting "/home/riyad/.config/cni/net.d" to rootfs at "/home/riyad/podman/storage/overlay/4795e7b4dabbe053457445ea4995542feba07bd872e55dcb252cb4cf283ede8e/merged/etc/cni/net.d" caused: operation not permitted: OCI permission denied")
_____________________ TestNetworks.test_connect_with_links _____________________
docker/api/client.py:296: in _raise_for_status
    response.raise_for_status()
../../.virtualenvs/docker-py/lib/python3.8/site-packages/requests/models.py:940: in raise_for_status
    raise HTTPError(http_error_msg, response=self)
E   requests.exceptions.HTTPError: 500 Server Error: Internal Server Error for url: http+docker://localhost/v1.40/containers/f7edd38201526baf6f7584b53c24a9e46e108f0170c05a115fbacc56c8302e3c/start

During handling of the above exception, another exception occurred:
tests/integration/api_network_test.py:333: in test_connect_with_links
    container = self.create_and_start(
tests/integration/base.py:115: in create_and_start
    self.client.start(container)
docker/utils/decorators.py:19: in wrapped
    return f(self, resource_id, *args, **kwargs)
docker/api/container.py:1111: in start
    self._raise_for_status(res)
docker/api/client.py:298: in _raise_for_status
    raise create_api_error_from_http_exception(e)
docker/errors.py:31: in create_api_error_from_http_exception
    raise cls(e, response=response, explanation=explanation)
E   docker.errors.APIError: 500 Server Error for http+docker://localhost/v1.40/containers/f7edd38201526baf6f7584b53c24a9e46e108f0170c05a115fbacc56c8302e3c/start: Internal Server Error ("container_linux.go:370: starting container process caused: process_linux.go:459: container init caused: rootfs_linux.go:59: mounting "/home/riyad/.config/cni/net.d" to rootfs at "/home/riyad/podman/storage/overlay/4795e7b4dabbe053457445ea4995542feba07bd872e55dcb252cb4cf283ede8e/merged/etc/cni/net.d" caused: operation not permitted: OCI permission denied")
___________________ TestNetworks.test_create_check_duplicate ___________________
docker/api/client.py:296: in _raise_for_status
    response.raise_for_status()
../../.virtualenvs/docker-py/lib/python3.8/site-packages/requests/models.py:940: in raise_for_status
    raise HTTPError(http_error_msg, response=self)
E   requests.exceptions.HTTPError: 500 Server Error: Internal Server Error for url: http+docker://localhost/v1.40/networks/create

During handling of the above exception, another exception occurred:
tests/integration/api_network_test.py:326: in test_create_check_duplicate
    net_id = self.client.create_network(net_name, check_duplicate=False)
docker/api/network.py:153: in create_network
    return self._result(res, json=True)
docker/api/client.py:302: in _result
    self._raise_for_status(response)
docker/api/client.py:298: in _raise_for_status
    raise create_api_error_from_http_exception(e)
docker/errors.py:31: in create_api_error_from_http_exception
    raise cls(e, response=response, explanation=explanation)
E   docker.errors.APIError: 500 Server Error for http+docker://localhost/v1.40/networks/create: Internal Server Error ("the network name dockerpytest_e25d99b944c837d5 is already used")
________________ TestNetworks.test_create_network_ipv6_enabled _________________
tests/integration/api_network_test.py:445: in test_create_network_ipv6_enabled
    assert net['EnableIPv6'] is True
E   AssertionError: assert False is True
______________ TestNetworks.test_create_network_with_ipam_config _______________
tests/integration/api_network_test.py:66: in test_create_network_with_ipam_config
    assert ipam['Config'] == [{
E   AssertionError: assert [{'Gateway': ...2.28.0.0/16'}] == [{'AuxiliaryA...2.28.0.0/16'}]
E     At index 0 diff: {'Subnet': '172.28.0.0/16', 'Gateway': '172.28.5.254'} != {'Subnet': '172.28.0.0/16', 'IPRange': '172.28.5.0/24', 'Gateway': '172.28.5.254', 'AuxiliaryAddresses': {'a': '172.28.1.5', 'b': '172.28.1.6', 'c': '172.28.1.7'}}
E     Full diff:
E       [
E     -  {'AuxiliaryAddresses': {'a': '172.28.1.5',
E     -                          'b': '172.28.1.6',
E     -                          'c': '172.28.1.7'},
E     -   'Gateway': '172.28.5.254',...
E     
E     ...Full output truncated (7 lines hidden), use '-vv' to show
____________________ TestNetworks.test_create_with_aliases _____________________
docker/api/client.py:296: in _raise_for_status
    response.raise_for_status()
../../.virtualenvs/docker-py/lib/python3.8/site-packages/requests/models.py:940: in raise_for_status
    raise HTTPError(http_error_msg, response=self)
E   requests.exceptions.HTTPError: 500 Server Error: Internal Server Error for url: http+docker://localhost/v1.40/containers/4376638abacf352830e6668df0d495e1ceb8cb471c0f3622366dfcacc20cc052/start

During handling of the above exception, another exception occurred:
tests/integration/api_network_test.py:192: in test_create_with_aliases
    self.client.start(container)
docker/utils/decorators.py:19: in wrapped
    return f(self, resource_id, *args, **kwargs)
docker/api/container.py:1111: in start
    self._raise_for_status(res)
docker/api/client.py:298: in _raise_for_status
    raise create_api_error_from_http_exception(e)
docker/errors.py:31: in create_api_error_from_http_exception
    raise cls(e, response=response, explanation=explanation)
E   docker.errors.APIError: 500 Server Error for http+docker://localhost/v1.40/containers/4376638abacf352830e6668df0d495e1ceb8cb471c0f3622366dfcacc20cc052/start: Internal Server Error ("container_linux.go:370: starting container process caused: process_linux.go:459: container init caused: rootfs_linux.go:59: mounting "/home/riyad/.config/cni/net.d" to rootfs at "/home/riyad/podman/storage/overlay/4795e7b4dabbe053457445ea4995542feba07bd872e55dcb252cb4cf283ede8e/merged/etc/cni/net.d" caused: operation not permitted: OCI permission denied")
___________________ TestNetworks.test_create_with_driveropt ____________________
docker/api/client.py:296: in _raise_for_status
    response.raise_for_status()
../../.virtualenvs/docker-py/lib/python3.8/site-packages/requests/models.py:940: in raise_for_status
    raise HTTPError(http_error_msg, response=self)
E   requests.exceptions.HTTPError: 500 Server Error: Internal Server Error for url: http+docker://localhost/v1.40/containers/174b957c9092f56eda0f407cb7205d08f7a37754845a79a4f2cc26d58ae352a9/start

During handling of the above exception, another exception occurred:
tests/integration/api_network_test.py:288: in test_create_with_driveropt
    self.client.start(container)
docker/utils/decorators.py:19: in wrapped
    return f(self, resource_id, *args, **kwargs)
docker/api/container.py:1111: in start
    self._raise_for_status(res)
docker/api/client.py:298: in _raise_for_status
    raise create_api_error_from_http_exception(e)
docker/errors.py:31: in create_api_error_from_http_exception
    raise cls(e, response=response, explanation=explanation)
E   docker.errors.APIError: 500 Server Error for http+docker://localhost/v1.40/containers/174b957c9092f56eda0f407cb7205d08f7a37754845a79a4f2cc26d58ae352a9/start: Internal Server Error ("container_linux.go:370: starting container process caused: process_linux.go:459: container init caused: rootfs_linux.go:59: mounting "/home/riyad/.config/cni/net.d" to rootfs at "/home/riyad/podman/storage/overlay/4795e7b4dabbe053457445ea4995542feba07bd872e55dcb252cb4cf283ede8e/merged/etc/cni/net.d" caused: operation not permitted: OCI permission denied")
__________________ TestNetworks.test_create_with_ipv4_address __________________
docker/api/client.py:296: in _raise_for_status
    response.raise_for_status()
../../.virtualenvs/docker-py/lib/python3.8/site-packages/requests/models.py:940: in raise_for_status
    raise HTTPError(http_error_msg, response=self)
E   requests.exceptions.HTTPError: 500 Server Error: Internal Server Error for url: http+docker://localhost/v1.40/containers/71b6385ed33903413b47e43e095fef611cd4e3eff0312d078a5dabf38406dc30/start

During handling of the above exception, another exception occurred:
tests/integration/api_network_test.py:219: in test_create_with_ipv4_address
    self.client.start(container)
docker/utils/decorators.py:19: in wrapped
    return f(self, resource_id, *args, **kwargs)
docker/api/container.py:1111: in start
    self._raise_for_status(res)
docker/api/client.py:298: in _raise_for_status
    raise create_api_error_from_http_exception(e)
docker/errors.py:31: in create_api_error_from_http_exception
    raise cls(e, response=response, explanation=explanation)
E   docker.errors.APIError: 500 Server Error for http+docker://localhost/v1.40/containers/71b6385ed33903413b47e43e095fef611cd4e3eff0312d078a5dabf38406dc30/start: Internal Server Error ("container_linux.go:370: starting container process caused: process_linux.go:459: container init caused: rootfs_linux.go:59: mounting "/home/riyad/.config/cni/net.d" to rootfs at "/home/riyad/podman/storage/overlay/4795e7b4dabbe053457445ea4995542feba07bd872e55dcb252cb4cf283ede8e/merged/etc/cni/net.d" caused: operation not permitted: OCI permission denied")
__________________ TestNetworks.test_create_with_ipv6_address __________________
docker/api/client.py:296: in _raise_for_status
    response.raise_for_status()
../../.virtualenvs/docker-py/lib/python3.8/site-packages/requests/models.py:940: in raise_for_status
    raise HTTPError(http_error_msg, response=self)
E   requests.exceptions.HTTPError: 500 Server Error: Internal Server Error for url: http+docker://localhost/v1.40/containers/51cf91a18cc2d040c842570271de0250406ae14f588ca804907b28de4f3e73e5/start

During handling of the above exception, another exception occurred:
tests/integration/api_network_test.py:245: in test_create_with_ipv6_address
    self.client.start(container)
docker/utils/decorators.py:19: in wrapped
    return f(self, resource_id, *args, **kwargs)
docker/api/container.py:1111: in start
    self._raise_for_status(res)
docker/api/client.py:298: in _raise_for_status
    raise create_api_error_from_http_exception(e)
docker/errors.py:31: in create_api_error_from_http_exception
    raise cls(e, response=response, explanation=explanation)
E   docker.errors.APIError: 500 Server Error for http+docker://localhost/v1.40/containers/51cf91a18cc2d040c842570271de0250406ae14f588ca804907b28de4f3e73e5/start: Internal Server Error ("container_linux.go:370: starting container process caused: process_linux.go:459: container init caused: rootfs_linux.go:59: mounting "/home/riyad/.config/cni/net.d" to rootfs at "/home/riyad/podman/storage/overlay/4795e7b4dabbe053457445ea4995542feba07bd872e55dcb252cb4cf283ede8e/merged/etc/cni/net.d" caused: operation not permitted: OCI permission denied")
_________________ TestNetworks.test_create_with_linklocal_ips __________________
docker/api/client.py:296: in _raise_for_status
    response.raise_for_status()
../../.virtualenvs/docker-py/lib/python3.8/site-packages/requests/models.py:940: in raise_for_status
    raise HTTPError(http_error_msg, response=self)
E   requests.exceptions.HTTPError: 500 Server Error: Internal Server Error for url: http+docker://localhost/v1.40/containers/967c2db040175230ae6d3f4059a4ce3d4cc1a90354b432812c9c8f98bd620acb/start

During handling of the above exception, another exception occurred:
tests/integration/api_network_test.py:267: in test_create_with_linklocal_ips
    self.client.start(container)
docker/utils/decorators.py:19: in wrapped
    return f(self, resource_id, *args, **kwargs)
docker/api/container.py:1111: in start
    self._raise_for_status(res)
docker/api/client.py:298: in _raise_for_status
    raise create_api_error_from_http_exception(e)
docker/errors.py:31: in create_api_error_from_http_exception
    raise cls(e, response=response, explanation=explanation)
E   docker.errors.APIError: 500 Server Error for http+docker://localhost/v1.40/containers/967c2db040175230ae6d3f4059a4ce3d4cc1a90354b432812c9c8f98bd620acb/start: Internal Server Error ("container_linux.go:370: starting container process caused: process_linux.go:459: container init caused: rootfs_linux.go:59: mounting "/home/riyad/.config/cni/net.d" to rootfs at "/home/riyad/podman/storage/overlay/4795e7b4dabbe053457445ea4995542feba07bd872e55dcb252cb4cf283ede8e/merged/etc/cni/net.d" caused: operation not permitted: OCI permission denied")
_____________________ TestNetworks.test_create_with_links ______________________
docker/api/client.py:296: in _raise_for_status
    response.raise_for_status()
../../.virtualenvs/docker-py/lib/python3.8/site-packages/requests/models.py:940: in raise_for_status
    raise HTTPError(http_error_msg, response=self)
E   requests.exceptions.HTTPError: 500 Server Error: Internal Server Error for url: http+docker://localhost/v1.40/containers/14aa01bf9878a8dc34131ff5a0a777ad08900bf704a49d7c36d07b6cc1f3bfd8/start

During handling of the above exception, another exception occurred:
tests/integration/api_network_test.py:299: in test_create_with_links
    container = self.create_and_start(
tests/integration/base.py:115: in create_and_start
    self.client.start(container)
docker/utils/decorators.py:19: in wrapped
    return f(self, resource_id, *args, **kwargs)
docker/api/container.py:1111: in start
    self._raise_for_status(res)
docker/api/client.py:298: in _raise_for_status
    raise create_api_error_from_http_exception(e)
docker/errors.py:31: in create_api_error_from_http_exception
    raise cls(e, response=response, explanation=explanation)
E   docker.errors.APIError: 500 Server Error for http+docker://localhost/v1.40/containers/14aa01bf9878a8dc34131ff5a0a777ad08900bf704a49d7c36d07b6cc1f3bfd8/start: Internal Server Error ("container_linux.go:370: starting container process caused: process_linux.go:459: container init caused: rootfs_linux.go:59: mounting "/home/riyad/.config/cni/net.d" to rootfs at "/home/riyad/podman/storage/overlay/4795e7b4dabbe053457445ea4995542feba07bd872e55dcb252cb4cf283ede8e/merged/etc/cni/net.d" caused: operation not permitted: OCI permission denied")
_______________________ TestNetworks.test_prune_networks _______________________
docker/api/client.py:296: in _raise_for_status
    response.raise_for_status()
../../.virtualenvs/docker-py/lib/python3.8/site-packages/requests/models.py:940: in raise_for_status
    raise HTTPError(http_error_msg, response=self)
E   requests.exceptions.HTTPError: 404 Client Error: Not Found for url: http+docker://localhost/v1.40/networks/prune

During handling of the above exception, another exception occurred:
tests/integration/api_network_test.py:450: in test_prune_networks
    result = self.client.prune_networks()
docker/utils/decorators.py:34: in wrapper
    return f(self, *args, **kwargs)
docker/api/network.py:175: in prune_networks
    return self._result(self._post(url, params=params), True)
docker/api/client.py:302: in _result
    self._raise_for_status(response)
docker/api/client.py:298: in _raise_for_status
    raise create_api_error_from_http_exception(e)
docker/errors.py:31: in create_api_error_from_http_exception
    raise cls(e, response=response, explanation=explanation)
E   docker.errors.NotFound: 404 Client Error for http+docker://localhost/v1.40/networks/prune: Not Found ("Path /v1.40/networks/prune is not supported")
_______________________ PluginTest.test_configure_plugin _______________________
docker/api/client.py:296: in _raise_for_status
    response.raise_for_status()
../../.virtualenvs/docker-py/lib/python3.8/site-packages/requests/models.py:940: in raise_for_status
    raise HTTPError(http_error_msg, response=self)
E   requests.exceptions.HTTPError: 404 Client Error: Not Found for url: http+docker://localhost/v1.40/plugins/vieux/sshfs:latest/json

During handling of the above exception, another exception occurred:
tests/integration/api_plugin_test.py:39: in ensure_plugin_installed
    return self.client.inspect_plugin(plugin_name)
docker/utils/decorators.py:34: in wrapper
    return f(self, *args, **kwargs)
docker/api/plugin.py:104: in inspect_plugin
    return self._result(self._get(url), True)
docker/api/client.py:302: in _result
    self._raise_for_status(response)
docker/api/client.py:298: in _raise_for_status
    raise create_api_error_from_http_exception(e)
docker/errors.py:31: in create_api_error_from_http_exception
    raise cls(e, response=response, explanation=explanation)
E   docker.errors.NotFound: 404 Client Error for http+docker://localhost/v1.40/plugins/vieux/sshfs:latest/json: Not Found ("b'Not Found'")

During handling of the above exception, another exception occurred:
docker/api/client.py:296: in _raise_for_status
    response.raise_for_status()
../../.virtualenvs/docker-py/lib/python3.8/site-packages/requests/models.py:940: in raise_for_status
    raise HTTPError(http_error_msg, response=self)
E   requests.exceptions.HTTPError: 404 Client Error: Not Found for url: http+docker://localhost/v1.40/plugins/privileges?remote=vieux%2Fsshfs%3Alatest

During handling of the above exception, another exception occurred:
tests/integration/api_plugin_test.py:90: in test_configure_plugin
    pl_data = self.ensure_plugin_installed(SSHFS)
tests/integration/api_plugin_test.py:41: in ensure_plugin_installed
    prv = self.client.plugin_privileges(plugin_name)
docker/utils/decorators.py:34: in wrapper
    return f(self, *args, **kwargs)
docker/api/plugin.py:180: in plugin_privileges
    return self._result(
docker/api/client.py:302: in _result
    self._raise_for_status(response)
docker/api/client.py:298: in _raise_for_status
    raise create_api_error_from_http_exception(e)
docker/errors.py:31: in create_api_error_from_http_exception
    raise cls(e, response=response, explanation=explanation)
E   docker.errors.NotFound: 404 Client Error for http+docker://localhost/v1.40/plugins/privileges?remote=vieux%2Fsshfs%3Alatest: Not Found ("b'Not Found'")
________________________ PluginTest.test_create_plugin _________________________
docker/api/client.py:296: in _raise_for_status
    response.raise_for_status()
../../.virtualenvs/docker-py/lib/python3.8/site-packages/requests/models.py:940: in raise_for_status
    raise HTTPError(http_error_msg, response=self)
E   requests.exceptions.HTTPError: 404 Client Error: Not Found for url: http+docker://localhost/v1.40/plugins/create?name=docker-sdk-py%2Fdummy

During handling of the above exception, another exception occurred:
tests/integration/api_plugin_test.py:140: in test_create_plugin
    assert self.client.create_plugin(
docker/utils/decorators.py:34: in wrapper
    return f(self, *args, **kwargs)
docker/api/plugin.py:52: in create_plugin
    self._raise_for_status(res)
docker/api/client.py:298: in _raise_for_status
    raise create_api_error_from_http_exception(e)
docker/errors.py:31: in create_api_error_from_http_exception
    raise cls(e, response=response, explanation=explanation)
E   docker.errors.NotFound: 404 Client Error for http+docker://localhost/v1.40/plugins/create?name=docker-sdk-py%2Fdummy: Not Found ("b'Not Found'")
________________________ PluginTest.test_disable_plugin ________________________
docker/api/client.py:296: in _raise_for_status
    response.raise_for_status()
../../.virtualenvs/docker-py/lib/python3.8/site-packages/requests/models.py:940: in raise_for_status
    raise HTTPError(http_error_msg, response=self)
E   requests.exceptions.HTTPError: 404 Client Error: Not Found for url: http+docker://localhost/v1.40/plugins/vieux/sshfs:latest/json

During handling of the above exception, another exception occurred:
tests/integration/api_plugin_test.py:39: in ensure_plugin_installed
    return self.client.inspect_plugin(plugin_name)
docker/utils/decorators.py:34: in wrapper
    return f(self, *args, **kwargs)
docker/api/plugin.py:104: in inspect_plugin
    return self._result(self._get(url), True)
docker/api/client.py:302: in _result
    self._raise_for_status(response)
docker/api/client.py:298: in _raise_for_status
    raise create_api_error_from_http_exception(e)
docker/errors.py:31: in create_api_error_from_http_exception
    raise cls(e, response=response, explanation=explanation)
E   docker.errors.NotFound: 404 Client Error for http+docker://localhost/v1.40/plugins/vieux/sshfs:latest/json: Not Found ("b'Not Found'")

During handling of the above exception, another exception occurred:
docker/api/client.py:296: in _raise_for_status
    response.raise_for_status()
../../.virtualenvs/docker-py/lib/python3.8/site-packages/requests/models.py:940: in raise_for_status
    raise HTTPError(http_error_msg, response=self)
E   requests.exceptions.HTTPError: 404 Client Error: Not Found for url: http+docker://localhost/v1.40/plugins/privileges?remote=vieux%2Fsshfs%3Alatest

During handling of the above exception, another exception occurred:
tests/integration/api_plugin_test.py:56: in test_disable_plugin
    pl_data = self.ensure_plugin_installed(SSHFS)
tests/integration/api_plugin_test.py:41: in ensure_plugin_installed
    prv = self.client.plugin_privileges(plugin_name)
docker/utils/decorators.py:34: in wrapper
    return f(self, *args, **kwargs)
docker/api/plugin.py:180: in plugin_privileges
    return self._result(
docker/api/client.py:302: in _result
    self._raise_for_status(response)
docker/api/client.py:298: in _raise_for_status
    raise create_api_error_from_http_exception(e)
docker/errors.py:31: in create_api_error_from_http_exception
    raise cls(e, response=response, explanation=explanation)
E   docker.errors.NotFound: 404 Client Error for http+docker://localhost/v1.40/plugins/privileges?remote=vieux%2Fsshfs%3Alatest: Not Found ("b'Not Found'")
________________________ PluginTest.test_enable_plugin _________________________
docker/api/client.py:296: in _raise_for_status
    response.raise_for_status()
../../.virtualenvs/docker-py/lib/python3.8/site-packages/requests/models.py:940: in raise_for_status
    raise HTTPError(http_error_msg, response=self)
E   requests.exceptions.HTTPError: 404 Client Error: Not Found for url: http+docker://localhost/v1.40/plugins/vieux/sshfs:latest/json

During handling of the above exception, another exception occurred:
tests/integration/api_plugin_test.py:39: in ensure_plugin_installed
    return self.client.inspect_plugin(plugin_name)
docker/utils/decorators.py:34: in wrapper
    return f(self, *args, **kwargs)
docker/api/plugin.py:104: in inspect_plugin
    return self._result(self._get(url), True)
docker/api/client.py:302: in _result
    self._raise_for_status(response)
docker/api/client.py:298: in _raise_for_status
    raise create_api_error_from_http_exception(e)
docker/errors.py:31: in create_api_error_from_http_exception
    raise cls(e, response=response, explanation=explanation)
E   docker.errors.NotFound: 404 Client Error for http+docker://localhost/v1.40/plugins/vieux/sshfs:latest/json: Not Found ("b'Not Found'")

During handling of the above exception, another exception occurred:
docker/api/client.py:296: in _raise_for_status
    response.raise_for_status()
../../.virtualenvs/docker-py/lib/python3.8/site-packages/requests/models.py:940: in raise_for_status
    raise HTTPError(http_error_msg, response=self)
E   requests.exceptions.HTTPError: 404 Client Error: Not Found for url: http+docker://localhost/v1.40/plugins/privileges?remote=vieux%2Fsshfs%3Alatest

During handling of the above exception, another exception occurred:
tests/integration/api_plugin_test.py:47: in test_enable_plugin
    pl_data = self.ensure_plugin_installed(SSHFS)
tests/integration/api_plugin_test.py:41: in ensure_plugin_installed
    prv = self.client.plugin_privileges(plugin_name)
docker/utils/decorators.py:34: in wrapper
    return f(self, *args, **kwargs)
docker/api/plugin.py:180: in plugin_privileges
    return self._result(
docker/api/client.py:302: in _result
    self._raise_for_status(response)
docker/api/client.py:298: in _raise_for_status
    raise create_api_error_from_http_exception(e)
docker/errors.py:31: in create_api_error_from_http_exception
    raise cls(e, response=response, explanation=explanation)
E   docker.errors.NotFound: 404 Client Error for http+docker://localhost/v1.40/plugins/privileges?remote=vieux%2Fsshfs%3Alatest: Not Found ("b'Not Found'")
_____________________ PluginTest.test_force_remove_plugin ______________________
docker/api/client.py:296: in _raise_for_status
    response.raise_for_status()
../../.virtualenvs/docker-py/lib/python3.8/site-packages/requests/models.py:940: in raise_for_status
    raise HTTPError(http_error_msg, response=self)
E   requests.exceptions.HTTPError: 404 Client Error: Not Found for url: http+docker://localhost/v1.40/plugins/vieux/sshfs:latest/json

During handling of the above exception, another exception occurred:
tests/integration/api_plugin_test.py:39: in ensure_plugin_installed
    return self.client.inspect_plugin(plugin_name)
docker/utils/decorators.py:34: in wrapper
    return f(self, *args, **kwargs)
docker/api/plugin.py:104: in inspect_plugin
    return self._result(self._get(url), True)
docker/api/client.py:302: in _result
    self._raise_for_status(response)
docker/api/client.py:298: in _raise_for_status
    raise create_api_error_from_http_exception(e)
docker/errors.py:31: in create_api_error_from_http_exception
    raise cls(e, response=response, explanation=explanation)
E   docker.errors.NotFound: 404 Client Error for http+docker://localhost/v1.40/plugins/vieux/sshfs:latest/json: Not Found ("b'Not Found'")

During handling of the above exception, another exception occurred:
docker/api/client.py:296: in _raise_for_status
    response.raise_for_status()
../../.virtualenvs/docker-py/lib/python3.8/site-packages/requests/models.py:940: in raise_for_status
    raise HTTPError(http_error_msg, response=self)
E   requests.exceptions.HTTPError: 404 Client Error: Not Found for url: http+docker://localhost/v1.40/plugins/privileges?remote=vieux%2Fsshfs%3Alatest

During handling of the above exception, another exception occurred:
tests/integration/api_plugin_test.py:109: in test_force_remove_plugin
    self.ensure_plugin_installed(SSHFS)
tests/integration/api_plugin_test.py:41: in ensure_plugin_installed
    prv = self.client.plugin_privileges(plugin_name)
docker/utils/decorators.py:34: in wrapper
    return f(self, *args, **kwargs)
docker/api/plugin.py:180: in plugin_privileges
    return self._result(
docker/api/client.py:302: in _result
    self._raise_for_status(response)
docker/api/client.py:298: in _raise_for_status
    raise create_api_error_from_http_exception(e)
docker/errors.py:31: in create_api_error_from_http_exception
    raise cls(e, response=response, explanation=explanation)
E   docker.errors.NotFound: 404 Client Error for http+docker://localhost/v1.40/plugins/privileges?remote=vieux%2Fsshfs%3Alatest: Not Found ("b'Not Found'")
________________________ PluginTest.test_inspect_plugin ________________________
docker/api/client.py:296: in _raise_for_status
    response.raise_for_status()
../../.virtualenvs/docker-py/lib/python3.8/site-packages/requests/models.py:940: in raise_for_status
    raise HTTPError(http_error_msg, response=self)
E   requests.exceptions.HTTPError: 404 Client Error: Not Found for url: http+docker://localhost/v1.40/plugins/vieux/sshfs:latest/json

During handling of the above exception, another exception occurred:
tests/integration/api_plugin_test.py:39: in ensure_plugin_installed
    return self.client.inspect_plugin(plugin_name)
docker/utils/decorators.py:34: in wrapper
    return f(self, *args, **kwargs)
docker/api/plugin.py:104: in inspect_plugin
    return self._result(self._get(url), True)
docker/api/client.py:302: in _result
    self._raise_for_status(response)
docker/api/client.py:298: in _raise_for_status
    raise create_api_error_from_http_exception(e)
docker/errors.py:31: in create_api_error_from_http_exception
    raise cls(e, response=response, explanation=explanation)
E   docker.errors.NotFound: 404 Client Error for http+docker://localhost/v1.40/plugins/vieux/sshfs:latest/json: Not Found ("b'Not Found'")

During handling of the above exception, another exception occurred:
docker/api/client.py:296: in _raise_for_status
    response.raise_for_status()
../../.virtualenvs/docker-py/lib/python3.8/site-packages/requests/models.py:940: in raise_for_status
    raise HTTPError(http_error_msg, response=self)
E   requests.exceptions.HTTPError: 404 Client Error: Not Found for url: http+docker://localhost/v1.40/plugins/privileges?remote=vieux%2Fsshfs%3Alatest

During handling of the above exception, another exception occurred:
tests/integration/api_plugin_test.py:68: in test_inspect_plugin
    self.ensure_plugin_installed(SSHFS)
tests/integration/api_plugin_test.py:41: in ensure_plugin_installed
    prv = self.client.plugin_privileges(plugin_name)
docker/utils/decorators.py:34: in wrapper
    return f(self, *args, **kwargs)
docker/api/plugin.py:180: in plugin_privileges
    return self._result(
docker/api/client.py:302: in _result
    self._raise_for_status(response)
docker/api/client.py:298: in _raise_for_status
    raise create_api_error_from_http_exception(e)
docker/errors.py:31: in create_api_error_from_http_exception
    raise cls(e, response=response, explanation=explanation)
E   docker.errors.NotFound: 404 Client Error for http+docker://localhost/v1.40/plugins/privileges?remote=vieux%2Fsshfs%3Alatest: Not Found ("b'Not Found'")
________________________ PluginTest.test_install_plugin ________________________
docker/api/client.py:296: in _raise_for_status
    response.raise_for_status()
../../.virtualenvs/docker-py/lib/python3.8/site-packages/requests/models.py:940: in raise_for_status
    raise HTTPError(http_error_msg, response=self)
E   requests.exceptions.HTTPError: 404 Client Error: Not Found for url: http+docker://localhost/v1.40/plugins/privileges?remote=vieux%2Fsshfs%3Alatest

During handling of the above exception, another exception occurred:
tests/integration/api_plugin_test.py:120: in test_install_plugin
    prv = self.client.plugin_privileges(SSHFS)
docker/utils/decorators.py:34: in wrapper
    return f(self, *args, **kwargs)
docker/api/plugin.py:180: in plugin_privileges
    return self._result(
docker/api/client.py:302: in _result
    self._raise_for_status(response)
docker/api/client.py:298: in _raise_for_status
    raise create_api_error_from_http_exception(e)
docker/errors.py:31: in create_api_error_from_http_exception
    raise cls(e, response=response, explanation=explanation)
E   docker.errors.NotFound: 404 Client Error for http+docker://localhost/v1.40/plugins/privileges?remote=vieux%2Fsshfs%3Alatest: Not Found ("b'Not Found'")
_________________________ PluginTest.test_list_plugins _________________________
docker/api/client.py:296: in _raise_for_status
    response.raise_for_status()
../../.virtualenvs/docker-py/lib/python3.8/site-packages/requests/models.py:940: in raise_for_status
    raise HTTPError(http_error_msg, response=self)
E   requests.exceptions.HTTPError: 404 Client Error: Not Found for url: http+docker://localhost/v1.40/plugins/vieux/sshfs:latest/json

During handling of the above exception, another exception occurred:
tests/integration/api_plugin_test.py:39: in ensure_plugin_installed
    return self.client.inspect_plugin(plugin_name)
docker/utils/decorators.py:34: in wrapper
    return f(self, *args, **kwargs)
docker/api/plugin.py:104: in inspect_plugin
    return self._result(self._get(url), True)
docker/api/client.py:302: in _result
    self._raise_for_status(response)
docker/api/client.py:298: in _raise_for_status
    raise create_api_error_from_http_exception(e)
docker/errors.py:31: in create_api_error_from_http_exception
    raise cls(e, response=response, explanation=explanation)
E   docker.errors.NotFound: 404 Client Error for http+docker://localhost/v1.40/plugins/vieux/sshfs:latest/json: Not Found ("b'Not Found'")

During handling of the above exception, another exception occurred:
docker/api/client.py:296: in _raise_for_status
    response.raise_for_status()
../../.virtualenvs/docker-py/lib/python3.8/site-packages/requests/models.py:940: in raise_for_status
    raise HTTPError(http_error_msg, response=self)
E   requests.exceptions.HTTPError: 404 Client Error: Not Found for url: http+docker://localhost/v1.40/plugins/privileges?remote=vieux%2Fsshfs%3Alatest

During handling of the above exception, another exception occurred:
tests/integration/api_plugin_test.py:83: in test_list_plugins
    self.ensure_plugin_installed(SSHFS)
tests/integration/api_plugin_test.py:41: in ensure_plugin_installed
    prv = self.client.plugin_privileges(plugin_name)
docker/utils/decorators.py:34: in wrapper
    return f(self, *args, **kwargs)
docker/api/plugin.py:180: in plugin_privileges
    return self._result(
docker/api/client.py:302: in _result
    self._raise_for_status(response)
docker/api/client.py:298: in _raise_for_status
    raise create_api_error_from_http_exception(e)
docker/errors.py:31: in create_api_error_from_http_exception
    raise cls(e, response=response, explanation=explanation)
E   docker.errors.NotFound: 404 Client Error for http+docker://localhost/v1.40/plugins/privileges?remote=vieux%2Fsshfs%3Alatest: Not Found ("b'Not Found'")
______________________ PluginTest.test_plugin_privileges _______________________
docker/api/client.py:296: in _raise_for_status
    response.raise_for_status()
../../.virtualenvs/docker-py/lib/python3.8/site-packages/requests/models.py:940: in raise_for_status
    raise HTTPError(http_error_msg, response=self)
E   requests.exceptions.HTTPError: 404 Client Error: Not Found for url: http+docker://localhost/v1.40/plugins/privileges?remote=vieux%2Fsshfs%3Alatest

During handling of the above exception, another exception occurred:
tests/integration/api_plugin_test.py:75: in test_plugin_privileges
    prv = self.client.plugin_privileges(SSHFS)
docker/utils/decorators.py:34: in wrapper
    return f(self, *args, **kwargs)
docker/api/plugin.py:180: in plugin_privileges
    return self._result(
docker/api/client.py:302: in _result
    self._raise_for_status(response)
docker/api/client.py:298: in _raise_for_status
    raise create_api_error_from_http_exception(e)
docker/errors.py:31: in create_api_error_from_http_exception
    raise cls(e, response=response, explanation=explanation)
E   docker.errors.NotFound: 404 Client Error for http+docker://localhost/v1.40/plugins/privileges?remote=vieux%2Fsshfs%3Alatest: Not Found ("b'Not Found'")
________________________ PluginTest.test_remove_plugin _________________________
docker/api/client.py:296: in _raise_for_status
    response.raise_for_status()
../../.virtualenvs/docker-py/lib/python3.8/site-packages/requests/models.py:940: in raise_for_status
    raise HTTPError(http_error_msg, response=self)
E   requests.exceptions.HTTPError: 404 Client Error: Not Found for url: http+docker://localhost/v1.40/plugins/vieux/sshfs:latest/json

During handling of the above exception, another exception occurred:
tests/integration/api_plugin_test.py:39: in ensure_plugin_installed
    return self.client.inspect_plugin(plugin_name)
docker/utils/decorators.py:34: in wrapper
    return f(self, *args, **kwargs)
docker/api/plugin.py:104: in inspect_plugin
    return self._result(self._get(url), True)
docker/api/client.py:302: in _result
    self._raise_for_status(response)
docker/api/client.py:298: in _raise_for_status
    raise create_api_error_from_http_exception(e)
docker/errors.py:31: in create_api_error_from_http_exception
    raise cls(e, response=response, explanation=explanation)
E   docker.errors.NotFound: 404 Client Error for http+docker://localhost/v1.40/plugins/vieux/sshfs:latest/json: Not Found ("b'Not Found'")

During handling of the above exception, another exception occurred:
docker/api/client.py:296: in _raise_for_status
    response.raise_for_status()
../../.virtualenvs/docker-py/lib/python3.8/site-packages/requests/models.py:940: in raise_for_status
    raise HTTPError(http_error_msg, response=self)
E   requests.exceptions.HTTPError: 404 Client Error: Not Found for url: http+docker://localhost/v1.40/plugins/privileges?remote=vieux%2Fsshfs%3Alatest

During handling of the above exception, another exception occurred:
tests/integration/api_plugin_test.py:104: in test_remove_plugin
    pl_data = self.ensure_plugin_installed(SSHFS)
tests/integration/api_plugin_test.py:41: in ensure_plugin_installed
    prv = self.client.plugin_privileges(plugin_name)
docker/utils/decorators.py:34: in wrapper
    return f(self, *args, **kwargs)
docker/api/plugin.py:180: in plugin_privileges
    return self._result(
docker/api/client.py:302: in _result
    self._raise_for_status(response)
docker/api/client.py:298: in _raise_for_status
    raise create_api_error_from_http_exception(e)
docker/errors.py:31: in create_api_error_from_http_exception
    raise cls(e, response=response, explanation=explanation)
E   docker.errors.NotFound: 404 Client Error for http+docker://localhost/v1.40/plugins/privileges?remote=vieux%2Fsshfs%3Alatest: Not Found ("b'Not Found'")
________________________ PluginTest.test_upgrade_plugin ________________________
docker/api/client.py:296: in _raise_for_status
    response.raise_for_status()
../../.virtualenvs/docker-py/lib/python3.8/site-packages/requests/models.py:940: in raise_for_status
    raise HTTPError(http_error_msg, response=self)
E   requests.exceptions.HTTPError: 404 Client Error: Not Found for url: http+docker://localhost/v1.40/plugins/vieux/sshfs:latest/json

During handling of the above exception, another exception occurred:
tests/integration/api_plugin_test.py:39: in ensure_plugin_installed
    return self.client.inspect_plugin(plugin_name)
docker/utils/decorators.py:34: in wrapper
    return f(self, *args, **kwargs)
docker/api/plugin.py:104: in inspect_plugin
    return self._result(self._get(url), True)
docker/api/client.py:302: in _result
    self._raise_for_status(response)
docker/api/client.py:298: in _raise_for_status
    raise create_api_error_from_http_exception(e)
docker/errors.py:31: in create_api_error_from_http_exception
    raise cls(e, response=response, explanation=explanation)
E   docker.errors.NotFound: 404 Client Error for http+docker://localhost/v1.40/plugins/vieux/sshfs:latest/json: Not Found ("b'Not Found'")

During handling of the above exception, another exception occurred:
docker/api/client.py:296: in _raise_for_status
    response.raise_for_status()
../../.virtualenvs/docker-py/lib/python3.8/site-packages/requests/models.py:940: in raise_for_status
    raise HTTPError(http_error_msg, response=self)
E   requests.exceptions.HTTPError: 404 Client Error: Not Found for url: http+docker://localhost/v1.40/plugins/privileges?remote=vieux%2Fsshfs%3Alatest

During handling of the above exception, another exception occurred:
tests/integration/api_plugin_test.py:128: in test_upgrade_plugin
    pl_data = self.ensure_plugin_installed(SSHFS)
tests/integration/api_plugin_test.py:41: in ensure_plugin_installed
    prv = self.client.plugin_privileges(plugin_name)
docker/utils/decorators.py:34: in wrapper
    return f(self, *args, **kwargs)
docker/api/plugin.py:180: in plugin_privileges
    return self._result(
docker/api/client.py:302: in _result
    self._raise_for_status(response)
docker/api/client.py:298: in _raise_for_status
    raise create_api_error_from_http_exception(e)
docker/errors.py:31: in create_api_error_from_http_exception
    raise cls(e, response=response, explanation=explanation)
E   docker.errors.NotFound: 404 Client Error for http+docker://localhost/v1.40/plugins/privileges?remote=vieux%2Fsshfs%3Alatest: Not Found ("b'Not Found'")
_______________________ SecretAPITest.test_create_secret _______________________
docker/api/client.py:296: in _raise_for_status
    response.raise_for_status()
../../.virtualenvs/docker-py/lib/python3.8/site-packages/requests/models.py:940: in raise_for_status
    raise HTTPError(http_error_msg, response=self)
E   requests.exceptions.HTTPError: 503 Server Error: Service Unavailable for url: http+docker://localhost/v1.40/secrets/create

During handling of the above exception, another exception occurred:
tests/integration/api_secret_test.py:32: in test_create_secret
    secret_id = self.client.create_secret(
docker/utils/decorators.py:34: in wrapper
    return f(self, *args, **kwargs)
docker/api/secret.py:45: in create_secret
    return self._result(
docker/api/client.py:302: in _result
    self._raise_for_status(response)
docker/api/client.py:298: in _raise_for_status
    raise create_api_error_from_http_exception(e)
docker/errors.py:31: in create_api_error_from_http_exception
    raise cls(e, response=response, explanation=explanation)
E   docker.errors.APIError: 503 Server Error for http+docker://localhost/v1.40/secrets/create: Service Unavailable ("Podman does not support service: /v1.40/secrets/create")
________________ SecretAPITest.test_create_secret_unicode_data _________________
docker/api/client.py:296: in _raise_for_status
    response.raise_for_status()
../../.virtualenvs/docker-py/lib/python3.8/site-packages/requests/models.py:940: in raise_for_status
    raise HTTPError(http_error_msg, response=self)
E   requests.exceptions.HTTPError: 503 Server Error: Service Unavailable for url: http+docker://localhost/v1.40/secrets/create

During handling of the above exception, another exception occurred:
tests/integration/api_secret_test.py:41: in test_create_secret_unicode_data
    secret_id = self.client.create_secret(
docker/utils/decorators.py:34: in wrapper
    return f(self, *args, **kwargs)
docker/api/secret.py:45: in create_secret
    return self._result(
docker/api/client.py:302: in _result
    self._raise_for_status(response)
docker/api/client.py:298: in _raise_for_status
    raise create_api_error_from_http_exception(e)
docker/errors.py:31: in create_api_error_from_http_exception
    raise cls(e, response=response, explanation=explanation)
E   docker.errors.APIError: 503 Server Error for http+docker://localhost/v1.40/secrets/create: Service Unavailable ("Podman does not support service: /v1.40/secrets/create")
______________________ SecretAPITest.test_inspect_secret _______________________
docker/api/client.py:296: in _raise_for_status
    response.raise_for_status()
../../.virtualenvs/docker-py/lib/python3.8/site-packages/requests/models.py:940: in raise_for_status
    raise HTTPError(http_error_msg, response=self)
E   requests.exceptions.HTTPError: 503 Server Error: Service Unavailable for url: http+docker://localhost/v1.40/secrets/create

During handling of the above exception, another exception occurred:
tests/integration/api_secret_test.py:51: in test_inspect_secret
    secret_id = self.client.create_secret(
docker/utils/decorators.py:34: in wrapper
    return f(self, *args, **kwargs)
docker/api/secret.py:45: in create_secret
    return self._result(
docker/api/client.py:302: in _result
    self._raise_for_status(response)
docker/api/client.py:298: in _raise_for_status
    raise create_api_error_from_http_exception(e)
docker/errors.py:31: in create_api_error_from_http_exception
    raise cls(e, response=response, explanation=explanation)
E   docker.errors.APIError: 503 Server Error for http+docker://localhost/v1.40/secrets/create: Service Unavailable ("Podman does not support service: /v1.40/secrets/create")
_______________________ SecretAPITest.test_list_secrets ________________________
docker/api/client.py:296: in _raise_for_status
    response.raise_for_status()
../../.virtualenvs/docker-py/lib/python3.8/site-packages/requests/models.py:940: in raise_for_status
    raise HTTPError(http_error_msg, response=self)
E   requests.exceptions.HTTPError: 503 Server Error: Service Unavailable for url: http+docker://localhost/v1.40/secrets/create

During handling of the above exception, another exception occurred:
tests/integration/api_secret_test.py:73: in test_list_secrets
    secret_id = self.client.create_secret(
docker/utils/decorators.py:34: in wrapper
    return f(self, *args, **kwargs)
docker/api/secret.py:45: in create_secret
    return self._result(
docker/api/client.py:302: in _result
    self._raise_for_status(response)
docker/api/client.py:298: in _raise_for_status
    raise create_api_error_from_http_exception(e)
docker/errors.py:31: in create_api_error_from_http_exception
    raise cls(e, response=response, explanation=explanation)
E   docker.errors.APIError: 503 Server Error for http+docker://localhost/v1.40/secrets/create: Service Unavailable ("Podman does not support service: /v1.40/secrets/create")
_______________________ SecretAPITest.test_remove_secret _______________________
docker/api/client.py:296: in _raise_for_status
    response.raise_for_status()
../../.virtualenvs/docker-py/lib/python3.8/site-packages/requests/models.py:940: in raise_for_status
    raise HTTPError(http_error_msg, response=self)
E   requests.exceptions.HTTPError: 503 Server Error: Service Unavailable for url: http+docker://localhost/v1.40/secrets/create

During handling of the above exception, another exception occurred:
tests/integration/api_secret_test.py:62: in test_remove_secret
    secret_id = self.client.create_secret(
docker/utils/decorators.py:34: in wrapper
    return f(self, *args, **kwargs)
docker/api/secret.py:45: in create_secret
    return self._result(
docker/api/client.py:302: in _result
    self._raise_for_status(response)
docker/api/client.py:298: in _raise_for_status
    raise create_api_error_from_http_exception(e)
docker/errors.py:31: in create_api_error_from_http_exception
    raise cls(e, response=response, explanation=explanation)
E   docker.errors.APIError: 503 Server Error for http+docker://localhost/v1.40/secrets/create: Service Unavailable ("Podman does not support service: /v1.40/secrets/create")
________________ TestVolumes.test_create_volume_invalid_driver _________________
docker/api/client.py:296: in _raise_for_status
    response.raise_for_status()
../../.virtualenvs/docker-py/lib/python3.8/site-packages/requests/models.py:940: in raise_for_status
    raise HTTPError(http_error_msg, response=self)
E   requests.exceptions.HTTPError: 500 Server Error: Internal Server Error for url: http+docker://localhost/v1.40/volumes/create

During handling of the above exception, another exception occurred:
tests/integration/api_volume_test.py:22: in test_create_volume_invalid_driver
    self.client.create_volume('perfectcherryblossom', driver_name)
docker/api/volume.py:89: in create_volume
    return self._result(self._post_json(url, data=data), True)
docker/api/client.py:302: in _result
    self._raise_for_status(response)
docker/api/client.py:298: in _raise_for_status
    raise create_api_error_from_http_exception(e)
docker/errors.py:31: in create_api_error_from_http_exception
    raise cls(e, response=response, explanation=explanation)
E   docker.errors.APIError: 500 Server Error for http+docker://localhost/v1.40/volumes/create: Internal Server Error ("volume perfectcherryblossom uses volume plugin invalid.driver but it could not be retrieved: no volume plugin with name invalid.driver available: required plugin missing")
_______________________ TestVolumes.test_inspect_volume ________________________
tests/integration/api_volume_test.py:38: in test_inspect_volume
    assert volume_info == result
E   AssertionError: assert {'CreatedAt':...l/_data', ...} == {'CreatedAt':...l/_data', ...}
E     Omitting 6 identical items, use -vv to show
E     Differing items:
E     {'Options': None} != {'Options': {}}
E     Full diff:
E       {
E        'CreatedAt': '2021-02-22T20:24:43+01:00',
E        'Driver': 'local',...
E     
E     ...Full output truncated (10 lines hidden), use '-vv' to show
________________________ TestVolumes.test_list_volumes _________________________
tests/integration/api_volume_test.py:31: in test_list_volumes
    assert volume_info in volumes
E   AssertionError: assert {'CreatedAt': '2021-02-22T20:24:46+01:00', 'Driver': 'local', 'Labels': {}, 'Mountpoint': '/home/riyad/podman/storage/volumes/imperishablenight/_data', ...} in [{'CreatedAt': '2021-02-22T20:16:08+01:00', 'Driver': 'local', 'Labels': {}, 'Mountpoint': '/home/riyad/podman/storage...00', 'Driver': 'local', 'Labels': {}, 'Mountpoint': '/home/riyad/podman/storage/volumes/imperishablenight/_data', ...}]
____________________ ErrorsTest.test_api_error_parses_json _____________________
tests/integration/errors_test.py:13: in test_api_error_parses_json
    assert 'You cannot remove a running container' in explanation
E   AssertionError: assert 'You cannot remove a running container' in 'cannot remove container e0ceac1dfd991555ddca31b6c689a56d3217ddb6c61c6dfac7d27f590f7a2e58 as it is running - running or paused containers cannot be removed without force: container state improper'
_______________________ ContainerCollectionTest.test_get _______________________
tests/integration/models_containers_test.py:189: in test_get
    assert client.containers.get(container.id).attrs[
E   AssertionError: assert 'docker.io/li...alpine:latest' == 'alpine'
E     - alpine
E     + docker.io/library/alpine:latest
______________________ ContainerCollectionTest.test_list _______________________
tests/integration/models_containers_test.py:202: in test_list
    assert container.attrs['Config']['Image'] == 'alpine'
E   AssertionError: assert 'docker.io/li...alpine:latest' == 'alpine'
E     - alpine
E     + docker.io/library/alpine:latest
___________________ ContainerCollectionTest.test_list_sparse ___________________
tests/integration/models_containers_test.py:220: in test_list_sparse
    assert container.attrs['Image'] == 'alpine'
E   AssertionError: assert 'docker.io/li...alpine:latest' == 'alpine'
E     - alpine
E     + docker.io/library/alpine:latest
___________________ ContainerCollectionTest.test_run_detach ____________________
tests/integration/models_containers_test.py:26: in test_run_detach
    assert container.attrs['Config']['Image'] == "alpine"
E   AssertionError: assert 'docker.io/li...alpine:latest' == 'alpine'
E     - alpine
E     + docker.io/library/alpine:latest
_______ ContainerCollectionTest.test_run_with_image_that_does_not_exist ________
docker/api/client.py:296: in _raise_for_status
    response.raise_for_status()
../../.virtualenvs/docker-py/lib/python3.8/site-packages/requests/models.py:940: in raise_for_status
    raise HTTPError(http_error_msg, response=self)
E   requests.exceptions.HTTPError: 404 Client Error: Not Found for url: http+docker://localhost/v1.40/containers/create

During handling of the above exception, another exception occurred:
tests/integration/models_containers_test.py:41: in test_run_with_image_that_does_not_exist
    client.containers.run("dockerpytest_does_not_exist")
docker/models/containers.py:811: in run
    container = self.create(image=image, command=command,
docker/models/containers.py:870: in create
    resp = self.client.api.create_container(**create_kwargs)
docker/api/container.py:430: in create_container
    return self.create_container_from_config(config, name)
docker/api/container.py:441: in create_container_from_config
    return self._result(res, True)
docker/api/client.py:302: in _result
    self._raise_for_status(response)
docker/api/client.py:298: in _raise_for_status
    raise create_api_error_from_http_exception(e)
docker/errors.py:31: in create_api_error_from_http_exception
    raise cls(e, response=response, explanation=explanation)
E   docker.errors.NotFound: 404 Client Error for http+docker://localhost/v1.40/containers/create: Not Found ("unable to find a name and tag match for dockerpytest_does_not_exist in repotags: no such image")
________________ ContainerCollectionTest.test_run_with_network _________________
docker/api/client.py:296: in _raise_for_status
    response.raise_for_status()
../../.virtualenvs/docker-py/lib/python3.8/site-packages/requests/models.py:940: in raise_for_status
    raise HTTPError(http_error_msg, response=self)
E   requests.exceptions.HTTPError: 500 Server Error: Internal Server Error for url: http+docker://localhost/v1.40/containers/b64e79e27902563a4c997b155af6bb0738d34680d66ba281c227030a76d40e31/start

During handling of the above exception, another exception occurred:
tests/integration/models_containers_test.py:95: in test_run_with_network
    container = client.containers.run(
docker/models/containers.py:818: in run
    container.start()
docker/models/containers.py:404: in start
    return self.client.api.start(self.id, **kwargs)
docker/utils/decorators.py:19: in wrapped
    return f(self, resource_id, *args, **kwargs)
docker/api/container.py:1111: in start
    self._raise_for_status(res)
docker/api/client.py:298: in _raise_for_status
    raise create_api_error_from_http_exception(e)
docker/errors.py:31: in create_api_error_from_http_exception
    raise cls(e, response=response, explanation=explanation)
E   docker.errors.APIError: 500 Server Error for http+docker://localhost/v1.40/containers/b64e79e27902563a4c997b155af6bb0738d34680d66ba281c227030a76d40e31/start: Internal Server Error ("container_linux.go:370: starting container process caused: process_linux.go:459: container init caused: rootfs_linux.go:59: mounting "/home/riyad/.config/cni/net.d" to rootfs at "/home/riyad/podman/storage/overlay/4795e7b4dabbe053457445ea4995542feba07bd872e55dcb252cb4cf283ede8e/merged/etc/cni/net.d" caused: operation not permitted: OCI permission denied")
________ ContainerCollectionTest.test_run_with_streamed_logs_and_cancel ________
../../.virtualenvs/docker-py/lib/python3.8/site-packages/urllib3/connectionpool.py:377: in _make_request
    httplib_response = conn.getresponse(buffering=True)
E   TypeError: getresponse() got an unexpected keyword argument 'buffering'

During handling of the above exception, another exception occurred:
tests/integration/base.py:30: in tearDown
    client = docker.from_env(version=TEST_API_VERSION)
docker/client.py:96: in from_env
    return cls(
docker/client.py:45: in __init__
    self.api = APIClient(*args, **kwargs)
docker/api/client.py:197: in __init__
    self._version = self._retrieve_server_version()
docker/api/client.py:214: in _retrieve_server_version
    return self.version(api_version=False)["ApiVersion"]
docker/api/daemon.py:181: in version
    return self._result(self._get(url), json=True)
docker/utils/decorators.py:46: in inner
    return f(self, *args, **kwargs)
docker/api/client.py:251: in _get
    return self.get(url, **self._set_request_timeout(kwargs))
../../.virtualenvs/docker-py/lib/python3.8/site-packages/requests/sessions.py:537: in get
    return self.request('GET', url, **kwargs)
../../.virtualenvs/docker-py/lib/python3.8/site-packages/requests/sessions.py:524: in request
    resp = self.send(prep, **send_kwargs)
../../.virtualenvs/docker-py/lib/python3.8/site-packages/requests/sessions.py:637: in send
    r = adapter.send(request, **kwargs)
../../.virtualenvs/docker-py/lib/python3.8/site-packages/requests/adapters.py:439: in send
    resp = conn.urlopen(
../../.virtualenvs/docker-py/lib/python3.8/site-packages/urllib3/connectionpool.py:597: in urlopen
    httplib_response = self._make_request(conn, method, url,
../../.virtualenvs/docker-py/lib/python3.8/site-packages/urllib3/connectionpool.py:380: in _make_request
    httplib_response = conn.getresponse()
/usr/lib/python3.8/http/client.py:1347: in getresponse
    response.begin()
/usr/lib/python3.8/http/client.py:307: in begin
    version, status, reason = self._read_status()
/usr/lib/python3.8/http/client.py:268: in _read_status
    line = str(self.fp.readline(_MAXLINE + 1), "iso-8859-1")
/usr/lib/python3.8/socket.py:669: in readinto
    return self._sock.recv_into(b)
E   Failed: Timeout >5.0s
_________________ ContainerTest.test_create_with_volume_driver _________________
tests/integration/models_containers_test.py:456: in test_create_with_volume_driver
    assert container.attrs['HostConfig']['VolumeDriver'] == 'foo'
E   AssertionError: assert '' == 'foo'
E     - foo
___________________________ ContainerTest.test_diff ____________________________
tests/integration/models_containers_test.py:251: in test_diff
    assert container.diff() == [{'Path': '/test', 'Kind': 1}]
E   AssertionError: assert [{'Kind': 0, ...th': '/test'}] == [{'Kind': 1, 'Path': '/test'}]
E     At index 0 diff: {'Path': '/etc', 'Kind': 0} != {'Path': '/test', 'Kind': 1}
E     Left contains one more item: {'Kind': 1, 'Path': '/test'}
E     Full diff:
E     - [{'Kind': 1, 'Path': '/test'}]
E     + [{'Kind': 0, 'Path': '/etc'}, {'Kind': 1, 'Path': '/test'}]
______________________ ContainerTest.test_exec_run_failed ______________________
tests/integration/models_containers_test.py:270: in test_exec_run_failed
    assert exec_output[0] == 126
E   AssertionError: assert 127 == 126
E     +127
E     -126
___________________________ ContainerTest.test_kill ____________________________
tests/integration/models_containers_test.py:281: in test_kill
    assert container.status == 'exited'
E   AssertionError: assert 'stopped' == 'exited'
E     - exited
E     + stopped
____________________________ ContainerTest.test_top ____________________________
tests/integration/models_containers_test.py:425: in test_top
    assert 'sleep 60' in top['Processes'][0]
E   AssertionError: assert 'sleep 60' in ['    1 root      0:00 sleep 60']
__________________________ ContainerTest.test_update ___________________________
docker/api/client.py:296: in _raise_for_status
    response.raise_for_status()
../../.virtualenvs/docker-py/lib/python3.8/site-packages/requests/models.py:940: in raise_for_status
    raise HTTPError(http_error_msg, response=self)
E   requests.exceptions.HTTPError: 500 Server Error: Internal Server Error for url: http+docker://localhost/v1.40/containers/c7cfa350776b52b7af3d4b411cc1d0fc6f9f2ec6245d2899b22a1611f269d518/start

During handling of the above exception, another exception occurred:
tests/integration/models_containers_test.py:429: in test_update
    container = client.containers.run("alpine", "sleep 60", detach=True,
docker/models/containers.py:818: in run
    container.start()
docker/models/containers.py:404: in start
    return self.client.api.start(self.id, **kwargs)
docker/utils/decorators.py:19: in wrapped
    return f(self, resource_id, *args, **kwargs)
docker/api/container.py:1111: in start
    self._raise_for_status(res)
docker/api/client.py:298: in _raise_for_status
    raise create_api_error_from_http_exception(e)
docker/errors.py:31: in create_api_error_from_http_exception
    raise cls(e, response=response, explanation=explanation)
E   docker.errors.APIError: 500 Server Error for http+docker://localhost/v1.40/containers/c7cfa350776b52b7af3d4b411cc1d0fc6f9f2ec6245d2899b22a1611f269d518/start: Internal Server Error ("container_linux.go:370: starting container process caused: process_linux.go:459: container init caused: process_linux.go:422: setting cgroup config for procHooks process caused: failed to write "1" to "/sys/fs/cgroup/user.slice/user-1000.slice/user@1000.service/user.slice/libpod-c7cfa350776b52b7af3d4b411cc1d0fc6f9f2ec6245d2899b22a1611f269d518.scope/cpu.weight": open /sys/fs/cgroup/user.slice/user-1000.slice/user@1000.service/user.slice/libpod-c7cfa350776b52b7af3d4b411cc1d0fc6f9f2ec6245d2899b22a1611f269d518.scope/cpu.weight: permission denied: OCI permission denied")
__________________ ImageCollectionTest.test_build_with_error ___________________
tests/integration/models_images_test.py:30: in test_build_with_error
    assert (
E   AssertionError: assert "The command '/bin/sh -c exit 1' returned a non-zero code: 1" in 'docker.errors.BuildError: error building at STEP "RUN exit 1": exit status 1'
E    +  where 'docker.errors.BuildError: error building at STEP "RUN exit 1": exit status 1' = <bound method ExceptionInfo.exconly of <ExceptionInfo BuildError('error building at STEP "RUN exit 1": exit status 1\n') tblen=2>>()
E    +    where <bound method ExceptionInfo.exconly of <ExceptionInfo BuildError('error building at STEP "RUN exit 1": exit status 1\n') tblen=2>> = <ExceptionInfo BuildError('error building at STEP "RUN exit 1": exit status 1\n') tblen=2>.exconly
_____________________ ImageCollectionTest.test_load_error ______________________
tests/integration/models_images_test.py:98: in test_load_error
    client.images.load('abc')
E   Failed: DID NOT RAISE <class 'docker.errors.ImageLoadError'>
________________________ ImageCollectionTest.test_pull _________________________
tests/integration/models_images_test.py:71: in test_pull
    assert 'alpine:latest' in image.attrs['RepoTags']
E   AssertionError: assert 'alpine:latest' in ['docker.io/library/alpine:latest', 'docker.io/library/alpine:3.13']
____________________ ImageCollectionTest.test_pull_multiple ____________________
tests/integration/models_images_test.py:91: in test_pull_multiple
    assert any([
tests/integration/models_images_test.py:91: in <listcomp>
    assert any([
E   TypeError: argument of type 'NoneType' is not iterable
____________________ ImageCollectionTest.test_pull_with_sha ____________________
tests/integration/models_images_test.py:85: in test_pull_with_sha
    assert image_ref in image.attrs['RepoDigests']
E   AssertionError: assert 'hello-world@sha256:083de497cff944f969d8499ab94f07134c50bcf5e6b9559b27182d3fa80ce3f7' in ['docker.io/library/hello-world@sha256:083de497cff944f969d8499ab94f07134c50bcf5e6b9559b27182d3fa80ce3f7', 'docker.io/library/hello-world@sha256:8072a54ebb3bc136150e2f2860f00a7bf45f13eeb917cca2430fcd0054c8e51b']
____________________ ImageCollectionTest.test_pull_with_tag ____________________
tests/integration/models_images_test.py:76: in test_pull_with_tag
    assert 'alpine:3.10' in image.attrs['RepoTags']
E   AssertionError: assert 'alpine:3.10' in ['docker.io/library/alpine:3.10', 'docker.io/library/sha256:be4e4bea2c2e15b403bb321562e78ea84b501fb41497472e91ecb41504e8a27c']
_______________ ImageCollectionTest.test_save_and_load_repo_name _______________
tests/integration/models_images_test.py:122: in test_save_and_load_repo_name
    stream = image.save(named='{}:latest'.format(additional_tag))
docker/models/images.py:98: in save
    raise InvalidArgument(
E   docker.errors.InvalidArgument: dockerpytest_cfea0f581251c837:latest is not a valid tag for this image
____________________ NetworkCollectionTest.test_list_remove ____________________
tests/integration/models_networks_test.py:30: in test_list_remove
    assert network.id not in [
docker/models/networks.py:210: in list
    networks = [self.prepare_model(item) for item in resp]
E   TypeError: 'NoneType' object is not iterable
_____________________ NetworkTest.test_connect_disconnect ______________________
docker/api/client.py:296: in _raise_for_status
    response.raise_for_status()
../../.virtualenvs/docker-py/lib/python3.8/site-packages/requests/models.py:940: in raise_for_status
    raise HTTPError(http_error_msg, response=self)
E   requests.exceptions.HTTPError: 500 Server Error: Internal Server Error for url: http+docker://localhost/v1.40/networks/807d292e94e68b0d937a4e29958651892a60c1fb6906f823648aa3e8fb1cf925/connect

During handling of the above exception, another exception occurred:
tests/integration/models_networks_test.py:59: in test_connect_disconnect
    network.connect(container)
docker/models/networks.py:58: in connect
    return self.client.api.connect_container_to_network(
docker/utils/decorators.py:19: in wrapped
    return f(self, resource_id, *args, **kwargs)
docker/api/network.py:250: in connect_container_to_network
    self._raise_for_status(res)
docker/api/client.py:298: in _raise_for_status
    raise create_api_error_from_http_exception(e)
docker/errors.py:31: in create_api_error_from_http_exception
    raise cls(e, response=response, explanation=explanation)
E   docker.errors.APIError: 500 Server Error for http+docker://localhost/v1.40/networks/807d292e94e68b0d937a4e29958651892a60c1fb6906f823648aa3e8fb1cf925/connect: Internal Server Error ("network disconnect is not enabled for rootless containers")
_________________________ VolumesTest.test_list_remove _________________________
tests/integration/models_volumes_test.py:26: in test_list_remove
    assert volume in client.volumes.list(filters={'name': 'dockerpytest_'})
E   AssertionError: assert <Volume: dockerpyte> in []
E    +  where [] = <bound method VolumeCollection.list of <docker.models.volumes.VolumeCollection object at 0x7f5ab2ae47f0>>(filters={'name': 'dockerpytest_'})
E    +    where <bound method VolumeCollection.list of <docker.models.volumes.VolumeCollection object at 0x7f5ab2ae47f0>> = <docker.models.volumes.VolumeCollection object at 0x7f5ab2ae47f0>.list
E    +      where <docker.models.volumes.VolumeCollection object at 0x7f5ab2ae47f0> = <docker.client.DockerClient object at 0x7f5ab2ae4700>.volumes
________ TestRegressions.test_443_handle_nonchunked_response_in_stream _________
tests/integration/regression_test.py:16: in test_443_handle_nonchunked_response_in_stream
    pass
E   Failed: DID NOT RAISE <class 'docker.errors.APIError'>
=============================== warnings summary ===============================
../../.virtualenvs/docker-py/lib/python3.8/site-packages/paramiko/hostkeys.py:23
  /home/riyad/.virtualenvs/docker-py/lib/python3.8/site-packages/paramiko/hostkeys.py:23: DeprecationWarning: Using or importing the ABCs from 'collections' instead of from 'collections.abc' is deprecated since Python 3.3, and in 3.9 it will stop working
    from collections import MutableMapping

tests/integration/api_client_test.py::ConnectionTimeoutTest::test_timeout
  /home/riyad/src/docker-py/docker/utils/utils.py:276: DeprecationWarning: urllib.parse.splitnport() is deprecated as of 3.8, use urllib.parse.urlparse() instead
    host, port = splitnport(parsed_url.netloc)

-- Docs: https://docs.pytest.org/en/stable/warnings.html
- generated xml file: /home/riyad/src/docker-py/logs/pytest_integration_3.0.1__.junit.xml -
=========================== short test summary info ============================
XFAIL tests/integration/api_build_test.py::BuildTest::test_prune_builds
  Currently fails on 18.09: https://github.com/moby/moby/issues/37920
XFAIL tests/integration/api_container_test.py::CreateContainerTest::test_create_with_storage_opt
  Not supported on most drivers
XFAIL tests/integration/api_container_test.py::ContainerTopTest::test_top
  Output of docker top depends on host distro, and is not formalized.
XFAIL tests/integration/api_container_test.py::ContainerTopTest::test_top_with_psargs
  Output of docker top depends on host distro, and is not formalized.
SKIPPED [1] tests/integration/api_image_test.py:292: Doesn't work inside a container - FIXME
= 113 failed, 159 passed, 1 skipped, 137 deselected, 4 xfailed, 1 xpassed, 2 warnings in 1207.27s (0:20:07) =
