============================= test session starts ==============================
platform linux -- Python 3.9.7, pytest-6.2.5, py-1.11.0, pluggy-1.0.0 -- /home/riyad/.virtualenvs/docker-py/bin/python
cachedir: .pytest_cache
rootdir: /home/riyad/src/docker-py, configfile: pytest_podman_apiv2.ini, testpaths: tests/integration/
plugins: timeout-2.0.2, cov-3.0.0
collecting ... collected 420 items / 154 deselected / 266 selected

tests/integration/api_build_test.py::BuildTest::test_build_container_with_target FAILED [  0%]
tests/integration/api_build_test.py::BuildTest::test_build_from_stringio PASSED [  0%]
tests/integration/api_build_test.py::BuildTest::test_build_gzip_custom_encoding PASSED [  1%]
tests/integration/api_build_test.py::BuildTest::test_build_gzip_encoding PASSED [  1%]
tests/integration/api_build_test.py::BuildTest::test_build_in_context_abs_dockerfile FAILED [  1%]
tests/integration/api_build_test.py::BuildTest::test_build_in_context_dockerfile FAILED [  2%]
tests/integration/api_build_test.py::BuildTest::test_build_in_context_nested_dockerfile FAILED [  2%]
tests/integration/api_build_test.py::BuildTest::test_build_invalid_platform PASSED [  3%]
tests/integration/api_build_test.py::BuildTest::test_build_isolation PASSED [  3%]
tests/integration/api_build_test.py::BuildTest::test_build_labels FAILED [  3%]
tests/integration/api_build_test.py::BuildTest::test_build_out_of_context_dockerfile FAILED [  4%]
tests/integration/api_build_test.py::BuildTest::test_build_shmsize PASSED [  4%]
tests/integration/api_build_test.py::BuildTest::test_build_squash FAILED [  4%]
tests/integration/api_build_test.py::BuildTest::test_build_stderr_data FAILED [  5%]
tests/integration/api_build_test.py::BuildTest::test_build_streaming PASSED [  5%]
tests/integration/api_build_test.py::BuildTest::test_build_with_buildargs PASSED [  6%]
tests/integration/api_build_test.py::BuildTest::test_build_with_cache_from FAILED [  6%]
tests/integration/api_build_test.py::BuildTest::test_build_with_dockerfile_empty_lines PASSED [  6%]
tests/integration/api_build_test.py::BuildTest::test_build_with_dockerignore FAILED [  7%]
tests/integration/api_build_test.py::BuildTest::test_build_with_extra_hosts FAILED [  7%]
tests/integration/api_build_test.py::BuildTest::test_build_with_network_mode FAILED [  7%]
tests/integration/api_build_test.py::BuildTest::test_build_with_proxy PASSED [  8%]
tests/integration/api_build_test.py::BuildTest::test_build_with_proxy_and_buildargs PASSED [  8%]
tests/integration/api_build_test.py::BuildTest::test_prune_builds XFAIL  [  9%]
tests/integration/api_client_test.py::InformationTest::test_info PASSED  [  9%]
tests/integration/api_client_test.py::InformationTest::test_version PASSED [  9%]
tests/integration/api_client_test.py::AutoDetectVersionTest::test_client_init PASSED [ 10%]
tests/integration/api_client_test.py::ConnectionTimeoutTest::test_timeout PASSED [ 10%]
tests/integration/api_client_test.py::UnixconnTest::test_resource_warnings PASSED [ 10%]
tests/integration/api_container_test.py::ListContainersTest::test_list_containers FAILED [ 11%]
tests/integration/api_container_test.py::CreateContainerTest::test_create PASSED [ 11%]
tests/integration/api_container_test.py::CreateContainerTest::test_create_container_with_volumes_from FAILED [ 12%]
tests/integration/api_container_test.py::CreateContainerTest::test_create_with_auto_remove PASSED [ 12%]
tests/integration/api_container_test.py::CreateContainerTest::test_create_with_cpu_rt_options XPASS [ 12%]
tests/integration/api_container_test.py::CreateContainerTest::test_create_with_device_cgroup_rules FAILED [ 13%]
tests/integration/api_container_test.py::CreateContainerTest::test_create_with_environment_variable_no_value FAILED [ 13%]
tests/integration/api_container_test.py::CreateContainerTest::test_create_with_host_pid_mode FAILED [ 13%]
tests/integration/api_container_test.py::CreateContainerTest::test_create_with_init PASSED [ 14%]
tests/integration/api_container_test.py::CreateContainerTest::test_create_with_isolation FAILED [ 14%]
tests/integration/api_container_test.py::CreateContainerTest::test_create_with_links FAILED [ 15%]
tests/integration/api_container_test.py::CreateContainerTest::test_create_with_mac_address FAILED [ 15%]
tests/integration/api_container_test.py::CreateContainerTest::test_create_with_memory_constraints_with_int FAILED [ 15%]
tests/integration/api_container_test.py::CreateContainerTest::test_create_with_memory_constraints_with_str FAILED [ 16%]
tests/integration/api_container_test.py::CreateContainerTest::test_create_with_restart_policy FAILED [ 16%]
tests/integration/api_container_test.py::CreateContainerTest::test_create_with_stop_timeout PASSED [ 16%]
tests/integration/api_container_test.py::CreateContainerTest::test_create_with_storage_opt XFAIL [ 17%]
tests/integration/api_container_test.py::CreateContainerTest::test_create_with_tmpfs FAILED [ 17%]
tests/integration/api_container_test.py::CreateContainerTest::test_create_with_uts_mode PASSED [ 18%]
tests/integration/api_container_test.py::CreateContainerTest::test_group_id_ints FAILED [ 18%]
tests/integration/api_container_test.py::CreateContainerTest::test_group_id_strings FAILED [ 18%]
tests/integration/api_container_test.py::CreateContainerTest::test_invalid_log_driver_raises_exception FAILED [ 19%]
tests/integration/api_container_test.py::CreateContainerTest::test_valid_log_driver_and_log_opt FAILED [ 19%]
tests/integration/api_container_test.py::CreateContainerTest::test_valid_no_config_specified FAILED [ 19%]
tests/integration/api_container_test.py::CreateContainerTest::test_valid_no_log_driver_specified FAILED [ 20%]
tests/integration/api_container_test.py::VolumeBindTest::test_create_with_binds_ro FAILED [ 20%]
tests/integration/api_container_test.py::VolumeBindTest::test_create_with_binds_rw FAILED [ 21%]
tests/integration/api_container_test.py::VolumeBindTest::test_create_with_mounts FAILED [ 21%]
tests/integration/api_container_test.py::VolumeBindTest::test_create_with_mounts_ro FAILED [ 21%]
tests/integration/api_container_test.py::VolumeBindTest::test_create_with_volume_mount FAILED [ 22%]
tests/integration/api_container_test.py::ArchiveTest::test_copy_directory_to_container FAILED [ 22%]
tests/integration/api_container_test.py::ArchiveTest::test_copy_file_to_container FAILED [ 22%]
tests/integration/api_container_test.py::ArchiveTest::test_get_file_archive_from_container FAILED [ 23%]
tests/integration/api_container_test.py::ArchiveTest::test_get_file_stat_from_container FAILED [ 23%]
tests/integration/api_container_test.py::RenameContainerTest::test_rename_container PASSED [ 24%]
tests/integration/api_container_test.py::StartContainerTest::test_run_shlex_commands FAILED [ 24%]
tests/integration/api_container_test.py::StartContainerTest::test_start_container FAILED [ 24%]
tests/integration/api_container_test.py::StartContainerTest::test_start_container_with_dict_instead_of_id FAILED [ 25%]
tests/integration/api_container_test.py::WaitTest::test_wait FAILED      [ 25%]
tests/integration/api_container_test.py::WaitTest::test_wait_with_condition FAILED [ 25%]
tests/integration/api_container_test.py::WaitTest::test_wait_with_dict_instead_of_id FAILED [ 26%]
tests/integration/api_container_test.py::LogsTest::test_logs FAILED      [ 26%]
tests/integration/api_container_test.py::LogsTest::test_logs_streaming_and_follow FAILED [ 27%]
tests/integration/api_container_test.py::LogsTest::test_logs_streaming_and_follow_and_cancel FAILED [ 27%]
tests/integration/api_container_test.py::LogsTest::test_logs_streaming_and_follow_and_cancel ERROR [ 27%]
tests/integration/api_container_test.py::LogsTest::test_logs_tail_option FAILED [ 27%]
tests/integration/api_container_test.py::LogsTest::test_logs_with_dict_instead_of_id FAILED [ 28%]
tests/integration/api_container_test.py::LogsTest::test_logs_with_tail_0 FAILED [ 28%]
tests/integration/api_container_test.py::LogsTest::test_logs_with_until FAILED [ 28%]
tests/integration/api_container_test.py::DiffTest::test_diff FAILED      [ 29%]
tests/integration/api_container_test.py::DiffTest::test_diff_with_dict_instead_of_id FAILED [ 29%]
tests/integration/api_container_test.py::StopTest::test_stop FAILED      [ 30%]
tests/integration/api_container_test.py::StopTest::test_stop_with_dict_instead_of_id FAILED [ 30%]
tests/integration/api_container_test.py::KillTest::test_kill FAILED      [ 30%]
tests/integration/api_container_test.py::KillTest::test_kill_with_dict_instead_of_id FAILED [ 31%]
tests/integration/api_container_test.py::KillTest::test_kill_with_signal FAILED [ 31%]
tests/integration/api_container_test.py::KillTest::test_kill_with_signal_integer FAILED [ 31%]
tests/integration/api_container_test.py::KillTest::test_kill_with_signal_name FAILED [ 32%]
tests/integration/api_container_test.py::PortTest::test_port FAILED      [ 32%]
tests/integration/api_container_test.py::ContainerTopTest::test_top XFAIL [ 33%]
tests/integration/api_container_test.py::ContainerTopTest::test_top_with_psargs XFAIL [ 33%]
tests/integration/api_container_test.py::RestartContainerTest::test_restart FAILED [ 33%]
tests/integration/api_container_test.py::RestartContainerTest::test_restart_with_dict_instead_of_id FAILED [ 34%]
tests/integration/api_container_test.py::RestartContainerTest::test_restart_with_low_timeout FAILED [ 34%]
tests/integration/api_container_test.py::RemoveContainerTest::test_remove FAILED [ 34%]
tests/integration/api_container_test.py::RemoveContainerTest::test_remove_with_dict_instead_of_id FAILED [ 35%]
tests/integration/api_container_test.py::AttachContainerTest::test_attach_no_stream FAILED [ 35%]
tests/integration/api_container_test.py::AttachContainerTest::test_attach_stream_and_cancel FAILED [ 36%]
tests/integration/api_container_test.py::AttachContainerTest::test_detach_with_arg FAILED [ 36%]
tests/integration/api_container_test.py::AttachContainerTest::test_detach_with_config_file FAILED [ 36%]
tests/integration/api_container_test.py::AttachContainerTest::test_detach_with_default FAILED [ 37%]
tests/integration/api_container_test.py::AttachContainerTest::test_run_container_reading_socket FAILED [ 37%]
tests/integration/api_container_test.py::AttachContainerTest::test_run_container_streaming FAILED [ 37%]
tests/integration/api_container_test.py::PauseTest::test_pause_unpause FAILED [ 38%]
tests/integration/api_container_test.py::PruneTest::test_prune_containers FAILED [ 38%]
tests/integration/api_container_test.py::GetContainerStatsTest::test_get_container_stats_no_stream FAILED [ 39%]
tests/integration/api_container_test.py::ContainerUpdateTest::test_restart_policy_update FAILED [ 39%]
tests/integration/api_container_test.py::ContainerUpdateTest::test_update_container FAILED [ 39%]
tests/integration/api_container_test.py::ContainerCPUTest::test_container_cpu_shares FAILED [ 40%]
tests/integration/api_container_test.py::ContainerCPUTest::test_container_cpuset FAILED [ 40%]
tests/integration/api_container_test.py::ContainerCPUTest::test_create_with_runtime FAILED [ 40%]
tests/integration/api_exec_test.py::ExecTest::test_detach_with_config_file FAILED [ 41%]
tests/integration/api_exec_test.py::ExecTest::test_detach_with_default FAILED [ 41%]
tests/integration/api_exec_test.py::ExecTest::test_exec_command_as_root FAILED [ 42%]
tests/integration/api_exec_test.py::ExecTest::test_exec_command_as_user FAILED [ 42%]
tests/integration/api_exec_test.py::ExecTest::test_exec_command_streaming FAILED [ 42%]
tests/integration/api_exec_test.py::ExecTest::test_exec_command_string FAILED [ 43%]
tests/integration/api_exec_test.py::ExecTest::test_exec_command_with_env FAILED [ 43%]
tests/integration/api_exec_test.py::ExecTest::test_exec_command_with_workdir FAILED [ 43%]
tests/integration/api_exec_test.py::ExecTest::test_exec_inspect FAILED   [ 44%]
tests/integration/api_exec_test.py::ExecTest::test_exec_start_detached FAILED [ 44%]
tests/integration/api_exec_test.py::ExecTest::test_exec_start_socket FAILED [ 45%]
tests/integration/api_exec_test.py::ExecTest::test_execute_command FAILED [ 45%]
tests/integration/api_exec_test.py::ExecTest::test_execute_command_with_proxy_env FAILED [ 45%]
tests/integration/api_exec_test.py::ExecDemuxTest::test_exec_command_no_stream_demux FAILED [ 46%]
tests/integration/api_exec_test.py::ExecDemuxTest::test_exec_command_no_stream_no_demux FAILED [ 46%]
tests/integration/api_exec_test.py::ExecDemuxTest::test_exec_command_stream_demux FAILED [ 46%]
tests/integration/api_exec_test.py::ExecDemuxTest::test_exec_command_stream_no_demux FAILED [ 47%]
tests/integration/api_exec_test.py::ExecDemuxTest::test_exec_command_tty_no_stream_demux FAILED [ 47%]
tests/integration/api_exec_test.py::ExecDemuxTest::test_exec_command_tty_no_stream_no_demux FAILED [ 48%]
tests/integration/api_exec_test.py::ExecDemuxTest::test_exec_command_tty_stream_demux FAILED [ 48%]
tests/integration/api_exec_test.py::ExecDemuxTest::test_exec_command_tty_stream_no_demux FAILED [ 48%]
tests/integration/api_healthcheck_test.py::HealthcheckTest::test_healthcheck_fails FAILED [ 49%]
tests/integration/api_healthcheck_test.py::HealthcheckTest::test_healthcheck_passes FAILED [ 49%]
tests/integration/api_healthcheck_test.py::HealthcheckTest::test_healthcheck_shell_command PASSED [ 50%]
tests/integration/api_healthcheck_test.py::HealthcheckTest::test_healthcheck_start_period FAILED [ 50%]
tests/integration/api_image_test.py::ListImagesTest::test_images PASSED  [ 50%]
tests/integration/api_image_test.py::ListImagesTest::test_images_quiet PASSED [ 51%]
tests/integration/api_image_test.py::PullImageTest::test_pull PASSED     [ 51%]
tests/integration/api_image_test.py::PullImageTest::test_pull_invalid_platform FAILED [ 51%]
tests/integration/api_image_test.py::PullImageTest::test_pull_streaming PASSED [ 52%]
tests/integration/api_image_test.py::CommitTest::test_commit FAILED      [ 52%]
tests/integration/api_image_test.py::CommitTest::test_commit_with_changes FAILED [ 53%]
tests/integration/api_image_test.py::RemoveImageTest::test_remove FAILED [ 53%]
tests/integration/api_image_test.py::ImportImageTest::test_get_load_image FAILED [ 53%]
tests/integration/api_image_test.py::ImportImageTest::test_import_from_bytes PASSED [ 54%]
tests/integration/api_image_test.py::ImportImageTest::test_import_from_file PASSED [ 54%]
tests/integration/api_image_test.py::ImportImageTest::test_import_from_stream PASSED [ 54%]
tests/integration/api_image_test.py::ImportImageTest::test_import_from_url SKIPPED [ 55%]
tests/integration/api_image_test.py::ImportImageTest::test_import_image_from_data_with_changes PASSED [ 55%]
tests/integration/api_image_test.py::ImportImageTest::test_import_image_with_changes PASSED [ 56%]
tests/integration/api_image_test.py::PruneImagesTest::test_prune_images FAILED [ 56%]
tests/integration/api_image_test.py::SaveLoadImagesTest::test_get_image_load_image FAILED [ 56%]
tests/integration/api_image_test.py::InspectDistributionTest::test_inspect_distribution FAILED [ 57%]
tests/integration/api_network_test.py::TestNetworks::test_connect_and_disconnect_container FAILED [ 57%]
tests/integration/api_network_test.py::TestNetworks::test_connect_and_force_disconnect_container FAILED [ 57%]
tests/integration/api_network_test.py::TestNetworks::test_connect_on_container_create FAILED [ 58%]
tests/integration/api_network_test.py::TestNetworks::test_connect_with_aliases FAILED [ 58%]
tests/integration/api_network_test.py::TestNetworks::test_connect_with_ipv4_address FAILED [ 59%]
tests/integration/api_network_test.py::TestNetworks::test_connect_with_ipv6_address FAILED [ 59%]
tests/integration/api_network_test.py::TestNetworks::test_connect_with_links FAILED [ 59%]
tests/integration/api_network_test.py::TestNetworks::test_create_check_duplicate FAILED [ 60%]
tests/integration/api_network_test.py::TestNetworks::test_create_internal_networks PASSED [ 60%]
tests/integration/api_network_test.py::TestNetworks::test_create_network_ipv6_enabled FAILED [ 60%]
tests/integration/api_network_test.py::TestNetworks::test_create_network_with_host_driver_fails PASSED [ 61%]
tests/integration/api_network_test.py::TestNetworks::test_create_network_with_ipam_config FAILED [ 61%]
tests/integration/api_network_test.py::TestNetworks::test_create_network_with_labels PASSED [ 62%]
tests/integration/api_network_test.py::TestNetworks::test_create_network_with_labels_wrong_type PASSED [ 62%]
tests/integration/api_network_test.py::TestNetworks::test_create_remove_network_with_space_in_name PASSED [ 62%]
tests/integration/api_network_test.py::TestNetworks::test_create_with_aliases FAILED [ 63%]
tests/integration/api_network_test.py::TestNetworks::test_create_with_driveropt FAILED [ 63%]
tests/integration/api_network_test.py::TestNetworks::test_create_with_ipv4_address FAILED [ 63%]
tests/integration/api_network_test.py::TestNetworks::test_create_with_ipv6_address FAILED [ 64%]
tests/integration/api_network_test.py::TestNetworks::test_create_with_linklocal_ips FAILED [ 64%]
tests/integration/api_network_test.py::TestNetworks::test_create_with_links FAILED [ 65%]
tests/integration/api_network_test.py::TestNetworks::test_inspect_network PASSED [ 65%]
tests/integration/api_network_test.py::TestNetworks::test_list_networks PASSED [ 65%]
tests/integration/api_network_test.py::TestNetworks::test_prune_networks PASSED [ 66%]
tests/integration/api_network_test.py::TestNetworks::test_remove_network PASSED [ 66%]
tests/integration/api_secret_test.py::SecretAPITest::test_create_secret ERROR [ 66%]
tests/integration/api_secret_test.py::SecretAPITest::test_create_secret_unicode_data ERROR [ 67%]
tests/integration/api_secret_test.py::SecretAPITest::test_inspect_secret ERROR [ 67%]
tests/integration/api_secret_test.py::SecretAPITest::test_list_secrets ERROR [ 68%]
tests/integration/api_secret_test.py::SecretAPITest::test_remove_secret ERROR [ 68%]
tests/integration/api_volume_test.py::TestVolumes::test_create_volume PASSED [ 68%]
tests/integration/api_volume_test.py::TestVolumes::test_create_volume_invalid_driver FAILED [ 69%]
tests/integration/api_volume_test.py::TestVolumes::test_force_remove_volume PASSED [ 69%]
tests/integration/api_volume_test.py::TestVolumes::test_inspect_nonexistent_volume PASSED [ 69%]
tests/integration/api_volume_test.py::TestVolumes::test_inspect_volume FAILED [ 70%]
tests/integration/api_volume_test.py::TestVolumes::test_list_volumes FAILED [ 70%]
tests/integration/api_volume_test.py::TestVolumes::test_prune_volumes PASSED [ 71%]
tests/integration/api_volume_test.py::TestVolumes::test_remove_nonexistent_volume PASSED [ 71%]
tests/integration/api_volume_test.py::TestVolumes::test_remove_volume PASSED [ 71%]
tests/integration/client_test.py::ClientTest::test_df PASSED             [ 72%]
tests/integration/client_test.py::ClientTest::test_info PASSED           [ 72%]
tests/integration/client_test.py::ClientTest::test_ping PASSED           [ 72%]
tests/integration/client_test.py::ClientTest::test_version PASSED        [ 73%]
tests/integration/client_test.py::CancellableEventsTest::test_cancel_events PASSED [ 73%]
tests/integration/context_api_test.py::ContextLifecycleTest::test_context_remove PASSED [ 74%]
tests/integration/context_api_test.py::ContextLifecycleTest::test_lifecycle PASSED [ 74%]
tests/integration/context_api_test.py::ContextLifecycleTest::test_load_context_without_orchestrator PASSED [ 74%]
tests/integration/errors_test.py::ErrorsTest::test_api_error_parses_json FAILED [ 75%]
tests/integration/models_containers_test.py::ContainerCollectionTest::test_get FAILED [ 75%]
tests/integration/models_containers_test.py::ContainerCollectionTest::test_list FAILED [ 75%]
tests/integration/models_containers_test.py::ContainerCollectionTest::test_list_sparse FAILED [ 76%]
tests/integration/models_containers_test.py::ContainerCollectionTest::test_run FAILED [ 76%]
tests/integration/models_containers_test.py::ContainerCollectionTest::test_run_detach FAILED [ 77%]
tests/integration/models_containers_test.py::ContainerCollectionTest::test_run_with_auto_remove FAILED [ 77%]
tests/integration/models_containers_test.py::ContainerCollectionTest::test_run_with_auto_remove_error FAILED [ 77%]
tests/integration/models_containers_test.py::ContainerCollectionTest::test_run_with_error FAILED [ 78%]
tests/integration/models_containers_test.py::ContainerCollectionTest::test_run_with_image_that_does_not_exist PASSED [ 78%]
tests/integration/models_containers_test.py::ContainerCollectionTest::test_run_with_json_file_driver FAILED [ 78%]
tests/integration/models_containers_test.py::ContainerCollectionTest::test_run_with_named_volume FAILED [ 79%]
tests/integration/models_containers_test.py::ContainerCollectionTest::test_run_with_network FAILED [ 79%]
tests/integration/models_containers_test.py::ContainerCollectionTest::test_run_with_none_driver FAILED [ 80%]
tests/integration/models_containers_test.py::ContainerCollectionTest::test_run_with_proxy_config FAILED [ 80%]
tests/integration/models_containers_test.py::ContainerCollectionTest::test_run_with_streamed_logs FAILED [ 80%]
tests/integration/models_containers_test.py::ContainerCollectionTest::test_run_with_streamed_logs_and_cancel FAILED [ 81%]
tests/integration/models_containers_test.py::ContainerCollectionTest::test_run_with_volume FAILED [ 81%]
tests/integration/models_containers_test.py::ContainerTest::test_commit FAILED [ 81%]
tests/integration/models_containers_test.py::ContainerTest::test_create_with_volume_driver FAILED [ 82%]
tests/integration/models_containers_test.py::ContainerTest::test_diff FAILED [ 82%]
tests/integration/models_containers_test.py::ContainerTest::test_exec_run_failed FAILED [ 83%]
tests/integration/models_containers_test.py::ContainerTest::test_exec_run_success FAILED [ 83%]
tests/integration/models_containers_test.py::ContainerTest::test_kill FAILED [ 83%]
tests/integration/models_containers_test.py::ContainerTest::test_logs FAILED [ 84%]
tests/integration/models_containers_test.py::ContainerTest::test_pause FAILED [ 84%]
tests/integration/models_containers_test.py::ContainerTest::test_ports_target_list FAILED [ 84%]
tests/integration/models_containers_test.py::ContainerTest::test_ports_target_none FAILED [ 85%]
tests/integration/models_containers_test.py::ContainerTest::test_ports_target_tuple FAILED [ 85%]
tests/integration/models_containers_test.py::ContainerTest::test_remove FAILED [ 86%]
tests/integration/models_containers_test.py::ContainerTest::test_rename FAILED [ 86%]
tests/integration/models_containers_test.py::ContainerTest::test_restart FAILED [ 86%]
tests/integration/models_containers_test.py::ContainerTest::test_start FAILED [ 87%]
tests/integration/models_containers_test.py::ContainerTest::test_stats FAILED [ 87%]
tests/integration/models_containers_test.py::ContainerTest::test_stop FAILED [ 87%]
tests/integration/models_containers_test.py::ContainerTest::test_top FAILED [ 88%]
tests/integration/models_containers_test.py::ContainerTest::test_update FAILED [ 88%]
tests/integration/models_containers_test.py::ContainerTest::test_wait FAILED [ 89%]
tests/integration/models_images_test.py::ImageCollectionTest::test_build FAILED [ 89%]
tests/integration/models_images_test.py::ImageCollectionTest::test_build_with_error FAILED [ 89%]
tests/integration/models_images_test.py::ImageCollectionTest::test_build_with_multiple_success FAILED [ 90%]
tests/integration/models_images_test.py::ImageCollectionTest::test_build_with_success_build_output FAILED [ 90%]
tests/integration/models_images_test.py::ImageCollectionTest::test_list PASSED [ 90%]
tests/integration/models_images_test.py::ImageCollectionTest::test_list_with_repository PASSED [ 91%]
tests/integration/models_images_test.py::ImageCollectionTest::test_load_error FAILED [ 91%]
tests/integration/models_images_test.py::ImageCollectionTest::test_pull FAILED [ 92%]
tests/integration/models_images_test.py::ImageCollectionTest::test_pull_multiple FAILED [ 92%]
tests/integration/models_images_test.py::ImageCollectionTest::test_pull_with_sha FAILED [ 92%]
tests/integration/models_images_test.py::ImageCollectionTest::test_pull_with_tag FAILED [ 93%]
tests/integration/models_images_test.py::ImageCollectionTest::test_save_and_load PASSED [ 93%]
tests/integration/models_images_test.py::ImageCollectionTest::test_save_and_load_repo_name FAILED [ 93%]
tests/integration/models_images_test.py::ImageCollectionTest::test_save_name_error PASSED [ 94%]
tests/integration/models_images_test.py::ImageTest::test_tag_and_remove PASSED [ 94%]
tests/integration/models_networks_test.py::NetworkCollectionTest::test_create PASSED [ 95%]
tests/integration/models_networks_test.py::NetworkCollectionTest::test_get PASSED [ 95%]
tests/integration/models_networks_test.py::NetworkCollectionTest::test_list_remove PASSED [ 95%]
tests/integration/models_networks_test.py::NetworkTest::test_connect_disconnect FAILED [ 96%]
tests/integration/models_resources_test.py::ModelTest::test_reload FAILED [ 96%]
tests/integration/models_volumes_test.py::VolumesTest::test_create_get PASSED [ 96%]
tests/integration/models_volumes_test.py::VolumesTest::test_list_remove FAILED [ 97%]
tests/integration/regression_test.py::TestRegressions::test_443_handle_nonchunked_response_in_stream FAILED [ 97%]
tests/integration/regression_test.py::TestRegressions::test_542_truncate_ids_client_side FAILED [ 98%]
tests/integration/regression_test.py::TestRegressions::test_647_support_doubleslash_in_image_names PASSED [ 98%]
tests/integration/regression_test.py::TestRegressions::test_649_handle_timeout_value_none FAILED [ 98%]
tests/integration/regression_test.py::TestRegressions::test_715_handle_user_param_as_int_value FAILED [ 99%]
tests/integration/regression_test.py::TestRegressions::test_792_explicit_port_protocol FAILED [ 99%]
tests/integration/credentials/utils_test.py::test_create_environment_dict PASSED [100%]

==================================== ERRORS ====================================
___ ERROR at teardown of LogsTest.test_logs_streaming_and_follow_and_cancel ____
tests/integration/base.py:83: in tearDown
    super().tearDown()
tests/integration/base.py:30: in tearDown
    client = docker.from_env(version=TEST_API_VERSION)
docker/client.py:96: in from_env
    return cls(
docker/client.py:45: in __init__
    self.api = APIClient(*args, **kwargs)
docker/api/client.py:197: in __init__
    self._version = self._retrieve_server_version()
docker/api/client.py:214: in _retrieve_server_version
    return self.version(api_version=False)["ApiVersion"]
docker/api/daemon.py:181: in version
    return self._result(self._get(url), json=True)
docker/utils/decorators.py:46: in inner
    return f(self, *args, **kwargs)
docker/api/client.py:251: in _get
    return self.get(url, **self._set_request_timeout(kwargs))
../../.virtualenvs/docker-py/lib/python3.9/site-packages/requests/sessions.py:555: in get
    return self.request('GET', url, **kwargs)
../../.virtualenvs/docker-py/lib/python3.9/site-packages/requests/sessions.py:542: in request
    resp = self.send(prep, **send_kwargs)
../../.virtualenvs/docker-py/lib/python3.9/site-packages/requests/sessions.py:655: in send
    r = adapter.send(request, **kwargs)
../../.virtualenvs/docker-py/lib/python3.9/site-packages/requests/adapters.py:439: in send
    resp = conn.urlopen(
../../.virtualenvs/docker-py/lib/python3.9/site-packages/urllib3/connectionpool.py:699: in urlopen
    httplib_response = self._make_request(
../../.virtualenvs/docker-py/lib/python3.9/site-packages/urllib3/connectionpool.py:445: in _make_request
    six.raise_from(e, None)
../../.virtualenvs/docker-py/lib/python3.9/site-packages/urllib3/connectionpool.py:440: in _make_request
    httplib_response = conn.getresponse()
/usr/lib/python3.9/http/client.py:1371: in getresponse
    response.begin()
/usr/lib/python3.9/http/client.py:319: in begin
    version, status, reason = self._read_status()
/usr/lib/python3.9/http/client.py:280: in _read_status
    line = str(self.fp.readline(_MAXLINE + 1), "iso-8859-1")
/usr/lib/python3.9/socket.py:704: in readinto
    return self._sock.recv_into(b)
E   Failed: Timeout >5.0s
______________ ERROR at setup of SecretAPITest.test_create_secret ______________
docker/api/client.py:296: in _raise_for_status
    response.raise_for_status()
../../.virtualenvs/docker-py/lib/python3.9/site-packages/requests/models.py:953: in raise_for_status
    raise HTTPError(http_error_msg, response=self)
E   requests.exceptions.HTTPError: 503 Server Error: Service Unavailable for url: http+docker://localhost/v1.40/swarm/init

During handling of the above exception, another exception occurred:
tests/integration/api_secret_test.py:15: in setup_class
    cls._init_swarm(client)
tests/integration/base.py:94: in _init_swarm
    return client.init_swarm(
docker/utils/decorators.py:34: in wrapper
    return f(self, *args, **kwargs)
docker/api/swarm.py:170: in init_swarm
    return self._result(response, json=True)
docker/api/client.py:302: in _result
    self._raise_for_status(response)
docker/api/client.py:298: in _raise_for_status
    raise create_api_error_from_http_exception(e)
docker/errors.py:31: in create_api_error_from_http_exception
    raise cls(e, response=response, explanation=explanation)
E   docker.errors.APIError: 503 Server Error for http+docker://localhost/v1.40/swarm/init: Service Unavailable ("Podman does not support service: /v1.40/swarm/init")
_______ ERROR at setup of SecretAPITest.test_create_secret_unicode_data ________
docker/api/client.py:296: in _raise_for_status
    response.raise_for_status()
../../.virtualenvs/docker-py/lib/python3.9/site-packages/requests/models.py:953: in raise_for_status
    raise HTTPError(http_error_msg, response=self)
E   requests.exceptions.HTTPError: 503 Server Error: Service Unavailable for url: http+docker://localhost/v1.40/swarm/init

During handling of the above exception, another exception occurred:
tests/integration/api_secret_test.py:15: in setup_class
    cls._init_swarm(client)
tests/integration/base.py:94: in _init_swarm
    return client.init_swarm(
docker/utils/decorators.py:34: in wrapper
    return f(self, *args, **kwargs)
docker/api/swarm.py:170: in init_swarm
    return self._result(response, json=True)
docker/api/client.py:302: in _result
    self._raise_for_status(response)
docker/api/client.py:298: in _raise_for_status
    raise create_api_error_from_http_exception(e)
docker/errors.py:31: in create_api_error_from_http_exception
    raise cls(e, response=response, explanation=explanation)
E   docker.errors.APIError: 503 Server Error for http+docker://localhost/v1.40/swarm/init: Service Unavailable ("Podman does not support service: /v1.40/swarm/init")
_____________ ERROR at setup of SecretAPITest.test_inspect_secret ______________
docker/api/client.py:296: in _raise_for_status
    response.raise_for_status()
../../.virtualenvs/docker-py/lib/python3.9/site-packages/requests/models.py:953: in raise_for_status
    raise HTTPError(http_error_msg, response=self)
E   requests.exceptions.HTTPError: 503 Server Error: Service Unavailable for url: http+docker://localhost/v1.40/swarm/init

During handling of the above exception, another exception occurred:
tests/integration/api_secret_test.py:15: in setup_class
    cls._init_swarm(client)
tests/integration/base.py:94: in _init_swarm
    return client.init_swarm(
docker/utils/decorators.py:34: in wrapper
    return f(self, *args, **kwargs)
docker/api/swarm.py:170: in init_swarm
    return self._result(response, json=True)
docker/api/client.py:302: in _result
    self._raise_for_status(response)
docker/api/client.py:298: in _raise_for_status
    raise create_api_error_from_http_exception(e)
docker/errors.py:31: in create_api_error_from_http_exception
    raise cls(e, response=response, explanation=explanation)
E   docker.errors.APIError: 503 Server Error for http+docker://localhost/v1.40/swarm/init: Service Unavailable ("Podman does not support service: /v1.40/swarm/init")
______________ ERROR at setup of SecretAPITest.test_list_secrets _______________
docker/api/client.py:296: in _raise_for_status
    response.raise_for_status()
../../.virtualenvs/docker-py/lib/python3.9/site-packages/requests/models.py:953: in raise_for_status
    raise HTTPError(http_error_msg, response=self)
E   requests.exceptions.HTTPError: 503 Server Error: Service Unavailable for url: http+docker://localhost/v1.40/swarm/init

During handling of the above exception, another exception occurred:
tests/integration/api_secret_test.py:15: in setup_class
    cls._init_swarm(client)
tests/integration/base.py:94: in _init_swarm
    return client.init_swarm(
docker/utils/decorators.py:34: in wrapper
    return f(self, *args, **kwargs)
docker/api/swarm.py:170: in init_swarm
    return self._result(response, json=True)
docker/api/client.py:302: in _result
    self._raise_for_status(response)
docker/api/client.py:298: in _raise_for_status
    raise create_api_error_from_http_exception(e)
docker/errors.py:31: in create_api_error_from_http_exception
    raise cls(e, response=response, explanation=explanation)
E   docker.errors.APIError: 503 Server Error for http+docker://localhost/v1.40/swarm/init: Service Unavailable ("Podman does not support service: /v1.40/swarm/init")
______________ ERROR at setup of SecretAPITest.test_remove_secret ______________
docker/api/client.py:296: in _raise_for_status
    response.raise_for_status()
../../.virtualenvs/docker-py/lib/python3.9/site-packages/requests/models.py:953: in raise_for_status
    raise HTTPError(http_error_msg, response=self)
E   requests.exceptions.HTTPError: 503 Server Error: Service Unavailable for url: http+docker://localhost/v1.40/swarm/init

During handling of the above exception, another exception occurred:
tests/integration/api_secret_test.py:15: in setup_class
    cls._init_swarm(client)
tests/integration/base.py:94: in _init_swarm
    return client.init_swarm(
docker/utils/decorators.py:34: in wrapper
    return f(self, *args, **kwargs)
docker/api/swarm.py:170: in init_swarm
    return self._result(response, json=True)
docker/api/client.py:302: in _result
    self._raise_for_status(response)
docker/api/client.py:298: in _raise_for_status
    raise create_api_error_from_http_exception(e)
docker/errors.py:31: in create_api_error_from_http_exception
    raise cls(e, response=response, explanation=explanation)
E   docker.errors.APIError: 503 Server Error for http+docker://localhost/v1.40/swarm/init: Service Unavailable ("Podman does not support service: /v1.40/swarm/init")
=================================== FAILURES ===================================
__________________ BuildTest.test_build_container_with_target __________________
docker/api/client.py:296: in _raise_for_status
    response.raise_for_status()
../../.virtualenvs/docker-py/lib/python3.9/site-packages/requests/models.py:953: in raise_for_status
    raise HTTPError(http_error_msg, response=self)
E   requests.exceptions.HTTPError: 404 Client Error: Not Found for url: http+docker://localhost/v1.40/images/build1/json

During handling of the above exception, another exception occurred:
tests/integration/api_build_test.py:268: in test_build_container_with_target
    info = self.client.inspect_image('build1')
docker/utils/decorators.py:19: in wrapped
    return f(self, resource_id, *args, **kwargs)
docker/api/image.py:251: in inspect_image
    return self._result(
docker/api/client.py:302: in _result
    self._raise_for_status(response)
docker/api/client.py:298: in _raise_for_status
    raise create_api_error_from_http_exception(e)
docker/errors.py:31: in create_api_error_from_http_exception
    raise cls(e, response=response, explanation=explanation)
E   docker.errors.ImageNotFound: 404 Client Error for http+docker://localhost/v1.40/images/build1/json: Not Found ("failed to find image build1: build1: No such image")
---------------------------- Captured stderr setup -----------------------------

pulling alpine:3.10
Pulling fs layer - None
Download complete - None
Pulling fs layer - None
Download complete - None
Download complete - None
________________ BuildTest.test_build_in_context_abs_dockerfile ________________
docker/api/client.py:296: in _raise_for_status
    response.raise_for_status()
../../.virtualenvs/docker-py/lib/python3.9/site-packages/requests/models.py:953: in raise_for_status
    raise HTTPError(http_error_msg, response=self)
E   requests.exceptions.HTTPError: 500 Server Error: Internal Server Error for url: http+docker://localhost/v1.40/containers/0223a0e43b3ef5a26b1aa06ba6df8bd7e843aca3306c74bc449d5968704b15b6/start

During handling of the above exception, another exception occurred:
tests/integration/api_build_test.py:578: in test_build_in_context_abs_dockerfile
    self.client.start(ctnr)
docker/utils/decorators.py:19: in wrapped
    return f(self, resource_id, *args, **kwargs)
docker/api/container.py:1109: in start
    self._raise_for_status(res)
docker/api/client.py:298: in _raise_for_status
    raise create_api_error_from_http_exception(e)
docker/errors.py:31: in create_api_error_from_http_exception
    raise cls(e, response=response, explanation=explanation)
E   docker.errors.APIError: 500 Server Error for http+docker://localhost/v1.40/containers/0223a0e43b3ef5a26b1aa06ba6df8bd7e843aca3306c74bc449d5968704b15b6/start: Internal Server Error ("    Permission denied (os error 13): OCI permission denied")
__________________ BuildTest.test_build_in_context_dockerfile __________________
docker/api/client.py:296: in _raise_for_status
    response.raise_for_status()
../../.virtualenvs/docker-py/lib/python3.9/site-packages/requests/models.py:953: in raise_for_status
    raise HTTPError(http_error_msg, response=self)
E   requests.exceptions.HTTPError: 500 Server Error: Internal Server Error for url: http+docker://localhost/v1.40/containers/13db3cf9328946b0787a584eaa92e01bacf8a39d328e1a38c360c4038f85c1dd/start

During handling of the above exception, another exception occurred:
tests/integration/api_build_test.py:513: in test_build_in_context_dockerfile
    self.client.start(ctnr)
docker/utils/decorators.py:19: in wrapped
    return f(self, resource_id, *args, **kwargs)
docker/api/container.py:1109: in start
    self._raise_for_status(res)
docker/api/client.py:298: in _raise_for_status
    raise create_api_error_from_http_exception(e)
docker/errors.py:31: in create_api_error_from_http_exception
    raise cls(e, response=response, explanation=explanation)
E   docker.errors.APIError: 500 Server Error for http+docker://localhost/v1.40/containers/13db3cf9328946b0787a584eaa92e01bacf8a39d328e1a38c360c4038f85c1dd/start: Internal Server Error ("    Permission denied (os error 13): OCI permission denied")
______________ BuildTest.test_build_in_context_nested_dockerfile _______________
docker/api/client.py:296: in _raise_for_status
    response.raise_for_status()
../../.virtualenvs/docker-py/lib/python3.9/site-packages/requests/models.py:953: in raise_for_status
    raise HTTPError(http_error_msg, response=self)
E   requests.exceptions.HTTPError: 500 Server Error: Internal Server Error for url: http+docker://localhost/v1.40/containers/d8bd1bd2180a1b998ba0ba00fa9e36cec28078f31bfc8f9fa3cfe36ad93cbfbd/start

During handling of the above exception, another exception occurred:
tests/integration/api_build_test.py:546: in test_build_in_context_nested_dockerfile
    self.client.start(ctnr)
docker/utils/decorators.py:19: in wrapped
    return f(self, resource_id, *args, **kwargs)
docker/api/container.py:1109: in start
    self._raise_for_status(res)
docker/api/client.py:298: in _raise_for_status
    raise create_api_error_from_http_exception(e)
docker/errors.py:31: in create_api_error_from_http_exception
    raise cls(e, response=response, explanation=explanation)
E   docker.errors.APIError: 500 Server Error for http+docker://localhost/v1.40/containers/d8bd1bd2180a1b998ba0ba00fa9e36cec28078f31bfc8f9fa3cfe36ad93cbfbd/start: Internal Server Error ("    Permission denied (os error 13): OCI permission denied")
_________________________ BuildTest.test_build_labels __________________________
tests/integration/api_build_test.py:211: in test_build_labels
    assert info['Config']['Labels'] == labels
E   AssertionError: assert {'io.buildah.... 'test': 'OK'} == {'test': 'OK'}
E     Omitting 1 identical items, use -vv to show
E     Left contains 1 more item:
E     {'io.buildah.version': '1.23.1'}
E     Full diff:
E     - {'test': 'OK'}
E     + {'io.buildah.version': '1.23.1', 'test': 'OK'}
________________ BuildTest.test_build_out_of_context_dockerfile ________________
docker/api/client.py:296: in _raise_for_status
    response.raise_for_status()
../../.virtualenvs/docker-py/lib/python3.9/site-packages/requests/models.py:953: in raise_for_status
    raise HTTPError(http_error_msg, response=self)
E   requests.exceptions.HTTPError: 500 Server Error: Internal Server Error for url: http+docker://localhost/v1.40/containers/58434e66b0ee5aa980382d4b98326b6d986dff3f8652a76b108089dc5faa34aa/start

During handling of the above exception, another exception occurred:
tests/integration/api_build_test.py:484: in test_build_out_of_context_dockerfile
    self.client.start(ctnr)
docker/utils/decorators.py:19: in wrapped
    return f(self, resource_id, *args, **kwargs)
docker/api/container.py:1109: in start
    self._raise_for_status(res)
docker/api/client.py:298: in _raise_for_status
    raise create_api_error_from_http_exception(e)
docker/errors.py:31: in create_api_error_from_http_exception
    raise cls(e, response=response, explanation=explanation)
E   docker.errors.APIError: 500 Server Error for http+docker://localhost/v1.40/containers/58434e66b0ee5aa980382d4b98326b6d986dff3f8652a76b108089dc5faa34aa/start: Internal Server Error ("    Permission denied (os error 13): OCI permission denied")
_________________________ BuildTest.test_build_squash __________________________
docker/api/client.py:296: in _raise_for_status
    response.raise_for_status()
../../.virtualenvs/docker-py/lib/python3.9/site-packages/requests/models.py:953: in raise_for_status
    raise HTTPError(http_error_msg, response=self)
E   requests.exceptions.HTTPError: 404 Client Error: Not Found for url: http+docker://localhost/v1.40/images/nosquash/json

During handling of the above exception, another exception occurred:
tests/integration/api_build_test.py:364: in test_build_squash
    non_squashed = build_squashed(False)
tests/integration/api_build_test.py:362: in build_squashed
    return self.client.inspect_image(tag)
docker/utils/decorators.py:19: in wrapped
    return f(self, resource_id, *args, **kwargs)
docker/api/image.py:251: in inspect_image
    return self._result(
docker/api/client.py:302: in _result
    self._raise_for_status(response)
docker/api/client.py:298: in _raise_for_status
    raise create_api_error_from_http_exception(e)
docker/errors.py:31: in create_api_error_from_http_exception
    raise cls(e, response=response, explanation=explanation)
E   docker.errors.ImageNotFound: 404 Client Error for http+docker://localhost/v1.40/images/nosquash/json: Not Found ("failed to find image nosquash: nosquash: No such image")
_______________________ BuildTest.test_build_stderr_data _______________________
tests/integration/api_build_test.py:390: in test_build_stderr_data
    assert any([line == expected for line in lines])
E   AssertionError: assert False
E    +  where False = any([False, False, False, False, False])
_____________________ BuildTest.test_build_with_cache_from _____________________
tests/integration/api_build_test.py:236: in test_build_with_cache_from
    assert counter == 3
E   AssertionError: assert 1 == 3
E     +1
E     -3
____________________ BuildTest.test_build_with_dockerignore ____________________
docker/api/client.py:296: in _raise_for_status
    response.raise_for_status()
../../.virtualenvs/docker-py/lib/python3.9/site-packages/requests/models.py:953: in raise_for_status
    raise HTTPError(http_error_msg, response=self)
E   requests.exceptions.HTTPError: 500 Server Error: Internal Server Error for url: http+docker://localhost/v1.40/containers/ce4bc8d3d7e0d222a32db782c4932fe1a60834b1a0495079080340d3320a4f0a/start

During handling of the above exception, another exception occurred:
tests/integration/api_build_test.py:131: in test_build_with_dockerignore
    self.client.start(c)
docker/utils/decorators.py:19: in wrapped
    return f(self, resource_id, *args, **kwargs)
docker/api/container.py:1109: in start
    self._raise_for_status(res)
docker/api/client.py:298: in _raise_for_status
    raise create_api_error_from_http_exception(e)
docker/errors.py:31: in create_api_error_from_http_exception
    raise cls(e, response=response, explanation=explanation)
E   docker.errors.APIError: 500 Server Error for http+docker://localhost/v1.40/containers/ce4bc8d3d7e0d222a32db782c4932fe1a60834b1a0495079080340d3320a4f0a/start: Internal Server Error ("    Permission denied (os error 13): OCI permission denied")
____________________ BuildTest.test_build_with_extra_hosts _____________________
docker/api/client.py:296: in _raise_for_status
    response.raise_for_status()
../../.virtualenvs/docker-py/lib/python3.9/site-packages/requests/models.py:953: in raise_for_status
    raise HTTPError(http_error_msg, response=self)
E   requests.exceptions.HTTPError: 400 Client Error: Bad Request for url: http+docker://localhost/v1.40/build?t=dockerpytest_extrahost_build&q=False&nocache=False&rm=False&forcerm=False&pull=False&extrahosts=extrahost.local.test%3A127.0.0.1&extrahosts=hello.world.test%3A127.0.0.1

During handling of the above exception, another exception occurred:
tests/integration/api_build_test.py:332: in test_build_with_extra_hosts
    for chunk in stream:
docker/api/client.py:386: in _stream_helper
    yield self._result(response, json=decode)
docker/api/client.py:302: in _result
    self._raise_for_status(response)
docker/api/client.py:298: in _raise_for_status
    raise create_api_error_from_http_exception(e)
docker/errors.py:31: in create_api_error_from_http_exception
    raise cls(e, response=response, explanation=explanation)
E   docker.errors.APIError: 400 Client Error for http+docker://localhost/v1.40/build?t=dockerpytest_extrahost_build&q=False&nocache=False&rm=False&forcerm=False&pull=False&extrahosts=extrahost.local.test%3A127.0.0.1&extrahosts=hello.world.test%3A127.0.0.1: Bad Request ("failed to parse query parameter 'extrahosts': "hello.world.test:127.0.0.1": invalid character 'h' looking for beginning of value")
____________________ BuildTest.test_build_with_network_mode ____________________
docker/api/client.py:296: in _raise_for_status
    response.raise_for_status()
../../.virtualenvs/docker-py/lib/python3.9/site-packages/requests/models.py:953: in raise_for_status
    raise HTTPError(http_error_msg, response=self)
E   requests.exceptions.HTTPError: 500 Server Error: Internal Server Error for url: http+docker://localhost/v1.40/containers/5c3acc2340491aff84d12e37e448dfe5c25e714cd15017672abfd1fa57090dc0/start

During handling of the above exception, another exception occurred:
tests/integration/api_build_test.py:278: in test_build_with_network_mode
    self.client.start(container)
docker/utils/decorators.py:19: in wrapped
    return f(self, resource_id, *args, **kwargs)
docker/api/container.py:1109: in start
    self._raise_for_status(res)
docker/api/client.py:298: in _raise_for_status
    raise create_api_error_from_http_exception(e)
docker/errors.py:31: in create_api_error_from_http_exception
    raise cls(e, response=response, explanation=explanation)
E   docker.errors.APIError: 500 Server Error for http+docker://localhost/v1.40/containers/5c3acc2340491aff84d12e37e448dfe5c25e714cd15017672abfd1fa57090dc0/start: Internal Server Error ("    Permission denied (os error 13): OCI permission denied")
___________________ ListContainersTest.test_list_containers ____________________
docker/api/client.py:296: in _raise_for_status
    response.raise_for_status()
../../.virtualenvs/docker-py/lib/python3.9/site-packages/requests/models.py:953: in raise_for_status
    raise HTTPError(http_error_msg, response=self)
E   requests.exceptions.HTTPError: 500 Server Error: Internal Server Error for url: http+docker://localhost/v1.40/containers/4dbd11ee912d84b402336c468888be0cc87cd0e1fcfba3a10c2bc1c9c2d93d6f/start

During handling of the above exception, another exception occurred:
tests/integration/api_container_test.py:29: in test_list_containers
    self.client.start(res1['Id'])
docker/utils/decorators.py:19: in wrapped
    return f(self, resource_id, *args, **kwargs)
docker/api/container.py:1109: in start
    self._raise_for_status(res)
docker/api/client.py:298: in _raise_for_status
    raise create_api_error_from_http_exception(e)
docker/errors.py:31: in create_api_error_from_http_exception
    raise cls(e, response=response, explanation=explanation)
E   docker.errors.APIError: 500 Server Error for http+docker://localhost/v1.40/containers/4dbd11ee912d84b402336c468888be0cc87cd0e1fcfba3a10c2bc1c9c2d93d6f/start: Internal Server Error ("    Permission denied (os error 13): OCI permission denied")
_________ CreateContainerTest.test_create_container_with_volumes_from __________
docker/api/client.py:296: in _raise_for_status
    response.raise_for_status()
../../.virtualenvs/docker-py/lib/python3.9/site-packages/requests/models.py:953: in raise_for_status
    raise HTTPError(http_error_msg, response=self)
E   requests.exceptions.HTTPError: 500 Server Error: Internal Server Error for url: http+docker://localhost/v1.40/containers/7b1024acf7ca8be5fefca88dbf5186f8009e90b38f4f9f8f40a45344c3b2a12c/start

During handling of the above exception, another exception occurred:
tests/integration/api_container_test.py:137: in test_create_container_with_volumes_from
    self.client.start(container1_id)
docker/utils/decorators.py:19: in wrapped
    return f(self, resource_id, *args, **kwargs)
docker/api/container.py:1109: in start
    self._raise_for_status(res)
docker/api/client.py:298: in _raise_for_status
    raise create_api_error_from_http_exception(e)
docker/errors.py:31: in create_api_error_from_http_exception
    raise cls(e, response=response, explanation=explanation)
E   docker.errors.APIError: 500 Server Error for http+docker://localhost/v1.40/containers/7b1024acf7ca8be5fefca88dbf5186f8009e90b38f4f9f8f40a45344c3b2a12c/start: Internal Server Error ("    Permission denied (os error 13): OCI permission denied")
___________ CreateContainerTest.test_create_with_device_cgroup_rules ___________
tests/integration/api_container_test.py:470: in test_create_with_device_cgroup_rules
    assert config['HostConfig']['DeviceCgroupRules'] == [rule]
E   AssertionError: assert None == ['c 7:128 rwm']
E     +None
E     -['c 7:128 rwm']
______ CreateContainerTest.test_create_with_environment_variable_no_value ______
tests/integration/api_container_test.py:366: in test_create_with_environment_variable_no_value
    assert 'Foo' in config['Config']['Env']
E   AssertionError: assert 'Foo' in ['PATH=/usr/local/sbin:/usr/local/bin:/usr/sbin:/usr/bin:/sbin:/bin', 'TERM=xterm', 'container=podman', 'Other=one', 'Blank=']
______________ CreateContainerTest.test_create_with_host_pid_mode ______________
docker/api/client.py:296: in _raise_for_status
    response.raise_for_status()
../../.virtualenvs/docker-py/lib/python3.9/site-packages/requests/models.py:953: in raise_for_status
    raise HTTPError(http_error_msg, response=self)
E   requests.exceptions.HTTPError: 500 Server Error: Internal Server Error for url: http+docker://localhost/v1.40/containers/85defa9fa8c4520219388ce48d28c08991612454660ee2129667b4aa7f874eb8/start

During handling of the above exception, another exception occurred:
tests/integration/api_container_test.py:58: in test_create_with_host_pid_mode
    self.client.start(ctnr)
docker/utils/decorators.py:19: in wrapped
    return f(self, resource_id, *args, **kwargs)
docker/api/container.py:1109: in start
    self._raise_for_status(res)
docker/api/client.py:298: in _raise_for_status
    raise create_api_error_from_http_exception(e)
docker/errors.py:31: in create_api_error_from_http_exception
    raise cls(e, response=response, explanation=explanation)
E   docker.errors.APIError: 500 Server Error for http+docker://localhost/v1.40/containers/85defa9fa8c4520219388ce48d28c08991612454660ee2129667b4aa7f874eb8/start: Internal Server Error ("    Permission denied (os error 13): OCI permission denied")
________________ CreateContainerTest.test_create_with_isolation ________________
tests/integration/api_container_test.py:395: in test_create_with_isolation
    assert config['HostConfig']['Isolation'] == 'default'
E   AssertionError: assert '' == 'default'
E     - default
__________________ CreateContainerTest.test_create_with_links __________________
docker/api/client.py:296: in _raise_for_status
    response.raise_for_status()
../../.virtualenvs/docker-py/lib/python3.9/site-packages/requests/models.py:953: in raise_for_status
    raise HTTPError(http_error_msg, response=self)
E   requests.exceptions.HTTPError: 500 Server Error: Internal Server Error for url: http+docker://localhost/v1.40/containers/21eb61d28240feb49485aa451c87044152781fee3b400956dc8612cd51d7f1d0/start

During handling of the above exception, another exception occurred:
tests/integration/api_container_test.py:74: in test_create_with_links
    self.client.start(container1_id)
docker/utils/decorators.py:19: in wrapped
    return f(self, resource_id, *args, **kwargs)
docker/api/container.py:1109: in start
    self._raise_for_status(res)
docker/api/client.py:298: in _raise_for_status
    raise create_api_error_from_http_exception(e)
docker/errors.py:31: in create_api_error_from_http_exception
    raise cls(e, response=response, explanation=explanation)
E   docker.errors.APIError: 500 Server Error for http+docker://localhost/v1.40/containers/21eb61d28240feb49485aa451c87044152781fee3b400956dc8612cd51d7f1d0/start: Internal Server Error ("    Permission denied (os error 13): OCI permission denied")
_______________ CreateContainerTest.test_create_with_mac_address _______________
docker/api/client.py:296: in _raise_for_status
    response.raise_for_status()
../../.virtualenvs/docker-py/lib/python3.9/site-packages/requests/models.py:953: in raise_for_status
    raise HTTPError(http_error_msg, response=self)
E   requests.exceptions.HTTPError: 500 Server Error: Internal Server Error for url: http+docker://localhost/v1.40/containers/5c67b5c292312925a921e7265fe875f3a98fa85f0c34fc67155b30ea7e421288/start

During handling of the above exception, another exception occurred:
tests/integration/api_container_test.py:212: in test_create_with_mac_address
    self.client.start(container)
docker/utils/decorators.py:19: in wrapped
    return f(self, resource_id, *args, **kwargs)
docker/api/container.py:1109: in start
    self._raise_for_status(res)
docker/api/client.py:298: in _raise_for_status
    raise create_api_error_from_http_exception(e)
docker/errors.py:31: in create_api_error_from_http_exception
    raise cls(e, response=response, explanation=explanation)
E   docker.errors.APIError: 500 Server Error for http+docker://localhost/v1.40/containers/5c67b5c292312925a921e7265fe875f3a98fa85f0c34fc67155b30ea7e421288/start: Internal Server Error ("    Permission denied (os error 13): OCI permission denied")
_______ CreateContainerTest.test_create_with_memory_constraints_with_int _______
docker/api/client.py:296: in _raise_for_status
    response.raise_for_status()
../../.virtualenvs/docker-py/lib/python3.9/site-packages/requests/models.py:953: in raise_for_status
    raise HTTPError(http_error_msg, response=self)
E   requests.exceptions.HTTPError: 500 Server Error: Internal Server Error for url: http+docker://localhost/v1.40/containers/b4bd4b3f9296a15d4ec2b1bafa0561cb16282bd713e1794c95aafff7a4745508/start

During handling of the above exception, another exception occurred:
tests/integration/api_container_test.py:351: in test_create_with_memory_constraints_with_int
    self.client.start(ctnr)
docker/utils/decorators.py:19: in wrapped
    return f(self, resource_id, *args, **kwargs)
docker/api/container.py:1109: in start
    self._raise_for_status(res)
docker/api/client.py:298: in _raise_for_status
    raise create_api_error_from_http_exception(e)
docker/errors.py:31: in create_api_error_from_http_exception
    raise cls(e, response=response, explanation=explanation)
E   docker.errors.APIError: 500 Server Error for http+docker://localhost/v1.40/containers/b4bd4b3f9296a15d4ec2b1bafa0561cb16282bd713e1794c95aafff7a4745508/start: Internal Server Error ("    Permission denied (os error 13): OCI permission denied")
_______ CreateContainerTest.test_create_with_memory_constraints_with_str _______
docker/api/client.py:296: in _raise_for_status
    response.raise_for_status()
../../.virtualenvs/docker-py/lib/python3.9/site-packages/requests/models.py:953: in raise_for_status
    raise HTTPError(http_error_msg, response=self)
E   requests.exceptions.HTTPError: 500 Server Error: Internal Server Error for url: http+docker://localhost/v1.40/containers/119a9e033e4429d7756be33f8cd571fd7aa0495dc71278583b68bab2d5bc19de/start

During handling of the above exception, another exception occurred:
tests/integration/api_container_test.py:336: in test_create_with_memory_constraints_with_str
    self.client.start(ctnr)
docker/utils/decorators.py:19: in wrapped
    return f(self, resource_id, *args, **kwargs)
docker/api/container.py:1109: in start
    self._raise_for_status(res)
docker/api/client.py:298: in _raise_for_status
    raise create_api_error_from_http_exception(e)
docker/errors.py:31: in create_api_error_from_http_exception
    raise cls(e, response=response, explanation=explanation)
E   docker.errors.APIError: 500 Server Error for http+docker://localhost/v1.40/containers/119a9e033e4429d7756be33f8cd571fd7aa0495dc71278583b68bab2d5bc19de/start: Internal Server Error ("    Permission denied (os error 13): OCI permission denied")
_____________ CreateContainerTest.test_create_with_restart_policy ______________
docker/api/client.py:296: in _raise_for_status
    response.raise_for_status()
../../.virtualenvs/docker-py/lib/python3.9/site-packages/requests/models.py:953: in raise_for_status
    raise HTTPError(http_error_msg, response=self)
E   requests.exceptions.HTTPError: 500 Server Error: Internal Server Error for url: http+docker://localhost/v1.40/containers/c4a3abd499c3e5b8a8058f15412b9c3bcb2f91b042112ba6799bd58587a12aa6/start

During handling of the above exception, another exception occurred:
tests/integration/api_container_test.py:121: in test_create_with_restart_policy
    self.client.start(id)
docker/utils/decorators.py:19: in wrapped
    return f(self, resource_id, *args, **kwargs)
docker/api/container.py:1109: in start
    self._raise_for_status(res)
docker/api/client.py:298: in _raise_for_status
    raise create_api_error_from_http_exception(e)
docker/errors.py:31: in create_api_error_from_http_exception
    raise cls(e, response=response, explanation=explanation)
E   docker.errors.APIError: 500 Server Error for http+docker://localhost/v1.40/containers/c4a3abd499c3e5b8a8058f15412b9c3bcb2f91b042112ba6799bd58587a12aa6/start: Internal Server Error ("    Permission denied (os error 13): OCI permission denied")
__________________ CreateContainerTest.test_create_with_tmpfs __________________
tests/integration/api_container_test.py:384: in test_create_with_tmpfs
    assert config['HostConfig']['Tmpfs'] == tmpfs
E   AssertionError: assert {'/tmp1': 'si...ev,tmpcopyup'} == {'/tmp1': 'size=3M'}
E     Differing items:
E     {'/tmp1': 'size=3M,rw,rprivate,nosuid,nodev,tmpcopyup'} != {'/tmp1': 'size=3M'}
E     Full diff:
E     - {'/tmp1': 'size=3M'}
E     + {'/tmp1': 'size=3M,rw,rprivate,nosuid,nodev,tmpcopyup'}
____________________ CreateContainerTest.test_group_id_ints ____________________
docker/api/client.py:296: in _raise_for_status
    response.raise_for_status()
../../.virtualenvs/docker-py/lib/python3.9/site-packages/requests/models.py:953: in raise_for_status
    raise HTTPError(http_error_msg, response=self)
E   requests.exceptions.HTTPError: 500 Server Error: Internal Server Error for url: http+docker://localhost/v1.40/containers/944932608a7defe05e015355d61185720d56741bdb6a1cc9b386828e060101df/start

During handling of the above exception, another exception occurred:
tests/integration/api_container_test.py:224: in test_group_id_ints
    self.client.start(container)
docker/utils/decorators.py:19: in wrapped
    return f(self, resource_id, *args, **kwargs)
docker/api/container.py:1109: in start
    self._raise_for_status(res)
docker/api/client.py:298: in _raise_for_status
    raise create_api_error_from_http_exception(e)
docker/errors.py:31: in create_api_error_from_http_exception
    raise cls(e, response=response, explanation=explanation)
E   docker.errors.APIError: 500 Server Error for http+docker://localhost/v1.40/containers/944932608a7defe05e015355d61185720d56741bdb6a1cc9b386828e060101df/start: Internal Server Error ("    Permission denied (os error 13): OCI permission denied")
__________________ CreateContainerTest.test_group_id_strings ___________________
docker/api/client.py:296: in _raise_for_status
    response.raise_for_status()
../../.virtualenvs/docker-py/lib/python3.9/site-packages/requests/models.py:953: in raise_for_status
    raise HTTPError(http_error_msg, response=self)
E   requests.exceptions.HTTPError: 500 Server Error: Internal Server Error for url: http+docker://localhost/v1.40/containers/4ea473f7f714abab2f158c9aa87bf24bdbff9411c28df7bf63f03ab2aa8d262e/start

During handling of the above exception, another exception occurred:
tests/integration/api_container_test.py:239: in test_group_id_strings
    self.client.start(container)
docker/utils/decorators.py:19: in wrapped
    return f(self, resource_id, *args, **kwargs)
docker/api/container.py:1109: in start
    self._raise_for_status(res)
docker/api/client.py:298: in _raise_for_status
    raise create_api_error_from_http_exception(e)
docker/errors.py:31: in create_api_error_from_http_exception
    raise cls(e, response=response, explanation=explanation)
E   docker.errors.APIError: 500 Server Error for http+docker://localhost/v1.40/containers/4ea473f7f714abab2f158c9aa87bf24bdbff9411c28df7bf63f03ab2aa8d262e/start: Internal Server Error ("    Permission denied (os error 13): OCI permission denied")
_________ CreateContainerTest.test_invalid_log_driver_raises_exception _________
tests/integration/api_container_test.py:286: in test_invalid_log_driver_raises_exception
    assert excinfo.value.explanation in expected_msgs
E   AssertionError: assert 'container create: error running container create option: invalid log driver: invalid argument' in ["logger: no log driver named 'asdf' is registered", 'error looking up logging plugin asdf: plugin "asdf" not found']
E    +  where 'container create: error running container create option: invalid log driver: invalid argument' = APIError(HTTPError('500 Server Error: Internal Server Error for url: http+docker://localhost/v1.40/containers/create')).explanation
E    +    where APIError(HTTPError('500 Server Error: Internal Server Error for url: http+docker://localhost/v1.40/containers/create')) = <ExceptionInfo APIError(HTTPError('500 Server Error: Internal Server Error for url: http+docker://localhost/v1.40/containers/create')) tblen=6>.value
____________ CreateContainerTest.test_valid_log_driver_and_log_opt _____________
docker/api/client.py:296: in _raise_for_status
    response.raise_for_status()
../../.virtualenvs/docker-py/lib/python3.9/site-packages/requests/models.py:953: in raise_for_status
    raise HTTPError(http_error_msg, response=self)
E   requests.exceptions.HTTPError: 500 Server Error: Internal Server Error for url: http+docker://localhost/v1.40/containers/fcb267dd1959dfdea34c182a372094b970fbeb2af889bca085170c49bf3b9a5d/start

During handling of the above exception, another exception occurred:
tests/integration/api_container_test.py:259: in test_valid_log_driver_and_log_opt
    self.client.start(container)
docker/utils/decorators.py:19: in wrapped
    return f(self, resource_id, *args, **kwargs)
docker/api/container.py:1109: in start
    self._raise_for_status(res)
docker/api/client.py:298: in _raise_for_status
    raise create_api_error_from_http_exception(e)
docker/errors.py:31: in create_api_error_from_http_exception
    raise cls(e, response=response, explanation=explanation)
E   docker.errors.APIError: 500 Server Error for http+docker://localhost/v1.40/containers/fcb267dd1959dfdea34c182a372094b970fbeb2af889bca085170c49bf3b9a5d/start: Internal Server Error ("    Permission denied (os error 13): OCI permission denied")
______________ CreateContainerTest.test_valid_no_config_specified ______________
docker/api/client.py:296: in _raise_for_status
    response.raise_for_status()
../../.virtualenvs/docker-py/lib/python3.9/site-packages/requests/models.py:953: in raise_for_status
    raise HTTPError(http_error_msg, response=self)
E   requests.exceptions.HTTPError: 500 Server Error: Internal Server Error for url: http+docker://localhost/v1.40/containers/8e6720ca320ae0c894a5f6891036fb4f60e81f4528e9e538e11c30e2040138f1/start

During handling of the above exception, another exception occurred:
tests/integration/api_container_test.py:318: in test_valid_no_config_specified
    self.client.start(container)
docker/utils/decorators.py:19: in wrapped
    return f(self, resource_id, *args, **kwargs)
docker/api/container.py:1109: in start
    self._raise_for_status(res)
docker/api/client.py:298: in _raise_for_status
    raise create_api_error_from_http_exception(e)
docker/errors.py:31: in create_api_error_from_http_exception
    raise cls(e, response=response, explanation=explanation)
E   docker.errors.APIError: 500 Server Error for http+docker://localhost/v1.40/containers/8e6720ca320ae0c894a5f6891036fb4f60e81f4528e9e538e11c30e2040138f1/start: Internal Server Error ("    Permission denied (os error 13): OCI permission denied")
____________ CreateContainerTest.test_valid_no_log_driver_specified ____________
docker/api/client.py:296: in _raise_for_status
    response.raise_for_status()
../../.virtualenvs/docker-py/lib/python3.9/site-packages/requests/models.py:953: in raise_for_status
    raise HTTPError(http_error_msg, response=self)
E   requests.exceptions.HTTPError: 500 Server Error: Internal Server Error for url: http+docker://localhost/v1.40/containers/9c0007af16e7bd65efef7d8657164d29884e20e9266e0677337cc79a38245d81/start

During handling of the above exception, another exception occurred:
tests/integration/api_container_test.py:299: in test_valid_no_log_driver_specified
    self.client.start(container)
docker/utils/decorators.py:19: in wrapped
    return f(self, resource_id, *args, **kwargs)
docker/api/container.py:1109: in start
    self._raise_for_status(res)
docker/api/client.py:298: in _raise_for_status
    raise create_api_error_from_http_exception(e)
docker/errors.py:31: in create_api_error_from_http_exception
    raise cls(e, response=response, explanation=explanation)
E   docker.errors.APIError: 500 Server Error for http+docker://localhost/v1.40/containers/9c0007af16e7bd65efef7d8657164d29884e20e9266e0677337cc79a38245d81/start: Internal Server Error ("    Permission denied (os error 13): OCI permission denied")
___________________ VolumeBindTest.test_create_with_binds_ro ___________________
docker/api/client.py:296: in _raise_for_status
    response.raise_for_status()
../../.virtualenvs/docker-py/lib/python3.9/site-packages/requests/models.py:953: in raise_for_status
    raise HTTPError(http_error_msg, response=self)
E   requests.exceptions.HTTPError: 500 Server Error: Internal Server Error for url: http+docker://localhost/v1.40/containers/a98d68a86a2b156118059f6cab94fa7b54686f34df2c2f5df60e2d572a341479/start

During handling of the above exception, another exception occurred:
tests/integration/api_container_test.py:498: in setUp
    self.run_with_volume(
tests/integration/api_container_test.py:601: in run_with_volume
    return self.run_container(
tests/integration/base.py:109: in run_container
    self.client.start(container)
docker/utils/decorators.py:19: in wrapped
    return f(self, resource_id, *args, **kwargs)
docker/api/container.py:1109: in start
    self._raise_for_status(res)
docker/api/client.py:298: in _raise_for_status
    raise create_api_error_from_http_exception(e)
docker/errors.py:31: in create_api_error_from_http_exception
    raise cls(e, response=response, explanation=explanation)
E   docker.errors.APIError: 500 Server Error for http+docker://localhost/v1.40/containers/a98d68a86a2b156118059f6cab94fa7b54686f34df2c2f5df60e2d572a341479/start: Internal Server Error ("    Permission denied (os error 13): OCI permission denied")
___________________ VolumeBindTest.test_create_with_binds_rw ___________________
docker/api/client.py:296: in _raise_for_status
    response.raise_for_status()
../../.virtualenvs/docker-py/lib/python3.9/site-packages/requests/models.py:953: in raise_for_status
    raise HTTPError(http_error_msg, response=self)
E   requests.exceptions.HTTPError: 500 Server Error: Internal Server Error for url: http+docker://localhost/v1.40/containers/d15ad7d1e07e562976b2d5bf3716135d93250f47a4b2ca7b8137ed6987bd3a79/start

During handling of the above exception, another exception occurred:
tests/integration/api_container_test.py:498: in setUp
    self.run_with_volume(
tests/integration/api_container_test.py:601: in run_with_volume
    return self.run_container(
tests/integration/base.py:109: in run_container
    self.client.start(container)
docker/utils/decorators.py:19: in wrapped
    return f(self, resource_id, *args, **kwargs)
docker/api/container.py:1109: in start
    self._raise_for_status(res)
docker/api/client.py:298: in _raise_for_status
    raise create_api_error_from_http_exception(e)
docker/errors.py:31: in create_api_error_from_http_exception
    raise cls(e, response=response, explanation=explanation)
E   docker.errors.APIError: 500 Server Error for http+docker://localhost/v1.40/containers/d15ad7d1e07e562976b2d5bf3716135d93250f47a4b2ca7b8137ed6987bd3a79/start: Internal Server Error ("    Permission denied (os error 13): OCI permission denied")
____________________ VolumeBindTest.test_create_with_mounts ____________________
docker/api/client.py:296: in _raise_for_status
    response.raise_for_status()
../../.virtualenvs/docker-py/lib/python3.9/site-packages/requests/models.py:953: in raise_for_status
    raise HTTPError(http_error_msg, response=self)
E   requests.exceptions.HTTPError: 500 Server Error: Internal Server Error for url: http+docker://localhost/v1.40/containers/458dbf88dfff3ad6d8adae7d54ced9f5a6856bbf4fe78090123b021d9533b75d/start

During handling of the above exception, another exception occurred:
tests/integration/api_container_test.py:498: in setUp
    self.run_with_volume(
tests/integration/api_container_test.py:601: in run_with_volume
    return self.run_container(
tests/integration/base.py:109: in run_container
    self.client.start(container)
docker/utils/decorators.py:19: in wrapped
    return f(self, resource_id, *args, **kwargs)
docker/api/container.py:1109: in start
    self._raise_for_status(res)
docker/api/client.py:298: in _raise_for_status
    raise create_api_error_from_http_exception(e)
docker/errors.py:31: in create_api_error_from_http_exception
    raise cls(e, response=response, explanation=explanation)
E   docker.errors.APIError: 500 Server Error for http+docker://localhost/v1.40/containers/458dbf88dfff3ad6d8adae7d54ced9f5a6856bbf4fe78090123b021d9533b75d/start: Internal Server Error ("    Permission denied (os error 13): OCI permission denied")
__________________ VolumeBindTest.test_create_with_mounts_ro ___________________
docker/api/client.py:296: in _raise_for_status
    response.raise_for_status()
../../.virtualenvs/docker-py/lib/python3.9/site-packages/requests/models.py:953: in raise_for_status
    raise HTTPError(http_error_msg, response=self)
E   requests.exceptions.HTTPError: 500 Server Error: Internal Server Error for url: http+docker://localhost/v1.40/containers/782fb084cb8bf0d466cc4184b369e6071e4c62d555d372082b64ecab69a51f38/start

During handling of the above exception, another exception occurred:
tests/integration/api_container_test.py:498: in setUp
    self.run_with_volume(
tests/integration/api_container_test.py:601: in run_with_volume
    return self.run_container(
tests/integration/base.py:109: in run_container
    self.client.start(container)
docker/utils/decorators.py:19: in wrapped
    return f(self, resource_id, *args, **kwargs)
docker/api/container.py:1109: in start
    self._raise_for_status(res)
docker/api/client.py:298: in _raise_for_status
    raise create_api_error_from_http_exception(e)
docker/errors.py:31: in create_api_error_from_http_exception
    raise cls(e, response=response, explanation=explanation)
E   docker.errors.APIError: 500 Server Error for http+docker://localhost/v1.40/containers/782fb084cb8bf0d466cc4184b369e6071e4c62d555d372082b64ecab69a51f38/start: Internal Server Error ("    Permission denied (os error 13): OCI permission denied")
_________________ VolumeBindTest.test_create_with_volume_mount _________________
docker/api/client.py:296: in _raise_for_status
    response.raise_for_status()
../../.virtualenvs/docker-py/lib/python3.9/site-packages/requests/models.py:953: in raise_for_status
    raise HTTPError(http_error_msg, response=self)
E   requests.exceptions.HTTPError: 500 Server Error: Internal Server Error for url: http+docker://localhost/v1.40/containers/f0191b3b87324328b94b1dfc666d84259ac18d43a53290dc786ae4107a732cda/start

During handling of the above exception, another exception occurred:
tests/integration/api_container_test.py:498: in setUp
    self.run_with_volume(
tests/integration/api_container_test.py:601: in run_with_volume
    return self.run_container(
tests/integration/base.py:109: in run_container
    self.client.start(container)
docker/utils/decorators.py:19: in wrapped
    return f(self, resource_id, *args, **kwargs)
docker/api/container.py:1109: in start
    self._raise_for_status(res)
docker/api/client.py:298: in _raise_for_status
    raise create_api_error_from_http_exception(e)
docker/errors.py:31: in create_api_error_from_http_exception
    raise cls(e, response=response, explanation=explanation)
E   docker.errors.APIError: 500 Server Error for http+docker://localhost/v1.40/containers/f0191b3b87324328b94b1dfc666d84259ac18d43a53290dc786ae4107a732cda/start: Internal Server Error ("    Permission denied (os error 13): OCI permission denied")
_________________ ArchiveTest.test_copy_directory_to_container _________________
docker/api/client.py:296: in _raise_for_status
    response.raise_for_status()
../../.virtualenvs/docker-py/lib/python3.9/site-packages/requests/models.py:953: in raise_for_status
    raise HTTPError(http_error_msg, response=self)
E   requests.exceptions.HTTPError: 500 Server Error: Internal Server Error for url: http+docker://localhost/v1.40/containers/6232b2cab8c53c72ce1a977f0b07f1a9d7ef338f00be639373b3bec8c1f782d6/start

During handling of the above exception, another exception occurred:
tests/integration/api_container_test.py:681: in test_copy_directory_to_container
    self.client.start(ctnr)
docker/utils/decorators.py:19: in wrapped
    return f(self, resource_id, *args, **kwargs)
docker/api/container.py:1109: in start
    self._raise_for_status(res)
docker/api/client.py:298: in _raise_for_status
    raise create_api_error_from_http_exception(e)
docker/errors.py:31: in create_api_error_from_http_exception
    raise cls(e, response=response, explanation=explanation)
E   docker.errors.APIError: 500 Server Error for http+docker://localhost/v1.40/containers/6232b2cab8c53c72ce1a977f0b07f1a9d7ef338f00be639373b3bec8c1f782d6/start: Internal Server Error ("    Permission denied (os error 13): OCI permission denied")
___________________ ArchiveTest.test_copy_file_to_container ____________________
docker/api/client.py:296: in _raise_for_status
    response.raise_for_status()
../../.virtualenvs/docker-py/lib/python3.9/site-packages/requests/models.py:953: in raise_for_status
    raise HTTPError(http_error_msg, response=self)
E   requests.exceptions.HTTPError: 500 Server Error: Internal Server Error for url: http+docker://localhost/v1.40/containers/a8163b06c7b5e6336ecba3b4c0540ecbff4f585e89b0cae8f407a9591018a7c7/start

During handling of the above exception, another exception occurred:
tests/integration/api_container_test.py:666: in test_copy_file_to_container
    self.client.start(ctnr)
docker/utils/decorators.py:19: in wrapped
    return f(self, resource_id, *args, **kwargs)
docker/api/container.py:1109: in start
    self._raise_for_status(res)
docker/api/client.py:298: in _raise_for_status
    raise create_api_error_from_http_exception(e)
docker/errors.py:31: in create_api_error_from_http_exception
    raise cls(e, response=response, explanation=explanation)
E   docker.errors.APIError: 500 Server Error for http+docker://localhost/v1.40/containers/a8163b06c7b5e6336ecba3b4c0540ecbff4f585e89b0cae8f407a9591018a7c7/start: Internal Server Error ("    Permission denied (os error 13): OCI permission denied")
_______________ ArchiveTest.test_get_file_archive_from_container _______________
docker/api/client.py:296: in _raise_for_status
    response.raise_for_status()
../../.virtualenvs/docker-py/lib/python3.9/site-packages/requests/models.py:953: in raise_for_status
    raise HTTPError(http_error_msg, response=self)
E   requests.exceptions.HTTPError: 500 Server Error: Internal Server Error for url: http+docker://localhost/v1.40/containers/92c0dada2e1ef6f8490b500c732435badf4ecf2b7c326741f765768fd616f5f9/start

During handling of the above exception, another exception occurred:
tests/integration/api_container_test.py:625: in test_get_file_archive_from_container
    self.client.start(ctnr)
docker/utils/decorators.py:19: in wrapped
    return f(self, resource_id, *args, **kwargs)
docker/api/container.py:1109: in start
    self._raise_for_status(res)
docker/api/client.py:298: in _raise_for_status
    raise create_api_error_from_http_exception(e)
docker/errors.py:31: in create_api_error_from_http_exception
    raise cls(e, response=response, explanation=explanation)
E   docker.errors.APIError: 500 Server Error for http+docker://localhost/v1.40/containers/92c0dada2e1ef6f8490b500c732435badf4ecf2b7c326741f765768fd616f5f9/start: Internal Server Error ("    Permission denied (os error 13): OCI permission denied")
________________ ArchiveTest.test_get_file_stat_from_container _________________
docker/api/client.py:296: in _raise_for_status
    response.raise_for_status()
../../.virtualenvs/docker-py/lib/python3.9/site-packages/requests/models.py:953: in raise_for_status
    raise HTTPError(http_error_msg, response=self)
E   requests.exceptions.HTTPError: 500 Server Error: Internal Server Error for url: http+docker://localhost/v1.40/containers/5c0b07d5c25e17b93fd65e630e866447d08fdad0760b58261f0d9b13ae460cf4/start

During handling of the above exception, another exception occurred:
tests/integration/api_container_test.py:643: in test_get_file_stat_from_container
    self.client.start(ctnr)
docker/utils/decorators.py:19: in wrapped
    return f(self, resource_id, *args, **kwargs)
docker/api/container.py:1109: in start
    self._raise_for_status(res)
docker/api/client.py:298: in _raise_for_status
    raise create_api_error_from_http_exception(e)
docker/errors.py:31: in create_api_error_from_http_exception
    raise cls(e, response=response, explanation=explanation)
[...]

During handling of the above exception, another exception occurred:
/home/ubuntu/docker-py/tests/integration/models_containers_test.py:439: in test_wait
    ???
docker/models/containers.py:826: in run
    container.start()
docker/models/containers.py:404: in start
    return self.client.api.start(self.id, **kwargs)
docker/utils/decorators.py:19: in wrapped
    return f(self, resource_id, *args, **kwargs)
docker/api/container.py:1109: in start
    self._raise_for_status(res)
docker/api/client.py:298: in _raise_for_status
    raise create_api_error_from_http_exception(e)
docker/errors.py:31: in create_api_error_from_http_exception
    raise cls(e, response=response, explanation=explanation)
E   docker.errors.APIError: 500 Server Error for http+docker://localhost/v1.40/containers/3a7e1042a13397901ce09bcc9deecb87c7ea358966027872b71dd2580a806776/start: Internal Server Error ("    Permission denied (os error 13): OCI permission denied")
________________________ ImageCollectionTest.test_build ________________________
docker/api/client.py:296: in _raise_for_status
    response.raise_for_status()
../../.virtualenvs/docker-py/lib/python3.9/site-packages/requests/models.py:953: in raise_for_status
    raise HTTPError(http_error_msg, response=self)
E   requests.exceptions.HTTPError: 500 Server Error: Internal Server Error for url: http+docker://localhost/v1.40/containers/1031fa881cb6fc040f33225a1dc2ecb3f6547a789074e77f2ad42b039b3d8f53/start

During handling of the above exception, another exception occurred:
/home/ubuntu/docker-py/tests/integration/models_images_test.py:20: in test_build
    ???
docker/models/containers.py:826: in run
    container.start()
docker/models/containers.py:404: in start
    return self.client.api.start(self.id, **kwargs)
docker/utils/decorators.py:19: in wrapped
    return f(self, resource_id, *args, **kwargs)
docker/api/container.py:1109: in start
    self._raise_for_status(res)
docker/api/client.py:298: in _raise_for_status
    raise create_api_error_from_http_exception(e)
docker/errors.py:31: in create_api_error_from_http_exception
    raise cls(e, response=response, explanation=explanation)
E   docker.errors.APIError: 500 Server Error for http+docker://localhost/v1.40/containers/1031fa881cb6fc040f33225a1dc2ecb3f6547a789074e77f2ad42b039b3d8f53/start: Internal Server Error ("    Permission denied (os error 13): OCI permission denied")
__________________ ImageCollectionTest.test_build_with_error ___________________
/home/ubuntu/docker-py/tests/integration/models_images_test.py:30: in test_build_with_error
    ???
E   AssertionError: assert "The command '/bin/sh -c exit 1' returned a non-zero code: 1" in 'docker.errors.BuildError: error building at STEP "RUN exit 1": error while running runtime: exit status 1'
E    +  where 'docker.errors.BuildError: error building at STEP "RUN exit 1": error while running runtime: exit status 1' = <bound method ExceptionInfo.exconly of <ExceptionInfo BuildError('error building at STEP "RUN exit 1": error while running runtime: exit status 1\n') tblen=2>>()
E    +    where <bound method ExceptionInfo.exconly of <ExceptionInfo BuildError('error building at STEP "RUN exit 1": error while running runtime: exit status 1\n') tblen=2>> = <ExceptionInfo BuildError('error building at STEP "RUN exit 1": error while running runtime: exit status 1\n') tblen=2>.exconly
_____________ ImageCollectionTest.test_build_with_multiple_success _____________
docker/api/client.py:296: in _raise_for_status
    response.raise_for_status()
../../.virtualenvs/docker-py/lib/python3.9/site-packages/requests/models.py:953: in raise_for_status
    raise HTTPError(http_error_msg, response=self)
E   requests.exceptions.HTTPError: 500 Server Error: Internal Server Error for url: http+docker://localhost/v1.40/containers/125f665e01b46f20c5530d0d59ae711b5cd686a81132399b76d1cf9f8ffd341f/start

During handling of the above exception, another exception occurred:
/home/ubuntu/docker-py/tests/integration/models_images_test.py:44: in test_build_with_multiple_success
    ???
docker/models/containers.py:826: in run
    container.start()
docker/models/containers.py:404: in start
    return self.client.api.start(self.id, **kwargs)
docker/utils/decorators.py:19: in wrapped
    return f(self, resource_id, *args, **kwargs)
docker/api/container.py:1109: in start
    self._raise_for_status(res)
docker/api/client.py:298: in _raise_for_status
    raise create_api_error_from_http_exception(e)
docker/errors.py:31: in create_api_error_from_http_exception
    raise cls(e, response=response, explanation=explanation)
E   docker.errors.APIError: 500 Server Error for http+docker://localhost/v1.40/containers/125f665e01b46f20c5530d0d59ae711b5cd686a81132399b76d1cf9f8ffd341f/start: Internal Server Error ("    Permission denied (os error 13): OCI permission denied")
___________ ImageCollectionTest.test_build_with_success_build_output ___________
docker/api/client.py:296: in _raise_for_status
    response.raise_for_status()
../../.virtualenvs/docker-py/lib/python3.9/site-packages/requests/models.py:953: in raise_for_status
    raise HTTPError(http_error_msg, response=self)
E   requests.exceptions.HTTPError: 500 Server Error: Internal Server Error for url: http+docker://localhost/v1.40/containers/2d0e6d5110d55222eb0f3cf6fcf4e14a8e34e449d52da5dc42516e18a1d772c1/start

During handling of the above exception, another exception occurred:
/home/ubuntu/docker-py/tests/integration/models_images_test.py:55: in test_build_with_success_build_output
    ???
docker/models/containers.py:826: in run
    container.start()
docker/models/containers.py:404: in start
    return self.client.api.start(self.id, **kwargs)
docker/utils/decorators.py:19: in wrapped
    return f(self, resource_id, *args, **kwargs)
docker/api/container.py:1109: in start
    self._raise_for_status(res)
docker/api/client.py:298: in _raise_for_status
    raise create_api_error_from_http_exception(e)
docker/errors.py:31: in create_api_error_from_http_exception
    raise cls(e, response=response, explanation=explanation)
E   docker.errors.APIError: 500 Server Error for http+docker://localhost/v1.40/containers/2d0e6d5110d55222eb0f3cf6fcf4e14a8e34e449d52da5dc42516e18a1d772c1/start: Internal Server Error ("    Permission denied (os error 13): OCI permission denied")
_____________________ ImageCollectionTest.test_load_error ______________________
docker/api/client.py:296: in _raise_for_status
    response.raise_for_status()
../../.virtualenvs/docker-py/lib/python3.9/site-packages/requests/models.py:953: in raise_for_status
    raise HTTPError(http_error_msg, response=self)
E   requests.exceptions.HTTPError: 500 Server Error: Internal Server Error for url: http+docker://localhost/v1.40/images/load

During handling of the above exception, another exception occurred:
/home/ubuntu/docker-py/tests/integration/models_images_test.py:98: in test_load_error
    ???
docker/models/images.py:382: in load
    for chunk in resp:
docker/api/client.py:386: in _stream_helper
    yield self._result(response, json=decode)
docker/api/client.py:302: in _result
    self._raise_for_status(response)
docker/api/client.py:298: in _raise_for_status
    raise create_api_error_from_http_exception(e)
docker/errors.py:31: in create_api_error_from_http_exception
    raise cls(e, response=response, explanation=explanation)
E   docker.errors.APIError: 500 Server Error for http+docker://localhost/v1.40/images/load: Internal Server Error ("failed to load image: payload does not match any of the supported image formats (oci, oci-archive, dir, docker-archive)")
________________________ ImageCollectionTest.test_pull _________________________
/home/ubuntu/docker-py/tests/integration/models_images_test.py:71: in test_pull
    ???
E   AssertionError: assert 'alpine:latest' in ['docker.io/library/alpine:latest']
____________________ ImageCollectionTest.test_pull_multiple ____________________
/home/ubuntu/docker-py/tests/integration/models_images_test.py:91: in test_pull_multiple
    ???
E   AssertionError: assert False
E    +  where False = any([False])
____________________ ImageCollectionTest.test_pull_with_sha ____________________
/home/ubuntu/docker-py/tests/integration/models_images_test.py:85: in test_pull_with_sha
    ???
E   AssertionError: assert 'hello-world@sha256:083de497cff944f969d8499ab94f07134c50bcf5e6b9559b27182d3fa80ce3f7' in ['docker.io/library/hello-world@sha256:083de497cff944f969d8499ab94f07134c50bcf5e6b9559b27182d3fa80ce3f7', 'docker.io/library/hello-world@sha256:8072a54ebb3bc136150e2f2860f00a7bf45f13eeb917cca2430fcd0054c8e51b']
____________________ ImageCollectionTest.test_pull_with_tag ____________________
/home/ubuntu/docker-py/tests/integration/models_images_test.py:76: in test_pull_with_tag
    ???
E   AssertionError: assert 'alpine:3.10' in ['docker.io/library/alpine:3.10']
_______________ ImageCollectionTest.test_save_and_load_repo_name _______________
/home/ubuntu/docker-py/tests/integration/models_images_test.py:122: in test_save_and_load_repo_name
    ???
docker/models/images.py:96: in save
    raise InvalidArgument(
E   docker.errors.InvalidArgument: dockerpytest_a461ded3616672da:latest is not a valid tag for this image
_____________________ NetworkTest.test_connect_disconnect ______________________
docker/api/client.py:296: in _raise_for_status
    response.raise_for_status()
../../.virtualenvs/docker-py/lib/python3.9/site-packages/requests/models.py:953: in raise_for_status
    raise HTTPError(http_error_msg, response=self)
E   requests.exceptions.HTTPError: 500 Server Error: Internal Server Error for url: http+docker://localhost/v1.40/containers/be43c9e6c77af555eda787237fe1b482fe35ac96d07f09f596cfe8013b3b5ee3/start

During handling of the above exception, another exception occurred:
/home/ubuntu/docker-py/tests/integration/models_networks_test.py:60: in test_connect_disconnect
    ???
docker/models/containers.py:404: in start
    return self.client.api.start(self.id, **kwargs)
docker/utils/decorators.py:19: in wrapped
    return f(self, resource_id, *args, **kwargs)
docker/api/container.py:1109: in start
    self._raise_for_status(res)
docker/api/client.py:298: in _raise_for_status
    raise create_api_error_from_http_exception(e)
docker/errors.py:31: in create_api_error_from_http_exception
    raise cls(e, response=response, explanation=explanation)
E   docker.errors.APIError: 500 Server Error for http+docker://localhost/v1.40/containers/be43c9e6c77af555eda787237fe1b482fe35ac96d07f09f596cfe8013b3b5ee3/start: Internal Server Error ("    Permission denied (os error 13): OCI permission denied")
____________________________ ModelTest.test_reload _____________________________
docker/api/client.py:296: in _raise_for_status
    response.raise_for_status()
../../.virtualenvs/docker-py/lib/python3.9/site-packages/requests/models.py:953: in raise_for_status
    raise HTTPError(http_error_msg, response=self)
E   requests.exceptions.HTTPError: 500 Server Error: Internal Server Error for url: http+docker://localhost/v1.40/containers/ecc907053f2ce6e07b8a6ac249ef05ba4fa8beb1c0088ac21fbcb2a345f43e4f/start

During handling of the above exception, another exception occurred:
/home/ubuntu/docker-py/tests/integration/models_resources_test.py:9: in test_reload
    ???
docker/models/containers.py:826: in run
    container.start()
docker/models/containers.py:404: in start
    return self.client.api.start(self.id, **kwargs)
docker/utils/decorators.py:19: in wrapped
    return f(self, resource_id, *args, **kwargs)
docker/api/container.py:1109: in start
    self._raise_for_status(res)
docker/api/client.py:298: in _raise_for_status
    raise create_api_error_from_http_exception(e)
docker/errors.py:31: in create_api_error_from_http_exception
    raise cls(e, response=response, explanation=explanation)
E   docker.errors.APIError: 500 Server Error for http+docker://localhost/v1.40/containers/ecc907053f2ce6e07b8a6ac249ef05ba4fa8beb1c0088ac21fbcb2a345f43e4f/start: Internal Server Error ("    Permission denied (os error 13): OCI permission denied")
_________________________ VolumesTest.test_list_remove _________________________
/home/ubuntu/docker-py/tests/integration/models_volumes_test.py:26: in test_list_remove
    ???
E   AssertionError: assert <Volume: dockerpyte> in []
E    +  where [] = <bound method VolumeCollection.list of <docker.models.volumes.VolumeCollection object at 0x7fa00e9c4e20>>(filters={'name': 'dockerpytest_'})
E    +    where <bound method VolumeCollection.list of <docker.models.volumes.VolumeCollection object at 0x7fa00e9c4e20>> = <docker.models.volumes.VolumeCollection object at 0x7fa00e9c4e20>.list
E    +      where <docker.models.volumes.VolumeCollection object at 0x7fa00e9c4e20> = <docker.client.DockerClient object at 0x7fa00e9d6a60>.volumes
________ TestRegressions.test_443_handle_nonchunked_response_in_stream _________
/home/ubuntu/docker-py/tests/integration/regression_test.py:15: in test_443_handle_nonchunked_response_in_stream
    ???
E   Failed: DID NOT RAISE <class 'docker.errors.APIError'>
______________ TestRegressions.test_542_truncate_ids_client_side _______________
docker/api/client.py:296: in _raise_for_status
    response.raise_for_status()
../../.virtualenvs/docker-py/lib/python3.9/site-packages/requests/models.py:953: in raise_for_status
    raise HTTPError(http_error_msg, response=self)
E   requests.exceptions.HTTPError: 500 Server Error: Internal Server Error for url: http+docker://localhost/v1.40/containers/72f718fd0337b6995d8f8c4b6cb6ec5f812362c17516c2c79442a3a8f25f95ed/start

During handling of the above exception, another exception occurred:
/home/ubuntu/docker-py/tests/integration/regression_test.py:20: in test_542_truncate_ids_client_side
    ???
docker/utils/decorators.py:19: in wrapped
    return f(self, resource_id, *args, **kwargs)
docker/api/container.py:1109: in start
    self._raise_for_status(res)
docker/api/client.py:298: in _raise_for_status
    raise create_api_error_from_http_exception(e)
docker/errors.py:31: in create_api_error_from_http_exception
    raise cls(e, response=response, explanation=explanation)
E   docker.errors.APIError: 500 Server Error for http+docker://localhost/v1.40/containers/72f718fd0337b6995d8f8c4b6cb6ec5f812362c17516c2c79442a3a8f25f95ed/start: Internal Server Error ("    Permission denied (os error 13): OCI permission denied")
______________ TestRegressions.test_649_handle_timeout_value_none ______________
docker/api/client.py:296: in _raise_for_status
    response.raise_for_status()
../../.virtualenvs/docker-py/lib/python3.9/site-packages/requests/models.py:953: in raise_for_status
    raise HTTPError(http_error_msg, response=self)
E   requests.exceptions.HTTPError: 500 Server Error: Internal Server Error for url: http+docker://localhost/v1.40/containers/606f389a81481f86ba4705e3998f2920027d20cd4eee77666cd0a91af1da21d8/start

During handling of the above exception, another exception occurred:
/home/ubuntu/docker-py/tests/integration/regression_test.py:33: in test_649_handle_timeout_value_none
    ???
docker/utils/decorators.py:19: in wrapped
    return f(self, resource_id, *args, **kwargs)
docker/api/container.py:1109: in start
    self._raise_for_status(res)
docker/api/client.py:298: in _raise_for_status
    raise create_api_error_from_http_exception(e)
docker/errors.py:31: in create_api_error_from_http_exception
    raise cls(e, response=response, explanation=explanation)
E   docker.errors.APIError: 500 Server Error for http+docker://localhost/v1.40/containers/606f389a81481f86ba4705e3998f2920027d20cd4eee77666cd0a91af1da21d8/start: Internal Server Error ("    Permission denied (os error 13): OCI permission denied")
___________ TestRegressions.test_715_handle_user_param_as_int_value ____________
docker/api/client.py:296: in _raise_for_status
    response.raise_for_status()
../../.virtualenvs/docker-py/lib/python3.9/site-packages/requests/models.py:953: in raise_for_status
    raise HTTPError(http_error_msg, response=self)
E   requests.exceptions.HTTPError: 500 Server Error: Internal Server Error for url: http+docker://localhost/v1.40/containers/19e82cf14aee3851175e117de31ad9915257b1c74a298ebf2b444aea618f360a/start

During handling of the above exception, another exception occurred:
/home/ubuntu/docker-py/tests/integration/regression_test.py:38: in test_715_handle_user_param_as_int_value
    ???
docker/utils/decorators.py:19: in wrapped
    return f(self, resource_id, *args, **kwargs)
docker/api/container.py:1109: in start
    self._raise_for_status(res)
docker/api/client.py:298: in _raise_for_status
    raise create_api_error_from_http_exception(e)
docker/errors.py:31: in create_api_error_from_http_exception
    raise cls(e, response=response, explanation=explanation)
E   docker.errors.APIError: 500 Server Error for http+docker://localhost/v1.40/containers/19e82cf14aee3851175e117de31ad9915257b1c74a298ebf2b444aea618f360a/start: Internal Server Error ("    Permission denied (os error 13): OCI permission denied")
_______________ TestRegressions.test_792_explicit_port_protocol ________________
docker/api/client.py:296: in _raise_for_status
    response.raise_for_status()
../../.virtualenvs/docker-py/lib/python3.9/site-packages/requests/models.py:953: in raise_for_status
    raise HTTPError(http_error_msg, response=self)
E   requests.exceptions.HTTPError: 500 Server Error: Internal Server Error for url: http+docker://localhost/v1.40/containers/6fe208385dc3afb65c80cfa5def1254926175a04cb284f252184f1bddf293c6d/start

During handling of the above exception, another exception occurred:
/home/ubuntu/docker-py/tests/integration/regression_test.py:54: in test_792_explicit_port_protocol
    ???
docker/utils/decorators.py:19: in wrapped
    return f(self, resource_id, *args, **kwargs)
docker/api/container.py:1109: in start
    self._raise_for_status(res)
docker/api/client.py:298: in _raise_for_status
    raise create_api_error_from_http_exception(e)
docker/errors.py:31: in create_api_error_from_http_exception
    raise cls(e, response=response, explanation=explanation)
E   docker.errors.APIError: 500 Server Error for http+docker://localhost/v1.40/containers/6fe208385dc3afb65c80cfa5def1254926175a04cb284f252184f1bddf293c6d/start: Internal Server Error ("    Permission denied (os error 13): OCI permission denied")
=============================== warnings summary ===============================
tests/integration/api_client_test.py::ConnectionTimeoutTest::test_timeout
  /home/riyad/src/docker-py/docker/utils/utils.py:269: DeprecationWarning: urllib.parse.splitnport() is deprecated as of 3.8, use urllib.parse.urlparse() instead
    host, port = splitnport(parsed_url.netloc)

-- Docs: https://docs.pytest.org/en/stable/warnings.html
- generated xml file: /home/riyad/src/docker-py/logs/pytest_integration_3.4.4-youki_2021-12-08T13:41:11-05:00_f6526ada1025c2e3f88745ba83b8b461ca659933_from git; rootless unsupported.junit.xml -
=========================== short test summary info ============================
XFAIL tests/integration/api_build_test.py::BuildTest::test_prune_builds
  Currently fails on 18.09: https://github.com/moby/moby/issues/37920
XFAIL tests/integration/api_container_test.py::CreateContainerTest::test_create_with_storage_opt
  Not supported on most drivers
XFAIL tests/integration/api_container_test.py::ContainerTopTest::test_top
  Output of docker top depends on host distro, and is not formalized.
XFAIL tests/integration/api_container_test.py::ContainerTopTest::test_top_with_psargs
  Output of docker top depends on host distro, and is not formalized.
SKIPPED [1] ../../../ubuntu/docker-py/tests/integration/api_image_test.py:291: Doesn't work inside a container - FIXME
= 188 failed, 67 passed, 1 skipped, 154 deselected, 4 xfailed, 1 xpassed, 1 warning, 6 errors in 1566.64s (0:26:06) =
